bf22f79a3d7959369501e5dcb76a8958  /scratch/users/vsochat/data/analysis.img
d0c1782ecde72a7eb671336db7ff7733  /scratch/users/vsochat/data/Reference/gencode.v25.transcripts.fa
8db7bf4b21f0e11eebb0dda6b1128b84  /scratch/users/vsochat/data/Reference/Homo_sapiens.GRCh38.dna.primary_assembly.fa.bwt
6059c253ce2432bde7553846bfb4c18f  /scratch/users/vsochat/data/Reference/Homo_sapiens.GRCh38.dna.primary_assembly.fa.ann
358e44170f2729f732045ac3993362f8  /scratch/users/vsochat/data/Reference/kallisto_index
4a46c297bfc0b29cb2f7eefedc360556  /scratch/users/vsochat/data/Reference/Homo_sapiens.GRCh38.dna.primary_assembly.fa.amb
9e6b9465dc708d92bf6d67e9c9fa9389  /scratch/users/vsochat/data/Reference/Homo_sapiens.GRCh38.dna.primary_assembly.fa
30bda345ff201f40aff5af7f8c8552e9  /scratch/users/vsochat/data/Reference/Homo_sapiens.GRCh38.dna.primary_assembly.fa.sa
0c81559f3cc600af2e79ac7dfb5a30c7  /scratch/users/vsochat/data/Reference/Homo_sapiens.GRCh38.dna.primary_assembly.fa.pac
b4457c1c172f2de9c59e8d239e05c810  /scratch/users/vsochat/data/Reference/Homo_sapiens.GRCh38.dna.primary_assembly.fa.sdf/seqdata2
6bb80746151d24d52b3fd85a0bdb4ba3  /scratch/users/vsochat/data/Reference/Homo_sapiens.GRCh38.dna.primary_assembly.fa.sdf/summary.txt
a308f744d1f9511f1278d14ef08b0b73  /scratch/users/vsochat/data/Reference/Homo_sapiens.GRCh38.dna.primary_assembly.fa.sdf/suffixIndex0
65419fe7c5af016746918bf5e2fdccca  /scratch/users/vsochat/data/Reference/Homo_sapiens.GRCh38.dna.primary_assembly.fa.sdf/nameIndex0
87676759368f792ebbe8f82698c43d65  /scratch/users/vsochat/data/Reference/Homo_sapiens.GRCh38.dna.primary_assembly.fa.sdf/seqpointer3
a8eb0bed6f9529a940ac05eae457adc6  /scratch/users/vsochat/data/Reference/Homo_sapiens.GRCh38.dna.primary_assembly.fa.sdf/namepointer0
5e977412c38097b01b448292c8fcc48c  /scratch/users/vsochat/data/Reference/Homo_sapiens.GRCh38.dna.primary_assembly.fa.sdf/sequenceIndex0
ac8817dea26a91365a7c7531c60ccb63  /scratch/users/vsochat/data/Reference/Homo_sapiens.GRCh38.dna.primary_assembly.fa.sdf/namedata0
a48e0a1c2808083b2c0dff38a88fd9d0  /scratch/users/vsochat/data/Reference/Homo_sapiens.GRCh38.dna.primary_assembly.fa.sdf/seqdata3
549e15d4277b80bcb09139d0f1ea132f  /scratch/users/vsochat/data/Reference/Homo_sapiens.GRCh38.dna.primary_assembly.fa.sdf/seqpointer0
1d1f18a7523440d8c2adbb2858799147  /scratch/users/vsochat/data/Reference/Homo_sapiens.GRCh38.dna.primary_assembly.fa.sdf/format.log
25d7aad017a95cb49b4d8cd14c149af5  /scratch/users/vsochat/data/Reference/Homo_sapiens.GRCh38.dna.primary_assembly.fa.sdf/progress
cca4d1486dffa8e8ab9cf00503c3a8f7  /scratch/users/vsochat/data/Reference/Homo_sapiens.GRCh38.dna.primary_assembly.fa.sdf/mainIndex
a4b73ae6ff4dbf2199cee4492ddd20af  /scratch/users/vsochat/data/Reference/Homo_sapiens.GRCh38.dna.primary_assembly.fa.sdf/done
8b940a7ac3e9c67072d66dd3d014f174  /scratch/users/vsochat/data/Reference/Homo_sapiens.GRCh38.dna.primary_assembly.fa.sdf/suffixdata0
641a6056ffe7742a915acab0037cc1e5  /scratch/users/vsochat/data/Reference/Homo_sapiens.GRCh38.dna.primary_assembly.fa.sdf/seqdata1
b217aba6fe3ce611203a6c2248c34883  /scratch/users/vsochat/data/Reference/Homo_sapiens.GRCh38.dna.primary_assembly.fa.sdf/seqpointer2
43aff7e00d9a3f555ab10dae0e276b38  /scratch/users/vsochat/data/Reference/Homo_sapiens.GRCh38.dna.primary_assembly.fa.sdf/suffixpointer0
255eef0bc7d49d9dff437bb548a6cbe4  /scratch/users/vsochat/data/Reference/Homo_sapiens.GRCh38.dna.primary_assembly.fa.sdf/seqpointer1
3cde02f316e6a1a82c179466be9bb496  /scratch/users/vsochat/data/Reference/Homo_sapiens.GRCh38.dna.primary_assembly.fa.sdf/seqdata0
80b1259ad361cec9500ec0795ab7400b  /scratch/users/vsochat/data/RTG/HG002.2.10M.fastq.gz
c511059d439fdeb27686797c1d90b9c9  /scratch/users/vsochat/data/RTG/container.trio/summary.txt
1dfc226dc6e77e4e4f8e00d7c29c241a  /scratch/users/vsochat/data/RTG/container.trio/regions.bed.gz
e886a25aa6e28e095e292940e8494e70  /scratch/users/vsochat/data/RTG/container.trio/index.html
85bc5ae73467a858802aba720ea3a70b  /scratch/users/vsochat/data/RTG/container.trio/regions.bed.gz.tbi
cfb8ce095bebb98074e58546c8de8e9f  /scratch/users/vsochat/data/RTG/container.trio/progress
04058a0fdc0f003c1b4b2320f4854d9c  /scratch/users/vsochat/data/RTG/container.trio/snps.vcf.gz
89fe874fb92d6b71a01cc2676fd5bf43  /scratch/users/vsochat/data/RTG/container.trio/done
847171b69167d2ca878cd927e0a12e41  /scratch/users/vsochat/data/RTG/container.trio/family.log
d767383f4c7ab1d6a0eb2a8d7b2737e6  /scratch/users/vsochat/data/RTG/container.trio/snps.vcf.gz.tbi
5af39e216b7fe8959553818ed53dbba9  /scratch/users/vsochat/data/RTG/container.trio/index_files/rtg.css
5f8da56f2cd3dea05e15be5d55fea548  /scratch/users/vsochat/data/RTG/container.trio/index_files/rtg_logo.png
b99167b1a1f2f461a5b7a7c970749101  /scratch/users/vsochat/data/RTG/container.trio/index_files/table.css
6247f284fb582a8528eb8c35220c4e0e  /scratch/users/vsochat/data/RTG/container.HG002/summary.txt
2738db0dffeb42774f4f8611a63e9435  /scratch/users/vsochat/data/RTG/container.HG002/index.html
7379201ab0f9fcca9e1a8f9aed98bdb8  /scratch/users/vsochat/data/RTG/container.HG002/rgstats.tsv
e73ebb08319ff9dc96322cdf500d56cf  /scratch/users/vsochat/data/RTG/container.HG002/alignments.bam.calibration
2eb1528353949e41bf1613c01fdcaafd  /scratch/users/vsochat/data/RTG/container.HG002/progress
e7ca096f5384c2596b4287c7297f348c  /scratch/users/vsochat/data/RTG/container.HG002/done
e5dd65316f8813a1d300f098639a94b0  /scratch/users/vsochat/data/RTG/container.HG002/alignments.bam.bai
49f43e5c6090169cb57e5e0b6f0ecec9  /scratch/users/vsochat/data/RTG/container.HG002/map.log
41a06e8d0cc3aa3f92b293f7970c2c34  /scratch/users/vsochat/data/RTG/container.HG002/alignments.bam
b834bfecac616fa0173055b66fad8932  /scratch/users/vsochat/data/RTG/container.HG002/reportdata.tsv
9d3273cf21e48fa5095c4a0991015198  /scratch/users/vsochat/data/RTG/container.HG002/index_files/Alignment-Score-Distribution-(Mated-Only).png
15a1f3502f07d3d12b9979a171c70f8f  /scratch/users/vsochat/data/RTG/container.HG002/index_files/Fragment-Length-Distribution.png
d895aa5fb1f18640abb64f091709f0f3  /scratch/users/vsochat/data/RTG/container.HG002/index_files/Mapping-Quality-(MAPQ)-Distribution.png
5af39e216b7fe8959553818ed53dbba9  /scratch/users/vsochat/data/RTG/container.HG002/index_files/rtg.css
5f8da56f2cd3dea05e15be5d55fea548  /scratch/users/vsochat/data/RTG/container.HG002/index_files/rtg_logo.png
a1756fd4fc5fa73f74437a11f5cb02d2  /scratch/users/vsochat/data/RTG/container.HG002/index_files/Alignment-Score-Distribution-(Unmated-Only).png
206739a868e248274363bc8afe54ab26  /scratch/users/vsochat/data/RTG/container.HG004/summary.txt
cc5aed8db3af1b874d26074cdc79ac69  /scratch/users/vsochat/data/RTG/container.HG004/index.html
530a96ab7e8b590fc5250d8756db7571  /scratch/users/vsochat/data/RTG/container.HG004/rgstats.tsv
a726cfe52aa80ba78326ce91af93de78  /scratch/users/vsochat/data/RTG/container.HG004/alignments.bam.calibration
c392d25f9bfe5433619f60d21311d41e  /scratch/users/vsochat/data/RTG/container.HG004/progress
db402731a490ed9d422a8381556a0180  /scratch/users/vsochat/data/RTG/container.HG004/done
9f1a5f9542de08909630b65d8e3b89cb  /scratch/users/vsochat/data/RTG/container.HG004/alignments.bam.bai
67d33feb99d5d2723258e1496f8b4615  /scratch/users/vsochat/data/RTG/container.HG004/map.log
aeffde01233643f309a79327623395ec  /scratch/users/vsochat/data/RTG/container.HG004/alignments.bam
ced96dafc87c6f9c1efe825840f6732d  /scratch/users/vsochat/data/RTG/container.HG004/reportdata.tsv
62480330b760d1a957dfa4297aae3aa7  /scratch/users/vsochat/data/RTG/container.HG004/index_files/Alignment-Score-Distribution-(Mated-Only).png
8f26146a93b409ebf1a303ff13c26766  /scratch/users/vsochat/data/RTG/container.HG004/index_files/Fragment-Length-Distribution.png
cc90abbe237aeffb12021c81f7c9ae15  /scratch/users/vsochat/data/RTG/container.HG004/index_files/Mapping-Quality-(MAPQ)-Distribution.png
5af39e216b7fe8959553818ed53dbba9  /scratch/users/vsochat/data/RTG/container.HG004/index_files/rtg.css
5f8da56f2cd3dea05e15be5d55fea548  /scratch/users/vsochat/data/RTG/container.HG004/index_files/rtg_logo.png
5fc8a32c64432b6923287cf8dadd9d8d  /scratch/users/vsochat/data/RTG/container.HG004/index_files/Alignment-Score-Distribution-(Unmated-Only).png
40e47a6000ec5e6bcf5612bb92801896  /scratch/users/vsochat/data/RTG/HG003.2.10M.fastq.gz
f63902aa224ba2ba4a4d860c099630f1  /scratch/users/vsochat/data/RTG/HG002.1.10M.fastq.gz
52807e0d569962033f8a87470e373c18  /scratch/users/vsochat/data/RTG/HG004.1.10M.fastq.gz
3df1c251d6be508f28f76a562a393d4b  /scratch/users/vsochat/data/RTG/HG003.1.10M.fastq.gz
94ef316c4fc8ac0dc67dbe6a061d62a2  /scratch/users/vsochat/data/RTG/container.HG003/summary.txt
76de038823223a60dd0d0cec91dbcd1c  /scratch/users/vsochat/data/RTG/container.HG003/index.html
1300c946be72b116f2bd2edd8685daba  /scratch/users/vsochat/data/RTG/container.HG003/rgstats.tsv
a49e1d28f4a87bf0826e184da37f6edb  /scratch/users/vsochat/data/RTG/container.HG003/alignments.bam.calibration
0073afa507fbe06f4683bdeed985623a  /scratch/users/vsochat/data/RTG/container.HG003/progress
e6b14a8a3627a0f8a99004588aa0a40b  /scratch/users/vsochat/data/RTG/container.HG003/done
2d22fc697849c024369438876635326b  /scratch/users/vsochat/data/RTG/container.HG003/alignments.bam.bai
73b84efd3a8b1c53b83f5050eda58add  /scratch/users/vsochat/data/RTG/container.HG003/map.log
9e8dc826ca8821163c49ef88f4dae71a  /scratch/users/vsochat/data/RTG/container.HG003/alignments.bam
474aeb4a3d2526466ce3536930a74e99  /scratch/users/vsochat/data/RTG/container.HG003/reportdata.tsv
e1e3b86a8bc816e9aea7cb9327b76668  /scratch/users/vsochat/data/RTG/container.HG003/index_files/Alignment-Score-Distribution-(Mated-Only).png
1bdffd1b3f442bd9b3169fd5e6b99df8  /scratch/users/vsochat/data/RTG/container.HG003/index_files/Fragment-Length-Distribution.png
1cc5a2043e6b4bc5ebf86f4b44ad6521  /scratch/users/vsochat/data/RTG/container.HG003/index_files/Mapping-Quality-(MAPQ)-Distribution.png
5af39e216b7fe8959553818ed53dbba9  /scratch/users/vsochat/data/RTG/container.HG003/index_files/rtg.css
5f8da56f2cd3dea05e15be5d55fea548  /scratch/users/vsochat/data/RTG/container.HG003/index_files/rtg_logo.png
3d584369b26d1d7d8b4ef1581e741bc1  /scratch/users/vsochat/data/RTG/container.HG003/index_files/Alignment-Score-Distribution-(Unmated-Only).png
f682b3291dd57d1c92cfd58bf05db53f  /scratch/users/vsochat/data/RTG/HG004.2.10M.fastq.gz
be00ff9b4897054e5314300994d8444d  /scratch/users/vsochat/data/Kallisto/rna/bs_abundance_30.tsv
d3c830caba89553e1fd59018d9e8f801  /scratch/users/vsochat/data/Kallisto/rna/bs_abundance_38.tsv
b6df0ec83cec583f216d037986eca53f  /scratch/users/vsochat/data/Kallisto/rna/bs_abundance_93.tsv
560317a9521366197513030a61369b26  /scratch/users/vsochat/data/Kallisto/rna/bs_abundance_55.tsv
ba6fb6987a6594d9082434488cf9ec05  /scratch/users/vsochat/data/Kallisto/rna/bs_abundance_17.tsv
9ee973ae1a2c4e8acdfd0a6b9243ed7e  /scratch/users/vsochat/data/Kallisto/rna/bs_abundance_52.tsv
eae95c755ed2debc62234afe5c08cc0f  /scratch/users/vsochat/data/Kallisto/rna/bs_abundance_82.tsv
a28b69dcd708c57913b81a71f55b933e  /scratch/users/vsochat/data/Kallisto/rna/bs_abundance_33.tsv
08623e07523cd8dda496c89a8400823c  /scratch/users/vsochat/data/Kallisto/rna/bs_abundance_57.tsv
099338b6592ec768dc463253d9f714cd  /scratch/users/vsochat/data/Kallisto/rna/bs_abundance_46.tsv
37b4d0870d236731e1436fbc6467acc0  /scratch/users/vsochat/data/Kallisto/rna/bs_abundance_53.tsv
e1f5dfa264b43cb235b8bd6fb4ec1e63  /scratch/users/vsochat/data/Kallisto/rna/bs_abundance_44.tsv
816dad1738dd012a94dc6e4e130cfbfc  /scratch/users/vsochat/data/Kallisto/rna/bs_abundance_78.tsv
08fbc8260f9f2d84e03bcc6ef1d44002  /scratch/users/vsochat/data/Kallisto/rna/bs_abundance_6.tsv
cfc1341e2d95fd48f18a58f5075b4a1d  /scratch/users/vsochat/data/Kallisto/rna/bs_abundance_74.tsv
0ed5f874525f109c239784a9e8517029  /scratch/users/vsochat/data/Kallisto/rna/bs_abundance_96.tsv
00364eb2174dd3208136037602d01563  /scratch/users/vsochat/data/Kallisto/rna/bs_abundance_89.tsv
3e02df55652924b4a42254383e0a8830  /scratch/users/vsochat/data/Kallisto/rna/bs_abundance_66.tsv
23b3664aeb1d5c1c32ca0382bd6602be  /scratch/users/vsochat/data/Kallisto/rna/bs_abundance_5.tsv
af76e7f248d424395e9a3072e498e7e5  /scratch/users/vsochat/data/Kallisto/rna/bs_abundance_71.tsv
f0a5c6bc2dbbd1f518e316292191aae8  /scratch/users/vsochat/data/Kallisto/rna/bs_abundance_91.tsv
db89e2d059b917b5227f7000a3d61a23  /scratch/users/vsochat/data/Kallisto/rna/bs_abundance_12.tsv
9cc6df977a6979275709f189702d2388  /scratch/users/vsochat/data/Kallisto/rna/bs_abundance_14.tsv
145dd983ee5f6291d6efc8f715945339  /scratch/users/vsochat/data/Kallisto/rna/bs_abundance_36.tsv
4cdd23d177a26a28586fce981a5ffdbf  /scratch/users/vsochat/data/Kallisto/rna/bs_abundance_9.tsv
3f6d00ff06cb136fcd777ff200b2e310  /scratch/users/vsochat/data/Kallisto/rna/bs_abundance_63.tsv
cf4b7dca35b12a562fbbbaaa3fe4e460  /scratch/users/vsochat/data/Kallisto/rna/bs_abundance_62.tsv
935189c8d81c86488c95661f1e54b08d  /scratch/users/vsochat/data/Kallisto/rna/bs_abundance_85.tsv
d0a2f07647ed216e9b73e2be9ae4d712  /scratch/users/vsochat/data/Kallisto/rna/bs_abundance_70.tsv
77b026520e0d461c5f7496a60bce6863  /scratch/users/vsochat/data/Kallisto/rna/bs_abundance_22.tsv
d9194823c28e650cda0131ce95f1ee00  /scratch/users/vsochat/data/Kallisto/rna/bs_abundance_21.tsv
61e8276f7e4943f3edb65eeef500c1b4  /scratch/users/vsochat/data/Kallisto/rna/bs_abundance_97.tsv
bd475e5e1fef00ac2fb0f854093eb89f  /scratch/users/vsochat/data/Kallisto/rna/bs_abundance_31.tsv
5769bb85154b27bb34fcefa78214e3a6  /scratch/users/vsochat/data/Kallisto/rna/bs_abundance_16.tsv
740f0c22026617de46e08f8b9f7a6a25  /scratch/users/vsochat/data/Kallisto/rna/bs_abundance_59.tsv
25669cfd9ed2f44ff80e26ee2b5568e2  /scratch/users/vsochat/data/Kallisto/rna/bs_abundance_34.tsv
ee9b96f7b0c88bf335f0ad959bc93b76  /scratch/users/vsochat/data/Kallisto/rna/bs_abundance_64.tsv
96aeeef92522a8dc61c9299e5c73a98b  /scratch/users/vsochat/data/Kallisto/rna/bs_abundance_47.tsv
eccc40533896a260ad3ab86055188714  /scratch/users/vsochat/data/Kallisto/rna/bs_abundance_69.tsv
0c1e661389f3a3daa0a062f3ffde3108  /scratch/users/vsochat/data/Kallisto/rna/bs_abundance_72.tsv
d7be58116a990b743f4de3af1d255067  /scratch/users/vsochat/data/Kallisto/rna/bs_abundance_41.tsv
c1248e955a4dff4cab2523620c6ad025  /scratch/users/vsochat/data/Kallisto/rna/run_info.json
2fa8bf359576b5854267b328eb6484f6  /scratch/users/vsochat/data/Kallisto/rna/bs_abundance_51.tsv
2fe8cdcf96cdf6b324314c9ca0af3b85  /scratch/users/vsochat/data/Kallisto/rna/bs_abundance_58.tsv
eda56d25ec25cc2843567024646255a6  /scratch/users/vsochat/data/Kallisto/rna/bs_abundance_18.tsv
f69522506025775c1f119e26deefa25c  /scratch/users/vsochat/data/Kallisto/rna/bs_abundance_15.tsv
91f73792efb45b8ce3716d9bdabe8638  /scratch/users/vsochat/data/Kallisto/rna/bs_abundance_68.tsv
9de4ae0207d69d82d3c5657fc455d7c1  /scratch/users/vsochat/data/Kallisto/rna/bs_abundance_29.tsv
a85183b679255b1ce5b0496c0c11e86c  /scratch/users/vsochat/data/Kallisto/rna/bs_abundance_27.tsv
91ec2b3caeef3ddcd7a3687b4671849c  /scratch/users/vsochat/data/Kallisto/rna/bs_abundance_32.tsv
c2a471cdf2eea37542ac01e53aa9e5fb  /scratch/users/vsochat/data/Kallisto/rna/bs_abundance_3.tsv
61e865cb4acae7f09fb039f6772bfdfc  /scratch/users/vsochat/data/Kallisto/rna/bs_abundance_75.tsv
01f9cac567368fce0bc54bfde1d2680e  /scratch/users/vsochat/data/Kallisto/rna/bs_abundance_83.tsv
eaf58d6daffc254be5e3a66014414627  /scratch/users/vsochat/data/Kallisto/rna/bs_abundance_65.tsv
a4fb2296b6623434fa58e8279eaff203  /scratch/users/vsochat/data/Kallisto/rna/bs_abundance_50.tsv
a6cbde6b8cceb22cdea2ab92a7b6b489  /scratch/users/vsochat/data/Kallisto/rna/bs_abundance_4.tsv
ee1467e4e7adb34572930acc832ef696  /scratch/users/vsochat/data/Kallisto/rna/bs_abundance_77.tsv
64b3b9b1244fca7d25a33d594b0636c8  /scratch/users/vsochat/data/Kallisto/rna/bs_abundance_61.tsv
693722da72c79179a239c58ff7bc95b5  /scratch/users/vsochat/data/Kallisto/rna/bs_abundance_87.tsv
b004286bf42d36499f641e81acf31f94  /scratch/users/vsochat/data/Kallisto/rna/bs_abundance_45.tsv
c87ba95aef6bb7c9c279f54d5a72b94e  /scratch/users/vsochat/data/Kallisto/rna/bs_abundance_35.tsv
94b7d67610b1449a04499a15284a7812  /scratch/users/vsochat/data/Kallisto/rna/bs_abundance_90.tsv
0877d2812b83c18c0e26fab680a44ba8  /scratch/users/vsochat/data/Kallisto/rna/abundance.tsv
a04c30a3cccf9c73fc54e78c1fcaad9f  /scratch/users/vsochat/data/Kallisto/rna/bs_abundance_49.tsv
e3b6b4301404d1e7ca072b30cbd058c7  /scratch/users/vsochat/data/Kallisto/rna/bs_abundance_86.tsv
a256a2af8cb7ca4e57c436abf6619826  /scratch/users/vsochat/data/Kallisto/rna/bs_abundance_37.tsv
0688eb91cc8188ea1ac3fd674e1943fc  /scratch/users/vsochat/data/Kallisto/rna/bs_abundance_20.tsv
0402c111c07f9f76a1554fc7b3753123  /scratch/users/vsochat/data/Kallisto/rna/bs_abundance_84.tsv
80291ecf169f2cf943e98bb362ca1cb7  /scratch/users/vsochat/data/Kallisto/rna/bs_abundance_2.tsv
c8e1e5a2948b4f0345d6bbab2150f907  /scratch/users/vsochat/data/Kallisto/rna/bs_abundance_39.tsv
56a254d79fd285be9b26bfb315ea5020  /scratch/users/vsochat/data/Kallisto/rna/bs_abundance_67.tsv
8ec3276a8432d1ab787c4d155e3ab285  /scratch/users/vsochat/data/Kallisto/rna/bs_abundance_56.tsv
9c958cbc1e3aae9c125815dfecd89a24  /scratch/users/vsochat/data/Kallisto/rna/bs_abundance_80.tsv
26c73b0ca445b182db45114ef55d198c  /scratch/users/vsochat/data/Kallisto/rna/bs_abundance_88.tsv
a9496cb566f70a1a68bc398a469e9649  /scratch/users/vsochat/data/Kallisto/rna/bs_abundance_26.tsv
f0363997c3ca542a2d7315a2b4b3bd01  /scratch/users/vsochat/data/Kallisto/rna/bs_abundance_48.tsv
0729f268a7f92d49cbb5b3a507b2e629  /scratch/users/vsochat/data/Kallisto/rna/bs_abundance_11.tsv
04195a34560171cc0cd419fc3849ea00  /scratch/users/vsochat/data/Kallisto/rna/bs_abundance_42.tsv
a4f494b052b83daba19132da3177ea8d  /scratch/users/vsochat/data/Kallisto/rna/bs_abundance_25.tsv
74bdafa113a64f066286bf72d8f9d205  /scratch/users/vsochat/data/Kallisto/rna/bs_abundance_94.tsv
edbe6565068cb53b60daa990ac693e9c  /scratch/users/vsochat/data/Kallisto/rna/bs_abundance_13.tsv
ac5f1c47838d0ae82eb58a7f07b09148  /scratch/users/vsochat/data/Kallisto/rna/bs_abundance_54.tsv
38bd7722ef474422e6e3b75e62b77663  /scratch/users/vsochat/data/Kallisto/rna/bs_abundance_10.tsv
6aa2739bc1cb2c957f4c81edbd2a36ce  /scratch/users/vsochat/data/Kallisto/rna/bs_abundance_60.tsv
4597175d8080f78f40b7db18f3a9d88e  /scratch/users/vsochat/data/Kallisto/rna/bs_abundance_40.tsv
6690b184e86c98ede5229dc9edebba66  /scratch/users/vsochat/data/Kallisto/rna/bs_abundance_81.tsv
d48fcd2d22a1f67cc2ab98c19f0fa471  /scratch/users/vsochat/data/Kallisto/rna/bs_abundance_76.tsv
f947007f763e5402c45d3e2887361d2a  /scratch/users/vsochat/data/Kallisto/rna/bs_abundance_92.tsv
d7d20d45e987fd84fcee3bce46ffbc45  /scratch/users/vsochat/data/Kallisto/rna/bs_abundance_24.tsv
a20884b35ad598539227dfdaa31c2289  /scratch/users/vsochat/data/Kallisto/rna/bs_abundance_73.tsv
d1200c5ce08096d3821204b29a7f71d4  /scratch/users/vsochat/data/Kallisto/rna/bs_abundance_98.tsv
bf4c7c363949ad556f5bcf37c45964ab  /scratch/users/vsochat/data/Kallisto/rna/bs_abundance_8.tsv
073f20b4b5fb37f105af78c1e66cbb11  /scratch/users/vsochat/data/Kallisto/rna/bs_abundance_28.tsv
92c0da0568db9c8cd8eaff012aff7f4f  /scratch/users/vsochat/data/Kallisto/rna/bs_abundance_79.tsv
504981b30d366c3703768ab4f400fe9f  /scratch/users/vsochat/data/Kallisto/rna/bs_abundance_19.tsv
f654a0febc181b11c86fab440516df1d  /scratch/users/vsochat/data/Kallisto/rna/bs_abundance_23.tsv
81f1c631db4f51dbd927cb25ae9e91b8  /scratch/users/vsochat/data/Kallisto/rna/bs_abundance_43.tsv
c4184081f56d71ddc9edabf4bf413c27  /scratch/users/vsochat/data/Kallisto/rna/bs_abundance_7.tsv
0f5bdf30e7dacd879c8c3d6fbbe6b6cf  /scratch/users/vsochat/data/Kallisto/rna/bs_abundance_0.tsv
281432d89144cdbafd4ac4b4ac25ad2a  /scratch/users/vsochat/data/Kallisto/rna/bs_abundance_95.tsv
2c86c927e574c5b70c24f29fe17a5806  /scratch/users/vsochat/data/Kallisto/rna/bs_abundance_99.tsv
067ede6a784d6a4f69d72043c6e0c14b  /scratch/users/vsochat/data/Kallisto/rna/bs_abundance_1.tsv
3799d698087b94daf56e3dd748b7033d  /scratch/users/vsochat/data/Fastq/dna_1.fq.gz
dd30a438785c9d4c4a1927b76d94e2db  /scratch/users/vsochat/data/Fastq/GM12878_2x75_split.tgz
7d539e34dcfe27e9339c86a3a891f226  /scratch/users/vsochat/data/Fastq/rna_2.fq.gz
396b5f445e9141dc377c149d456d585e  /scratch/users/vsochat/data/Fastq/dna_2.fq.gz
47b3702af8bb940890664c74eb24e6ff  /scratch/users/vsochat/data/Fastq/rna_1.fq.gz
075eae211817e0ee2711be51b277cf7b  /scratch/users/vsochat/data/Bam/container.bam
