28db4eecaf34904ae442a7ecd09456d9  /scratch/data/Bam/container.bam
f291bb5ccab2eaf5a76e5e94d78951e7  /scratch/data/Kallisto/rna/bs_abundance_91.tsv
e352bb7953b7e66706cb07d682e67c86  /scratch/data/Kallisto/rna/bs_abundance_67.tsv
95563e5533fef261b01c8f335238215c  /scratch/data/Kallisto/rna/bs_abundance_23.tsv
56bc4ea460c352465979f81228f538ba  /scratch/data/Kallisto/rna/bs_abundance_31.tsv
ee8397bcd0eb7e7df7412176a82119d3  /scratch/data/Kallisto/rna/bs_abundance_53.tsv
cc18c14a32e5e6d949a680d36b00f010  /scratch/data/Kallisto/rna/bs_abundance_54.tsv
70d875b5b3cb0efcdbc66e5672a11577  /scratch/data/Kallisto/rna/bs_abundance_83.tsv
9fdd5b3515e322cd4addcd6becaa0820  /scratch/data/Kallisto/rna/bs_abundance_24.tsv
ccd2000292d52ccc6c1b5247175378d3  /scratch/data/Kallisto/rna/bs_abundance_84.tsv
3e2ece640ebcc8117b10799c2a0d877b  /scratch/data/Kallisto/rna/bs_abundance_1.tsv
60b80fd0b66d0d54d5f8543feb33a036  /scratch/data/Kallisto/rna/bs_abundance_16.tsv
b5accf96000026b6d6912f5d72f63a19  /scratch/data/Kallisto/rna/bs_abundance_86.tsv
b1f5340b62bef01923cdeb2456f34b0d  /scratch/data/Kallisto/rna/bs_abundance_35.tsv
10fe9f3e9401e075c0caeb738c174faf  /scratch/data/Kallisto/rna/bs_abundance_66.tsv
2715eec194b41c4d600cb544c8f80425  /scratch/data/Kallisto/rna/bs_abundance_33.tsv
2275868de9bdb165e980984a015a6cea  /scratch/data/Kallisto/rna/bs_abundance_95.tsv
7dceac1827eddb9d7d4bebb6a6e3c1a7  /scratch/data/Kallisto/rna/bs_abundance_56.tsv
de5040604af609f1c34adcddf188e483  /scratch/data/Kallisto/rna/bs_abundance_28.tsv
fbe19d04a48fb36bb51ca417a94dcdaf  /scratch/data/Kallisto/rna/abundance.tsv
8e0688db664ae7e55f62c0797caa2ad8  /scratch/data/Kallisto/rna/bs_abundance_90.tsv
283478eaecb09d79f3222fbd049e2127  /scratch/data/Kallisto/rna/bs_abundance_57.tsv
959f678df3336e324902655f84de0089  /scratch/data/Kallisto/rna/bs_abundance_78.tsv
0eb086ff4b3bba58e0777b93cb1c4704  /scratch/data/Kallisto/rna/bs_abundance_19.tsv
d263507405e7ac5ed4564b2840afaf51  /scratch/data/Kallisto/rna/bs_abundance_85.tsv
d3ccd1c8a8df456514db06ad5cbbfc22  /scratch/data/Kallisto/rna/bs_abundance_8.tsv
9328ef8fb5b2d6d774ed452b0593f9c8  /scratch/data/Kallisto/rna/bs_abundance_75.tsv
5407e28a1f3590fc48a91fa658b05c27  /scratch/data/Kallisto/rna/bs_abundance_12.tsv
d4b880e90ae5c287a050ddea12d86311  /scratch/data/Kallisto/rna/bs_abundance_62.tsv
f8b233a9a3cd4ab1b498550c19bce8b7  /scratch/data/Kallisto/rna/bs_abundance_89.tsv
f405c21e57ca080de92df2734e461ba0  /scratch/data/Kallisto/rna/bs_abundance_32.tsv
0639715aa61638e931dd4b441ce4241e  /scratch/data/Kallisto/rna/bs_abundance_46.tsv
95074f85e0f3763997efa9058793da8b  /scratch/data/Kallisto/rna/bs_abundance_72.tsv
b819a2ce8448ce31c04380c9bde78239  /scratch/data/Kallisto/rna/bs_abundance_82.tsv
012db9854bf10102b1564e6de064d0d5  /scratch/data/Kallisto/rna/bs_abundance_44.tsv
857b84895cbe0bc7edd885a8b9d422d3  /scratch/data/Kallisto/rna/run_info.json
79acf7103f4ac7d6c83fb14529d030b6  /scratch/data/Kallisto/rna/bs_abundance_36.tsv
b9db81d369b12703a4fe361a4b4d8160  /scratch/data/Kallisto/rna/bs_abundance_77.tsv
0da8429a238cf0f4253c9ccd88eaa6d9  /scratch/data/Kallisto/rna/bs_abundance_48.tsv
fda5d0f9f3d901f9d773a1435801b0d1  /scratch/data/Kallisto/rna/bs_abundance_68.tsv
f988f08930ce5eff761483384ebb53f3  /scratch/data/Kallisto/rna/bs_abundance_39.tsv
0438ef0cd15c5790752759bc865861de  /scratch/data/Kallisto/rna/bs_abundance_2.tsv
f13e0cff61f184de85e63da5cbea0b2c  /scratch/data/Kallisto/rna/bs_abundance_58.tsv
027ecf58ce55935ff6a0106ec912602d  /scratch/data/Kallisto/rna/bs_abundance_51.tsv
127f013a2be8660bebfbee9a061e62bb  /scratch/data/Kallisto/rna/bs_abundance_15.tsv
da945a11e6375e26e8f5ed60651828dd  /scratch/data/Kallisto/rna/bs_abundance_13.tsv
d4eafc67934f07ccbff1cdae72662bb5  /scratch/data/Kallisto/rna/bs_abundance_79.tsv
720e07e63b11639609bbde14ad93a08d  /scratch/data/Kallisto/rna/bs_abundance_88.tsv
9573c63eb4de80416da1c1255f7c24b0  /scratch/data/Kallisto/rna/bs_abundance_52.tsv
3dd52161a790106819e1ef51ce76988a  /scratch/data/Kallisto/rna/bs_abundance_98.tsv
7925bde1b9abe6c13637eb55c35d5f3f  /scratch/data/Kallisto/rna/bs_abundance_55.tsv
ed3d51a9a0fb13e8242f014a76d33a59  /scratch/data/Kallisto/rna/bs_abundance_59.tsv
ecf3608fec9b12d5a1fc7504c911b98c  /scratch/data/Kallisto/rna/bs_abundance_76.tsv
0fdd8b40fb10b713f484b3c459197e70  /scratch/data/Kallisto/rna/bs_abundance_80.tsv
5675a0a83e131fb545d79085b27640c4  /scratch/data/Kallisto/rna/bs_abundance_87.tsv
1ac213c0fca575e1a407e1ff23682eff  /scratch/data/Kallisto/rna/bs_abundance_71.tsv
36421f9ba6c273f5c2f090df1a0676ed  /scratch/data/Kallisto/rna/bs_abundance_99.tsv
7f54b44fb6c2783ebfb57d3fe17a0f48  /scratch/data/Kallisto/rna/bs_abundance_10.tsv
000cbbe96ce50748e1d33b0a3ba03cac  /scratch/data/Kallisto/rna/bs_abundance_47.tsv
cce832fd740fabd27eee69d0c68d643a  /scratch/data/Kallisto/rna/bs_abundance_25.tsv
a2c21a4e8183c155fa2de580cee2212a  /scratch/data/Kallisto/rna/bs_abundance_38.tsv
a5e9b6eeaa5327e4955f7014c0c3c08e  /scratch/data/Kallisto/rna/bs_abundance_6.tsv
438119d9b07481f3c8aac3b0e0cae0bb  /scratch/data/Kallisto/rna/bs_abundance_27.tsv
3afa67291e0c980f2f3c53aa0e2f3fe3  /scratch/data/Kallisto/rna/bs_abundance_37.tsv
e8b4007fa347fb6fc7e761da61fac867  /scratch/data/Kallisto/rna/bs_abundance_64.tsv
862ce4e3a4971bee7be020106ae18912  /scratch/data/Kallisto/rna/bs_abundance_97.tsv
e081b486e2d394baba2967bba35d6547  /scratch/data/Kallisto/rna/bs_abundance_34.tsv
ed01f9a0528a5da34bb7c69ed2f0a60f  /scratch/data/Kallisto/rna/bs_abundance_49.tsv
95fe3505dcf64fa4b842444dd9ac5510  /scratch/data/Kallisto/rna/bs_abundance_7.tsv
51c263d5decc996ec831677047e9857f  /scratch/data/Kallisto/rna/bs_abundance_45.tsv
340f72857c90108f291a2149d51c3bab  /scratch/data/Kallisto/rna/bs_abundance_50.tsv
9c273b31e3c4182d653dafe2d37c04ab  /scratch/data/Kallisto/rna/bs_abundance_29.tsv
ef751493c4fed6fa454799fe5c5aae4c  /scratch/data/Kallisto/rna/bs_abundance_60.tsv
0e35e2aa61b3f98ceb232dc12adfb44c  /scratch/data/Kallisto/rna/bs_abundance_17.tsv
19392d2da94a983a0e119d77b778372e  /scratch/data/Kallisto/rna/bs_abundance_94.tsv
50a11ce0dfa41497c9ff189370ec146b  /scratch/data/Kallisto/rna/bs_abundance_9.tsv
7ec7c6df1bb2d1d269ae4fbfce5fea62  /scratch/data/Kallisto/rna/bs_abundance_69.tsv
26d0de5bf1d4617e7af06cc664381a14  /scratch/data/Kallisto/rna/bs_abundance_26.tsv
1f98a97039f97f2987748373f7895019  /scratch/data/Kallisto/rna/bs_abundance_30.tsv
7cae61948418bc3390bf47160008ad4b  /scratch/data/Kallisto/rna/bs_abundance_63.tsv
0d5c2dfd705ecff994639ac687c2acb8  /scratch/data/Kallisto/rna/bs_abundance_5.tsv
7218e6e48a3485b3025fa7e9fe56893b  /scratch/data/Kallisto/rna/bs_abundance_73.tsv
8bf4f132cde75d3ad49b7fc7ca9fbbfe  /scratch/data/Kallisto/rna/bs_abundance_21.tsv
117363ee30a849340b241b836f236958  /scratch/data/Kallisto/rna/bs_abundance_4.tsv
0f82d81c9ade995f4577b8837312741b  /scratch/data/Kallisto/rna/bs_abundance_20.tsv
11bc12d0179321d451a6a935d4184eea  /scratch/data/Kallisto/rna/bs_abundance_61.tsv
f01bb9d724ce7479067da77f8cb4f2e6  /scratch/data/Kallisto/rna/bs_abundance_96.tsv
14e9db0267e643dc5b22a73901b6a480  /scratch/data/Kallisto/rna/bs_abundance_74.tsv
c32ca05143f7bc713d182d26e1d64f83  /scratch/data/Kallisto/rna/bs_abundance_43.tsv
57c5c5a5f3c17412a7479bb8d8239957  /scratch/data/Kallisto/rna/bs_abundance_11.tsv
e9e50b6eb8b134b5665ab39696b1d8fa  /scratch/data/Kallisto/rna/bs_abundance_14.tsv
48c6f3847f7c7d8994734be25a98614f  /scratch/data/Kallisto/rna/bs_abundance_3.tsv
a667b99032890a6c4f89cdcc1b8f33ef  /scratch/data/Kallisto/rna/bs_abundance_42.tsv
22af1bfed0b78542173e488fc57cb10d  /scratch/data/Kallisto/rna/bs_abundance_0.tsv
9d943ee93a3c5fb3257064d975c4aee9  /scratch/data/Kallisto/rna/bs_abundance_70.tsv
cb5ad3236497efc67844e21b43a0d5aa  /scratch/data/Kallisto/rna/bs_abundance_65.tsv
bb77af33d530220d4c12a96c3eef305e  /scratch/data/Kallisto/rna/bs_abundance_22.tsv
a3c256a9027344eb2dc95ca9a2c212d1  /scratch/data/Kallisto/rna/bs_abundance_92.tsv
3ff65570274f11628192b0c56225c258  /scratch/data/Kallisto/rna/bs_abundance_93.tsv
2cc77bf3aa598615b22260ba4afd2309  /scratch/data/Kallisto/rna/bs_abundance_18.tsv
5eba8580d53aec55f397cf30e14a6805  /scratch/data/Kallisto/rna/bs_abundance_41.tsv
c6ce94fddc8e5fb4f56c4c53654784c5  /scratch/data/Kallisto/rna/bs_abundance_81.tsv
75c16890322ae1431d124bec52efd3cc  /scratch/data/Kallisto/rna/bs_abundance_40.tsv
358e44170f2729f732045ac3993362f8  /scratch/data/Reference/kallisto_index
8db7bf4b21f0e11eebb0dda6b1128b84  /scratch/data/Reference/Homo_sapiens.GRCh38.dna.primary_assembly.fa.bwt
a8eb0bed6f9529a940ac05eae457adc6  /scratch/data/Reference/Homo_sapiens.GRCh38.dna.primary_assembly.fa.sdf/namepointer0
9263a71746478e12c82cb462b6bf10ab  /scratch/data/Reference/Homo_sapiens.GRCh38.dna.primary_assembly.fa.sdf/mainIndex
b4457c1c172f2de9c59e8d239e05c810  /scratch/data/Reference/Homo_sapiens.GRCh38.dna.primary_assembly.fa.sdf/seqdata2
65419fe7c5af016746918bf5e2fdccca  /scratch/data/Reference/Homo_sapiens.GRCh38.dna.primary_assembly.fa.sdf/nameIndex0
43aff7e00d9a3f555ab10dae0e276b38  /scratch/data/Reference/Homo_sapiens.GRCh38.dna.primary_assembly.fa.sdf/suffixpointer0
b217aba6fe3ce611203a6c2248c34883  /scratch/data/Reference/Homo_sapiens.GRCh38.dna.primary_assembly.fa.sdf/seqpointer2
4fa3b69156631c1b4a5819aba70e7589  /scratch/data/Reference/Homo_sapiens.GRCh38.dna.primary_assembly.fa.sdf/format.log
255eef0bc7d49d9dff437bb548a6cbe4  /scratch/data/Reference/Homo_sapiens.GRCh38.dna.primary_assembly.fa.sdf/seqpointer1
4c50b82342b0cb96db3dec2f2e9bf58a  /scratch/data/Reference/Homo_sapiens.GRCh38.dna.primary_assembly.fa.sdf/progress
549e15d4277b80bcb09139d0f1ea132f  /scratch/data/Reference/Homo_sapiens.GRCh38.dna.primary_assembly.fa.sdf/seqpointer0
4733b3e9950eb1489d60058b9b7ccef1  /scratch/data/Reference/Homo_sapiens.GRCh38.dna.primary_assembly.fa.sdf/summary.txt
a308f744d1f9511f1278d14ef08b0b73  /scratch/data/Reference/Homo_sapiens.GRCh38.dna.primary_assembly.fa.sdf/suffixIndex0
5e977412c38097b01b448292c8fcc48c  /scratch/data/Reference/Homo_sapiens.GRCh38.dna.primary_assembly.fa.sdf/sequenceIndex0
3cde02f316e6a1a82c179466be9bb496  /scratch/data/Reference/Homo_sapiens.GRCh38.dna.primary_assembly.fa.sdf/seqdata0
ac8817dea26a91365a7c7531c60ccb63  /scratch/data/Reference/Homo_sapiens.GRCh38.dna.primary_assembly.fa.sdf/namedata0
9c2375235f4aa29d9c777170cd754af3  /scratch/data/Reference/Homo_sapiens.GRCh38.dna.primary_assembly.fa.sdf/done
a48e0a1c2808083b2c0dff38a88fd9d0  /scratch/data/Reference/Homo_sapiens.GRCh38.dna.primary_assembly.fa.sdf/seqdata3
87676759368f792ebbe8f82698c43d65  /scratch/data/Reference/Homo_sapiens.GRCh38.dna.primary_assembly.fa.sdf/seqpointer3
8b940a7ac3e9c67072d66dd3d014f174  /scratch/data/Reference/Homo_sapiens.GRCh38.dna.primary_assembly.fa.sdf/suffixdata0
641a6056ffe7742a915acab0037cc1e5  /scratch/data/Reference/Homo_sapiens.GRCh38.dna.primary_assembly.fa.sdf/seqdata1
0c81559f3cc600af2e79ac7dfb5a30c7  /scratch/data/Reference/Homo_sapiens.GRCh38.dna.primary_assembly.fa.pac
30bda345ff201f40aff5af7f8c8552e9  /scratch/data/Reference/Homo_sapiens.GRCh38.dna.primary_assembly.fa.sa
9e6b9465dc708d92bf6d67e9c9fa9389  /scratch/data/Reference/Homo_sapiens.GRCh38.dna.primary_assembly.fa
4a46c297bfc0b29cb2f7eefedc360556  /scratch/data/Reference/Homo_sapiens.GRCh38.dna.primary_assembly.fa.amb
6059c253ce2432bde7553846bfb4c18f  /scratch/data/Reference/Homo_sapiens.GRCh38.dna.primary_assembly.fa.ann
d0c1782ecde72a7eb671336db7ff7733  /scratch/data/Reference/gencode.v25.transcripts.fa
2624b59b6cf2dacb6e0ba9c608585446  /scratch/data/Fastq/rna_2.fq.gz
4a8f99d05428365e9dacbc2f3bf39e03  /scratch/data/Fastq/rna_1.fq.gz
dd30a438785c9d4c4a1927b76d94e2db  /scratch/data/Fastq/GM12878_2x75_split.tgz
1e7b61bb59f4e3b718259b08d0abd2aa  /scratch/data/Fastq/dna_1.fq.gz
881093edec1581023a2788a275339573  /scratch/data/Fastq/dna_2.fq.gz
24a7d09f9748fed67b9767fca056ecc0  /scratch/data/RTG/container.HG002/reportdata.tsv
2a9b3768cd14c68d2b7ed426cac3b3db  /scratch/data/RTG/container.HG002/alignments.bam.calibration
691704946eb62f2d16c9f68bb8e87d14  /scratch/data/RTG/container.HG002/map.log
0ee47c02e2684d4db23009b11e691f2a  /scratch/data/RTG/container.HG002/progress
bf83b393c00ea3aa4b5d5b14a3162ead  /scratch/data/RTG/container.HG002/index.html
fa2439303fc7c16c7c3e9d9b54301815  /scratch/data/RTG/container.HG002/alignments.bam.bai
6247f284fb582a8528eb8c35220c4e0e  /scratch/data/RTG/container.HG002/summary.txt
e8f9ecea5cb536c70a1f9cff71f18345  /scratch/data/RTG/container.HG002/rgstats.tsv
d266aa30bba69368fd59fe15f72766a8  /scratch/data/RTG/container.HG002/done
5f8da56f2cd3dea05e15be5d55fea548  /scratch/data/RTG/container.HG002/index_files/rtg_logo.png
d895aa5fb1f18640abb64f091709f0f3  /scratch/data/RTG/container.HG002/index_files/Mapping-Quality-(MAPQ)-Distribution.png
a1756fd4fc5fa73f74437a11f5cb02d2  /scratch/data/RTG/container.HG002/index_files/Alignment-Score-Distribution-(Unmated-Only).png
9d3273cf21e48fa5095c4a0991015198  /scratch/data/RTG/container.HG002/index_files/Alignment-Score-Distribution-(Mated-Only).png
5af39e216b7fe8959553818ed53dbba9  /scratch/data/RTG/container.HG002/index_files/rtg.css
15a1f3502f07d3d12b9979a171c70f8f  /scratch/data/RTG/container.HG002/index_files/Fragment-Length-Distribution.png
51db1197e7507233e18ce26407913a14  /scratch/data/RTG/container.HG002/alignments.bam
40e47a6000ec5e6bcf5612bb92801896  /scratch/data/RTG/HG003.2.10M.fastq.gz
3df1c251d6be508f28f76a562a393d4b  /scratch/data/RTG/HG003.1.10M.fastq.gz
f63902aa224ba2ba4a4d860c099630f1  /scratch/data/RTG/HG002.1.10M.fastq.gz
7860de7de6124e0e43d1c83de909aadf  /scratch/data/RTG/container.HG004/reportdata.tsv
c67d5fb16d3ea6548696d1106751cb17  /scratch/data/RTG/container.HG004/alignments.bam.calibration
f25220fe6f8415c4727ef3b81e8cc04f  /scratch/data/RTG/container.HG004/map.log
4a605745c294b43e7fd027b3e91fa655  /scratch/data/RTG/container.HG004/progress
1785cd7246de30674454eb22a415c27e  /scratch/data/RTG/container.HG004/index.html
9323b5c5474b3b04653a6bd434793a2c  /scratch/data/RTG/container.HG004/alignments.bam.bai
206739a868e248274363bc8afe54ab26  /scratch/data/RTG/container.HG004/summary.txt
c287af3692b5c5bee7db8ce922aa67fe  /scratch/data/RTG/container.HG004/rgstats.tsv
e18174e7b5e50ba5ba9c994495655c06  /scratch/data/RTG/container.HG004/done
5f8da56f2cd3dea05e15be5d55fea548  /scratch/data/RTG/container.HG004/index_files/rtg_logo.png
cc90abbe237aeffb12021c81f7c9ae15  /scratch/data/RTG/container.HG004/index_files/Mapping-Quality-(MAPQ)-Distribution.png
5fc8a32c64432b6923287cf8dadd9d8d  /scratch/data/RTG/container.HG004/index_files/Alignment-Score-Distribution-(Unmated-Only).png
62480330b760d1a957dfa4297aae3aa7  /scratch/data/RTG/container.HG004/index_files/Alignment-Score-Distribution-(Mated-Only).png
5af39e216b7fe8959553818ed53dbba9  /scratch/data/RTG/container.HG004/index_files/rtg.css
8f26146a93b409ebf1a303ff13c26766  /scratch/data/RTG/container.HG004/index_files/Fragment-Length-Distribution.png
f2f2df73749fd3f77404bd35caeb9251  /scratch/data/RTG/container.HG004/alignments.bam
80b1259ad361cec9500ec0795ab7400b  /scratch/data/RTG/HG002.2.10M.fastq.gz
52807e0d569962033f8a87470e373c18  /scratch/data/RTG/HG004.1.10M.fastq.gz
85bc5ae73467a858802aba720ea3a70b  /scratch/data/RTG/container.trio/regions.bed.gz.tbi
1dfc226dc6e77e4e4f8e00d7c29c241a  /scratch/data/RTG/container.trio/regions.bed.gz
828cdbbb1e284d93cf45c5e761ff4c77  /scratch/data/RTG/container.trio/progress
32a6d8229228f171d6f0d35f73ce9d08  /scratch/data/RTG/container.trio/snps.vcf.gz
0b511ad445dddd6dd03655696ca095c4  /scratch/data/RTG/container.trio/index.html
f332b9d8d26957ca6c87b8dcb7f01093  /scratch/data/RTG/container.trio/family.log
c511059d439fdeb27686797c1d90b9c9  /scratch/data/RTG/container.trio/summary.txt
f9101d0e5a551128651be440b4834740  /scratch/data/RTG/container.trio/snps.vcf.gz.tbi
83897457febd27a8cb4fbe88b94afec2  /scratch/data/RTG/container.trio/done
5f8da56f2cd3dea05e15be5d55fea548  /scratch/data/RTG/container.trio/index_files/rtg_logo.png
b99167b1a1f2f461a5b7a7c970749101  /scratch/data/RTG/container.trio/index_files/table.css
5af39e216b7fe8959553818ed53dbba9  /scratch/data/RTG/container.trio/index_files/rtg.css
d8a52e9555802612091634b183e8ced8  /scratch/data/RTG/container.HG003/reportdata.tsv
eb59c741f401fe0288f81c3c307bd99a  /scratch/data/RTG/container.HG003/alignments.bam.calibration
6522b636f7ebf2bb098791e63c4c6b9a  /scratch/data/RTG/container.HG003/map.log
b708850a2c8b63740f7abceffd88acf3  /scratch/data/RTG/container.HG003/progress
362f63c0e80b7276fc417ca415fe0b35  /scratch/data/RTG/container.HG003/index.html
a21088a98e8fcdabb78dabc78bac6e27  /scratch/data/RTG/container.HG003/alignments.bam.bai
94ef316c4fc8ac0dc67dbe6a061d62a2  /scratch/data/RTG/container.HG003/summary.txt
64c06c68f97aac19eb24bbb80fc0bce0  /scratch/data/RTG/container.HG003/rgstats.tsv
eee1c553f45c1e04d1d2aef6b319ba6e  /scratch/data/RTG/container.HG003/done
5f8da56f2cd3dea05e15be5d55fea548  /scratch/data/RTG/container.HG003/index_files/rtg_logo.png
1cc5a2043e6b4bc5ebf86f4b44ad6521  /scratch/data/RTG/container.HG003/index_files/Mapping-Quality-(MAPQ)-Distribution.png
3d584369b26d1d7d8b4ef1581e741bc1  /scratch/data/RTG/container.HG003/index_files/Alignment-Score-Distribution-(Unmated-Only).png
e1e3b86a8bc816e9aea7cb9327b76668  /scratch/data/RTG/container.HG003/index_files/Alignment-Score-Distribution-(Mated-Only).png
5af39e216b7fe8959553818ed53dbba9  /scratch/data/RTG/container.HG003/index_files/rtg.css
1bdffd1b3f442bd9b3169fd5e6b99df8  /scratch/data/RTG/container.HG003/index_files/Fragment-Length-Distribution.png
9012c5433d128c5be0d81d79a52c7eae  /scratch/data/RTG/container.HG003/alignments.bam
f682b3291dd57d1c92cfd58bf05db53f  /scratch/data/RTG/HG004.2.10M.fastq.gz
