28db4eecaf34904ae442a7ecd09456d9  /scratch/data/Bam/container.bam
d7b53590f0bbe9dbf2a242933cd3c8bb  /scratch/data/Kallisto/rna/bs_abundance_91.tsv
f1252a07b13303fcc470eb840590e63b  /scratch/data/Kallisto/rna/bs_abundance_67.tsv
613779386fdaef5e94f62e46d4f19912  /scratch/data/Kallisto/rna/bs_abundance_23.tsv
6df86b3faffae58d18a9fc713ba470b4  /scratch/data/Kallisto/rna/bs_abundance_31.tsv
fd3155b61c0f3dd364ff12f2ae5c921b  /scratch/data/Kallisto/rna/bs_abundance_53.tsv
b694f62336a7a853ba51a473723bac7e  /scratch/data/Kallisto/rna/bs_abundance_54.tsv
0ca800d3fab6927f135c807aa94919db  /scratch/data/Kallisto/rna/bs_abundance_83.tsv
bb349bb9bf061d3cfe02ad50255409c5  /scratch/data/Kallisto/rna/bs_abundance_24.tsv
38dbea9599c35cf47a3ef06b382c47da  /scratch/data/Kallisto/rna/bs_abundance_84.tsv
1fefce34c3b374131f76f88aaac6f5a8  /scratch/data/Kallisto/rna/bs_abundance_1.tsv
3e2598884505650860b31e0fd98c9275  /scratch/data/Kallisto/rna/bs_abundance_16.tsv
acd6849841d3355f167a5b29cd31097b  /scratch/data/Kallisto/rna/bs_abundance_86.tsv
49f318e1d116aa7061b315b9474b9082  /scratch/data/Kallisto/rna/bs_abundance_35.tsv
5b778ce15d5823b6c1305ffb932afc9f  /scratch/data/Kallisto/rna/bs_abundance_66.tsv
eb40c74c121758c727172b68a584771f  /scratch/data/Kallisto/rna/bs_abundance_33.tsv
2b462e988a08b7af5b9b7982f1b99288  /scratch/data/Kallisto/rna/bs_abundance_95.tsv
55a7f33f7ca0a6b4aea42f4f978de616  /scratch/data/Kallisto/rna/bs_abundance_56.tsv
271f9c6a9d499fdc681c67c0e22e6d37  /scratch/data/Kallisto/rna/bs_abundance_28.tsv
ed715cc37bfcd6a97f0111d9b4a80704  /scratch/data/Kallisto/rna/abundance.tsv
59b2a346c7a91058737bbb0f672af363  /scratch/data/Kallisto/rna/bs_abundance_90.tsv
ca1b078200f51854d35cb54b5e7efdd8  /scratch/data/Kallisto/rna/bs_abundance_57.tsv
98c0d76a5bd0c938912d5fda90c8d4ad  /scratch/data/Kallisto/rna/bs_abundance_78.tsv
93705d45c0cb05f24e02c83576443ddb  /scratch/data/Kallisto/rna/bs_abundance_19.tsv
3b9083a66e00834e204a1a0504277de1  /scratch/data/Kallisto/rna/bs_abundance_85.tsv
18a9c3be73e9fa26d0e273d050b27d15  /scratch/data/Kallisto/rna/bs_abundance_8.tsv
055a34f5b3ef256733d72699e0c85969  /scratch/data/Kallisto/rna/bs_abundance_75.tsv
fddaa8577f1837596afc142d523fe7c4  /scratch/data/Kallisto/rna/bs_abundance_12.tsv
989c1160cbe507099b280ade7d573803  /scratch/data/Kallisto/rna/bs_abundance_62.tsv
fb6c85be89c7b918d3d0841c2805c0be  /scratch/data/Kallisto/rna/bs_abundance_89.tsv
9dca7e6d0d529ee69e2ab026d9da3843  /scratch/data/Kallisto/rna/bs_abundance_32.tsv
429950bb88936d0be89e8ec34028cd87  /scratch/data/Kallisto/rna/bs_abundance_46.tsv
f577f626c01bb95ae7224cc67243b7c5  /scratch/data/Kallisto/rna/bs_abundance_72.tsv
6f7a9a42a4abf5a4023a3608eac21d6b  /scratch/data/Kallisto/rna/bs_abundance_82.tsv
91650bf5cde32b819e9a71f28d2cc373  /scratch/data/Kallisto/rna/bs_abundance_44.tsv
afe5954253b142325cfea5c52e74a8d2  /scratch/data/Kallisto/rna/run_info.json
acde59bb8b167f50250f8ea466cb6b25  /scratch/data/Kallisto/rna/bs_abundance_36.tsv
a2aa30b138a28f3ea248a160e9d879c5  /scratch/data/Kallisto/rna/bs_abundance_77.tsv
240221b9a99b9016c5438f6fb16d0e85  /scratch/data/Kallisto/rna/bs_abundance_48.tsv
d628d838d17aee46e29f745a29cbf75d  /scratch/data/Kallisto/rna/bs_abundance_68.tsv
4aa796f62964545a9cc8fb2fd35d475b  /scratch/data/Kallisto/rna/bs_abundance_39.tsv
6be1c261c42b7717f30dade1741e6c4f  /scratch/data/Kallisto/rna/bs_abundance_2.tsv
9e0eb6e4387206456331e1ace7b471ad  /scratch/data/Kallisto/rna/bs_abundance_58.tsv
e864d0d5ddfa1428f303ba9803ab8bf2  /scratch/data/Kallisto/rna/bs_abundance_51.tsv
f607f0c75f3f3f1822569906c19b8ebc  /scratch/data/Kallisto/rna/bs_abundance_15.tsv
d00510a978159d1d759316c5744a12fc  /scratch/data/Kallisto/rna/bs_abundance_13.tsv
9fe1e960d13c7288365a8602532d9703  /scratch/data/Kallisto/rna/bs_abundance_79.tsv
57d7d5d2cf6b723aa0460a7e3084be46  /scratch/data/Kallisto/rna/bs_abundance_88.tsv
efad343651ae27155987205019f59b77  /scratch/data/Kallisto/rna/bs_abundance_52.tsv
6354f671c8cfdb2cb350502af3d767d9  /scratch/data/Kallisto/rna/bs_abundance_98.tsv
673c606d1cdd75841f82c64b1f91533d  /scratch/data/Kallisto/rna/bs_abundance_55.tsv
20aad9ad6fb8ae34ed6ebdc92bc31210  /scratch/data/Kallisto/rna/bs_abundance_59.tsv
ecf79534d588348ab0c3ed837bf2b96c  /scratch/data/Kallisto/rna/bs_abundance_76.tsv
dbf1b7a10c11a6459b121340c19c514a  /scratch/data/Kallisto/rna/bs_abundance_80.tsv
d280300416b9e56b789c120d18870952  /scratch/data/Kallisto/rna/bs_abundance_87.tsv
43769013020b63f4a4bc29f09538415f  /scratch/data/Kallisto/rna/bs_abundance_71.tsv
bae6e851b305c496ecaf29cf3733d2f2  /scratch/data/Kallisto/rna/bs_abundance_99.tsv
d6166aff2baa521ea339654a8ac1ae42  /scratch/data/Kallisto/rna/bs_abundance_10.tsv
f5e41b88a29bc6da45ecc834479d82bb  /scratch/data/Kallisto/rna/bs_abundance_47.tsv
d4e8028bb14f5503bfdc5f2a0651c248  /scratch/data/Kallisto/rna/bs_abundance_25.tsv
32b0a7075d6a66cfb0d2d40450126530  /scratch/data/Kallisto/rna/bs_abundance_38.tsv
5049c2ed3f96100ba844ebef436988fd  /scratch/data/Kallisto/rna/bs_abundance_6.tsv
99ebcf0ee2cf5a8a2cc1da318c1e7d4f  /scratch/data/Kallisto/rna/bs_abundance_27.tsv
2ccae7cc88dbef3f30996a2c5aa3148a  /scratch/data/Kallisto/rna/bs_abundance_37.tsv
9184a074b6e028d084435d2d293a4327  /scratch/data/Kallisto/rna/bs_abundance_64.tsv
8a584115f9c0c0a52b55a566db576b8b  /scratch/data/Kallisto/rna/bs_abundance_97.tsv
1a5e4744042067ef1b3455824fda5e3b  /scratch/data/Kallisto/rna/bs_abundance_34.tsv
faaf24c1985355b738b6a348298d4561  /scratch/data/Kallisto/rna/bs_abundance_49.tsv
193aa54ef9c3e65eaea83c69f61e7406  /scratch/data/Kallisto/rna/bs_abundance_7.tsv
0d0fc1196bfc087104398d4eb1b01e16  /scratch/data/Kallisto/rna/bs_abundance_45.tsv
72d27216f64f29fcbc1ed9883ec058aa  /scratch/data/Kallisto/rna/bs_abundance_50.tsv
8fd24581b51b34476af734ea88395d10  /scratch/data/Kallisto/rna/bs_abundance_29.tsv
0c731bb3f92954b5e2bb2b4ebf607805  /scratch/data/Kallisto/rna/bs_abundance_60.tsv
4a2dd80614a68cfb88fd86b37fe1ebbf  /scratch/data/Kallisto/rna/bs_abundance_17.tsv
3f03c853629135b05d968fbee08ec3ec  /scratch/data/Kallisto/rna/bs_abundance_94.tsv
b263a9956b633707417235cbfc1303e6  /scratch/data/Kallisto/rna/bs_abundance_9.tsv
4e57e36eed95d1f0a90d1d3ddc614e22  /scratch/data/Kallisto/rna/bs_abundance_69.tsv
9f0782f9ff777ff1d008bd692909bbce  /scratch/data/Kallisto/rna/bs_abundance_26.tsv
fcde7cabb2f86937d8d008c0a3f7b077  /scratch/data/Kallisto/rna/bs_abundance_30.tsv
2df7ac15574ab3909b5c9bcef263467e  /scratch/data/Kallisto/rna/bs_abundance_63.tsv
e5b0d18211dafa9f8f4a888f2a027fc8  /scratch/data/Kallisto/rna/bs_abundance_5.tsv
8d0ae3a7a828e57f849f39ac9d9bb618  /scratch/data/Kallisto/rna/bs_abundance_73.tsv
d13ca4fbc6dc62957c1477a64c598b07  /scratch/data/Kallisto/rna/bs_abundance_21.tsv
d10067117fe9d49f0fd453c522e15da4  /scratch/data/Kallisto/rna/bs_abundance_4.tsv
9964eaadbf7a9d32654a94789649387e  /scratch/data/Kallisto/rna/bs_abundance_20.tsv
fe652e251cd53a11df0e028f0fc17ee3  /scratch/data/Kallisto/rna/bs_abundance_61.tsv
fe7e63344bf29a66ae04ee3dc2eb00e2  /scratch/data/Kallisto/rna/bs_abundance_96.tsv
b5d4be1f657c96887c2f7e237cf4cb85  /scratch/data/Kallisto/rna/bs_abundance_74.tsv
3abc72cb77c37baff5efd2fd8016459d  /scratch/data/Kallisto/rna/bs_abundance_43.tsv
0e2b25f80183cc64d0791ce06dea566d  /scratch/data/Kallisto/rna/bs_abundance_11.tsv
48eb5da097509eeedf2ba4080619ca9e  /scratch/data/Kallisto/rna/bs_abundance_14.tsv
dd10cb61a7c10a9362e8a8048002c60b  /scratch/data/Kallisto/rna/bs_abundance_3.tsv
7d2dbd2ac8f2be93cf0d568de10d0a38  /scratch/data/Kallisto/rna/bs_abundance_42.tsv
fee26a1b7a6fc2281fe1d4c8d9050d88  /scratch/data/Kallisto/rna/bs_abundance_0.tsv
4eb58cbd9c2d322d9e504e3e19962ba8  /scratch/data/Kallisto/rna/bs_abundance_70.tsv
c720d6562bd4b00556ac7e4648561d47  /scratch/data/Kallisto/rna/bs_abundance_65.tsv
2a6d7bbceb4d90740759b02e1d7f8249  /scratch/data/Kallisto/rna/bs_abundance_22.tsv
f8204b3da76ae4b9e4dacf5b650ea7a8  /scratch/data/Kallisto/rna/bs_abundance_92.tsv
4e443b1c0f19f317a44d0153deb34e04  /scratch/data/Kallisto/rna/bs_abundance_93.tsv
b1d85998cf76453a62ace7011969dacf  /scratch/data/Kallisto/rna/bs_abundance_18.tsv
4bd21bcd929609494750b4f4062a1f4f  /scratch/data/Kallisto/rna/bs_abundance_41.tsv
0e8ee7e5f6e8abe468d6142cdf603b86  /scratch/data/Kallisto/rna/bs_abundance_81.tsv
3d2751ffc1938317fa53e41670ce8320  /scratch/data/Kallisto/rna/bs_abundance_40.tsv
358e44170f2729f732045ac3993362f8  /scratch/data/Reference/kallisto_index
8db7bf4b21f0e11eebb0dda6b1128b84  /scratch/data/Reference/Homo_sapiens.GRCh38.dna.primary_assembly.fa.bwt
a8eb0bed6f9529a940ac05eae457adc6  /scratch/data/Reference/Homo_sapiens.GRCh38.dna.primary_assembly.fa.sdf/namepointer0
42314a2d3105fb6c333c23eba93982a9  /scratch/data/Reference/Homo_sapiens.GRCh38.dna.primary_assembly.fa.sdf/mainIndex
b4457c1c172f2de9c59e8d239e05c810  /scratch/data/Reference/Homo_sapiens.GRCh38.dna.primary_assembly.fa.sdf/seqdata2
65419fe7c5af016746918bf5e2fdccca  /scratch/data/Reference/Homo_sapiens.GRCh38.dna.primary_assembly.fa.sdf/nameIndex0
43aff7e00d9a3f555ab10dae0e276b38  /scratch/data/Reference/Homo_sapiens.GRCh38.dna.primary_assembly.fa.sdf/suffixpointer0
b217aba6fe3ce611203a6c2248c34883  /scratch/data/Reference/Homo_sapiens.GRCh38.dna.primary_assembly.fa.sdf/seqpointer2
7a7d3ade49e2195e7d40bead706de35e  /scratch/data/Reference/Homo_sapiens.GRCh38.dna.primary_assembly.fa.sdf/format.log
255eef0bc7d49d9dff437bb548a6cbe4  /scratch/data/Reference/Homo_sapiens.GRCh38.dna.primary_assembly.fa.sdf/seqpointer1
8f794c13daaddff3c0b1b7227410b583  /scratch/data/Reference/Homo_sapiens.GRCh38.dna.primary_assembly.fa.sdf/progress
549e15d4277b80bcb09139d0f1ea132f  /scratch/data/Reference/Homo_sapiens.GRCh38.dna.primary_assembly.fa.sdf/seqpointer0
00b1ca773441ab1b3de65dc1fe005796  /scratch/data/Reference/Homo_sapiens.GRCh38.dna.primary_assembly.fa.sdf/summary.txt
a308f744d1f9511f1278d14ef08b0b73  /scratch/data/Reference/Homo_sapiens.GRCh38.dna.primary_assembly.fa.sdf/suffixIndex0
5e977412c38097b01b448292c8fcc48c  /scratch/data/Reference/Homo_sapiens.GRCh38.dna.primary_assembly.fa.sdf/sequenceIndex0
3cde02f316e6a1a82c179466be9bb496  /scratch/data/Reference/Homo_sapiens.GRCh38.dna.primary_assembly.fa.sdf/seqdata0
ac8817dea26a91365a7c7531c60ccb63  /scratch/data/Reference/Homo_sapiens.GRCh38.dna.primary_assembly.fa.sdf/namedata0
29f08477343a433b9a13c6771b1249c5  /scratch/data/Reference/Homo_sapiens.GRCh38.dna.primary_assembly.fa.sdf/done
a48e0a1c2808083b2c0dff38a88fd9d0  /scratch/data/Reference/Homo_sapiens.GRCh38.dna.primary_assembly.fa.sdf/seqdata3
87676759368f792ebbe8f82698c43d65  /scratch/data/Reference/Homo_sapiens.GRCh38.dna.primary_assembly.fa.sdf/seqpointer3
8b940a7ac3e9c67072d66dd3d014f174  /scratch/data/Reference/Homo_sapiens.GRCh38.dna.primary_assembly.fa.sdf/suffixdata0
641a6056ffe7742a915acab0037cc1e5  /scratch/data/Reference/Homo_sapiens.GRCh38.dna.primary_assembly.fa.sdf/seqdata1
0c81559f3cc600af2e79ac7dfb5a30c7  /scratch/data/Reference/Homo_sapiens.GRCh38.dna.primary_assembly.fa.pac
30bda345ff201f40aff5af7f8c8552e9  /scratch/data/Reference/Homo_sapiens.GRCh38.dna.primary_assembly.fa.sa
9e6b9465dc708d92bf6d67e9c9fa9389  /scratch/data/Reference/Homo_sapiens.GRCh38.dna.primary_assembly.fa
4a46c297bfc0b29cb2f7eefedc360556  /scratch/data/Reference/Homo_sapiens.GRCh38.dna.primary_assembly.fa.amb
6059c253ce2432bde7553846bfb4c18f  /scratch/data/Reference/Homo_sapiens.GRCh38.dna.primary_assembly.fa.ann
d0c1782ecde72a7eb671336db7ff7733  /scratch/data/Reference/gencode.v25.transcripts.fa
1c77abcb993b25cb561ef4c4fac95aaf  /scratch/data/Fastq/rna_2.fq.gz
b9eccf9e29d5de6641e24f44c64da1e1  /scratch/data/Fastq/rna_1.fq.gz
dd30a438785c9d4c4a1927b76d94e2db  /scratch/data/Fastq/GM12878_2x75_split.tgz
80f7384310c0683ed4607165bad55463  /scratch/data/Fastq/dna_1.fq.gz
82085dc679da8abe71a8e82a31789e01  /scratch/data/Fastq/dna_2.fq.gz
24a7d09f9748fed67b9767fca056ecc0  /scratch/data/RTG/container.HG002/reportdata.tsv
2a9b3768cd14c68d2b7ed426cac3b3db  /scratch/data/RTG/container.HG002/alignments.bam.calibration
2032f0b1424a67110e231935dbecf8af  /scratch/data/RTG/container.HG002/map.log
df3fe5e8d40b89b68b83cb5b67b879cc  /scratch/data/RTG/container.HG002/progress
bf83b393c00ea3aa4b5d5b14a3162ead  /scratch/data/RTG/container.HG002/index.html
e1cf6e04bab3189a9350653d5b303067  /scratch/data/RTG/container.HG002/alignments.bam.bai
6247f284fb582a8528eb8c35220c4e0e  /scratch/data/RTG/container.HG002/summary.txt
e8f9ecea5cb536c70a1f9cff71f18345  /scratch/data/RTG/container.HG002/rgstats.tsv
64e1001984d703675054396a16351962  /scratch/data/RTG/container.HG002/done
5f8da56f2cd3dea05e15be5d55fea548  /scratch/data/RTG/container.HG002/index_files/rtg_logo.png
d895aa5fb1f18640abb64f091709f0f3  /scratch/data/RTG/container.HG002/index_files/Mapping-Quality-(MAPQ)-Distribution.png
a1756fd4fc5fa73f74437a11f5cb02d2  /scratch/data/RTG/container.HG002/index_files/Alignment-Score-Distribution-(Unmated-Only).png
9d3273cf21e48fa5095c4a0991015198  /scratch/data/RTG/container.HG002/index_files/Alignment-Score-Distribution-(Mated-Only).png
5af39e216b7fe8959553818ed53dbba9  /scratch/data/RTG/container.HG002/index_files/rtg.css
15a1f3502f07d3d12b9979a171c70f8f  /scratch/data/RTG/container.HG002/index_files/Fragment-Length-Distribution.png
55a34eb82fa6e35ef06b7286784a90a6  /scratch/data/RTG/container.HG002/alignments.bam
40e47a6000ec5e6bcf5612bb92801896  /scratch/data/RTG/HG003.2.10M.fastq.gz
3df1c251d6be508f28f76a562a393d4b  /scratch/data/RTG/HG003.1.10M.fastq.gz
f63902aa224ba2ba4a4d860c099630f1  /scratch/data/RTG/HG002.1.10M.fastq.gz
7860de7de6124e0e43d1c83de909aadf  /scratch/data/RTG/container.HG004/reportdata.tsv
c67d5fb16d3ea6548696d1106751cb17  /scratch/data/RTG/container.HG004/alignments.bam.calibration
cfb6f06c47856e1d5deba851ea1a0efd  /scratch/data/RTG/container.HG004/map.log
ef2626fcbed7e394060ee8279091b00f  /scratch/data/RTG/container.HG004/progress
1785cd7246de30674454eb22a415c27e  /scratch/data/RTG/container.HG004/index.html
9323b5c5474b3b04653a6bd434793a2c  /scratch/data/RTG/container.HG004/alignments.bam.bai
206739a868e248274363bc8afe54ab26  /scratch/data/RTG/container.HG004/summary.txt
c287af3692b5c5bee7db8ce922aa67fe  /scratch/data/RTG/container.HG004/rgstats.tsv
b7ef06a0063da6f40d53c5733b6eb4d2  /scratch/data/RTG/container.HG004/done
5f8da56f2cd3dea05e15be5d55fea548  /scratch/data/RTG/container.HG004/index_files/rtg_logo.png
cc90abbe237aeffb12021c81f7c9ae15  /scratch/data/RTG/container.HG004/index_files/Mapping-Quality-(MAPQ)-Distribution.png
5fc8a32c64432b6923287cf8dadd9d8d  /scratch/data/RTG/container.HG004/index_files/Alignment-Score-Distribution-(Unmated-Only).png
62480330b760d1a957dfa4297aae3aa7  /scratch/data/RTG/container.HG004/index_files/Alignment-Score-Distribution-(Mated-Only).png
5af39e216b7fe8959553818ed53dbba9  /scratch/data/RTG/container.HG004/index_files/rtg.css
8f26146a93b409ebf1a303ff13c26766  /scratch/data/RTG/container.HG004/index_files/Fragment-Length-Distribution.png
9f3e7e3024fbba97507fde7505ecd0f0  /scratch/data/RTG/container.HG004/alignments.bam
80b1259ad361cec9500ec0795ab7400b  /scratch/data/RTG/HG002.2.10M.fastq.gz
52807e0d569962033f8a87470e373c18  /scratch/data/RTG/HG004.1.10M.fastq.gz
85bc5ae73467a858802aba720ea3a70b  /scratch/data/RTG/container.trio/regions.bed.gz.tbi
1dfc226dc6e77e4e4f8e00d7c29c241a  /scratch/data/RTG/container.trio/regions.bed.gz
57fe02949ff6c652092b98b398a32454  /scratch/data/RTG/container.trio/progress
044ae39b3d203f442886b65d79634435  /scratch/data/RTG/container.trio/snps.vcf.gz
0b511ad445dddd6dd03655696ca095c4  /scratch/data/RTG/container.trio/index.html
b4fd2377de77051ccfc42e35b60f9a4b  /scratch/data/RTG/container.trio/family.log
c511059d439fdeb27686797c1d90b9c9  /scratch/data/RTG/container.trio/summary.txt
8029b22d6df3dba0bacd01f9ed42abad  /scratch/data/RTG/container.trio/snps.vcf.gz.tbi
eea3b7e29caeb2390d1910274adb0369  /scratch/data/RTG/container.trio/done
5f8da56f2cd3dea05e15be5d55fea548  /scratch/data/RTG/container.trio/index_files/rtg_logo.png
b99167b1a1f2f461a5b7a7c970749101  /scratch/data/RTG/container.trio/index_files/table.css
5af39e216b7fe8959553818ed53dbba9  /scratch/data/RTG/container.trio/index_files/rtg.css
d8a52e9555802612091634b183e8ced8  /scratch/data/RTG/container.HG003/reportdata.tsv
eb59c741f401fe0288f81c3c307bd99a  /scratch/data/RTG/container.HG003/alignments.bam.calibration
06194b8d6ef647f6d910cf6685752308  /scratch/data/RTG/container.HG003/map.log
d5e70c94ce2d1a390e2c4564b6347131  /scratch/data/RTG/container.HG003/progress
362f63c0e80b7276fc417ca415fe0b35  /scratch/data/RTG/container.HG003/index.html
28c42fe8fb8fed6a783dd8397de6d7f5  /scratch/data/RTG/container.HG003/alignments.bam.bai
94ef316c4fc8ac0dc67dbe6a061d62a2  /scratch/data/RTG/container.HG003/summary.txt
64c06c68f97aac19eb24bbb80fc0bce0  /scratch/data/RTG/container.HG003/rgstats.tsv
55a6665b8b37c4b4ae73321f4066edf9  /scratch/data/RTG/container.HG003/done
5f8da56f2cd3dea05e15be5d55fea548  /scratch/data/RTG/container.HG003/index_files/rtg_logo.png
1cc5a2043e6b4bc5ebf86f4b44ad6521  /scratch/data/RTG/container.HG003/index_files/Mapping-Quality-(MAPQ)-Distribution.png
3d584369b26d1d7d8b4ef1581e741bc1  /scratch/data/RTG/container.HG003/index_files/Alignment-Score-Distribution-(Unmated-Only).png
e1e3b86a8bc816e9aea7cb9327b76668  /scratch/data/RTG/container.HG003/index_files/Alignment-Score-Distribution-(Mated-Only).png
5af39e216b7fe8959553818ed53dbba9  /scratch/data/RTG/container.HG003/index_files/rtg.css
1bdffd1b3f442bd9b3169fd5e6b99df8  /scratch/data/RTG/container.HG003/index_files/Fragment-Length-Distribution.png
481982d400c647abd6d85883f384e3b3  /scratch/data/RTG/container.HG003/alignments.bam
f682b3291dd57d1c92cfd58bf05db53f  /scratch/data/RTG/HG004.2.10M.fastq.gz
