5af39e216b7fe8959553818ed53dbba9  /scratch/data/RTG/container.HG002/index_files/rtg.css
a1756fd4fc5fa73f74437a11f5cb02d2  /scratch/data/RTG/container.HG002/index_files/Alignment-Score-Distribution-(Unmated-Only).png
d895aa5fb1f18640abb64f091709f0f3  /scratch/data/RTG/container.HG002/index_files/Mapping-Quality-(MAPQ)-Distribution.png
9d3273cf21e48fa5095c4a0991015198  /scratch/data/RTG/container.HG002/index_files/Alignment-Score-Distribution-(Mated-Only).png
15a1f3502f07d3d12b9979a171c70f8f  /scratch/data/RTG/container.HG002/index_files/Fragment-Length-Distribution.png
5f8da56f2cd3dea05e15be5d55fea548  /scratch/data/RTG/container.HG002/index_files/rtg_logo.png
8005c5854f6c8eda76a7bfff0ce8318a  /scratch/data/RTG/container.HG002/alignments.bam
e1cf6e04bab3189a9350653d5b303067  /scratch/data/RTG/container.HG002/alignments.bam.bai
885353402e44cea4f733b1fa45b9e750  /scratch/data/RTG/container.HG002/progress
e8f9ecea5cb536c70a1f9cff71f18345  /scratch/data/RTG/container.HG002/rgstats.tsv
b54e2360cff235b0fe15945a6a0c71b3  /scratch/data/RTG/container.HG002/map.log
2a9b3768cd14c68d2b7ed426cac3b3db  /scratch/data/RTG/container.HG002/alignments.bam.calibration
24a7d09f9748fed67b9767fca056ecc0  /scratch/data/RTG/container.HG002/reportdata.tsv
82815e0aaa68c3c0e4bb7ce2e2f89b51  /scratch/data/RTG/container.HG002/done
6247f284fb582a8528eb8c35220c4e0e  /scratch/data/RTG/container.HG002/summary.txt
bf83b393c00ea3aa4b5d5b14a3162ead  /scratch/data/RTG/container.HG002/index.html
f682b3291dd57d1c92cfd58bf05db53f  /scratch/data/RTG/HG004.2.10M.fastq.gz
40e47a6000ec5e6bcf5612bb92801896  /scratch/data/RTG/HG003.2.10M.fastq.gz
778aecbc1ecd39426923dd07af88e11a  /scratch/data/RTG/container.trio/snps.vcf.gz
5af39e216b7fe8959553818ed53dbba9  /scratch/data/RTG/container.trio/index_files/rtg.css
b99167b1a1f2f461a5b7a7c970749101  /scratch/data/RTG/container.trio/index_files/table.css
5f8da56f2cd3dea05e15be5d55fea548  /scratch/data/RTG/container.trio/index_files/rtg_logo.png
1dfc226dc6e77e4e4f8e00d7c29c241a  /scratch/data/RTG/container.trio/regions.bed.gz
06767566f20608261be3ab5e1ac25878  /scratch/data/RTG/container.trio/family.log
f7ff283f32f22a23fc42edda816cfa0e  /scratch/data/RTG/container.trio/snps.vcf.gz.tbi
f17f1c41db23209b4e0d19a4a3e475a4  /scratch/data/RTG/container.trio/progress
85bc5ae73467a858802aba720ea3a70b  /scratch/data/RTG/container.trio/regions.bed.gz.tbi
3a77dcd7c9147d43e67daeb9aaa5f9d5  /scratch/data/RTG/container.trio/done
c511059d439fdeb27686797c1d90b9c9  /scratch/data/RTG/container.trio/summary.txt
0b511ad445dddd6dd03655696ca095c4  /scratch/data/RTG/container.trio/index.html
52807e0d569962033f8a87470e373c18  /scratch/data/RTG/HG004.1.10M.fastq.gz
5af39e216b7fe8959553818ed53dbba9  /scratch/data/RTG/container.HG004/index_files/rtg.css
5fc8a32c64432b6923287cf8dadd9d8d  /scratch/data/RTG/container.HG004/index_files/Alignment-Score-Distribution-(Unmated-Only).png
cc90abbe237aeffb12021c81f7c9ae15  /scratch/data/RTG/container.HG004/index_files/Mapping-Quality-(MAPQ)-Distribution.png
62480330b760d1a957dfa4297aae3aa7  /scratch/data/RTG/container.HG004/index_files/Alignment-Score-Distribution-(Mated-Only).png
8f26146a93b409ebf1a303ff13c26766  /scratch/data/RTG/container.HG004/index_files/Fragment-Length-Distribution.png
5f8da56f2cd3dea05e15be5d55fea548  /scratch/data/RTG/container.HG004/index_files/rtg_logo.png
b4436d8ff6fd6f84fb20fbb1d05d7d30  /scratch/data/RTG/container.HG004/alignments.bam
9323b5c5474b3b04653a6bd434793a2c  /scratch/data/RTG/container.HG004/alignments.bam.bai
c15d756aa52cb961ef407a67ca3389f8  /scratch/data/RTG/container.HG004/progress
c287af3692b5c5bee7db8ce922aa67fe  /scratch/data/RTG/container.HG004/rgstats.tsv
39075c9647477aa33ec4868995953f8f  /scratch/data/RTG/container.HG004/map.log
c67d5fb16d3ea6548696d1106751cb17  /scratch/data/RTG/container.HG004/alignments.bam.calibration
7860de7de6124e0e43d1c83de909aadf  /scratch/data/RTG/container.HG004/reportdata.tsv
2e2ba5aee0a2fc3397bd5108008d5102  /scratch/data/RTG/container.HG004/done
206739a868e248274363bc8afe54ab26  /scratch/data/RTG/container.HG004/summary.txt
1785cd7246de30674454eb22a415c27e  /scratch/data/RTG/container.HG004/index.html
f63902aa224ba2ba4a4d860c099630f1  /scratch/data/RTG/HG002.1.10M.fastq.gz
5af39e216b7fe8959553818ed53dbba9  /scratch/data/RTG/container.HG003/index_files/rtg.css
3d584369b26d1d7d8b4ef1581e741bc1  /scratch/data/RTG/container.HG003/index_files/Alignment-Score-Distribution-(Unmated-Only).png
1cc5a2043e6b4bc5ebf86f4b44ad6521  /scratch/data/RTG/container.HG003/index_files/Mapping-Quality-(MAPQ)-Distribution.png
e1e3b86a8bc816e9aea7cb9327b76668  /scratch/data/RTG/container.HG003/index_files/Alignment-Score-Distribution-(Mated-Only).png
1bdffd1b3f442bd9b3169fd5e6b99df8  /scratch/data/RTG/container.HG003/index_files/Fragment-Length-Distribution.png
5f8da56f2cd3dea05e15be5d55fea548  /scratch/data/RTG/container.HG003/index_files/rtg_logo.png
c7da05c1c47b2de2e91d3fd1897a4fc2  /scratch/data/RTG/container.HG003/alignments.bam
5998b7e4220cecf52cc1446764ade5b9  /scratch/data/RTG/container.HG003/alignments.bam.bai
e3e3e3f4cdf1dc0dda8b445de34cac3f  /scratch/data/RTG/container.HG003/progress
64c06c68f97aac19eb24bbb80fc0bce0  /scratch/data/RTG/container.HG003/rgstats.tsv
2d61cfe2d869e0d6dbcad9816b47ed4c  /scratch/data/RTG/container.HG003/map.log
eb59c741f401fe0288f81c3c307bd99a  /scratch/data/RTG/container.HG003/alignments.bam.calibration
d8a52e9555802612091634b183e8ced8  /scratch/data/RTG/container.HG003/reportdata.tsv
968ad05f179d7277b1044a68fa4752fa  /scratch/data/RTG/container.HG003/done
94ef316c4fc8ac0dc67dbe6a061d62a2  /scratch/data/RTG/container.HG003/summary.txt
362f63c0e80b7276fc417ca415fe0b35  /scratch/data/RTG/container.HG003/index.html
80b1259ad361cec9500ec0795ab7400b  /scratch/data/RTG/HG002.2.10M.fastq.gz
3df1c251d6be508f28f76a562a393d4b  /scratch/data/RTG/HG003.1.10M.fastq.gz
8db7bf4b21f0e11eebb0dda6b1128b84  /scratch/data/Reference/Homo_sapiens.GRCh38.dna.primary_assembly.fa.bwt
358e44170f2729f732045ac3993362f8  /scratch/data/Reference/kallisto_index
30bda345ff201f40aff5af7f8c8552e9  /scratch/data/Reference/Homo_sapiens.GRCh38.dna.primary_assembly.fa.sa
ac8817dea26a91365a7c7531c60ccb63  /scratch/data/Reference/Homo_sapiens.GRCh38.dna.primary_assembly.fa.sdf/namedata0
a308f744d1f9511f1278d14ef08b0b73  /scratch/data/Reference/Homo_sapiens.GRCh38.dna.primary_assembly.fa.sdf/suffixIndex0
65419fe7c5af016746918bf5e2fdccca  /scratch/data/Reference/Homo_sapiens.GRCh38.dna.primary_assembly.fa.sdf/nameIndex0
549e15d4277b80bcb09139d0f1ea132f  /scratch/data/Reference/Homo_sapiens.GRCh38.dna.primary_assembly.fa.sdf/seqpointer0
8b940a7ac3e9c67072d66dd3d014f174  /scratch/data/Reference/Homo_sapiens.GRCh38.dna.primary_assembly.fa.sdf/suffixdata0
641a6056ffe7742a915acab0037cc1e5  /scratch/data/Reference/Homo_sapiens.GRCh38.dna.primary_assembly.fa.sdf/seqdata1
a48e0a1c2808083b2c0dff38a88fd9d0  /scratch/data/Reference/Homo_sapiens.GRCh38.dna.primary_assembly.fa.sdf/seqdata3
1356283368bcb38ec5880d134926a718  /scratch/data/Reference/Homo_sapiens.GRCh38.dna.primary_assembly.fa.sdf/format.log
b217aba6fe3ce611203a6c2248c34883  /scratch/data/Reference/Homo_sapiens.GRCh38.dna.primary_assembly.fa.sdf/seqpointer2
5e977412c38097b01b448292c8fcc48c  /scratch/data/Reference/Homo_sapiens.GRCh38.dna.primary_assembly.fa.sdf/sequenceIndex0
d100537b1de127039361f78478cf5590  /scratch/data/Reference/Homo_sapiens.GRCh38.dna.primary_assembly.fa.sdf/progress
87676759368f792ebbe8f82698c43d65  /scratch/data/Reference/Homo_sapiens.GRCh38.dna.primary_assembly.fa.sdf/seqpointer3
b4457c1c172f2de9c59e8d239e05c810  /scratch/data/Reference/Homo_sapiens.GRCh38.dna.primary_assembly.fa.sdf/seqdata2
43aff7e00d9a3f555ab10dae0e276b38  /scratch/data/Reference/Homo_sapiens.GRCh38.dna.primary_assembly.fa.sdf/suffixpointer0
3cde02f316e6a1a82c179466be9bb496  /scratch/data/Reference/Homo_sapiens.GRCh38.dna.primary_assembly.fa.sdf/seqdata0
a8eb0bed6f9529a940ac05eae457adc6  /scratch/data/Reference/Homo_sapiens.GRCh38.dna.primary_assembly.fa.sdf/namepointer0
73c130c2f9be7834d78472e7405d56da  /scratch/data/Reference/Homo_sapiens.GRCh38.dna.primary_assembly.fa.sdf/mainIndex
cd77a5163260fca66bb7807ac99d694e  /scratch/data/Reference/Homo_sapiens.GRCh38.dna.primary_assembly.fa.sdf/done
255eef0bc7d49d9dff437bb548a6cbe4  /scratch/data/Reference/Homo_sapiens.GRCh38.dna.primary_assembly.fa.sdf/seqpointer1
72a161bb4322685288b167821459799d  /scratch/data/Reference/Homo_sapiens.GRCh38.dna.primary_assembly.fa.sdf/summary.txt
9e6b9465dc708d92bf6d67e9c9fa9389  /scratch/data/Reference/Homo_sapiens.GRCh38.dna.primary_assembly.fa
0c81559f3cc600af2e79ac7dfb5a30c7  /scratch/data/Reference/Homo_sapiens.GRCh38.dna.primary_assembly.fa.pac
6059c253ce2432bde7553846bfb4c18f  /scratch/data/Reference/Homo_sapiens.GRCh38.dna.primary_assembly.fa.ann
4a46c297bfc0b29cb2f7eefedc360556  /scratch/data/Reference/Homo_sapiens.GRCh38.dna.primary_assembly.fa.amb
d0c1782ecde72a7eb671336db7ff7733  /scratch/data/Reference/gencode.v25.transcripts.fa
7a9964706204bdcd70c4185380e8a21a  /scratch/data/Kallisto/rna/bs_abundance_77.tsv
3eb10171717b48771e3590b81fa74a2e  /scratch/data/Kallisto/rna/bs_abundance_7.tsv
07b2dde00d9fa8e6d4d2358eca76d7b3  /scratch/data/Kallisto/rna/bs_abundance_27.tsv
d475d9666b89ce9d30937ceb22fdd748  /scratch/data/Kallisto/rna/bs_abundance_31.tsv
eff07ed6814d27c18c6c77e60a113358  /scratch/data/Kallisto/rna/bs_abundance_45.tsv
66281eb64bb779fb9f71c52070b7faad  /scratch/data/Kallisto/rna/bs_abundance_80.tsv
9fe9e6e7fe020d31e1101cce7e11f646  /scratch/data/Kallisto/rna/bs_abundance_51.tsv
3ddd42db1c464a7bf5f347f8cdb2c583  /scratch/data/Kallisto/rna/bs_abundance_32.tsv
cac6edb68b7e80457fd26d26b21c383e  /scratch/data/Kallisto/rna/bs_abundance_95.tsv
06a01e157c48af4e90ca9d8cf5edfd92  /scratch/data/Kallisto/rna/bs_abundance_48.tsv
31a456146839bc3f466c3aed97897944  /scratch/data/Kallisto/rna/bs_abundance_42.tsv
0fc49024ce9fcd3b396b35364e74a679  /scratch/data/Kallisto/rna/bs_abundance_89.tsv
925ae30773b5aea50119cb4c1b7160a3  /scratch/data/Kallisto/rna/bs_abundance_19.tsv
c085e31a46f0ca3928c57e37fb85e404  /scratch/data/Kallisto/rna/bs_abundance_96.tsv
311ff8c0a939ef85aa23a6617426b118  /scratch/data/Kallisto/rna/bs_abundance_75.tsv
a1ae4a7f1b4135cc0c7866ba04c4396d  /scratch/data/Kallisto/rna/bs_abundance_74.tsv
a06667ba3ab327e967e81dc4f20fb870  /scratch/data/Kallisto/rna/bs_abundance_33.tsv
0ed1f63f7bd2a8b36153a8e6b0966d28  /scratch/data/Kallisto/rna/abundance.tsv
d4a5e15c5a1a86712ec50d4040380796  /scratch/data/Kallisto/rna/bs_abundance_63.tsv
7100152b62f6140b3ffcc945864cdcb9  /scratch/data/Kallisto/rna/bs_abundance_84.tsv
89176717ef2aa653b04dc140e0d949d1  /scratch/data/Kallisto/rna/bs_abundance_68.tsv
d259f210291fcb9463e8d10a4dde8d41  /scratch/data/Kallisto/rna/bs_abundance_6.tsv
e1882ac69c64c71e175a8395525854f0  /scratch/data/Kallisto/rna/bs_abundance_30.tsv
33fb844e1bb0c5b391583fe5d6ea0f55  /scratch/data/Kallisto/rna/bs_abundance_67.tsv
628b0e6f92ff2ac96a3d1455c738e282  /scratch/data/Kallisto/rna/bs_abundance_37.tsv
326b40a2cd3075d714f4ec96cc5637e0  /scratch/data/Kallisto/rna/bs_abundance_64.tsv
186649f776f21b31b1f5bd022d25af09  /scratch/data/Kallisto/rna/bs_abundance_72.tsv
723ca2ced06284a64cfb7bad71263509  /scratch/data/Kallisto/rna/bs_abundance_35.tsv
3ace53148c45646d5f805184be0156ea  /scratch/data/Kallisto/rna/bs_abundance_17.tsv
807cdd2569c293e2508060bb1b1657b5  /scratch/data/Kallisto/rna/bs_abundance_78.tsv
3b3160b019811224ea0fd25f12044bb6  /scratch/data/Kallisto/rna/bs_abundance_98.tsv
a17bb16869e6d100cdfa1a31f59036af  /scratch/data/Kallisto/rna/bs_abundance_66.tsv
6739f123620bcba4d86fb4a0ca70dfbe  /scratch/data/Kallisto/rna/bs_abundance_59.tsv
f7e7bcbe60809d1077dfd7710f73c74d  /scratch/data/Kallisto/rna/bs_abundance_91.tsv
796d6dbc0b2a82803f4713a1a73ee2df  /scratch/data/Kallisto/rna/bs_abundance_43.tsv
3f98b28c27bff81b328f747d40de5ea2  /scratch/data/Kallisto/rna/bs_abundance_25.tsv
4031fbd35b559e7da94ed061a32cb871  /scratch/data/Kallisto/rna/bs_abundance_21.tsv
b8ab734320f7c425ba4de2b5cbf44e7f  /scratch/data/Kallisto/rna/bs_abundance_34.tsv
360968273f9eaa72321bf8236c4bb5f7  /scratch/data/Kallisto/rna/bs_abundance_60.tsv
f6dc32e048b74291281031335f797a95  /scratch/data/Kallisto/rna/bs_abundance_5.tsv
b64eb367a67b13da31ceb853c8c9db6f  /scratch/data/Kallisto/rna/bs_abundance_39.tsv
56b015637ec166013e3da9951a4e22a9  /scratch/data/Kallisto/rna/bs_abundance_26.tsv
ad7a568b99f8de0a2da0600424f1132f  /scratch/data/Kallisto/rna/bs_abundance_1.tsv
c416182de8a2ad0325633f9caaa964f3  /scratch/data/Kallisto/rna/bs_abundance_81.tsv
e824da27dab75bc9247b149ad65ae268  /scratch/data/Kallisto/rna/bs_abundance_2.tsv
a49df40f02e8e35d50e61955505b07d4  /scratch/data/Kallisto/rna/bs_abundance_23.tsv
03b72b213f84df01af970663ab83d162  /scratch/data/Kallisto/rna/bs_abundance_16.tsv
6c5992072b6f8817fa305ed3353c46d2  /scratch/data/Kallisto/rna/bs_abundance_18.tsv
3da8348e9d9340a70d1036ee92ef5d4d  /scratch/data/Kallisto/rna/bs_abundance_61.tsv
53fe7059d6056a26868d368c9a7c4958  /scratch/data/Kallisto/rna/bs_abundance_69.tsv
c2605de27faa7baa0ff9f1cfdafb3144  /scratch/data/Kallisto/rna/bs_abundance_93.tsv
cd8cbb37eb9df5630a52e7491fbcc2ee  /scratch/data/Kallisto/rna/bs_abundance_87.tsv
30ae4d6bbdea689bc1a226e52bf34adb  /scratch/data/Kallisto/rna/bs_abundance_56.tsv
4bfc56f63a021ce6fd81ef6c5dcae6cb  /scratch/data/Kallisto/rna/bs_abundance_88.tsv
34ab91470f6d52e500ffd7d9961f6469  /scratch/data/Kallisto/rna/bs_abundance_38.tsv
b9f614a0afe465c28727570315538eb9  /scratch/data/Kallisto/rna/bs_abundance_94.tsv
a7dd544cdd2bcc2011c3cb1b7e6697dd  /scratch/data/Kallisto/rna/bs_abundance_57.tsv
446edda92338653e2756d501a0a06a2c  /scratch/data/Kallisto/rna/bs_abundance_99.tsv
6f423b62286c0d400b6d2de50d950d4a  /scratch/data/Kallisto/rna/bs_abundance_10.tsv
6fa2209fa0ab6a58800cf1fd033ffe52  /scratch/data/Kallisto/rna/bs_abundance_3.tsv
acc15ad0297353f1f0351f2e8303c7c8  /scratch/data/Kallisto/rna/bs_abundance_22.tsv
835166c9c30346a010e340c1c3ea3d77  /scratch/data/Kallisto/rna/bs_abundance_97.tsv
28b320b658de9c0d2227a1f18f42554b  /scratch/data/Kallisto/rna/bs_abundance_54.tsv
cc1b96ce028e9e152a10ce3fb5f9136b  /scratch/data/Kallisto/rna/bs_abundance_40.tsv
90cd1f00cfe43c95a10807f6b5da8c59  /scratch/data/Kallisto/rna/bs_abundance_44.tsv
0f230a5b5d6bf79dc2863d0e464cf614  /scratch/data/Kallisto/rna/bs_abundance_79.tsv
2c2a00b5f6af43790453f84f56cda413  /scratch/data/Kallisto/rna/bs_abundance_76.tsv
6dfb3ab7d9e57f39a1c26de15c855fcd  /scratch/data/Kallisto/rna/bs_abundance_28.tsv
422187b24f0750a83ba5a38d2704f652  /scratch/data/Kallisto/rna/bs_abundance_29.tsv
7a9e7de9a31e8ed87c38bda74e27c9ea  /scratch/data/Kallisto/rna/bs_abundance_90.tsv
918dd0bbd48ee79f7a0730ba2ef34aa1  /scratch/data/Kallisto/rna/bs_abundance_41.tsv
79b9b876cfaeefd0b69f108822b36576  /scratch/data/Kallisto/rna/bs_abundance_9.tsv
270f35228384eddc98e44744b8b09d94  /scratch/data/Kallisto/rna/bs_abundance_52.tsv
1f657f1b7fdff1ea56b4035d348e1eee  /scratch/data/Kallisto/rna/bs_abundance_73.tsv
1c80c3629f159a5f25c1333abb69929c  /scratch/data/Kallisto/rna/bs_abundance_8.tsv
10f65508186869f80c1a0cbde6d28fff  /scratch/data/Kallisto/rna/bs_abundance_82.tsv
ef64c9542adab090a4c9f900408fd190  /scratch/data/Kallisto/rna/bs_abundance_15.tsv
ee52628ba57cf606f3eb30b2744da089  /scratch/data/Kallisto/rna/bs_abundance_20.tsv
cc34d609a39ee15c1f01181927a71d7e  /scratch/data/Kallisto/rna/bs_abundance_85.tsv
69ceb452b416ba849da41b3e584c40e5  /scratch/data/Kallisto/rna/bs_abundance_55.tsv
9eb3a51b83488268c357d8fb08d33df3  /scratch/data/Kallisto/rna/bs_abundance_46.tsv
e51a40e20b363075ca21a6250564652b  /scratch/data/Kallisto/rna/bs_abundance_36.tsv
ff95fe5bc6081f81419905427e11a098  /scratch/data/Kallisto/rna/bs_abundance_49.tsv
2d4b524afb24567d921af8a0e95f90c5  /scratch/data/Kallisto/rna/bs_abundance_50.tsv
5e1458f69008f1052a48b1d1693ace66  /scratch/data/Kallisto/rna/bs_abundance_62.tsv
f653161cdef8e240725338338a21494d  /scratch/data/Kallisto/rna/bs_abundance_47.tsv
dc026eb198a5ee8ff9ebb804d2f13143  /scratch/data/Kallisto/rna/bs_abundance_92.tsv
f3753aca935d874c7dd153c017c4e6d1  /scratch/data/Kallisto/rna/bs_abundance_65.tsv
f087d6bf20b262ba09be14dde81ede6e  /scratch/data/Kallisto/rna/bs_abundance_0.tsv
f62843d3be50e70f4ad1285c1732e15d  /scratch/data/Kallisto/rna/bs_abundance_58.tsv
eb03d60af55fd749697ac23cb8ab4409  /scratch/data/Kallisto/rna/bs_abundance_83.tsv
ace9250d1d81af9a3ba87516a1310518  /scratch/data/Kallisto/rna/bs_abundance_14.tsv
5d2f33473338615550ef0a265dbb6826  /scratch/data/Kallisto/rna/bs_abundance_71.tsv
9efe7c12a6486f36852cfa434d7636c0  /scratch/data/Kallisto/rna/run_info.json
f1f551c91406726af296b60a50a18122  /scratch/data/Kallisto/rna/bs_abundance_4.tsv
1a70dab1744a3fe322c6648b3d958f7c  /scratch/data/Kallisto/rna/bs_abundance_12.tsv
a4874513b3f328b0bb2c107939204ff1  /scratch/data/Kallisto/rna/bs_abundance_13.tsv
c1bab6219e1ca30e635c8da57ca537b0  /scratch/data/Kallisto/rna/bs_abundance_53.tsv
c641267cb3515f58fa2083d1c265a633  /scratch/data/Kallisto/rna/bs_abundance_11.tsv
4a47791069c6728b300f6ab752bc2a0e  /scratch/data/Kallisto/rna/bs_abundance_86.tsv
670437e7bc20c1eed506dd72b36a0cf2  /scratch/data/Kallisto/rna/bs_abundance_24.tsv
40ffde2136ff0bad7436c8c0b80f017a  /scratch/data/Kallisto/rna/bs_abundance_70.tsv
d2f5435a0a02b92beaf2378a2de3db03  /scratch/data/Bam/container.bam
d2dc8257ddac4ee2c66c07afc8878101  /scratch/data/Fastq/rna_1.fq.gz
aad702faa45163eedd13ab8bb44c3635  /scratch/data/Fastq/rna_2.fq.gz
4f84d3d2a88380a0280f343a6e34659e  /scratch/data/Fastq/dna_2.fq.gz
dd30a438785c9d4c4a1927b76d94e2db  /scratch/data/Fastq/GM12878_2x75_split.tgz
71d3f3c36bd3221dc4489d264ec0c8f9  /scratch/data/Fastq/dna_1.fq.gz
