5af39e216b7fe8959553818ed53dbba9  /scratch/data/RTG/container.HG002/index_files/rtg.css
a1756fd4fc5fa73f74437a11f5cb02d2  /scratch/data/RTG/container.HG002/index_files/Alignment-Score-Distribution-(Unmated-Only).png
d895aa5fb1f18640abb64f091709f0f3  /scratch/data/RTG/container.HG002/index_files/Mapping-Quality-(MAPQ)-Distribution.png
9d3273cf21e48fa5095c4a0991015198  /scratch/data/RTG/container.HG002/index_files/Alignment-Score-Distribution-(Mated-Only).png
15a1f3502f07d3d12b9979a171c70f8f  /scratch/data/RTG/container.HG002/index_files/Fragment-Length-Distribution.png
5f8da56f2cd3dea05e15be5d55fea548  /scratch/data/RTG/container.HG002/index_files/rtg_logo.png
f11d083e24ab8599406ce22bfb225890  /scratch/data/RTG/container.HG002/alignments.bam
5d35fd65297c522a4f90de1abe44c950  /scratch/data/RTG/container.HG002/alignments.bam.bai
31080c6c0aa097c8614aee99fcba494f  /scratch/data/RTG/container.HG002/progress
e8f9ecea5cb536c70a1f9cff71f18345  /scratch/data/RTG/container.HG002/rgstats.tsv
d2765a53325ee46a535425e446ec2b6d  /scratch/data/RTG/container.HG002/map.log
2a9b3768cd14c68d2b7ed426cac3b3db  /scratch/data/RTG/container.HG002/alignments.bam.calibration
24a7d09f9748fed67b9767fca056ecc0  /scratch/data/RTG/container.HG002/reportdata.tsv
7119f1b6eba73b50140ea0c14a63b57a  /scratch/data/RTG/container.HG002/done
6247f284fb582a8528eb8c35220c4e0e  /scratch/data/RTG/container.HG002/summary.txt
bf83b393c00ea3aa4b5d5b14a3162ead  /scratch/data/RTG/container.HG002/index.html
f682b3291dd57d1c92cfd58bf05db53f  /scratch/data/RTG/HG004.2.10M.fastq.gz
40e47a6000ec5e6bcf5612bb92801896  /scratch/data/RTG/HG003.2.10M.fastq.gz
8a005e032a55f9f963480df7709c73dc  /scratch/data/RTG/container.trio/snps.vcf.gz
5af39e216b7fe8959553818ed53dbba9  /scratch/data/RTG/container.trio/index_files/rtg.css
b99167b1a1f2f461a5b7a7c970749101  /scratch/data/RTG/container.trio/index_files/table.css
5f8da56f2cd3dea05e15be5d55fea548  /scratch/data/RTG/container.trio/index_files/rtg_logo.png
1dfc226dc6e77e4e4f8e00d7c29c241a  /scratch/data/RTG/container.trio/regions.bed.gz
191275fcf74b792b2cefe9ac767ecc44  /scratch/data/RTG/container.trio/family.log
8029b22d6df3dba0bacd01f9ed42abad  /scratch/data/RTG/container.trio/snps.vcf.gz.tbi
bd4f8b6e153a26541a70de74f53eba1e  /scratch/data/RTG/container.trio/progress
85bc5ae73467a858802aba720ea3a70b  /scratch/data/RTG/container.trio/regions.bed.gz.tbi
52b9bcacb45f516cc5e310d530750bb6  /scratch/data/RTG/container.trio/done
c511059d439fdeb27686797c1d90b9c9  /scratch/data/RTG/container.trio/summary.txt
0b511ad445dddd6dd03655696ca095c4  /scratch/data/RTG/container.trio/index.html
52807e0d569962033f8a87470e373c18  /scratch/data/RTG/HG004.1.10M.fastq.gz
5af39e216b7fe8959553818ed53dbba9  /scratch/data/RTG/container.HG004/index_files/rtg.css
5fc8a32c64432b6923287cf8dadd9d8d  /scratch/data/RTG/container.HG004/index_files/Alignment-Score-Distribution-(Unmated-Only).png
cc90abbe237aeffb12021c81f7c9ae15  /scratch/data/RTG/container.HG004/index_files/Mapping-Quality-(MAPQ)-Distribution.png
62480330b760d1a957dfa4297aae3aa7  /scratch/data/RTG/container.HG004/index_files/Alignment-Score-Distribution-(Mated-Only).png
8f26146a93b409ebf1a303ff13c26766  /scratch/data/RTG/container.HG004/index_files/Fragment-Length-Distribution.png
5f8da56f2cd3dea05e15be5d55fea548  /scratch/data/RTG/container.HG004/index_files/rtg_logo.png
93ffece1b4153693fab484ef94d2e177  /scratch/data/RTG/container.HG004/alignments.bam
7059b7d10955c73147140d8e5fd9edd1  /scratch/data/RTG/container.HG004/alignments.bam.bai
23eefe4852e01e4a6386e41e6ce73e1b  /scratch/data/RTG/container.HG004/progress
c287af3692b5c5bee7db8ce922aa67fe  /scratch/data/RTG/container.HG004/rgstats.tsv
f5b828b34f1402dfc3cf4d4777d25cad  /scratch/data/RTG/container.HG004/map.log
c67d5fb16d3ea6548696d1106751cb17  /scratch/data/RTG/container.HG004/alignments.bam.calibration
7860de7de6124e0e43d1c83de909aadf  /scratch/data/RTG/container.HG004/reportdata.tsv
33551d4888c8521beee74f68d15d6d1b  /scratch/data/RTG/container.HG004/done
206739a868e248274363bc8afe54ab26  /scratch/data/RTG/container.HG004/summary.txt
1785cd7246de30674454eb22a415c27e  /scratch/data/RTG/container.HG004/index.html
f63902aa224ba2ba4a4d860c099630f1  /scratch/data/RTG/HG002.1.10M.fastq.gz
5af39e216b7fe8959553818ed53dbba9  /scratch/data/RTG/container.HG003/index_files/rtg.css
3d584369b26d1d7d8b4ef1581e741bc1  /scratch/data/RTG/container.HG003/index_files/Alignment-Score-Distribution-(Unmated-Only).png
1cc5a2043e6b4bc5ebf86f4b44ad6521  /scratch/data/RTG/container.HG003/index_files/Mapping-Quality-(MAPQ)-Distribution.png
e1e3b86a8bc816e9aea7cb9327b76668  /scratch/data/RTG/container.HG003/index_files/Alignment-Score-Distribution-(Mated-Only).png
1bdffd1b3f442bd9b3169fd5e6b99df8  /scratch/data/RTG/container.HG003/index_files/Fragment-Length-Distribution.png
5f8da56f2cd3dea05e15be5d55fea548  /scratch/data/RTG/container.HG003/index_files/rtg_logo.png
8b22843748ffbdbef54474e44f1518bb  /scratch/data/RTG/container.HG003/alignments.bam
fa1e9a623ffb8ac43e68596e782eae64  /scratch/data/RTG/container.HG003/alignments.bam.bai
10c98b5ea6e36eb929f01e9c20464776  /scratch/data/RTG/container.HG003/progress
64c06c68f97aac19eb24bbb80fc0bce0  /scratch/data/RTG/container.HG003/rgstats.tsv
a752b656a2d3e44a69e4b37aeba90044  /scratch/data/RTG/container.HG003/map.log
eb59c741f401fe0288f81c3c307bd99a  /scratch/data/RTG/container.HG003/alignments.bam.calibration
d8a52e9555802612091634b183e8ced8  /scratch/data/RTG/container.HG003/reportdata.tsv
703088f864e7cb5b6b92af8ba55a8c5b  /scratch/data/RTG/container.HG003/done
94ef316c4fc8ac0dc67dbe6a061d62a2  /scratch/data/RTG/container.HG003/summary.txt
362f63c0e80b7276fc417ca415fe0b35  /scratch/data/RTG/container.HG003/index.html
80b1259ad361cec9500ec0795ab7400b  /scratch/data/RTG/HG002.2.10M.fastq.gz
3df1c251d6be508f28f76a562a393d4b  /scratch/data/RTG/HG003.1.10M.fastq.gz
8db7bf4b21f0e11eebb0dda6b1128b84  /scratch/data/Reference/Homo_sapiens.GRCh38.dna.primary_assembly.fa.bwt
358e44170f2729f732045ac3993362f8  /scratch/data/Reference/kallisto_index
30bda345ff201f40aff5af7f8c8552e9  /scratch/data/Reference/Homo_sapiens.GRCh38.dna.primary_assembly.fa.sa
ac8817dea26a91365a7c7531c60ccb63  /scratch/data/Reference/Homo_sapiens.GRCh38.dna.primary_assembly.fa.sdf/namedata0
a308f744d1f9511f1278d14ef08b0b73  /scratch/data/Reference/Homo_sapiens.GRCh38.dna.primary_assembly.fa.sdf/suffixIndex0
65419fe7c5af016746918bf5e2fdccca  /scratch/data/Reference/Homo_sapiens.GRCh38.dna.primary_assembly.fa.sdf/nameIndex0
549e15d4277b80bcb09139d0f1ea132f  /scratch/data/Reference/Homo_sapiens.GRCh38.dna.primary_assembly.fa.sdf/seqpointer0
8b940a7ac3e9c67072d66dd3d014f174  /scratch/data/Reference/Homo_sapiens.GRCh38.dna.primary_assembly.fa.sdf/suffixdata0
641a6056ffe7742a915acab0037cc1e5  /scratch/data/Reference/Homo_sapiens.GRCh38.dna.primary_assembly.fa.sdf/seqdata1
a48e0a1c2808083b2c0dff38a88fd9d0  /scratch/data/Reference/Homo_sapiens.GRCh38.dna.primary_assembly.fa.sdf/seqdata3
9ff7d6b00354474c31c7a63a360d0f6b  /scratch/data/Reference/Homo_sapiens.GRCh38.dna.primary_assembly.fa.sdf/format.log
b217aba6fe3ce611203a6c2248c34883  /scratch/data/Reference/Homo_sapiens.GRCh38.dna.primary_assembly.fa.sdf/seqpointer2
5e977412c38097b01b448292c8fcc48c  /scratch/data/Reference/Homo_sapiens.GRCh38.dna.primary_assembly.fa.sdf/sequenceIndex0
5d54e75006600e80574e05f2f0aa023f  /scratch/data/Reference/Homo_sapiens.GRCh38.dna.primary_assembly.fa.sdf/progress
87676759368f792ebbe8f82698c43d65  /scratch/data/Reference/Homo_sapiens.GRCh38.dna.primary_assembly.fa.sdf/seqpointer3
b4457c1c172f2de9c59e8d239e05c810  /scratch/data/Reference/Homo_sapiens.GRCh38.dna.primary_assembly.fa.sdf/seqdata2
43aff7e00d9a3f555ab10dae0e276b38  /scratch/data/Reference/Homo_sapiens.GRCh38.dna.primary_assembly.fa.sdf/suffixpointer0
3cde02f316e6a1a82c179466be9bb496  /scratch/data/Reference/Homo_sapiens.GRCh38.dna.primary_assembly.fa.sdf/seqdata0
a8eb0bed6f9529a940ac05eae457adc6  /scratch/data/Reference/Homo_sapiens.GRCh38.dna.primary_assembly.fa.sdf/namepointer0
0ff4d51064136196adbe5c8209bcf59c  /scratch/data/Reference/Homo_sapiens.GRCh38.dna.primary_assembly.fa.sdf/mainIndex
bb6eafae6a6d31b5893881be7eb2bd4d  /scratch/data/Reference/Homo_sapiens.GRCh38.dna.primary_assembly.fa.sdf/done
255eef0bc7d49d9dff437bb548a6cbe4  /scratch/data/Reference/Homo_sapiens.GRCh38.dna.primary_assembly.fa.sdf/seqpointer1
1624f407d49e3f0ac1b668a1269c54f7  /scratch/data/Reference/Homo_sapiens.GRCh38.dna.primary_assembly.fa.sdf/summary.txt
9e6b9465dc708d92bf6d67e9c9fa9389  /scratch/data/Reference/Homo_sapiens.GRCh38.dna.primary_assembly.fa
0c81559f3cc600af2e79ac7dfb5a30c7  /scratch/data/Reference/Homo_sapiens.GRCh38.dna.primary_assembly.fa.pac
6059c253ce2432bde7553846bfb4c18f  /scratch/data/Reference/Homo_sapiens.GRCh38.dna.primary_assembly.fa.ann
4a46c297bfc0b29cb2f7eefedc360556  /scratch/data/Reference/Homo_sapiens.GRCh38.dna.primary_assembly.fa.amb
d0c1782ecde72a7eb671336db7ff7733  /scratch/data/Reference/gencode.v25.transcripts.fa
3f09124104513f3cd1877427d971ddc2  /scratch/data/Kallisto/rna/bs_abundance_77.tsv
c5669206b7cc5c68ef53d4428648c05d  /scratch/data/Kallisto/rna/bs_abundance_7.tsv
9f76a1994c3c626656e184e9e6934c44  /scratch/data/Kallisto/rna/bs_abundance_27.tsv
3687b25503b900bd16525acd4b1155e9  /scratch/data/Kallisto/rna/bs_abundance_31.tsv
5427853ab83304eb467c077e62930160  /scratch/data/Kallisto/rna/bs_abundance_45.tsv
fa0f6627224351caedcd0d4cc1937fc3  /scratch/data/Kallisto/rna/bs_abundance_80.tsv
450e1ebbdff385d9cc2a65bc0394d0a6  /scratch/data/Kallisto/rna/bs_abundance_51.tsv
7f1a37881692ef7dc88a17164bb634f6  /scratch/data/Kallisto/rna/bs_abundance_32.tsv
d7450b7dac5be5ee1e6c0621f7ec750a  /scratch/data/Kallisto/rna/bs_abundance_95.tsv
4f5976dce28bf3d193ad1ab06de3389e  /scratch/data/Kallisto/rna/bs_abundance_48.tsv
f0d4e08339fb4a3876fa76f61fcbe767  /scratch/data/Kallisto/rna/bs_abundance_42.tsv
f63b4c88749de5c4ccc047b466f55556  /scratch/data/Kallisto/rna/bs_abundance_89.tsv
82e6554d71a4d06d47270217ba0173fe  /scratch/data/Kallisto/rna/bs_abundance_19.tsv
ae8adb22c6b71a6194c00c7945150df4  /scratch/data/Kallisto/rna/bs_abundance_96.tsv
a22d4a98a78ca8281a5f6f2b3a774820  /scratch/data/Kallisto/rna/bs_abundance_75.tsv
206e9c44de467b9eba9ddc71cca3388c  /scratch/data/Kallisto/rna/bs_abundance_74.tsv
4e906d4827ff65375614f692c5245d0c  /scratch/data/Kallisto/rna/bs_abundance_33.tsv
481f6eca85c2302f8899a71cc47776c6  /scratch/data/Kallisto/rna/abundance.tsv
814005d74249d4ef1ac4b75a9d26370b  /scratch/data/Kallisto/rna/bs_abundance_63.tsv
cfffd80d7f826cab9cf22d4a4ef866d2  /scratch/data/Kallisto/rna/bs_abundance_84.tsv
be961aaf6d7d8854413f4c8b6e1cb06c  /scratch/data/Kallisto/rna/bs_abundance_68.tsv
8e4996503b9fabc55d62b923824029e2  /scratch/data/Kallisto/rna/bs_abundance_6.tsv
6eb305dc4cdb7eaf6bcfbeb9a33abb04  /scratch/data/Kallisto/rna/bs_abundance_30.tsv
308fcd4282288dad8501b2177122fbf2  /scratch/data/Kallisto/rna/bs_abundance_67.tsv
a7c82a42c6409f1548e6deada504cf25  /scratch/data/Kallisto/rna/bs_abundance_37.tsv
22fa9854bbff9ec8dbca364f892901be  /scratch/data/Kallisto/rna/bs_abundance_64.tsv
53082c18f9debb3f3a4abd2a7f03840b  /scratch/data/Kallisto/rna/bs_abundance_72.tsv
7a441d453c1aa5a61235c3160d1ca6dc  /scratch/data/Kallisto/rna/bs_abundance_35.tsv
8b8b6d874ed0016e7ee39c0cc2766939  /scratch/data/Kallisto/rna/bs_abundance_17.tsv
37cd00d49c8bb0d3d71f7a5c1df8fde4  /scratch/data/Kallisto/rna/bs_abundance_78.tsv
4cdcd0f13bbff1332d52cc43f42d3213  /scratch/data/Kallisto/rna/bs_abundance_98.tsv
58b9d708f11e5a5cec4d9f2ac8e0904b  /scratch/data/Kallisto/rna/bs_abundance_66.tsv
7225b8c71e87d4dbba056b5f2b86f3c1  /scratch/data/Kallisto/rna/bs_abundance_59.tsv
0a37381e3ae71f71501e05798e9f05b1  /scratch/data/Kallisto/rna/bs_abundance_91.tsv
397d33f784d530b31a3706cbade052a9  /scratch/data/Kallisto/rna/bs_abundance_43.tsv
a5be7d1820818232e9ddbe1a7ca9e62b  /scratch/data/Kallisto/rna/bs_abundance_25.tsv
54ba3382ac9bc7b2aacf8160ecc4f405  /scratch/data/Kallisto/rna/bs_abundance_21.tsv
6ecde8a7314020e5d2f19a3326c5cf53  /scratch/data/Kallisto/rna/bs_abundance_34.tsv
3f5e3c04520aad92882d75be360f4a0d  /scratch/data/Kallisto/rna/bs_abundance_60.tsv
c3bda1bacf361ed93b421f7c1e453dbc  /scratch/data/Kallisto/rna/bs_abundance_5.tsv
35f41567bae59b82927701e4cff55456  /scratch/data/Kallisto/rna/bs_abundance_39.tsv
64899d58cf8fda30565871d250959ee3  /scratch/data/Kallisto/rna/bs_abundance_26.tsv
3b0ba59d452fd3dfa871784d8685339b  /scratch/data/Kallisto/rna/bs_abundance_1.tsv
25c294128b9956a02d5874cf8d78cb5e  /scratch/data/Kallisto/rna/bs_abundance_81.tsv
50633ae00d4c5eb153c4d62f336c5951  /scratch/data/Kallisto/rna/bs_abundance_2.tsv
e96cbc46adf01ddb6ce0cffe85bd4517  /scratch/data/Kallisto/rna/bs_abundance_23.tsv
2fe4d8baf4e61c60ddccce22c2519f01  /scratch/data/Kallisto/rna/bs_abundance_16.tsv
21b963171cf652c88d39bb4c3695757f  /scratch/data/Kallisto/rna/bs_abundance_18.tsv
f7587bc705ae759103b088672359baed  /scratch/data/Kallisto/rna/bs_abundance_61.tsv
997fe5c40e486ad3992704bfa66fa698  /scratch/data/Kallisto/rna/bs_abundance_69.tsv
1ea62486fd7effb516370a522818a22d  /scratch/data/Kallisto/rna/bs_abundance_93.tsv
161ef29efd49958b9f0f20f76361e7cf  /scratch/data/Kallisto/rna/bs_abundance_87.tsv
01586f2a8e9afedd347588fdc264b627  /scratch/data/Kallisto/rna/bs_abundance_56.tsv
922831ac980d2e0c9786676f8fc49a16  /scratch/data/Kallisto/rna/bs_abundance_88.tsv
6b872ed4983e886c99af24ec7bd4fae1  /scratch/data/Kallisto/rna/bs_abundance_38.tsv
56f4a846076862c7a19f3c9e41dc6b9c  /scratch/data/Kallisto/rna/bs_abundance_94.tsv
44fa0be96edea4500bd23ec5d997cc0b  /scratch/data/Kallisto/rna/bs_abundance_57.tsv
7ec127746c8732ea7c59bfb9bcc78083  /scratch/data/Kallisto/rna/bs_abundance_99.tsv
7a7e7ed35cc4e1ee54007d0cd51ede99  /scratch/data/Kallisto/rna/bs_abundance_10.tsv
4947a0b499f36808f94198f5793c170f  /scratch/data/Kallisto/rna/bs_abundance_3.tsv
5795e49805bbd049058138e1c5c85c09  /scratch/data/Kallisto/rna/bs_abundance_22.tsv
1675d7daaba48d361adea6c213bd53e4  /scratch/data/Kallisto/rna/bs_abundance_97.tsv
ff3a8328ab3b4177249ad0565f51afea  /scratch/data/Kallisto/rna/bs_abundance_54.tsv
07fc37bc6544217a039090fbbe8221e9  /scratch/data/Kallisto/rna/bs_abundance_40.tsv
08b1516c9c769b95c4de5761c966df19  /scratch/data/Kallisto/rna/bs_abundance_44.tsv
bed2dfd16cac7cce34961402f00cb0e4  /scratch/data/Kallisto/rna/bs_abundance_79.tsv
3743e16317d3b605650c1e51a3a52a6f  /scratch/data/Kallisto/rna/bs_abundance_76.tsv
54d27c03e83e9ecdaff7d2fef513fae6  /scratch/data/Kallisto/rna/bs_abundance_28.tsv
2ff72aff55f9ae1507fafc94cb8a2629  /scratch/data/Kallisto/rna/bs_abundance_29.tsv
7cc38f87f71605cb76228ec9e0781ac7  /scratch/data/Kallisto/rna/bs_abundance_90.tsv
9e73bc59528a1dfe20e4c53f12b7d0d9  /scratch/data/Kallisto/rna/bs_abundance_41.tsv
dd6726b46571301c159d2736c99910f6  /scratch/data/Kallisto/rna/bs_abundance_9.tsv
bdac9c4e11b23c0899d9fedfe996c00d  /scratch/data/Kallisto/rna/bs_abundance_52.tsv
5fb118acc71fd35951f4c8e3b74af1d0  /scratch/data/Kallisto/rna/bs_abundance_73.tsv
edcf4b8a0adbc67ec55d2e980923a530  /scratch/data/Kallisto/rna/bs_abundance_8.tsv
00982a1583a12c3af8175d316394c8ce  /scratch/data/Kallisto/rna/bs_abundance_82.tsv
bc4c52f4c0ba2e569da27620ba601884  /scratch/data/Kallisto/rna/bs_abundance_15.tsv
18c37640d65d12f75f22f5c54dd637e2  /scratch/data/Kallisto/rna/bs_abundance_20.tsv
4d2cd1cf9da69aaa0a2bf779764580dd  /scratch/data/Kallisto/rna/bs_abundance_85.tsv
04b1d35547cac5df3950c820347d2f35  /scratch/data/Kallisto/rna/bs_abundance_55.tsv
1b062a0f0b8d24ad0cc9da242074d60b  /scratch/data/Kallisto/rna/bs_abundance_46.tsv
0b84bcab4e808079e328ddcd02de9faf  /scratch/data/Kallisto/rna/bs_abundance_36.tsv
bbde435e991b194c5054228c28176cc5  /scratch/data/Kallisto/rna/bs_abundance_49.tsv
cea644576ee95508e7c73514ebca516b  /scratch/data/Kallisto/rna/bs_abundance_50.tsv
cf5fdee3246c9e28c5e22a7fa49dff1d  /scratch/data/Kallisto/rna/bs_abundance_62.tsv
2094080096f8f515fb6bc18e68945b38  /scratch/data/Kallisto/rna/bs_abundance_47.tsv
45c10409d065fc596aa8255166c107c4  /scratch/data/Kallisto/rna/bs_abundance_92.tsv
3585910e251f331e32ba9f5bee5f6197  /scratch/data/Kallisto/rna/bs_abundance_65.tsv
248e584f1fa8954b2b5063d68e8a4c5b  /scratch/data/Kallisto/rna/bs_abundance_0.tsv
3b88c06b63d0b0dcb72043b2ee0be797  /scratch/data/Kallisto/rna/bs_abundance_58.tsv
23ac7c9800ff9e51ff221c4570d96dbb  /scratch/data/Kallisto/rna/bs_abundance_83.tsv
a38d75e2e828f35007c82905af9498fd  /scratch/data/Kallisto/rna/bs_abundance_14.tsv
afb37886521b1768d203a2691e94f207  /scratch/data/Kallisto/rna/bs_abundance_71.tsv
dae518e4e27dc98b3d0e557692dc5d05  /scratch/data/Kallisto/rna/run_info.json
e8aa1f841eb0c36e5fafed295793fa34  /scratch/data/Kallisto/rna/bs_abundance_4.tsv
4abe2a59c06e871e76c5e22f58e9dc4e  /scratch/data/Kallisto/rna/bs_abundance_12.tsv
e202bcbd297526c20b21caa885abd3ce  /scratch/data/Kallisto/rna/bs_abundance_13.tsv
8c020b59f3d6e52cb92160061b7a8847  /scratch/data/Kallisto/rna/bs_abundance_53.tsv
66f854d8abbcb5fbb580f7017d462677  /scratch/data/Kallisto/rna/bs_abundance_11.tsv
8a5fad3ca75cd2e9f6af4a9f72b1f181  /scratch/data/Kallisto/rna/bs_abundance_86.tsv
6aecddbb913b3862c53cf105f18916f1  /scratch/data/Kallisto/rna/bs_abundance_24.tsv
9ce1679e9e84b6bbbcd4d0a2a15ea770  /scratch/data/Kallisto/rna/bs_abundance_70.tsv
d2f5435a0a02b92beaf2378a2de3db03  /scratch/data/Bam/container.bam
8b41b3f5f94ad02f456b1fa8247841d3  /scratch/data/Fastq/rna_1.fq.gz
81540492a82a08a26c26a09d777e1861  /scratch/data/Fastq/rna_2.fq.gz
701af3a07ebe1f3cd4248c1834dd60f9  /scratch/data/Fastq/dna_2.fq.gz
dd30a438785c9d4c4a1927b76d94e2db  /scratch/data/Fastq/GM12878_2x75_split.tgz
f159b82a952ed7fdc6bb0759ec349cb2  /scratch/data/Fastq/dna_1.fq.gz
