929ab8ce1a8052ffbd91bbdf13f8625d  /srv/gsfs0/scratch/cjprybol/data/Bam/container.bam
40e47a6000ec5e6bcf5612bb92801896  /srv/gsfs0/scratch/cjprybol/data/RTG/HG003.2.10M.fastq.gz
f682b3291dd57d1c92cfd58bf05db53f  /srv/gsfs0/scratch/cjprybol/data/RTG/HG004.2.10M.fastq.gz
80b1259ad361cec9500ec0795ab7400b  /srv/gsfs0/scratch/cjprybol/data/RTG/HG002.2.10M.fastq.gz
52807e0d569962033f8a87470e373c18  /srv/gsfs0/scratch/cjprybol/data/RTG/HG004.1.10M.fastq.gz
bf83b393c00ea3aa4b5d5b14a3162ead  /srv/gsfs0/scratch/cjprybol/data/RTG/container.HG002/index.html
43d55b78aa6320a96a715dfd554ea6e6  /srv/gsfs0/scratch/cjprybol/data/RTG/container.HG002/done
19b1e3a32c3a6c4a769fba0f4f73cfac  /srv/gsfs0/scratch/cjprybol/data/RTG/container.HG002/progress
f267d79d2ae996361f920407ab031c56  /srv/gsfs0/scratch/cjprybol/data/RTG/container.HG002/map.log
24a7d09f9748fed67b9767fca056ecc0  /srv/gsfs0/scratch/cjprybol/data/RTG/container.HG002/reportdata.tsv
9d3273cf21e48fa5095c4a0991015198  /srv/gsfs0/scratch/cjprybol/data/RTG/container.HG002/index_files/Alignment-Score-Distribution-(Mated-Only).png
5af39e216b7fe8959553818ed53dbba9  /srv/gsfs0/scratch/cjprybol/data/RTG/container.HG002/index_files/rtg.css
d895aa5fb1f18640abb64f091709f0f3  /srv/gsfs0/scratch/cjprybol/data/RTG/container.HG002/index_files/Mapping-Quality-(MAPQ)-Distribution.png
a1756fd4fc5fa73f74437a11f5cb02d2  /srv/gsfs0/scratch/cjprybol/data/RTG/container.HG002/index_files/Alignment-Score-Distribution-(Unmated-Only).png
5f8da56f2cd3dea05e15be5d55fea548  /srv/gsfs0/scratch/cjprybol/data/RTG/container.HG002/index_files/rtg_logo.png
15a1f3502f07d3d12b9979a171c70f8f  /srv/gsfs0/scratch/cjprybol/data/RTG/container.HG002/index_files/Fragment-Length-Distribution.png
2a9b3768cd14c68d2b7ed426cac3b3db  /srv/gsfs0/scratch/cjprybol/data/RTG/container.HG002/alignments.bam.calibration
6247f284fb582a8528eb8c35220c4e0e  /srv/gsfs0/scratch/cjprybol/data/RTG/container.HG002/summary.txt
e8f9ecea5cb536c70a1f9cff71f18345  /srv/gsfs0/scratch/cjprybol/data/RTG/container.HG002/rgstats.tsv
af50efbb4a3c79a899f7f02958ed9dd2  /srv/gsfs0/scratch/cjprybol/data/RTG/container.HG002/alignments.bam.bai
a617ab9ab0630996fce7b79d000a1033  /srv/gsfs0/scratch/cjprybol/data/RTG/container.HG002/alignments.bam
362f63c0e80b7276fc417ca415fe0b35  /srv/gsfs0/scratch/cjprybol/data/RTG/container.HG003/index.html
b94cc95dd86363defe8bbfdd2f3d635c  /srv/gsfs0/scratch/cjprybol/data/RTG/container.HG003/done
026386f774e9f9ea2b9756aae215c05a  /srv/gsfs0/scratch/cjprybol/data/RTG/container.HG003/progress
9aa1d462cb835477448a3a671627f766  /srv/gsfs0/scratch/cjprybol/data/RTG/container.HG003/map.log
d8a52e9555802612091634b183e8ced8  /srv/gsfs0/scratch/cjprybol/data/RTG/container.HG003/reportdata.tsv
e1e3b86a8bc816e9aea7cb9327b76668  /srv/gsfs0/scratch/cjprybol/data/RTG/container.HG003/index_files/Alignment-Score-Distribution-(Mated-Only).png
5af39e216b7fe8959553818ed53dbba9  /srv/gsfs0/scratch/cjprybol/data/RTG/container.HG003/index_files/rtg.css
1cc5a2043e6b4bc5ebf86f4b44ad6521  /srv/gsfs0/scratch/cjprybol/data/RTG/container.HG003/index_files/Mapping-Quality-(MAPQ)-Distribution.png
3d584369b26d1d7d8b4ef1581e741bc1  /srv/gsfs0/scratch/cjprybol/data/RTG/container.HG003/index_files/Alignment-Score-Distribution-(Unmated-Only).png
5f8da56f2cd3dea05e15be5d55fea548  /srv/gsfs0/scratch/cjprybol/data/RTG/container.HG003/index_files/rtg_logo.png
1bdffd1b3f442bd9b3169fd5e6b99df8  /srv/gsfs0/scratch/cjprybol/data/RTG/container.HG003/index_files/Fragment-Length-Distribution.png
eb59c741f401fe0288f81c3c307bd99a  /srv/gsfs0/scratch/cjprybol/data/RTG/container.HG003/alignments.bam.calibration
94ef316c4fc8ac0dc67dbe6a061d62a2  /srv/gsfs0/scratch/cjprybol/data/RTG/container.HG003/summary.txt
64c06c68f97aac19eb24bbb80fc0bce0  /srv/gsfs0/scratch/cjprybol/data/RTG/container.HG003/rgstats.tsv
dcbe6f4e9af45c9a85075aa60f902aec  /srv/gsfs0/scratch/cjprybol/data/RTG/container.HG003/alignments.bam.bai
4ff62016c38347d75b049ff2bfe7aa6e  /srv/gsfs0/scratch/cjprybol/data/RTG/container.HG003/alignments.bam
1785cd7246de30674454eb22a415c27e  /srv/gsfs0/scratch/cjprybol/data/RTG/container.HG004/index.html
ea62f4c6f365235f12a71a55a8c57ba0  /srv/gsfs0/scratch/cjprybol/data/RTG/container.HG004/done
00947d6198aee59c544d97a476bcc342  /srv/gsfs0/scratch/cjprybol/data/RTG/container.HG004/progress
3a1d2d129561541200c446511c8932df  /srv/gsfs0/scratch/cjprybol/data/RTG/container.HG004/map.log
7860de7de6124e0e43d1c83de909aadf  /srv/gsfs0/scratch/cjprybol/data/RTG/container.HG004/reportdata.tsv
62480330b760d1a957dfa4297aae3aa7  /srv/gsfs0/scratch/cjprybol/data/RTG/container.HG004/index_files/Alignment-Score-Distribution-(Mated-Only).png
5af39e216b7fe8959553818ed53dbba9  /srv/gsfs0/scratch/cjprybol/data/RTG/container.HG004/index_files/rtg.css
cc90abbe237aeffb12021c81f7c9ae15  /srv/gsfs0/scratch/cjprybol/data/RTG/container.HG004/index_files/Mapping-Quality-(MAPQ)-Distribution.png
5fc8a32c64432b6923287cf8dadd9d8d  /srv/gsfs0/scratch/cjprybol/data/RTG/container.HG004/index_files/Alignment-Score-Distribution-(Unmated-Only).png
5f8da56f2cd3dea05e15be5d55fea548  /srv/gsfs0/scratch/cjprybol/data/RTG/container.HG004/index_files/rtg_logo.png
8f26146a93b409ebf1a303ff13c26766  /srv/gsfs0/scratch/cjprybol/data/RTG/container.HG004/index_files/Fragment-Length-Distribution.png
c67d5fb16d3ea6548696d1106751cb17  /srv/gsfs0/scratch/cjprybol/data/RTG/container.HG004/alignments.bam.calibration
206739a868e248274363bc8afe54ab26  /srv/gsfs0/scratch/cjprybol/data/RTG/container.HG004/summary.txt
c287af3692b5c5bee7db8ce922aa67fe  /srv/gsfs0/scratch/cjprybol/data/RTG/container.HG004/rgstats.tsv
81b29d72861019994b03a36da3588271  /srv/gsfs0/scratch/cjprybol/data/RTG/container.HG004/alignments.bam.bai
7b874db65106445b419969982131332d  /srv/gsfs0/scratch/cjprybol/data/RTG/container.HG004/alignments.bam
3df1c251d6be508f28f76a562a393d4b  /srv/gsfs0/scratch/cjprybol/data/RTG/HG003.1.10M.fastq.gz
f63902aa224ba2ba4a4d860c099630f1  /srv/gsfs0/scratch/cjprybol/data/RTG/HG002.1.10M.fastq.gz
0b511ad445dddd6dd03655696ca095c4  /srv/gsfs0/scratch/cjprybol/data/RTG/container.trio/index.html
cbb12d4955e92ff65c09c5018e595b33  /srv/gsfs0/scratch/cjprybol/data/RTG/container.trio/done
acf5c5eb832c80ccc879730b05d5f5b2  /srv/gsfs0/scratch/cjprybol/data/RTG/container.trio/snps.vcf.gz
68c024b8af41901f49f2b50c1e8f1c91  /srv/gsfs0/scratch/cjprybol/data/RTG/container.trio/progress
85bc5ae73467a858802aba720ea3a70b  /srv/gsfs0/scratch/cjprybol/data/RTG/container.trio/regions.bed.gz.tbi
f264e52d5e28b8bdcfabb19f11e6141f  /srv/gsfs0/scratch/cjprybol/data/RTG/container.trio/snps.vcf.gz.tbi
b99167b1a1f2f461a5b7a7c970749101  /srv/gsfs0/scratch/cjprybol/data/RTG/container.trio/index_files/table.css
5af39e216b7fe8959553818ed53dbba9  /srv/gsfs0/scratch/cjprybol/data/RTG/container.trio/index_files/rtg.css
5f8da56f2cd3dea05e15be5d55fea548  /srv/gsfs0/scratch/cjprybol/data/RTG/container.trio/index_files/rtg_logo.png
c511059d439fdeb27686797c1d90b9c9  /srv/gsfs0/scratch/cjprybol/data/RTG/container.trio/summary.txt
1dfc226dc6e77e4e4f8e00d7c29c241a  /srv/gsfs0/scratch/cjprybol/data/RTG/container.trio/regions.bed.gz
6cec7be447e97faf49b73cf830d5d208  /srv/gsfs0/scratch/cjprybol/data/RTG/container.trio/family.log
a16bfab0f7ea38f883ee437535e52c72  /srv/gsfs0/scratch/cjprybol/data/analysis.img
57cf0821a825e4809c5162022a85873f  /srv/gsfs0/scratch/cjprybol/data/Kallisto/rna/bs_abundance_6.tsv
125d59a34f03a8ceb77582b4996c8b1c  /srv/gsfs0/scratch/cjprybol/data/Kallisto/rna/bs_abundance_94.tsv
2729e95d9ccfae4369d82067654c3d0f  /srv/gsfs0/scratch/cjprybol/data/Kallisto/rna/bs_abundance_66.tsv
f938bb325c77b694afa9e773bcfab9d5  /srv/gsfs0/scratch/cjprybol/data/Kallisto/rna/bs_abundance_39.tsv
432cd9037f5e74fafa4af421e8631980  /srv/gsfs0/scratch/cjprybol/data/Kallisto/rna/bs_abundance_63.tsv
7c7a1e6565afcc38fdec5947312314e9  /srv/gsfs0/scratch/cjprybol/data/Kallisto/rna/bs_abundance_73.tsv
9018ef9422949bfe2191bbd576044129  /srv/gsfs0/scratch/cjprybol/data/Kallisto/rna/bs_abundance_83.tsv
f0fd3a4c9d55b87b7d1e9bf9b66f36cb  /srv/gsfs0/scratch/cjprybol/data/Kallisto/rna/bs_abundance_31.tsv
a4bcd7f9516115dd4cfc7354dd2877b1  /srv/gsfs0/scratch/cjprybol/data/Kallisto/rna/bs_abundance_99.tsv
6bec26f842b4c637b660fa7eb921c447  /srv/gsfs0/scratch/cjprybol/data/Kallisto/rna/bs_abundance_16.tsv
c343a8a30c08b6d31db107afea5ed421  /srv/gsfs0/scratch/cjprybol/data/Kallisto/rna/bs_abundance_79.tsv
cb546ce95c0103a4d8485a857c57fad7  /srv/gsfs0/scratch/cjprybol/data/Kallisto/rna/bs_abundance_77.tsv
39e9d7b082f3db821d32c5272349b579  /srv/gsfs0/scratch/cjprybol/data/Kallisto/rna/bs_abundance_71.tsv
c38621a3ae3afb550ace441129fcba6c  /srv/gsfs0/scratch/cjprybol/data/Kallisto/rna/bs_abundance_58.tsv
a3c8c8558ff7480284f2b15b4a761082  /srv/gsfs0/scratch/cjprybol/data/Kallisto/rna/bs_abundance_50.tsv
c4e55d2b881fa319c13c8953d8f4c18d  /srv/gsfs0/scratch/cjprybol/data/Kallisto/rna/bs_abundance_46.tsv
b3a9cef8d2f9196a987cb596fc1fcafe  /srv/gsfs0/scratch/cjprybol/data/Kallisto/rna/bs_abundance_17.tsv
b79437749860fab372bd25442f7f4f47  /srv/gsfs0/scratch/cjprybol/data/Kallisto/rna/bs_abundance_98.tsv
dc1b5824e57bc3a17ff2cd1afe178e68  /srv/gsfs0/scratch/cjprybol/data/Kallisto/rna/bs_abundance_37.tsv
0233f856995f406946311e76f7f7f67b  /srv/gsfs0/scratch/cjprybol/data/Kallisto/rna/bs_abundance_14.tsv
7a8183e08756009cf109b20ffc723a01  /srv/gsfs0/scratch/cjprybol/data/Kallisto/rna/bs_abundance_36.tsv
8919b96aef4542fd7518b5667671254b  /srv/gsfs0/scratch/cjprybol/data/Kallisto/rna/bs_abundance_23.tsv
156db4cd387ac1df52165753c1721be3  /srv/gsfs0/scratch/cjprybol/data/Kallisto/rna/bs_abundance_65.tsv
5e04c68067cda2ade5957975aaf76eaa  /srv/gsfs0/scratch/cjprybol/data/Kallisto/rna/bs_abundance_35.tsv
3456c5ca199d9405b50ac3c4501d9c55  /srv/gsfs0/scratch/cjprybol/data/Kallisto/rna/bs_abundance_18.tsv
cb6bc3a46d95f2e4b98dedc0d89f19c0  /srv/gsfs0/scratch/cjprybol/data/Kallisto/rna/bs_abundance_15.tsv
5bd3021bfdbbb41180f50fc58d0b4f33  /srv/gsfs0/scratch/cjprybol/data/Kallisto/rna/bs_abundance_60.tsv
54f983b0f4a1a48022939ce650b68780  /srv/gsfs0/scratch/cjprybol/data/Kallisto/rna/bs_abundance_10.tsv
ea1a1f616a1d5643274d83e197fe5462  /srv/gsfs0/scratch/cjprybol/data/Kallisto/rna/bs_abundance_89.tsv
fdfd2a4f2b28023c24ab83dc7b57bc97  /srv/gsfs0/scratch/cjprybol/data/Kallisto/rna/bs_abundance_1.tsv
83ae64e8127fa64f861e942c94c9cc04  /srv/gsfs0/scratch/cjprybol/data/Kallisto/rna/bs_abundance_54.tsv
46a250a919b138c0e49bc1ee603e823e  /srv/gsfs0/scratch/cjprybol/data/Kallisto/rna/bs_abundance_29.tsv
4c069f1817fd0fe77428567829bb7221  /srv/gsfs0/scratch/cjprybol/data/Kallisto/rna/bs_abundance_32.tsv
5ba4c3d8666798d297c625c7eee9eb99  /srv/gsfs0/scratch/cjprybol/data/Kallisto/rna/bs_abundance_81.tsv
0f2357d7eaf3ccd452314b500cbc8527  /srv/gsfs0/scratch/cjprybol/data/Kallisto/rna/bs_abundance_88.tsv
8bf90325458b1d3250b58ca508f20a0d  /srv/gsfs0/scratch/cjprybol/data/Kallisto/rna/bs_abundance_68.tsv
dd5faa9c6828af779d1dc7c10a092d47  /srv/gsfs0/scratch/cjprybol/data/Kallisto/rna/bs_abundance_0.tsv
62406ffbfd946405e834da857d262cbf  /srv/gsfs0/scratch/cjprybol/data/Kallisto/rna/bs_abundance_52.tsv
50ca117911045e932933d77c26f97062  /srv/gsfs0/scratch/cjprybol/data/Kallisto/rna/abundance.tsv
fe4073893aee0f22f817122c4af8ade9  /srv/gsfs0/scratch/cjprybol/data/Kallisto/rna/bs_abundance_8.tsv
8c43918090ba8e8431cbf438cb31482f  /srv/gsfs0/scratch/cjprybol/data/Kallisto/rna/bs_abundance_67.tsv
de8aed3acb4424efbdcdccabe46a0640  /srv/gsfs0/scratch/cjprybol/data/Kallisto/rna/bs_abundance_78.tsv
2434c3be56479fbeb0d6866de3910ee1  /srv/gsfs0/scratch/cjprybol/data/Kallisto/rna/bs_abundance_61.tsv
77b2c82b403226ee87c1b7433a4f6c84  /srv/gsfs0/scratch/cjprybol/data/Kallisto/rna/bs_abundance_3.tsv
1f6143e5fe4e40dfbf6872670209dad5  /srv/gsfs0/scratch/cjprybol/data/Kallisto/rna/bs_abundance_43.tsv
80361f627c7be4aa7fb685c5f18506e8  /srv/gsfs0/scratch/cjprybol/data/Kallisto/rna/bs_abundance_40.tsv
0698bd1b7995b90dfe73bdbcad7ce12b  /srv/gsfs0/scratch/cjprybol/data/Kallisto/rna/bs_abundance_57.tsv
06fc47ad8b5ede1ecf45cf789f757c0c  /srv/gsfs0/scratch/cjprybol/data/Kallisto/rna/bs_abundance_5.tsv
882b52a889f9afbdd3f1c083b10a86f1  /srv/gsfs0/scratch/cjprybol/data/Kallisto/rna/bs_abundance_2.tsv
3d0bf5d942704ebf04fffd1351b60f7b  /srv/gsfs0/scratch/cjprybol/data/Kallisto/rna/bs_abundance_90.tsv
2ac7e69b5f80b286f895718584ed9a45  /srv/gsfs0/scratch/cjprybol/data/Kallisto/rna/bs_abundance_92.tsv
c0c97e48964c220141e09f573ccc44f5  /srv/gsfs0/scratch/cjprybol/data/Kallisto/rna/bs_abundance_69.tsv
afaf5888adcb3a8a076a94023d96a4e0  /srv/gsfs0/scratch/cjprybol/data/Kallisto/rna/bs_abundance_95.tsv
7e808154c594b90591ac8b974373c41a  /srv/gsfs0/scratch/cjprybol/data/Kallisto/rna/bs_abundance_34.tsv
013b2b2a4d1d8da0f28c73f866da0bce  /srv/gsfs0/scratch/cjprybol/data/Kallisto/rna/bs_abundance_55.tsv
3b23c412de992fd091c745e27568c5df  /srv/gsfs0/scratch/cjprybol/data/Kallisto/rna/bs_abundance_76.tsv
ee620f3de1a147c3ed3fe48daf7a80b5  /srv/gsfs0/scratch/cjprybol/data/Kallisto/rna/bs_abundance_75.tsv
833b15e248b377babaf58d7d8236d77c  /srv/gsfs0/scratch/cjprybol/data/Kallisto/rna/bs_abundance_49.tsv
438453cf0c50ff5f876ecb319996fcaa  /srv/gsfs0/scratch/cjprybol/data/Kallisto/rna/bs_abundance_44.tsv
8e20801452ff59b4a92b1fb59520f164  /srv/gsfs0/scratch/cjprybol/data/Kallisto/rna/bs_abundance_19.tsv
291feafb09026581599c1a33d0ab8fa7  /srv/gsfs0/scratch/cjprybol/data/Kallisto/rna/bs_abundance_64.tsv
ed83acb0b0c23597edaf34abbea8e259  /srv/gsfs0/scratch/cjprybol/data/Kallisto/rna/bs_abundance_48.tsv
af92d9c2fd7a9a8e7959ff7a1e1b4a5d  /srv/gsfs0/scratch/cjprybol/data/Kallisto/rna/bs_abundance_33.tsv
c82d1587b955886075a5a8ce4915d0f4  /srv/gsfs0/scratch/cjprybol/data/Kallisto/rna/bs_abundance_30.tsv
dd1ccee81bf79c2d2707ab3577cb4aba  /srv/gsfs0/scratch/cjprybol/data/Kallisto/rna/bs_abundance_93.tsv
6a5165ccc4811f7f011f8242dfaa02bc  /srv/gsfs0/scratch/cjprybol/data/Kallisto/rna/bs_abundance_9.tsv
ff30d67e40ee1147d0b4d68455233970  /srv/gsfs0/scratch/cjprybol/data/Kallisto/rna/bs_abundance_28.tsv
c50ccf146d9e0d24a1ba725afedf1355  /srv/gsfs0/scratch/cjprybol/data/Kallisto/rna/bs_abundance_38.tsv
91ad31b0621c07c36df90c30fe0d9616  /srv/gsfs0/scratch/cjprybol/data/Kallisto/rna/bs_abundance_82.tsv
8826159fd42d26a1904bc6bccd218d56  /srv/gsfs0/scratch/cjprybol/data/Kallisto/rna/bs_abundance_42.tsv
90a018b8e6f9af84c1d80966da3986e1  /srv/gsfs0/scratch/cjprybol/data/Kallisto/rna/bs_abundance_4.tsv
4843ed3a1e55b38e3758f3af664eb1c8  /srv/gsfs0/scratch/cjprybol/data/Kallisto/rna/bs_abundance_47.tsv
f56a3598dc4f38214b277f019a8ee4e2  /srv/gsfs0/scratch/cjprybol/data/Kallisto/rna/bs_abundance_91.tsv
faab1c34ad03302329b319f443e8aeac  /srv/gsfs0/scratch/cjprybol/data/Kallisto/rna/bs_abundance_13.tsv
79f57a7614681f06b4e3e14f1e732178  /srv/gsfs0/scratch/cjprybol/data/Kallisto/rna/bs_abundance_80.tsv
47642a991d5e7d7dfbb8be23fc842a16  /srv/gsfs0/scratch/cjprybol/data/Kallisto/rna/bs_abundance_74.tsv
1367d711649b9d7df7c33e69843f5bd4  /srv/gsfs0/scratch/cjprybol/data/Kallisto/rna/bs_abundance_97.tsv
c08c45db2891dd87441b45b164714220  /srv/gsfs0/scratch/cjprybol/data/Kallisto/rna/bs_abundance_51.tsv
7365c8c2e2656ee49d742b3de5acc8fd  /srv/gsfs0/scratch/cjprybol/data/Kallisto/rna/bs_abundance_45.tsv
eaf4e2ce569ea475907bd21092e99924  /srv/gsfs0/scratch/cjprybol/data/Kallisto/rna/bs_abundance_96.tsv
523188a78e795473e35b061d042e25b8  /srv/gsfs0/scratch/cjprybol/data/Kallisto/rna/bs_abundance_62.tsv
bcfc17e48d26084abf1f8f9461990919  /srv/gsfs0/scratch/cjprybol/data/Kallisto/rna/bs_abundance_59.tsv
96a25c0e71b33c7427d9d1a1776256cc  /srv/gsfs0/scratch/cjprybol/data/Kallisto/rna/bs_abundance_53.tsv
20077031306f368e73aa0e9a77d07a5a  /srv/gsfs0/scratch/cjprybol/data/Kallisto/rna/bs_abundance_70.tsv
2e4451570fb1eb41dc9bdc1635d0c83d  /srv/gsfs0/scratch/cjprybol/data/Kallisto/rna/bs_abundance_26.tsv
8c6c0af6f812007eee4c7e78e1086626  /srv/gsfs0/scratch/cjprybol/data/Kallisto/rna/bs_abundance_12.tsv
d5faa08d48454f961dd90b71e8c07c84  /srv/gsfs0/scratch/cjprybol/data/Kallisto/rna/run_info.json
e1b79f5c161a691d37c76c9c723a9df6  /srv/gsfs0/scratch/cjprybol/data/Kallisto/rna/bs_abundance_72.tsv
53ed893512b757a1072083e408b2e0c3  /srv/gsfs0/scratch/cjprybol/data/Kallisto/rna/bs_abundance_56.tsv
76cf0fdffec44a77f3b35a477c7fa2f3  /srv/gsfs0/scratch/cjprybol/data/Kallisto/rna/bs_abundance_87.tsv
c29bed6717f423648a0374f5baa553f3  /srv/gsfs0/scratch/cjprybol/data/Kallisto/rna/bs_abundance_21.tsv
e5fb1ee9b3e53066672e0410c758ced9  /srv/gsfs0/scratch/cjprybol/data/Kallisto/rna/bs_abundance_41.tsv
a35b806a32d5350bbbc3035c4c439fe3  /srv/gsfs0/scratch/cjprybol/data/Kallisto/rna/bs_abundance_7.tsv
797a64d17a49c311aa1b3428dace9130  /srv/gsfs0/scratch/cjprybol/data/Kallisto/rna/bs_abundance_86.tsv
c774ad6d20a4939ab1873d800dfbcfac  /srv/gsfs0/scratch/cjprybol/data/Kallisto/rna/bs_abundance_11.tsv
0eee71c2c18dea00bab94d43b10760c0  /srv/gsfs0/scratch/cjprybol/data/Kallisto/rna/bs_abundance_85.tsv
8685a8dc95c4bf21a178d64bd7aa27c9  /srv/gsfs0/scratch/cjprybol/data/Kallisto/rna/bs_abundance_22.tsv
25177452fa8018151488bbfcb5990016  /srv/gsfs0/scratch/cjprybol/data/Kallisto/rna/bs_abundance_25.tsv
1e60203dae7b297fb4bd0fef93880e71  /srv/gsfs0/scratch/cjprybol/data/Kallisto/rna/bs_abundance_20.tsv
1f3f5f9dd597190fa2099b95577e0b7b  /srv/gsfs0/scratch/cjprybol/data/Kallisto/rna/bs_abundance_27.tsv
7e329b520c8c5b7ff6f2917fd5d81903  /srv/gsfs0/scratch/cjprybol/data/Kallisto/rna/bs_abundance_24.tsv
e70136b69859f4c509b5c02fd0d95102  /srv/gsfs0/scratch/cjprybol/data/Kallisto/rna/bs_abundance_84.tsv
dd30a438785c9d4c4a1927b76d94e2db  /srv/gsfs0/scratch/cjprybol/data/Fastq/GM12878_2x75_split.tgz
5f934f1a7ed382539589ffe5bac0037e  /srv/gsfs0/scratch/cjprybol/data/Fastq/rna_2.fq.gz
bb5053e35270016b869a6b30bf29f843  /srv/gsfs0/scratch/cjprybol/data/Fastq/dna_1.fq.gz
844ecf0a74cf9e1d5df92f26c1434a73  /srv/gsfs0/scratch/cjprybol/data/Fastq/dna_2.fq.gz
69964b7ed09b83f1b3cf5eeac9ca8088  /srv/gsfs0/scratch/cjprybol/data/Fastq/rna_1.fq.gz
4a46c297bfc0b29cb2f7eefedc360556  /srv/gsfs0/scratch/cjprybol/data/Reference/Homo_sapiens.GRCh38.dna.primary_assembly.fa.amb
6059c253ce2432bde7553846bfb4c18f  /srv/gsfs0/scratch/cjprybol/data/Reference/Homo_sapiens.GRCh38.dna.primary_assembly.fa.ann
30bda345ff201f40aff5af7f8c8552e9  /srv/gsfs0/scratch/cjprybol/data/Reference/Homo_sapiens.GRCh38.dna.primary_assembly.fa.sa
8db7bf4b21f0e11eebb0dda6b1128b84  /srv/gsfs0/scratch/cjprybol/data/Reference/Homo_sapiens.GRCh38.dna.primary_assembly.fa.bwt
d0c1782ecde72a7eb671336db7ff7733  /srv/gsfs0/scratch/cjprybol/data/Reference/gencode.v25.transcripts.fa
0c81559f3cc600af2e79ac7dfb5a30c7  /srv/gsfs0/scratch/cjprybol/data/Reference/Homo_sapiens.GRCh38.dna.primary_assembly.fa.pac
9e6b9465dc708d92bf6d67e9c9fa9389  /srv/gsfs0/scratch/cjprybol/data/Reference/Homo_sapiens.GRCh38.dna.primary_assembly.fa
358e44170f2729f732045ac3993362f8  /srv/gsfs0/scratch/cjprybol/data/Reference/kallisto_index
a873fca6e8f30f00591450d2ee480f9a  /srv/gsfs0/scratch/cjprybol/data/Reference/Homo_sapiens.GRCh38.dna.primary_assembly.fa.sdf/done
58020dc7d7c6d0362236b57f071683b2  /srv/gsfs0/scratch/cjprybol/data/Reference/Homo_sapiens.GRCh38.dna.primary_assembly.fa.sdf/progress
549e15d4277b80bcb09139d0f1ea132f  /srv/gsfs0/scratch/cjprybol/data/Reference/Homo_sapiens.GRCh38.dna.primary_assembly.fa.sdf/seqpointer0
255eef0bc7d49d9dff437bb548a6cbe4  /srv/gsfs0/scratch/cjprybol/data/Reference/Homo_sapiens.GRCh38.dna.primary_assembly.fa.sdf/seqpointer1
b217aba6fe3ce611203a6c2248c34883  /srv/gsfs0/scratch/cjprybol/data/Reference/Homo_sapiens.GRCh38.dna.primary_assembly.fa.sdf/seqpointer2
a8eb0bed6f9529a940ac05eae457adc6  /srv/gsfs0/scratch/cjprybol/data/Reference/Homo_sapiens.GRCh38.dna.primary_assembly.fa.sdf/namepointer0
641a6056ffe7742a915acab0037cc1e5  /srv/gsfs0/scratch/cjprybol/data/Reference/Homo_sapiens.GRCh38.dna.primary_assembly.fa.sdf/seqdata1
8b81594dc73e139b9335860d8e6b6e26  /srv/gsfs0/scratch/cjprybol/data/Reference/Homo_sapiens.GRCh38.dna.primary_assembly.fa.sdf/mainIndex
65419fe7c5af016746918bf5e2fdccca  /srv/gsfs0/scratch/cjprybol/data/Reference/Homo_sapiens.GRCh38.dna.primary_assembly.fa.sdf/nameIndex0
a308f744d1f9511f1278d14ef08b0b73  /srv/gsfs0/scratch/cjprybol/data/Reference/Homo_sapiens.GRCh38.dna.primary_assembly.fa.sdf/suffixIndex0
b4457c1c172f2de9c59e8d239e05c810  /srv/gsfs0/scratch/cjprybol/data/Reference/Homo_sapiens.GRCh38.dna.primary_assembly.fa.sdf/seqdata2
43aff7e00d9a3f555ab10dae0e276b38  /srv/gsfs0/scratch/cjprybol/data/Reference/Homo_sapiens.GRCh38.dna.primary_assembly.fa.sdf/suffixpointer0
cfcd75b0d87a4dfce2dbcaf7e5e4bc74  /srv/gsfs0/scratch/cjprybol/data/Reference/Homo_sapiens.GRCh38.dna.primary_assembly.fa.sdf/summary.txt
ac8817dea26a91365a7c7531c60ccb63  /srv/gsfs0/scratch/cjprybol/data/Reference/Homo_sapiens.GRCh38.dna.primary_assembly.fa.sdf/namedata0
87676759368f792ebbe8f82698c43d65  /srv/gsfs0/scratch/cjprybol/data/Reference/Homo_sapiens.GRCh38.dna.primary_assembly.fa.sdf/seqpointer3
3cde02f316e6a1a82c179466be9bb496  /srv/gsfs0/scratch/cjprybol/data/Reference/Homo_sapiens.GRCh38.dna.primary_assembly.fa.sdf/seqdata0
5e977412c38097b01b448292c8fcc48c  /srv/gsfs0/scratch/cjprybol/data/Reference/Homo_sapiens.GRCh38.dna.primary_assembly.fa.sdf/sequenceIndex0
a48e0a1c2808083b2c0dff38a88fd9d0  /srv/gsfs0/scratch/cjprybol/data/Reference/Homo_sapiens.GRCh38.dna.primary_assembly.fa.sdf/seqdata3
8b940a7ac3e9c67072d66dd3d014f174  /srv/gsfs0/scratch/cjprybol/data/Reference/Homo_sapiens.GRCh38.dna.primary_assembly.fa.sdf/suffixdata0
12359c2aee8dffa9ffd9f5934b1ce2bf  /srv/gsfs0/scratch/cjprybol/data/Reference/Homo_sapiens.GRCh38.dna.primary_assembly.fa.sdf/format.log
