929ab8ce1a8052ffbd91bbdf13f8625d  /srv/gsfs0/scratch/cjprybol/data/Bam/container.bam
40e47a6000ec5e6bcf5612bb92801896  /srv/gsfs0/scratch/cjprybol/data/RTG/HG003.2.10M.fastq.gz
f682b3291dd57d1c92cfd58bf05db53f  /srv/gsfs0/scratch/cjprybol/data/RTG/HG004.2.10M.fastq.gz
80b1259ad361cec9500ec0795ab7400b  /srv/gsfs0/scratch/cjprybol/data/RTG/HG002.2.10M.fastq.gz
52807e0d569962033f8a87470e373c18  /srv/gsfs0/scratch/cjprybol/data/RTG/HG004.1.10M.fastq.gz
bf83b393c00ea3aa4b5d5b14a3162ead  /srv/gsfs0/scratch/cjprybol/data/RTG/container.HG002/index.html
9a22f5c52e35263ffed1a9a358ccbf26  /srv/gsfs0/scratch/cjprybol/data/RTG/container.HG002/done
5e3d719c6b60c1519d6caee0d8b8202d  /srv/gsfs0/scratch/cjprybol/data/RTG/container.HG002/progress
fdd53108a90f1c49b7175b15b3032175  /srv/gsfs0/scratch/cjprybol/data/RTG/container.HG002/map.log
24a7d09f9748fed67b9767fca056ecc0  /srv/gsfs0/scratch/cjprybol/data/RTG/container.HG002/reportdata.tsv
9d3273cf21e48fa5095c4a0991015198  /srv/gsfs0/scratch/cjprybol/data/RTG/container.HG002/index_files/Alignment-Score-Distribution-(Mated-Only).png
5af39e216b7fe8959553818ed53dbba9  /srv/gsfs0/scratch/cjprybol/data/RTG/container.HG002/index_files/rtg.css
d895aa5fb1f18640abb64f091709f0f3  /srv/gsfs0/scratch/cjprybol/data/RTG/container.HG002/index_files/Mapping-Quality-(MAPQ)-Distribution.png
a1756fd4fc5fa73f74437a11f5cb02d2  /srv/gsfs0/scratch/cjprybol/data/RTG/container.HG002/index_files/Alignment-Score-Distribution-(Unmated-Only).png
5f8da56f2cd3dea05e15be5d55fea548  /srv/gsfs0/scratch/cjprybol/data/RTG/container.HG002/index_files/rtg_logo.png
15a1f3502f07d3d12b9979a171c70f8f  /srv/gsfs0/scratch/cjprybol/data/RTG/container.HG002/index_files/Fragment-Length-Distribution.png
2a9b3768cd14c68d2b7ed426cac3b3db  /srv/gsfs0/scratch/cjprybol/data/RTG/container.HG002/alignments.bam.calibration
6247f284fb582a8528eb8c35220c4e0e  /srv/gsfs0/scratch/cjprybol/data/RTG/container.HG002/summary.txt
e8f9ecea5cb536c70a1f9cff71f18345  /srv/gsfs0/scratch/cjprybol/data/RTG/container.HG002/rgstats.tsv
00278ae7c0590bae04fc2b28dbd36b52  /srv/gsfs0/scratch/cjprybol/data/RTG/container.HG002/alignments.bam.bai
5d7daf407fb951ce2d5dc6b89768f9fe  /srv/gsfs0/scratch/cjprybol/data/RTG/container.HG002/alignments.bam
362f63c0e80b7276fc417ca415fe0b35  /srv/gsfs0/scratch/cjprybol/data/RTG/container.HG003/index.html
b6e7909f264071323e00d394fb000ac4  /srv/gsfs0/scratch/cjprybol/data/RTG/container.HG003/done
4f1a2c3fee6c9d7776013b73f99d1519  /srv/gsfs0/scratch/cjprybol/data/RTG/container.HG003/progress
ced0ea06d8b221c2de7053a4f23f15d0  /srv/gsfs0/scratch/cjprybol/data/RTG/container.HG003/map.log
d8a52e9555802612091634b183e8ced8  /srv/gsfs0/scratch/cjprybol/data/RTG/container.HG003/reportdata.tsv
e1e3b86a8bc816e9aea7cb9327b76668  /srv/gsfs0/scratch/cjprybol/data/RTG/container.HG003/index_files/Alignment-Score-Distribution-(Mated-Only).png
5af39e216b7fe8959553818ed53dbba9  /srv/gsfs0/scratch/cjprybol/data/RTG/container.HG003/index_files/rtg.css
1cc5a2043e6b4bc5ebf86f4b44ad6521  /srv/gsfs0/scratch/cjprybol/data/RTG/container.HG003/index_files/Mapping-Quality-(MAPQ)-Distribution.png
3d584369b26d1d7d8b4ef1581e741bc1  /srv/gsfs0/scratch/cjprybol/data/RTG/container.HG003/index_files/Alignment-Score-Distribution-(Unmated-Only).png
5f8da56f2cd3dea05e15be5d55fea548  /srv/gsfs0/scratch/cjprybol/data/RTG/container.HG003/index_files/rtg_logo.png
1bdffd1b3f442bd9b3169fd5e6b99df8  /srv/gsfs0/scratch/cjprybol/data/RTG/container.HG003/index_files/Fragment-Length-Distribution.png
eb59c741f401fe0288f81c3c307bd99a  /srv/gsfs0/scratch/cjprybol/data/RTG/container.HG003/alignments.bam.calibration
94ef316c4fc8ac0dc67dbe6a061d62a2  /srv/gsfs0/scratch/cjprybol/data/RTG/container.HG003/summary.txt
64c06c68f97aac19eb24bbb80fc0bce0  /srv/gsfs0/scratch/cjprybol/data/RTG/container.HG003/rgstats.tsv
267a339f5b98ba44f2228a515f3ea0a4  /srv/gsfs0/scratch/cjprybol/data/RTG/container.HG003/alignments.bam.bai
931849c6b90c083f8faea1f8538d7af8  /srv/gsfs0/scratch/cjprybol/data/RTG/container.HG003/alignments.bam
1785cd7246de30674454eb22a415c27e  /srv/gsfs0/scratch/cjprybol/data/RTG/container.HG004/index.html
6ed76f941b46df3c3b10bb2f205ac1e9  /srv/gsfs0/scratch/cjprybol/data/RTG/container.HG004/done
b9e94354d49534ce076cc41029017b61  /srv/gsfs0/scratch/cjprybol/data/RTG/container.HG004/progress
35addd5a1614f27f786fa0985abc39bb  /srv/gsfs0/scratch/cjprybol/data/RTG/container.HG004/map.log
7860de7de6124e0e43d1c83de909aadf  /srv/gsfs0/scratch/cjprybol/data/RTG/container.HG004/reportdata.tsv
62480330b760d1a957dfa4297aae3aa7  /srv/gsfs0/scratch/cjprybol/data/RTG/container.HG004/index_files/Alignment-Score-Distribution-(Mated-Only).png
5af39e216b7fe8959553818ed53dbba9  /srv/gsfs0/scratch/cjprybol/data/RTG/container.HG004/index_files/rtg.css
cc90abbe237aeffb12021c81f7c9ae15  /srv/gsfs0/scratch/cjprybol/data/RTG/container.HG004/index_files/Mapping-Quality-(MAPQ)-Distribution.png
5fc8a32c64432b6923287cf8dadd9d8d  /srv/gsfs0/scratch/cjprybol/data/RTG/container.HG004/index_files/Alignment-Score-Distribution-(Unmated-Only).png
5f8da56f2cd3dea05e15be5d55fea548  /srv/gsfs0/scratch/cjprybol/data/RTG/container.HG004/index_files/rtg_logo.png
8f26146a93b409ebf1a303ff13c26766  /srv/gsfs0/scratch/cjprybol/data/RTG/container.HG004/index_files/Fragment-Length-Distribution.png
c67d5fb16d3ea6548696d1106751cb17  /srv/gsfs0/scratch/cjprybol/data/RTG/container.HG004/alignments.bam.calibration
206739a868e248274363bc8afe54ab26  /srv/gsfs0/scratch/cjprybol/data/RTG/container.HG004/summary.txt
c287af3692b5c5bee7db8ce922aa67fe  /srv/gsfs0/scratch/cjprybol/data/RTG/container.HG004/rgstats.tsv
99dfc4aaf3e2045bbb6431e204f5fc93  /srv/gsfs0/scratch/cjprybol/data/RTG/container.HG004/alignments.bam.bai
a061140cbbaf2591643393d7b5043936  /srv/gsfs0/scratch/cjprybol/data/RTG/container.HG004/alignments.bam
3df1c251d6be508f28f76a562a393d4b  /srv/gsfs0/scratch/cjprybol/data/RTG/HG003.1.10M.fastq.gz
f63902aa224ba2ba4a4d860c099630f1  /srv/gsfs0/scratch/cjprybol/data/RTG/HG002.1.10M.fastq.gz
0b511ad445dddd6dd03655696ca095c4  /srv/gsfs0/scratch/cjprybol/data/RTG/container.trio/index.html
1ad9937c60991f225c235c64f9770a0f  /srv/gsfs0/scratch/cjprybol/data/RTG/container.trio/done
1bd8657b7f4c2f130e7a2403a0acc117  /srv/gsfs0/scratch/cjprybol/data/RTG/container.trio/snps.vcf.gz
1a77500459bc10e4cf3826f8e5b7328d  /srv/gsfs0/scratch/cjprybol/data/RTG/container.trio/progress
85bc5ae73467a858802aba720ea3a70b  /srv/gsfs0/scratch/cjprybol/data/RTG/container.trio/regions.bed.gz.tbi
724d3a1cb9ac60693a0b09a2cd521787  /srv/gsfs0/scratch/cjprybol/data/RTG/container.trio/snps.vcf.gz.tbi
b99167b1a1f2f461a5b7a7c970749101  /srv/gsfs0/scratch/cjprybol/data/RTG/container.trio/index_files/table.css
5af39e216b7fe8959553818ed53dbba9  /srv/gsfs0/scratch/cjprybol/data/RTG/container.trio/index_files/rtg.css
5f8da56f2cd3dea05e15be5d55fea548  /srv/gsfs0/scratch/cjprybol/data/RTG/container.trio/index_files/rtg_logo.png
c511059d439fdeb27686797c1d90b9c9  /srv/gsfs0/scratch/cjprybol/data/RTG/container.trio/summary.txt
1dfc226dc6e77e4e4f8e00d7c29c241a  /srv/gsfs0/scratch/cjprybol/data/RTG/container.trio/regions.bed.gz
32baf7f83b15ebad90c2aef5f4b9fa7d  /srv/gsfs0/scratch/cjprybol/data/RTG/container.trio/family.log
a16bfab0f7ea38f883ee437535e52c72  /srv/gsfs0/scratch/cjprybol/data/analysis.img
17264506e20196b483987931de446d6e  /srv/gsfs0/scratch/cjprybol/data/Kallisto/rna/bs_abundance_6.tsv
daeafe761a2959d6e01af777a18c971f  /srv/gsfs0/scratch/cjprybol/data/Kallisto/rna/bs_abundance_94.tsv
f88485de02a8f2417493847262ef8c36  /srv/gsfs0/scratch/cjprybol/data/Kallisto/rna/bs_abundance_66.tsv
65a9b88c41847cae3e60d90c127ff1e5  /srv/gsfs0/scratch/cjprybol/data/Kallisto/rna/bs_abundance_39.tsv
8382054874c0ed92ecf2b8c61e60f23c  /srv/gsfs0/scratch/cjprybol/data/Kallisto/rna/bs_abundance_63.tsv
3623b986f77ca73955b1547bfe5e50ae  /srv/gsfs0/scratch/cjprybol/data/Kallisto/rna/bs_abundance_73.tsv
cbb850b8f32a81bd291c8eaf4e992737  /srv/gsfs0/scratch/cjprybol/data/Kallisto/rna/bs_abundance_83.tsv
22f8b4d07b0ca868afc1b4aece8bb8f7  /srv/gsfs0/scratch/cjprybol/data/Kallisto/rna/bs_abundance_31.tsv
dd8100d81403c55c0b3d458d065d75af  /srv/gsfs0/scratch/cjprybol/data/Kallisto/rna/bs_abundance_99.tsv
00c33110b199d31d0eaaa51487d61269  /srv/gsfs0/scratch/cjprybol/data/Kallisto/rna/bs_abundance_16.tsv
213d6dd377c026ea542c281ff033f0d2  /srv/gsfs0/scratch/cjprybol/data/Kallisto/rna/bs_abundance_79.tsv
d9bae8850940de350b83b6e81bc65236  /srv/gsfs0/scratch/cjprybol/data/Kallisto/rna/bs_abundance_77.tsv
6dc704ac87e4000604c7ddb000799748  /srv/gsfs0/scratch/cjprybol/data/Kallisto/rna/bs_abundance_71.tsv
d90a557a6dbc8f1154bc6c31c6b65c93  /srv/gsfs0/scratch/cjprybol/data/Kallisto/rna/bs_abundance_58.tsv
e73ea6985a160d3068e2321e0e6014e5  /srv/gsfs0/scratch/cjprybol/data/Kallisto/rna/bs_abundance_50.tsv
d53f390b81aef8e3744711b21e3676a1  /srv/gsfs0/scratch/cjprybol/data/Kallisto/rna/bs_abundance_46.tsv
8614bee7bd15fc75fa91cc1632b44369  /srv/gsfs0/scratch/cjprybol/data/Kallisto/rna/bs_abundance_17.tsv
b1aae80b8d1b7915ba3b5434a3e01245  /srv/gsfs0/scratch/cjprybol/data/Kallisto/rna/bs_abundance_98.tsv
15ed87fc420363f0458bc09ba7ed2453  /srv/gsfs0/scratch/cjprybol/data/Kallisto/rna/bs_abundance_37.tsv
70a3333364afa2197376fd9fbcc59e2e  /srv/gsfs0/scratch/cjprybol/data/Kallisto/rna/bs_abundance_14.tsv
7f91f5672ded17178ad20ed03fe07688  /srv/gsfs0/scratch/cjprybol/data/Kallisto/rna/bs_abundance_36.tsv
27749567ee2c7aecf135f4f91aad587f  /srv/gsfs0/scratch/cjprybol/data/Kallisto/rna/bs_abundance_23.tsv
694054802d4304bcb6cbb915edd95bd1  /srv/gsfs0/scratch/cjprybol/data/Kallisto/rna/bs_abundance_65.tsv
32ed363beb0135950b7e3b7f96564f0a  /srv/gsfs0/scratch/cjprybol/data/Kallisto/rna/bs_abundance_35.tsv
d5da5593f84bf97ef1e5f0fc3007a76c  /srv/gsfs0/scratch/cjprybol/data/Kallisto/rna/bs_abundance_18.tsv
c5f1d609acc2ad0f190ab3eb68953806  /srv/gsfs0/scratch/cjprybol/data/Kallisto/rna/bs_abundance_15.tsv
385c60b884e448505451cf5451a388e0  /srv/gsfs0/scratch/cjprybol/data/Kallisto/rna/bs_abundance_60.tsv
d7c669b4ae60b98748246baac8e76774  /srv/gsfs0/scratch/cjprybol/data/Kallisto/rna/bs_abundance_10.tsv
75ffcedd3b784daeb54809993062a91b  /srv/gsfs0/scratch/cjprybol/data/Kallisto/rna/bs_abundance_89.tsv
550e7d4fb99cc9abbc93056720a7421e  /srv/gsfs0/scratch/cjprybol/data/Kallisto/rna/bs_abundance_1.tsv
ec927211cde560f89730052e64c95f40  /srv/gsfs0/scratch/cjprybol/data/Kallisto/rna/bs_abundance_54.tsv
8f1d4dae5cd322cd7c267592b20415e1  /srv/gsfs0/scratch/cjprybol/data/Kallisto/rna/bs_abundance_29.tsv
5490159a047355fe2f302155da931f3c  /srv/gsfs0/scratch/cjprybol/data/Kallisto/rna/bs_abundance_32.tsv
94f318d692e948aca2dde6a26fa34717  /srv/gsfs0/scratch/cjprybol/data/Kallisto/rna/bs_abundance_81.tsv
04048c27f7ae49cf961b0fdd9c48468c  /srv/gsfs0/scratch/cjprybol/data/Kallisto/rna/bs_abundance_88.tsv
b91b77dfa7e7fafd8310ca493703c909  /srv/gsfs0/scratch/cjprybol/data/Kallisto/rna/bs_abundance_68.tsv
5ef45dfd5fd14541ed8273b2f9de46d4  /srv/gsfs0/scratch/cjprybol/data/Kallisto/rna/bs_abundance_0.tsv
6b6a052747e71f0471ae7bee73a3219e  /srv/gsfs0/scratch/cjprybol/data/Kallisto/rna/bs_abundance_52.tsv
50ca117911045e932933d77c26f97062  /srv/gsfs0/scratch/cjprybol/data/Kallisto/rna/abundance.tsv
438e7fd0ba6acb68665f2e6b075b057e  /srv/gsfs0/scratch/cjprybol/data/Kallisto/rna/bs_abundance_8.tsv
2e4ba1742a7b65c69dc388a6f53752d0  /srv/gsfs0/scratch/cjprybol/data/Kallisto/rna/bs_abundance_67.tsv
a6b529539e6d6c1131b355ee8c6ddf42  /srv/gsfs0/scratch/cjprybol/data/Kallisto/rna/bs_abundance_78.tsv
42f409f89d0cffeb836dd13e1c9e196e  /srv/gsfs0/scratch/cjprybol/data/Kallisto/rna/bs_abundance_61.tsv
1ca306e0d9c1e4a0682a43b0fcaf8c1e  /srv/gsfs0/scratch/cjprybol/data/Kallisto/rna/bs_abundance_3.tsv
a255362a3d255c1cc768b98cd7c8ed07  /srv/gsfs0/scratch/cjprybol/data/Kallisto/rna/bs_abundance_43.tsv
13aef55f6d54d230a59ebee122ddf581  /srv/gsfs0/scratch/cjprybol/data/Kallisto/rna/bs_abundance_40.tsv
72607c8624b2d97bcfd11ad35d63f16b  /srv/gsfs0/scratch/cjprybol/data/Kallisto/rna/bs_abundance_57.tsv
60c49e20050dc8114794ac31cc097e22  /srv/gsfs0/scratch/cjprybol/data/Kallisto/rna/bs_abundance_5.tsv
02aad7adb1b47135132bfce0ce87658a  /srv/gsfs0/scratch/cjprybol/data/Kallisto/rna/bs_abundance_2.tsv
12f13dbbc52361f68b5d526213bdd42c  /srv/gsfs0/scratch/cjprybol/data/Kallisto/rna/bs_abundance_90.tsv
1fc13f590467acd5b603970a6c9119a9  /srv/gsfs0/scratch/cjprybol/data/Kallisto/rna/bs_abundance_92.tsv
f53a3a7c975c7c9d4e004f1591625d6a  /srv/gsfs0/scratch/cjprybol/data/Kallisto/rna/bs_abundance_69.tsv
127521ab5527a5b5e40a56be3e4fcd52  /srv/gsfs0/scratch/cjprybol/data/Kallisto/rna/bs_abundance_95.tsv
86f00923e2ffd0be0dee1ebd5ed7ba1a  /srv/gsfs0/scratch/cjprybol/data/Kallisto/rna/bs_abundance_34.tsv
354a6da83ae694f1e8be46083d444c59  /srv/gsfs0/scratch/cjprybol/data/Kallisto/rna/bs_abundance_55.tsv
7bf07e6d5d4e6dddf9b696873cdfd271  /srv/gsfs0/scratch/cjprybol/data/Kallisto/rna/bs_abundance_76.tsv
3eb7200eb672c362f42792d5f8e3a6f6  /srv/gsfs0/scratch/cjprybol/data/Kallisto/rna/bs_abundance_75.tsv
7547c718ccaa54410c8da9e061412472  /srv/gsfs0/scratch/cjprybol/data/Kallisto/rna/bs_abundance_49.tsv
842a76cd4124591d1cfbef38243c02b5  /srv/gsfs0/scratch/cjprybol/data/Kallisto/rna/bs_abundance_44.tsv
de8821cd20cc017c4f3ce3da12d29550  /srv/gsfs0/scratch/cjprybol/data/Kallisto/rna/bs_abundance_19.tsv
4464e17c06978af4d6835ead1cee85a8  /srv/gsfs0/scratch/cjprybol/data/Kallisto/rna/bs_abundance_64.tsv
442586e5626e745cf6c44f645d573d55  /srv/gsfs0/scratch/cjprybol/data/Kallisto/rna/bs_abundance_48.tsv
e89d572194531909453369da5bcabc05  /srv/gsfs0/scratch/cjprybol/data/Kallisto/rna/bs_abundance_33.tsv
3b64ca6f8482dd3258be86dfae7cae99  /srv/gsfs0/scratch/cjprybol/data/Kallisto/rna/bs_abundance_30.tsv
0bf26fab9e47ff7abfc238ff2bbd67cc  /srv/gsfs0/scratch/cjprybol/data/Kallisto/rna/bs_abundance_93.tsv
6d582df5dbabac3c96d3bc4a6f625eac  /srv/gsfs0/scratch/cjprybol/data/Kallisto/rna/bs_abundance_9.tsv
26845fdb416edf1f0458c5d5d1ce061b  /srv/gsfs0/scratch/cjprybol/data/Kallisto/rna/bs_abundance_28.tsv
e5fa5c90d7d89f0ed48605068554cc97  /srv/gsfs0/scratch/cjprybol/data/Kallisto/rna/bs_abundance_38.tsv
5edaf2c0e8c5a4c71a889da9f1f6bda2  /srv/gsfs0/scratch/cjprybol/data/Kallisto/rna/bs_abundance_82.tsv
cb10f4bd11a1ca16e2e8a6d29067f6f1  /srv/gsfs0/scratch/cjprybol/data/Kallisto/rna/bs_abundance_42.tsv
58eb9dc0b4fcb3cb8b9b57029f997b86  /srv/gsfs0/scratch/cjprybol/data/Kallisto/rna/bs_abundance_4.tsv
afbe4a90f554343b8ecf10a9823ea4c3  /srv/gsfs0/scratch/cjprybol/data/Kallisto/rna/bs_abundance_47.tsv
4fe9ae67acfd50643c95c879c903fe82  /srv/gsfs0/scratch/cjprybol/data/Kallisto/rna/bs_abundance_91.tsv
a97ffc89cf3f51e23d91dddc3dd9b1a5  /srv/gsfs0/scratch/cjprybol/data/Kallisto/rna/bs_abundance_13.tsv
d82534188765968dd7dc144c702f084f  /srv/gsfs0/scratch/cjprybol/data/Kallisto/rna/bs_abundance_80.tsv
e5c612ce9a5e1906704706dd6a337085  /srv/gsfs0/scratch/cjprybol/data/Kallisto/rna/bs_abundance_74.tsv
bcc9690767f59221e46fb6708600ad17  /srv/gsfs0/scratch/cjprybol/data/Kallisto/rna/bs_abundance_97.tsv
7eab64e001088a19bf2d0e2762c895b4  /srv/gsfs0/scratch/cjprybol/data/Kallisto/rna/bs_abundance_51.tsv
04f0217ee21fb612146fc05f75a3a785  /srv/gsfs0/scratch/cjprybol/data/Kallisto/rna/bs_abundance_45.tsv
4226021a5e7fb1683f2c6da1431986c9  /srv/gsfs0/scratch/cjprybol/data/Kallisto/rna/bs_abundance_96.tsv
5ba7c8bc7a9412fff641eeeeb2308bd5  /srv/gsfs0/scratch/cjprybol/data/Kallisto/rna/bs_abundance_62.tsv
d0d54b4a44cfbe433df0aee22c190242  /srv/gsfs0/scratch/cjprybol/data/Kallisto/rna/bs_abundance_59.tsv
2249220d7d355c95995c744a0bdd3f4d  /srv/gsfs0/scratch/cjprybol/data/Kallisto/rna/bs_abundance_53.tsv
59ff394054dda4d4bd707990a6ac6447  /srv/gsfs0/scratch/cjprybol/data/Kallisto/rna/bs_abundance_70.tsv
df91d225bac1b18fc9e971d77a33f1e2  /srv/gsfs0/scratch/cjprybol/data/Kallisto/rna/bs_abundance_26.tsv
444c77a076ccf886698d55aeb350029d  /srv/gsfs0/scratch/cjprybol/data/Kallisto/rna/bs_abundance_12.tsv
8a0d9e9d5c14799ab1523e6fe699fa7b  /srv/gsfs0/scratch/cjprybol/data/Kallisto/rna/run_info.json
ecda33cb49b6cbb86dd806033037b882  /srv/gsfs0/scratch/cjprybol/data/Kallisto/rna/bs_abundance_72.tsv
5dc1d9ce85e5c5786d1eeaaf69730155  /srv/gsfs0/scratch/cjprybol/data/Kallisto/rna/bs_abundance_56.tsv
63c7e7f531bbd9db75bb859f00c708ab  /srv/gsfs0/scratch/cjprybol/data/Kallisto/rna/bs_abundance_87.tsv
11f30e61b4397c6c4906cd1a9d2ae894  /srv/gsfs0/scratch/cjprybol/data/Kallisto/rna/bs_abundance_21.tsv
5b1c915fe2d18636bf4f6d9c8141f5bd  /srv/gsfs0/scratch/cjprybol/data/Kallisto/rna/bs_abundance_41.tsv
6339cfb8acd7087db397bb1d818b525c  /srv/gsfs0/scratch/cjprybol/data/Kallisto/rna/bs_abundance_7.tsv
0a7789a3ede991c431ab853923fe3077  /srv/gsfs0/scratch/cjprybol/data/Kallisto/rna/bs_abundance_86.tsv
386b102720aeeb2253dffc7407c54f75  /srv/gsfs0/scratch/cjprybol/data/Kallisto/rna/bs_abundance_11.tsv
ed30cdc1ce3c8ec973412c63de7630bf  /srv/gsfs0/scratch/cjprybol/data/Kallisto/rna/bs_abundance_85.tsv
2d6544fee5c843a4d6648b691602415e  /srv/gsfs0/scratch/cjprybol/data/Kallisto/rna/bs_abundance_22.tsv
418740bcfef0772062fbb1c343880f64  /srv/gsfs0/scratch/cjprybol/data/Kallisto/rna/bs_abundance_25.tsv
47fb6ffe943c778b50fac3f338c024e3  /srv/gsfs0/scratch/cjprybol/data/Kallisto/rna/bs_abundance_20.tsv
4b826d54908b56ee3a7bb4291169da23  /srv/gsfs0/scratch/cjprybol/data/Kallisto/rna/bs_abundance_27.tsv
06af4b956b6514530dd1fa218536b06f  /srv/gsfs0/scratch/cjprybol/data/Kallisto/rna/bs_abundance_24.tsv
f4dd17cdbd94622e3614ed9af59a07c2  /srv/gsfs0/scratch/cjprybol/data/Kallisto/rna/bs_abundance_84.tsv
dd30a438785c9d4c4a1927b76d94e2db  /srv/gsfs0/scratch/cjprybol/data/Fastq/GM12878_2x75_split.tgz
d310d2a228fc6e35a4a5bba21dc9e269  /srv/gsfs0/scratch/cjprybol/data/Fastq/rna_2.fq.gz
6a188abf575ec2442d64b524e8ee3469  /srv/gsfs0/scratch/cjprybol/data/Fastq/dna_1.fq.gz
ac729272432b77d4177be1901b6c8596  /srv/gsfs0/scratch/cjprybol/data/Fastq/dna_2.fq.gz
c3a5f96f6d7af2bf97d5a0f144bd5675  /srv/gsfs0/scratch/cjprybol/data/Fastq/rna_1.fq.gz
4a46c297bfc0b29cb2f7eefedc360556  /srv/gsfs0/scratch/cjprybol/data/Reference/Homo_sapiens.GRCh38.dna.primary_assembly.fa.amb
6059c253ce2432bde7553846bfb4c18f  /srv/gsfs0/scratch/cjprybol/data/Reference/Homo_sapiens.GRCh38.dna.primary_assembly.fa.ann
30bda345ff201f40aff5af7f8c8552e9  /srv/gsfs0/scratch/cjprybol/data/Reference/Homo_sapiens.GRCh38.dna.primary_assembly.fa.sa
8db7bf4b21f0e11eebb0dda6b1128b84  /srv/gsfs0/scratch/cjprybol/data/Reference/Homo_sapiens.GRCh38.dna.primary_assembly.fa.bwt
d0c1782ecde72a7eb671336db7ff7733  /srv/gsfs0/scratch/cjprybol/data/Reference/gencode.v25.transcripts.fa
0c81559f3cc600af2e79ac7dfb5a30c7  /srv/gsfs0/scratch/cjprybol/data/Reference/Homo_sapiens.GRCh38.dna.primary_assembly.fa.pac
9e6b9465dc708d92bf6d67e9c9fa9389  /srv/gsfs0/scratch/cjprybol/data/Reference/Homo_sapiens.GRCh38.dna.primary_assembly.fa
358e44170f2729f732045ac3993362f8  /srv/gsfs0/scratch/cjprybol/data/Reference/kallisto_index
11e45804df7a277a7716acb0c608ad76  /srv/gsfs0/scratch/cjprybol/data/Reference/Homo_sapiens.GRCh38.dna.primary_assembly.fa.sdf/done
7c44308cc2c4e56532a0245fb50cfcec  /srv/gsfs0/scratch/cjprybol/data/Reference/Homo_sapiens.GRCh38.dna.primary_assembly.fa.sdf/progress
549e15d4277b80bcb09139d0f1ea132f  /srv/gsfs0/scratch/cjprybol/data/Reference/Homo_sapiens.GRCh38.dna.primary_assembly.fa.sdf/seqpointer0
255eef0bc7d49d9dff437bb548a6cbe4  /srv/gsfs0/scratch/cjprybol/data/Reference/Homo_sapiens.GRCh38.dna.primary_assembly.fa.sdf/seqpointer1
b217aba6fe3ce611203a6c2248c34883  /srv/gsfs0/scratch/cjprybol/data/Reference/Homo_sapiens.GRCh38.dna.primary_assembly.fa.sdf/seqpointer2
a8eb0bed6f9529a940ac05eae457adc6  /srv/gsfs0/scratch/cjprybol/data/Reference/Homo_sapiens.GRCh38.dna.primary_assembly.fa.sdf/namepointer0
641a6056ffe7742a915acab0037cc1e5  /srv/gsfs0/scratch/cjprybol/data/Reference/Homo_sapiens.GRCh38.dna.primary_assembly.fa.sdf/seqdata1
6edb60f54368edd694db70ce85a4887f  /srv/gsfs0/scratch/cjprybol/data/Reference/Homo_sapiens.GRCh38.dna.primary_assembly.fa.sdf/mainIndex
65419fe7c5af016746918bf5e2fdccca  /srv/gsfs0/scratch/cjprybol/data/Reference/Homo_sapiens.GRCh38.dna.primary_assembly.fa.sdf/nameIndex0
a308f744d1f9511f1278d14ef08b0b73  /srv/gsfs0/scratch/cjprybol/data/Reference/Homo_sapiens.GRCh38.dna.primary_assembly.fa.sdf/suffixIndex0
b4457c1c172f2de9c59e8d239e05c810  /srv/gsfs0/scratch/cjprybol/data/Reference/Homo_sapiens.GRCh38.dna.primary_assembly.fa.sdf/seqdata2
43aff7e00d9a3f555ab10dae0e276b38  /srv/gsfs0/scratch/cjprybol/data/Reference/Homo_sapiens.GRCh38.dna.primary_assembly.fa.sdf/suffixpointer0
eaf81ce59d46a3aa0cd55f702a8aaafa  /srv/gsfs0/scratch/cjprybol/data/Reference/Homo_sapiens.GRCh38.dna.primary_assembly.fa.sdf/summary.txt
ac8817dea26a91365a7c7531c60ccb63  /srv/gsfs0/scratch/cjprybol/data/Reference/Homo_sapiens.GRCh38.dna.primary_assembly.fa.sdf/namedata0
87676759368f792ebbe8f82698c43d65  /srv/gsfs0/scratch/cjprybol/data/Reference/Homo_sapiens.GRCh38.dna.primary_assembly.fa.sdf/seqpointer3
3cde02f316e6a1a82c179466be9bb496  /srv/gsfs0/scratch/cjprybol/data/Reference/Homo_sapiens.GRCh38.dna.primary_assembly.fa.sdf/seqdata0
5e977412c38097b01b448292c8fcc48c  /srv/gsfs0/scratch/cjprybol/data/Reference/Homo_sapiens.GRCh38.dna.primary_assembly.fa.sdf/sequenceIndex0
a48e0a1c2808083b2c0dff38a88fd9d0  /srv/gsfs0/scratch/cjprybol/data/Reference/Homo_sapiens.GRCh38.dna.primary_assembly.fa.sdf/seqdata3
8b940a7ac3e9c67072d66dd3d014f174  /srv/gsfs0/scratch/cjprybol/data/Reference/Homo_sapiens.GRCh38.dna.primary_assembly.fa.sdf/suffixdata0
75dcf9541cb037d72c7cff972a58bc01  /srv/gsfs0/scratch/cjprybol/data/Reference/Homo_sapiens.GRCh38.dna.primary_assembly.fa.sdf/format.log
