929ab8ce1a8052ffbd91bbdf13f8625d  /srv/gsfs0/scratch/cjprybol/data/Bam/container.bam
40e47a6000ec5e6bcf5612bb92801896  /srv/gsfs0/scratch/cjprybol/data/RTG/HG003.2.10M.fastq.gz
f682b3291dd57d1c92cfd58bf05db53f  /srv/gsfs0/scratch/cjprybol/data/RTG/HG004.2.10M.fastq.gz
80b1259ad361cec9500ec0795ab7400b  /srv/gsfs0/scratch/cjprybol/data/RTG/HG002.2.10M.fastq.gz
52807e0d569962033f8a87470e373c18  /srv/gsfs0/scratch/cjprybol/data/RTG/HG004.1.10M.fastq.gz
bf83b393c00ea3aa4b5d5b14a3162ead  /srv/gsfs0/scratch/cjprybol/data/RTG/container.HG002/index.html
a266fc962e5f54d7843d4ff094fa888a  /srv/gsfs0/scratch/cjprybol/data/RTG/container.HG002/done
90b3d3dea5655a64a7fd042c3fc58702  /srv/gsfs0/scratch/cjprybol/data/RTG/container.HG002/progress
a41f617b5b7dc169f52baf3b7955d5b9  /srv/gsfs0/scratch/cjprybol/data/RTG/container.HG002/map.log
24a7d09f9748fed67b9767fca056ecc0  /srv/gsfs0/scratch/cjprybol/data/RTG/container.HG002/reportdata.tsv
9d3273cf21e48fa5095c4a0991015198  /srv/gsfs0/scratch/cjprybol/data/RTG/container.HG002/index_files/Alignment-Score-Distribution-(Mated-Only).png
5af39e216b7fe8959553818ed53dbba9  /srv/gsfs0/scratch/cjprybol/data/RTG/container.HG002/index_files/rtg.css
d895aa5fb1f18640abb64f091709f0f3  /srv/gsfs0/scratch/cjprybol/data/RTG/container.HG002/index_files/Mapping-Quality-(MAPQ)-Distribution.png
a1756fd4fc5fa73f74437a11f5cb02d2  /srv/gsfs0/scratch/cjprybol/data/RTG/container.HG002/index_files/Alignment-Score-Distribution-(Unmated-Only).png
5f8da56f2cd3dea05e15be5d55fea548  /srv/gsfs0/scratch/cjprybol/data/RTG/container.HG002/index_files/rtg_logo.png
15a1f3502f07d3d12b9979a171c70f8f  /srv/gsfs0/scratch/cjprybol/data/RTG/container.HG002/index_files/Fragment-Length-Distribution.png
2a9b3768cd14c68d2b7ed426cac3b3db  /srv/gsfs0/scratch/cjprybol/data/RTG/container.HG002/alignments.bam.calibration
6247f284fb582a8528eb8c35220c4e0e  /srv/gsfs0/scratch/cjprybol/data/RTG/container.HG002/summary.txt
e8f9ecea5cb536c70a1f9cff71f18345  /srv/gsfs0/scratch/cjprybol/data/RTG/container.HG002/rgstats.tsv
2a90b856d59703bfd55789ed54d85960  /srv/gsfs0/scratch/cjprybol/data/RTG/container.HG002/alignments.bam.bai
f8da30771cf036ac452ba0c58cd6f490  /srv/gsfs0/scratch/cjprybol/data/RTG/container.HG002/alignments.bam
362f63c0e80b7276fc417ca415fe0b35  /srv/gsfs0/scratch/cjprybol/data/RTG/container.HG003/index.html
c335b90f97695ca9eeaf74aa983cb484  /srv/gsfs0/scratch/cjprybol/data/RTG/container.HG003/done
3e311f1f62110462ac24994506b7ff3e  /srv/gsfs0/scratch/cjprybol/data/RTG/container.HG003/progress
fcaf716cc53802826ac81eb0d9fc1e0b  /srv/gsfs0/scratch/cjprybol/data/RTG/container.HG003/map.log
d8a52e9555802612091634b183e8ced8  /srv/gsfs0/scratch/cjprybol/data/RTG/container.HG003/reportdata.tsv
e1e3b86a8bc816e9aea7cb9327b76668  /srv/gsfs0/scratch/cjprybol/data/RTG/container.HG003/index_files/Alignment-Score-Distribution-(Mated-Only).png
5af39e216b7fe8959553818ed53dbba9  /srv/gsfs0/scratch/cjprybol/data/RTG/container.HG003/index_files/rtg.css
1cc5a2043e6b4bc5ebf86f4b44ad6521  /srv/gsfs0/scratch/cjprybol/data/RTG/container.HG003/index_files/Mapping-Quality-(MAPQ)-Distribution.png
3d584369b26d1d7d8b4ef1581e741bc1  /srv/gsfs0/scratch/cjprybol/data/RTG/container.HG003/index_files/Alignment-Score-Distribution-(Unmated-Only).png
5f8da56f2cd3dea05e15be5d55fea548  /srv/gsfs0/scratch/cjprybol/data/RTG/container.HG003/index_files/rtg_logo.png
1bdffd1b3f442bd9b3169fd5e6b99df8  /srv/gsfs0/scratch/cjprybol/data/RTG/container.HG003/index_files/Fragment-Length-Distribution.png
eb59c741f401fe0288f81c3c307bd99a  /srv/gsfs0/scratch/cjprybol/data/RTG/container.HG003/alignments.bam.calibration
94ef316c4fc8ac0dc67dbe6a061d62a2  /srv/gsfs0/scratch/cjprybol/data/RTG/container.HG003/summary.txt
64c06c68f97aac19eb24bbb80fc0bce0  /srv/gsfs0/scratch/cjprybol/data/RTG/container.HG003/rgstats.tsv
267a339f5b98ba44f2228a515f3ea0a4  /srv/gsfs0/scratch/cjprybol/data/RTG/container.HG003/alignments.bam.bai
af73fb0444d2364e483e9b9c39bd9b96  /srv/gsfs0/scratch/cjprybol/data/RTG/container.HG003/alignments.bam
1785cd7246de30674454eb22a415c27e  /srv/gsfs0/scratch/cjprybol/data/RTG/container.HG004/index.html
0b9a38dd42f450754e3e8f46f6f68213  /srv/gsfs0/scratch/cjprybol/data/RTG/container.HG004/done
61be83d0767566ca96447c7808d6ea94  /srv/gsfs0/scratch/cjprybol/data/RTG/container.HG004/progress
5a4b5b07559c4183a8cf2a90a5b6774b  /srv/gsfs0/scratch/cjprybol/data/RTG/container.HG004/map.log
7860de7de6124e0e43d1c83de909aadf  /srv/gsfs0/scratch/cjprybol/data/RTG/container.HG004/reportdata.tsv
62480330b760d1a957dfa4297aae3aa7  /srv/gsfs0/scratch/cjprybol/data/RTG/container.HG004/index_files/Alignment-Score-Distribution-(Mated-Only).png
5af39e216b7fe8959553818ed53dbba9  /srv/gsfs0/scratch/cjprybol/data/RTG/container.HG004/index_files/rtg.css
cc90abbe237aeffb12021c81f7c9ae15  /srv/gsfs0/scratch/cjprybol/data/RTG/container.HG004/index_files/Mapping-Quality-(MAPQ)-Distribution.png
5fc8a32c64432b6923287cf8dadd9d8d  /srv/gsfs0/scratch/cjprybol/data/RTG/container.HG004/index_files/Alignment-Score-Distribution-(Unmated-Only).png
5f8da56f2cd3dea05e15be5d55fea548  /srv/gsfs0/scratch/cjprybol/data/RTG/container.HG004/index_files/rtg_logo.png
8f26146a93b409ebf1a303ff13c26766  /srv/gsfs0/scratch/cjprybol/data/RTG/container.HG004/index_files/Fragment-Length-Distribution.png
c67d5fb16d3ea6548696d1106751cb17  /srv/gsfs0/scratch/cjprybol/data/RTG/container.HG004/alignments.bam.calibration
206739a868e248274363bc8afe54ab26  /srv/gsfs0/scratch/cjprybol/data/RTG/container.HG004/summary.txt
c287af3692b5c5bee7db8ce922aa67fe  /srv/gsfs0/scratch/cjprybol/data/RTG/container.HG004/rgstats.tsv
9323b5c5474b3b04653a6bd434793a2c  /srv/gsfs0/scratch/cjprybol/data/RTG/container.HG004/alignments.bam.bai
5e421c692bbd3c5d6b6184d597693826  /srv/gsfs0/scratch/cjprybol/data/RTG/container.HG004/alignments.bam
3df1c251d6be508f28f76a562a393d4b  /srv/gsfs0/scratch/cjprybol/data/RTG/HG003.1.10M.fastq.gz
f63902aa224ba2ba4a4d860c099630f1  /srv/gsfs0/scratch/cjprybol/data/RTG/HG002.1.10M.fastq.gz
0b511ad445dddd6dd03655696ca095c4  /srv/gsfs0/scratch/cjprybol/data/RTG/container.trio/index.html
815626d7436f81b72cedff904078b82d  /srv/gsfs0/scratch/cjprybol/data/RTG/container.trio/done
8b37247d7f42eda9b4dcb64e25380dca  /srv/gsfs0/scratch/cjprybol/data/RTG/container.trio/snps.vcf.gz
3ff316ef7f8598858879bfe4a3febd52  /srv/gsfs0/scratch/cjprybol/data/RTG/container.trio/progress
85bc5ae73467a858802aba720ea3a70b  /srv/gsfs0/scratch/cjprybol/data/RTG/container.trio/regions.bed.gz.tbi
f7ff283f32f22a23fc42edda816cfa0e  /srv/gsfs0/scratch/cjprybol/data/RTG/container.trio/snps.vcf.gz.tbi
b99167b1a1f2f461a5b7a7c970749101  /srv/gsfs0/scratch/cjprybol/data/RTG/container.trio/index_files/table.css
5af39e216b7fe8959553818ed53dbba9  /srv/gsfs0/scratch/cjprybol/data/RTG/container.trio/index_files/rtg.css
5f8da56f2cd3dea05e15be5d55fea548  /srv/gsfs0/scratch/cjprybol/data/RTG/container.trio/index_files/rtg_logo.png
c511059d439fdeb27686797c1d90b9c9  /srv/gsfs0/scratch/cjprybol/data/RTG/container.trio/summary.txt
1dfc226dc6e77e4e4f8e00d7c29c241a  /srv/gsfs0/scratch/cjprybol/data/RTG/container.trio/regions.bed.gz
eab0e224becff2d411b879436063f0e9  /srv/gsfs0/scratch/cjprybol/data/RTG/container.trio/family.log
a16bfab0f7ea38f883ee437535e52c72  /srv/gsfs0/scratch/cjprybol/data/analysis.img
92b9d8c8efd7dea19c5261888c5f55ec  /srv/gsfs0/scratch/cjprybol/data/Kallisto/rna/bs_abundance_6.tsv
ef0ba31e708866c2122c3cae16e35256  /srv/gsfs0/scratch/cjprybol/data/Kallisto/rna/bs_abundance_94.tsv
34f3fcd666f18e9b9fa9e85422ed0bef  /srv/gsfs0/scratch/cjprybol/data/Kallisto/rna/bs_abundance_66.tsv
03a779456dc1b9906c2c3ed9f05e83ae  /srv/gsfs0/scratch/cjprybol/data/Kallisto/rna/bs_abundance_39.tsv
7c776c851c416851457354b608424c8a  /srv/gsfs0/scratch/cjprybol/data/Kallisto/rna/bs_abundance_63.tsv
f94bc193055becdc35fa215984954d9b  /srv/gsfs0/scratch/cjprybol/data/Kallisto/rna/bs_abundance_73.tsv
186d4b34a71747b6bb776d7ec844d4f3  /srv/gsfs0/scratch/cjprybol/data/Kallisto/rna/bs_abundance_83.tsv
250d75cd1e3a2ca61ca2c02d109424c9  /srv/gsfs0/scratch/cjprybol/data/Kallisto/rna/bs_abundance_31.tsv
f5c79aee13caf224e66c4f5ed5015bde  /srv/gsfs0/scratch/cjprybol/data/Kallisto/rna/bs_abundance_99.tsv
8ed7300c361590a08179591328772363  /srv/gsfs0/scratch/cjprybol/data/Kallisto/rna/bs_abundance_16.tsv
f9a061505167dfbe5d4d997f2b5b753f  /srv/gsfs0/scratch/cjprybol/data/Kallisto/rna/bs_abundance_79.tsv
5d2ddd5892d8e26894f17db848ecec62  /srv/gsfs0/scratch/cjprybol/data/Kallisto/rna/bs_abundance_77.tsv
45b6c09a6f3407ae8fb55eafa45a0e2c  /srv/gsfs0/scratch/cjprybol/data/Kallisto/rna/bs_abundance_71.tsv
ffd3b9b9370fe30b71bebe8f1ffbdd81  /srv/gsfs0/scratch/cjprybol/data/Kallisto/rna/bs_abundance_58.tsv
7748ddb21f84df5da1700f131e00ea55  /srv/gsfs0/scratch/cjprybol/data/Kallisto/rna/bs_abundance_50.tsv
a71f9d4f5654cdcba6fbdaae26d19622  /srv/gsfs0/scratch/cjprybol/data/Kallisto/rna/bs_abundance_46.tsv
945700d3172fc539c113688a5f5264b5  /srv/gsfs0/scratch/cjprybol/data/Kallisto/rna/bs_abundance_17.tsv
9b6693fb1547c2a34f1f5fe4c35baf19  /srv/gsfs0/scratch/cjprybol/data/Kallisto/rna/bs_abundance_98.tsv
0445e582a3901170bf1a312875dcc7d4  /srv/gsfs0/scratch/cjprybol/data/Kallisto/rna/bs_abundance_37.tsv
357a5a3d72b92e34d05fa3faa063b987  /srv/gsfs0/scratch/cjprybol/data/Kallisto/rna/bs_abundance_14.tsv
d171dc0960634c79247899171d23f54e  /srv/gsfs0/scratch/cjprybol/data/Kallisto/rna/bs_abundance_36.tsv
cdb6cf87bb58164368efc58f8fe583f5  /srv/gsfs0/scratch/cjprybol/data/Kallisto/rna/bs_abundance_23.tsv
840f4f731de12416b801757348ed35a8  /srv/gsfs0/scratch/cjprybol/data/Kallisto/rna/bs_abundance_65.tsv
adf2308218e6ca66022079d8be61b753  /srv/gsfs0/scratch/cjprybol/data/Kallisto/rna/bs_abundance_35.tsv
4a7beae72f54b9f2c9316815bcabc4d1  /srv/gsfs0/scratch/cjprybol/data/Kallisto/rna/bs_abundance_18.tsv
332067c3413e8354f85a3a0a9511d9bc  /srv/gsfs0/scratch/cjprybol/data/Kallisto/rna/bs_abundance_15.tsv
48a50c6c1af9fad6ef0de1f9ecf756b3  /srv/gsfs0/scratch/cjprybol/data/Kallisto/rna/bs_abundance_60.tsv
73cd246a4d3dfddde7a3ed94c40e6cc4  /srv/gsfs0/scratch/cjprybol/data/Kallisto/rna/bs_abundance_10.tsv
2890045b2a7fb3b153d9ef621c3cc90f  /srv/gsfs0/scratch/cjprybol/data/Kallisto/rna/bs_abundance_89.tsv
638f1678dbcbb6b4afdd5ea7e7a77698  /srv/gsfs0/scratch/cjprybol/data/Kallisto/rna/bs_abundance_1.tsv
42cc369d5ff3c84d05b63a4303400de5  /srv/gsfs0/scratch/cjprybol/data/Kallisto/rna/bs_abundance_54.tsv
2ff789b818766226c4a0ad37ca27e35d  /srv/gsfs0/scratch/cjprybol/data/Kallisto/rna/bs_abundance_29.tsv
8c72cb6e1ebdb5e72071d42c8940c763  /srv/gsfs0/scratch/cjprybol/data/Kallisto/rna/bs_abundance_32.tsv
f2c0950a67d40b9b94c6dd8e232a0745  /srv/gsfs0/scratch/cjprybol/data/Kallisto/rna/bs_abundance_81.tsv
e6b21ec0a86377882f3bc9408d630502  /srv/gsfs0/scratch/cjprybol/data/Kallisto/rna/bs_abundance_88.tsv
70f597d2ee127547ff1cbf6379a35598  /srv/gsfs0/scratch/cjprybol/data/Kallisto/rna/bs_abundance_68.tsv
fbdeb7fd0bf4ca5a92dbdae19d8c4234  /srv/gsfs0/scratch/cjprybol/data/Kallisto/rna/bs_abundance_0.tsv
6f452a793e50f12f158252a828f9f7d2  /srv/gsfs0/scratch/cjprybol/data/Kallisto/rna/bs_abundance_52.tsv
50ca117911045e932933d77c26f97062  /srv/gsfs0/scratch/cjprybol/data/Kallisto/rna/abundance.tsv
cbdc234f16cfbc67eea1309422bc70d6  /srv/gsfs0/scratch/cjprybol/data/Kallisto/rna/bs_abundance_8.tsv
11ce2b223e4ded418d2fb843c67d0a7c  /srv/gsfs0/scratch/cjprybol/data/Kallisto/rna/bs_abundance_67.tsv
7141b5cbbb4a5d91bb692971410c0d92  /srv/gsfs0/scratch/cjprybol/data/Kallisto/rna/bs_abundance_78.tsv
ef702b20e1344e74485bca7b91e66063  /srv/gsfs0/scratch/cjprybol/data/Kallisto/rna/bs_abundance_61.tsv
5ebb3c1d51ced83b4d19bec4b7e20939  /srv/gsfs0/scratch/cjprybol/data/Kallisto/rna/bs_abundance_3.tsv
3c0606e7fd7cf4f6c39a5122ab158c22  /srv/gsfs0/scratch/cjprybol/data/Kallisto/rna/bs_abundance_43.tsv
88da344d6280b980dd88ebd21883338c  /srv/gsfs0/scratch/cjprybol/data/Kallisto/rna/bs_abundance_40.tsv
3f5f12d84142a112d6dd87a509710d15  /srv/gsfs0/scratch/cjprybol/data/Kallisto/rna/bs_abundance_57.tsv
322dd7c033dfa2498077b3b7bafedabe  /srv/gsfs0/scratch/cjprybol/data/Kallisto/rna/bs_abundance_5.tsv
bdf47eec83de8f6c5ec730a003958b90  /srv/gsfs0/scratch/cjprybol/data/Kallisto/rna/bs_abundance_2.tsv
5e368551e7ce78d50f58ec3024b887ca  /srv/gsfs0/scratch/cjprybol/data/Kallisto/rna/bs_abundance_90.tsv
457cec272e618465f4688597529d3fee  /srv/gsfs0/scratch/cjprybol/data/Kallisto/rna/bs_abundance_92.tsv
8b1652bbf5233d0c12e8faab764176ee  /srv/gsfs0/scratch/cjprybol/data/Kallisto/rna/bs_abundance_69.tsv
61ddd24740dcd1721056e7c841ffe7b6  /srv/gsfs0/scratch/cjprybol/data/Kallisto/rna/bs_abundance_95.tsv
96c7f60fe185ece9d0bdf29288b5fb7d  /srv/gsfs0/scratch/cjprybol/data/Kallisto/rna/bs_abundance_34.tsv
7a7a72108a0f6eae69a03b12dfdede9a  /srv/gsfs0/scratch/cjprybol/data/Kallisto/rna/bs_abundance_55.tsv
5ec535daeb16fcbc6f340f3be4b62327  /srv/gsfs0/scratch/cjprybol/data/Kallisto/rna/bs_abundance_76.tsv
fed961970304d797c34c7e8541ed0b3d  /srv/gsfs0/scratch/cjprybol/data/Kallisto/rna/bs_abundance_75.tsv
0c8a5921d92950ac3c9d85fa7bbc979d  /srv/gsfs0/scratch/cjprybol/data/Kallisto/rna/bs_abundance_49.tsv
1f6c76d86969ee4fb9cc65508dfc575c  /srv/gsfs0/scratch/cjprybol/data/Kallisto/rna/bs_abundance_44.tsv
e34e764114f741a9113fdbe77d8a5337  /srv/gsfs0/scratch/cjprybol/data/Kallisto/rna/bs_abundance_19.tsv
4e6bc1338c8d2809cb03b1ed3779e778  /srv/gsfs0/scratch/cjprybol/data/Kallisto/rna/bs_abundance_64.tsv
94694a31b1935eca4ab73837ad393f35  /srv/gsfs0/scratch/cjprybol/data/Kallisto/rna/bs_abundance_48.tsv
5bfa3066345e9a54f1d25603c433d174  /srv/gsfs0/scratch/cjprybol/data/Kallisto/rna/bs_abundance_33.tsv
74a4a5cebb53eb90cfb9fb49ced9f496  /srv/gsfs0/scratch/cjprybol/data/Kallisto/rna/bs_abundance_30.tsv
c4b0ca35a9804dc044c247fe0331238c  /srv/gsfs0/scratch/cjprybol/data/Kallisto/rna/bs_abundance_93.tsv
bf3da0e061fe40a14b29aa88b8a7271f  /srv/gsfs0/scratch/cjprybol/data/Kallisto/rna/bs_abundance_9.tsv
b64671c84f8925f8d2904839468399d1  /srv/gsfs0/scratch/cjprybol/data/Kallisto/rna/bs_abundance_28.tsv
5f9270a9f65f879aa6ae73f9cc02de99  /srv/gsfs0/scratch/cjprybol/data/Kallisto/rna/bs_abundance_38.tsv
2d4fab4cc88bd58fdb91230bdaa8d767  /srv/gsfs0/scratch/cjprybol/data/Kallisto/rna/bs_abundance_82.tsv
dcd67a586a8229b023aa9a648a39f807  /srv/gsfs0/scratch/cjprybol/data/Kallisto/rna/bs_abundance_42.tsv
b86d7e9c506ebbf7234ae3fe2709f0af  /srv/gsfs0/scratch/cjprybol/data/Kallisto/rna/bs_abundance_4.tsv
13bc1a9d840060071d7df3e4c64a214d  /srv/gsfs0/scratch/cjprybol/data/Kallisto/rna/bs_abundance_47.tsv
9e556b70f432686a7a69994c6e6b59af  /srv/gsfs0/scratch/cjprybol/data/Kallisto/rna/bs_abundance_91.tsv
c919b77fd86e2290c4392f2ffade452e  /srv/gsfs0/scratch/cjprybol/data/Kallisto/rna/bs_abundance_13.tsv
71b93514e9ca6f33a062228e3da5743c  /srv/gsfs0/scratch/cjprybol/data/Kallisto/rna/bs_abundance_80.tsv
bd2e3bbf9b5f39cccc7a5a0bee864814  /srv/gsfs0/scratch/cjprybol/data/Kallisto/rna/bs_abundance_74.tsv
233127e5af2d3cc4159dfb79011a7159  /srv/gsfs0/scratch/cjprybol/data/Kallisto/rna/bs_abundance_97.tsv
5917ec341101d1c2c59db0999b42e24b  /srv/gsfs0/scratch/cjprybol/data/Kallisto/rna/bs_abundance_51.tsv
caabed07035d438e048682026481d15d  /srv/gsfs0/scratch/cjprybol/data/Kallisto/rna/bs_abundance_45.tsv
250b553288bd17604e9acca937982d20  /srv/gsfs0/scratch/cjprybol/data/Kallisto/rna/bs_abundance_96.tsv
fa38132b63a389883d58cd977ce9b024  /srv/gsfs0/scratch/cjprybol/data/Kallisto/rna/bs_abundance_62.tsv
c2d902cba93ce60050541b83117323eb  /srv/gsfs0/scratch/cjprybol/data/Kallisto/rna/bs_abundance_59.tsv
1d7680cf4a98c029f6afc682bb4cefa1  /srv/gsfs0/scratch/cjprybol/data/Kallisto/rna/bs_abundance_53.tsv
f6da04cf9172aff2a289a420c655deed  /srv/gsfs0/scratch/cjprybol/data/Kallisto/rna/bs_abundance_70.tsv
96fa2a85adaa5c90ddac99ff29f63343  /srv/gsfs0/scratch/cjprybol/data/Kallisto/rna/bs_abundance_26.tsv
e8154b3c5b5f11b9d5036fba6ae32d37  /srv/gsfs0/scratch/cjprybol/data/Kallisto/rna/bs_abundance_12.tsv
e112142f56352a5de1769e0c31c0e634  /srv/gsfs0/scratch/cjprybol/data/Kallisto/rna/run_info.json
56e9f87d207fda612a32c62018c06c50  /srv/gsfs0/scratch/cjprybol/data/Kallisto/rna/bs_abundance_72.tsv
08479b59b304417ef571177e4be4fd10  /srv/gsfs0/scratch/cjprybol/data/Kallisto/rna/bs_abundance_56.tsv
bb8009f6b3cd2cd287d198bf931cfac1  /srv/gsfs0/scratch/cjprybol/data/Kallisto/rna/bs_abundance_87.tsv
4f90b75fceeac9d39509284143e27ca3  /srv/gsfs0/scratch/cjprybol/data/Kallisto/rna/bs_abundance_21.tsv
a74aebb726019542d66200d454452f47  /srv/gsfs0/scratch/cjprybol/data/Kallisto/rna/bs_abundance_41.tsv
e2ad0422b8fb27b78cc403b1f07a964e  /srv/gsfs0/scratch/cjprybol/data/Kallisto/rna/bs_abundance_7.tsv
ddbe0ff49286fbb0e698e8700a298629  /srv/gsfs0/scratch/cjprybol/data/Kallisto/rna/bs_abundance_86.tsv
242b882905efb2bc9e399acd0426182e  /srv/gsfs0/scratch/cjprybol/data/Kallisto/rna/bs_abundance_11.tsv
a5e6dc0468915fd511a2415d19b7067e  /srv/gsfs0/scratch/cjprybol/data/Kallisto/rna/bs_abundance_85.tsv
258de67db6c732cca38d3e9037606e87  /srv/gsfs0/scratch/cjprybol/data/Kallisto/rna/bs_abundance_22.tsv
a680bd0626671476fa028dfb850755b2  /srv/gsfs0/scratch/cjprybol/data/Kallisto/rna/bs_abundance_25.tsv
6b0f5f6a4c3214bda395832f33105a59  /srv/gsfs0/scratch/cjprybol/data/Kallisto/rna/bs_abundance_20.tsv
61257199ec20b9ff89dc38616ebc7a8f  /srv/gsfs0/scratch/cjprybol/data/Kallisto/rna/bs_abundance_27.tsv
0d497171ddbd9254f9cab91c871a7edc  /srv/gsfs0/scratch/cjprybol/data/Kallisto/rna/bs_abundance_24.tsv
e42b9d21766e35cec7d37a69f471cade  /srv/gsfs0/scratch/cjprybol/data/Kallisto/rna/bs_abundance_84.tsv
dd30a438785c9d4c4a1927b76d94e2db  /srv/gsfs0/scratch/cjprybol/data/Fastq/GM12878_2x75_split.tgz
53b1c044058074a676a914e7f6374ff1  /srv/gsfs0/scratch/cjprybol/data/Fastq/rna_2.fq.gz
ea22d516e7ecde0d56918fc80b10749c  /srv/gsfs0/scratch/cjprybol/data/Fastq/dna_1.fq.gz
e4c0f5aaf875e930f31cc2c68795ddd8  /srv/gsfs0/scratch/cjprybol/data/Fastq/dna_2.fq.gz
48a786e7ad3e1985d4548ecbf312dbc7  /srv/gsfs0/scratch/cjprybol/data/Fastq/rna_1.fq.gz
4a46c297bfc0b29cb2f7eefedc360556  /srv/gsfs0/scratch/cjprybol/data/Reference/Homo_sapiens.GRCh38.dna.primary_assembly.fa.amb
6059c253ce2432bde7553846bfb4c18f  /srv/gsfs0/scratch/cjprybol/data/Reference/Homo_sapiens.GRCh38.dna.primary_assembly.fa.ann
30bda345ff201f40aff5af7f8c8552e9  /srv/gsfs0/scratch/cjprybol/data/Reference/Homo_sapiens.GRCh38.dna.primary_assembly.fa.sa
8db7bf4b21f0e11eebb0dda6b1128b84  /srv/gsfs0/scratch/cjprybol/data/Reference/Homo_sapiens.GRCh38.dna.primary_assembly.fa.bwt
d0c1782ecde72a7eb671336db7ff7733  /srv/gsfs0/scratch/cjprybol/data/Reference/gencode.v25.transcripts.fa
0c81559f3cc600af2e79ac7dfb5a30c7  /srv/gsfs0/scratch/cjprybol/data/Reference/Homo_sapiens.GRCh38.dna.primary_assembly.fa.pac
9e6b9465dc708d92bf6d67e9c9fa9389  /srv/gsfs0/scratch/cjprybol/data/Reference/Homo_sapiens.GRCh38.dna.primary_assembly.fa
358e44170f2729f732045ac3993362f8  /srv/gsfs0/scratch/cjprybol/data/Reference/kallisto_index
e851927bc20ae10a350159df96505c56  /srv/gsfs0/scratch/cjprybol/data/Reference/Homo_sapiens.GRCh38.dna.primary_assembly.fa.sdf/done
0f234767fd955339cbab319aea66834b  /srv/gsfs0/scratch/cjprybol/data/Reference/Homo_sapiens.GRCh38.dna.primary_assembly.fa.sdf/progress
549e15d4277b80bcb09139d0f1ea132f  /srv/gsfs0/scratch/cjprybol/data/Reference/Homo_sapiens.GRCh38.dna.primary_assembly.fa.sdf/seqpointer0
255eef0bc7d49d9dff437bb548a6cbe4  /srv/gsfs0/scratch/cjprybol/data/Reference/Homo_sapiens.GRCh38.dna.primary_assembly.fa.sdf/seqpointer1
b217aba6fe3ce611203a6c2248c34883  /srv/gsfs0/scratch/cjprybol/data/Reference/Homo_sapiens.GRCh38.dna.primary_assembly.fa.sdf/seqpointer2
a8eb0bed6f9529a940ac05eae457adc6  /srv/gsfs0/scratch/cjprybol/data/Reference/Homo_sapiens.GRCh38.dna.primary_assembly.fa.sdf/namepointer0
641a6056ffe7742a915acab0037cc1e5  /srv/gsfs0/scratch/cjprybol/data/Reference/Homo_sapiens.GRCh38.dna.primary_assembly.fa.sdf/seqdata1
5ca48496ae7c2da6710899a77bcc22aa  /srv/gsfs0/scratch/cjprybol/data/Reference/Homo_sapiens.GRCh38.dna.primary_assembly.fa.sdf/mainIndex
65419fe7c5af016746918bf5e2fdccca  /srv/gsfs0/scratch/cjprybol/data/Reference/Homo_sapiens.GRCh38.dna.primary_assembly.fa.sdf/nameIndex0
a308f744d1f9511f1278d14ef08b0b73  /srv/gsfs0/scratch/cjprybol/data/Reference/Homo_sapiens.GRCh38.dna.primary_assembly.fa.sdf/suffixIndex0
b4457c1c172f2de9c59e8d239e05c810  /srv/gsfs0/scratch/cjprybol/data/Reference/Homo_sapiens.GRCh38.dna.primary_assembly.fa.sdf/seqdata2
43aff7e00d9a3f555ab10dae0e276b38  /srv/gsfs0/scratch/cjprybol/data/Reference/Homo_sapiens.GRCh38.dna.primary_assembly.fa.sdf/suffixpointer0
f9469918287416165a6e1edf1246f1d6  /srv/gsfs0/scratch/cjprybol/data/Reference/Homo_sapiens.GRCh38.dna.primary_assembly.fa.sdf/summary.txt
ac8817dea26a91365a7c7531c60ccb63  /srv/gsfs0/scratch/cjprybol/data/Reference/Homo_sapiens.GRCh38.dna.primary_assembly.fa.sdf/namedata0
87676759368f792ebbe8f82698c43d65  /srv/gsfs0/scratch/cjprybol/data/Reference/Homo_sapiens.GRCh38.dna.primary_assembly.fa.sdf/seqpointer3
3cde02f316e6a1a82c179466be9bb496  /srv/gsfs0/scratch/cjprybol/data/Reference/Homo_sapiens.GRCh38.dna.primary_assembly.fa.sdf/seqdata0
5e977412c38097b01b448292c8fcc48c  /srv/gsfs0/scratch/cjprybol/data/Reference/Homo_sapiens.GRCh38.dna.primary_assembly.fa.sdf/sequenceIndex0
a48e0a1c2808083b2c0dff38a88fd9d0  /srv/gsfs0/scratch/cjprybol/data/Reference/Homo_sapiens.GRCh38.dna.primary_assembly.fa.sdf/seqdata3
8b940a7ac3e9c67072d66dd3d014f174  /srv/gsfs0/scratch/cjprybol/data/Reference/Homo_sapiens.GRCh38.dna.primary_assembly.fa.sdf/suffixdata0
0ff0ec9d833e999ce78264fb04c119c2  /srv/gsfs0/scratch/cjprybol/data/Reference/Homo_sapiens.GRCh38.dna.primary_assembly.fa.sdf/format.log
