1e994d85cd94033d350a201e0f3c6b4b  /scratch/users/vsochat/data/analysis.img
d0c1782ecde72a7eb671336db7ff7733  /scratch/users/vsochat/data/Reference/gencode.v25.transcripts.fa
8db7bf4b21f0e11eebb0dda6b1128b84  /scratch/users/vsochat/data/Reference/Homo_sapiens.GRCh38.dna.primary_assembly.fa.bwt
6059c253ce2432bde7553846bfb4c18f  /scratch/users/vsochat/data/Reference/Homo_sapiens.GRCh38.dna.primary_assembly.fa.ann
358e44170f2729f732045ac3993362f8  /scratch/users/vsochat/data/Reference/kallisto_index
4a46c297bfc0b29cb2f7eefedc360556  /scratch/users/vsochat/data/Reference/Homo_sapiens.GRCh38.dna.primary_assembly.fa.amb
9e6b9465dc708d92bf6d67e9c9fa9389  /scratch/users/vsochat/data/Reference/Homo_sapiens.GRCh38.dna.primary_assembly.fa
30bda345ff201f40aff5af7f8c8552e9  /scratch/users/vsochat/data/Reference/Homo_sapiens.GRCh38.dna.primary_assembly.fa.sa
0c81559f3cc600af2e79ac7dfb5a30c7  /scratch/users/vsochat/data/Reference/Homo_sapiens.GRCh38.dna.primary_assembly.fa.pac
b4457c1c172f2de9c59e8d239e05c810  /scratch/users/vsochat/data/Reference/Homo_sapiens.GRCh38.dna.primary_assembly.fa.sdf/seqdata2
df96e77b07815f88aabe2842e9c52eb1  /scratch/users/vsochat/data/Reference/Homo_sapiens.GRCh38.dna.primary_assembly.fa.sdf/summary.txt
a308f744d1f9511f1278d14ef08b0b73  /scratch/users/vsochat/data/Reference/Homo_sapiens.GRCh38.dna.primary_assembly.fa.sdf/suffixIndex0
65419fe7c5af016746918bf5e2fdccca  /scratch/users/vsochat/data/Reference/Homo_sapiens.GRCh38.dna.primary_assembly.fa.sdf/nameIndex0
87676759368f792ebbe8f82698c43d65  /scratch/users/vsochat/data/Reference/Homo_sapiens.GRCh38.dna.primary_assembly.fa.sdf/seqpointer3
a8eb0bed6f9529a940ac05eae457adc6  /scratch/users/vsochat/data/Reference/Homo_sapiens.GRCh38.dna.primary_assembly.fa.sdf/namepointer0
5e977412c38097b01b448292c8fcc48c  /scratch/users/vsochat/data/Reference/Homo_sapiens.GRCh38.dna.primary_assembly.fa.sdf/sequenceIndex0
ac8817dea26a91365a7c7531c60ccb63  /scratch/users/vsochat/data/Reference/Homo_sapiens.GRCh38.dna.primary_assembly.fa.sdf/namedata0
a48e0a1c2808083b2c0dff38a88fd9d0  /scratch/users/vsochat/data/Reference/Homo_sapiens.GRCh38.dna.primary_assembly.fa.sdf/seqdata3
549e15d4277b80bcb09139d0f1ea132f  /scratch/users/vsochat/data/Reference/Homo_sapiens.GRCh38.dna.primary_assembly.fa.sdf/seqpointer0
db3f6c3affc37aced51a58cb4655c5f5  /scratch/users/vsochat/data/Reference/Homo_sapiens.GRCh38.dna.primary_assembly.fa.sdf/format.log
cec68fb4e3a63283d71ab7fc2ae38a86  /scratch/users/vsochat/data/Reference/Homo_sapiens.GRCh38.dna.primary_assembly.fa.sdf/progress
fd802a760c66768962d9f7285a91ac1e  /scratch/users/vsochat/data/Reference/Homo_sapiens.GRCh38.dna.primary_assembly.fa.sdf/mainIndex
a4b73ae6ff4dbf2199cee4492ddd20af  /scratch/users/vsochat/data/Reference/Homo_sapiens.GRCh38.dna.primary_assembly.fa.sdf/done
8b940a7ac3e9c67072d66dd3d014f174  /scratch/users/vsochat/data/Reference/Homo_sapiens.GRCh38.dna.primary_assembly.fa.sdf/suffixdata0
641a6056ffe7742a915acab0037cc1e5  /scratch/users/vsochat/data/Reference/Homo_sapiens.GRCh38.dna.primary_assembly.fa.sdf/seqdata1
b217aba6fe3ce611203a6c2248c34883  /scratch/users/vsochat/data/Reference/Homo_sapiens.GRCh38.dna.primary_assembly.fa.sdf/seqpointer2
43aff7e00d9a3f555ab10dae0e276b38  /scratch/users/vsochat/data/Reference/Homo_sapiens.GRCh38.dna.primary_assembly.fa.sdf/suffixpointer0
255eef0bc7d49d9dff437bb548a6cbe4  /scratch/users/vsochat/data/Reference/Homo_sapiens.GRCh38.dna.primary_assembly.fa.sdf/seqpointer1
3cde02f316e6a1a82c179466be9bb496  /scratch/users/vsochat/data/Reference/Homo_sapiens.GRCh38.dna.primary_assembly.fa.sdf/seqdata0
80b1259ad361cec9500ec0795ab7400b  /scratch/users/vsochat/data/RTG/HG002.2.10M.fastq.gz
c511059d439fdeb27686797c1d90b9c9  /scratch/users/vsochat/data/RTG/container.trio/summary.txt
1dfc226dc6e77e4e4f8e00d7c29c241a  /scratch/users/vsochat/data/RTG/container.trio/regions.bed.gz
0b511ad445dddd6dd03655696ca095c4  /scratch/users/vsochat/data/RTG/container.trio/index.html
85bc5ae73467a858802aba720ea3a70b  /scratch/users/vsochat/data/RTG/container.trio/regions.bed.gz.tbi
8e76d46c936dd3dc47a3f9e783a7401d  /scratch/users/vsochat/data/RTG/container.trio/progress
4f55c882c994168e063e968c9e127ce8  /scratch/users/vsochat/data/RTG/container.trio/snps.vcf.gz
b10b206c6552f64702ee0715f515bb48  /scratch/users/vsochat/data/RTG/container.trio/done
cc92ee5cda3cd3c5da86a9b9d19e15e8  /scratch/users/vsochat/data/RTG/container.trio/family.log
4e1b62616be8e7397a9322f69cc0553c  /scratch/users/vsochat/data/RTG/container.trio/snps.vcf.gz.tbi
5af39e216b7fe8959553818ed53dbba9  /scratch/users/vsochat/data/RTG/container.trio/index_files/rtg.css
5f8da56f2cd3dea05e15be5d55fea548  /scratch/users/vsochat/data/RTG/container.trio/index_files/rtg_logo.png
b99167b1a1f2f461a5b7a7c970749101  /scratch/users/vsochat/data/RTG/container.trio/index_files/table.css
6247f284fb582a8528eb8c35220c4e0e  /scratch/users/vsochat/data/RTG/container.HG002/summary.txt
bf83b393c00ea3aa4b5d5b14a3162ead  /scratch/users/vsochat/data/RTG/container.HG002/index.html
e8f9ecea5cb536c70a1f9cff71f18345  /scratch/users/vsochat/data/RTG/container.HG002/rgstats.tsv
2a9b3768cd14c68d2b7ed426cac3b3db  /scratch/users/vsochat/data/RTG/container.HG002/alignments.bam.calibration
eb46612b8d3952691f2dea2a06658b0e  /scratch/users/vsochat/data/RTG/container.HG002/progress
279db4dbe0f51bc85326890a8f996036  /scratch/users/vsochat/data/RTG/container.HG002/done
e1cf6e04bab3189a9350653d5b303067  /scratch/users/vsochat/data/RTG/container.HG002/alignments.bam.bai
bf45e703536f4ea750bd4da86f305345  /scratch/users/vsochat/data/RTG/container.HG002/map.log
da24fa86fa2046a12589ecd69628e33d  /scratch/users/vsochat/data/RTG/container.HG002/alignments.bam
24a7d09f9748fed67b9767fca056ecc0  /scratch/users/vsochat/data/RTG/container.HG002/reportdata.tsv
9d3273cf21e48fa5095c4a0991015198  /scratch/users/vsochat/data/RTG/container.HG002/index_files/Alignment-Score-Distribution-(Mated-Only).png
15a1f3502f07d3d12b9979a171c70f8f  /scratch/users/vsochat/data/RTG/container.HG002/index_files/Fragment-Length-Distribution.png
d895aa5fb1f18640abb64f091709f0f3  /scratch/users/vsochat/data/RTG/container.HG002/index_files/Mapping-Quality-(MAPQ)-Distribution.png
5af39e216b7fe8959553818ed53dbba9  /scratch/users/vsochat/data/RTG/container.HG002/index_files/rtg.css
5f8da56f2cd3dea05e15be5d55fea548  /scratch/users/vsochat/data/RTG/container.HG002/index_files/rtg_logo.png
a1756fd4fc5fa73f74437a11f5cb02d2  /scratch/users/vsochat/data/RTG/container.HG002/index_files/Alignment-Score-Distribution-(Unmated-Only).png
206739a868e248274363bc8afe54ab26  /scratch/users/vsochat/data/RTG/container.HG004/summary.txt
1785cd7246de30674454eb22a415c27e  /scratch/users/vsochat/data/RTG/container.HG004/index.html
c287af3692b5c5bee7db8ce922aa67fe  /scratch/users/vsochat/data/RTG/container.HG004/rgstats.tsv
c67d5fb16d3ea6548696d1106751cb17  /scratch/users/vsochat/data/RTG/container.HG004/alignments.bam.calibration
e275d58bad6ac5ff9993be8ba4652299  /scratch/users/vsochat/data/RTG/container.HG004/progress
c44c8f7c394ef2a1af8dda8dff259d9e  /scratch/users/vsochat/data/RTG/container.HG004/done
81b29d72861019994b03a36da3588271  /scratch/users/vsochat/data/RTG/container.HG004/alignments.bam.bai
9934e2e7b567d9d23f2d68f0cdbaf544  /scratch/users/vsochat/data/RTG/container.HG004/map.log
a9f19753bc3d0746de76bad423b6b892  /scratch/users/vsochat/data/RTG/container.HG004/alignments.bam
7860de7de6124e0e43d1c83de909aadf  /scratch/users/vsochat/data/RTG/container.HG004/reportdata.tsv
62480330b760d1a957dfa4297aae3aa7  /scratch/users/vsochat/data/RTG/container.HG004/index_files/Alignment-Score-Distribution-(Mated-Only).png
8f26146a93b409ebf1a303ff13c26766  /scratch/users/vsochat/data/RTG/container.HG004/index_files/Fragment-Length-Distribution.png
cc90abbe237aeffb12021c81f7c9ae15  /scratch/users/vsochat/data/RTG/container.HG004/index_files/Mapping-Quality-(MAPQ)-Distribution.png
5af39e216b7fe8959553818ed53dbba9  /scratch/users/vsochat/data/RTG/container.HG004/index_files/rtg.css
5f8da56f2cd3dea05e15be5d55fea548  /scratch/users/vsochat/data/RTG/container.HG004/index_files/rtg_logo.png
5fc8a32c64432b6923287cf8dadd9d8d  /scratch/users/vsochat/data/RTG/container.HG004/index_files/Alignment-Score-Distribution-(Unmated-Only).png
40e47a6000ec5e6bcf5612bb92801896  /scratch/users/vsochat/data/RTG/HG003.2.10M.fastq.gz
f63902aa224ba2ba4a4d860c099630f1  /scratch/users/vsochat/data/RTG/HG002.1.10M.fastq.gz
52807e0d569962033f8a87470e373c18  /scratch/users/vsochat/data/RTG/HG004.1.10M.fastq.gz
3df1c251d6be508f28f76a562a393d4b  /scratch/users/vsochat/data/RTG/HG003.1.10M.fastq.gz
94ef316c4fc8ac0dc67dbe6a061d62a2  /scratch/users/vsochat/data/RTG/container.HG003/summary.txt
362f63c0e80b7276fc417ca415fe0b35  /scratch/users/vsochat/data/RTG/container.HG003/index.html
64c06c68f97aac19eb24bbb80fc0bce0  /scratch/users/vsochat/data/RTG/container.HG003/rgstats.tsv
eb59c741f401fe0288f81c3c307bd99a  /scratch/users/vsochat/data/RTG/container.HG003/alignments.bam.calibration
cd2ccd1771c507acaa289cd37aa82aab  /scratch/users/vsochat/data/RTG/container.HG003/progress
df50db91b3c4fb8ddbcea36801a5948b  /scratch/users/vsochat/data/RTG/container.HG003/done
fa1e9a623ffb8ac43e68596e782eae64  /scratch/users/vsochat/data/RTG/container.HG003/alignments.bam.bai
affbb54cc58a2fc70a1521c61199a33a  /scratch/users/vsochat/data/RTG/container.HG003/map.log
fd35c8eda84e81a8b42d1882cb99a2c9  /scratch/users/vsochat/data/RTG/container.HG003/alignments.bam
d8a52e9555802612091634b183e8ced8  /scratch/users/vsochat/data/RTG/container.HG003/reportdata.tsv
e1e3b86a8bc816e9aea7cb9327b76668  /scratch/users/vsochat/data/RTG/container.HG003/index_files/Alignment-Score-Distribution-(Mated-Only).png
1bdffd1b3f442bd9b3169fd5e6b99df8  /scratch/users/vsochat/data/RTG/container.HG003/index_files/Fragment-Length-Distribution.png
1cc5a2043e6b4bc5ebf86f4b44ad6521  /scratch/users/vsochat/data/RTG/container.HG003/index_files/Mapping-Quality-(MAPQ)-Distribution.png
5af39e216b7fe8959553818ed53dbba9  /scratch/users/vsochat/data/RTG/container.HG003/index_files/rtg.css
5f8da56f2cd3dea05e15be5d55fea548  /scratch/users/vsochat/data/RTG/container.HG003/index_files/rtg_logo.png
3d584369b26d1d7d8b4ef1581e741bc1  /scratch/users/vsochat/data/RTG/container.HG003/index_files/Alignment-Score-Distribution-(Unmated-Only).png
f682b3291dd57d1c92cfd58bf05db53f  /scratch/users/vsochat/data/RTG/HG004.2.10M.fastq.gz
c41e2726845db1e6d26a3f75cd670654  /scratch/users/vsochat/data/Kallisto/rna/bs_abundance_30.tsv
2aed27e9937e95895992060048186d01  /scratch/users/vsochat/data/Kallisto/rna/bs_abundance_38.tsv
4ed039eae162fee99c93a2a8e713ab70  /scratch/users/vsochat/data/Kallisto/rna/bs_abundance_93.tsv
903062f20c0c1172445c19c8a8cb9ede  /scratch/users/vsochat/data/Kallisto/rna/bs_abundance_55.tsv
9495a55cbb7399d2b5a11ca046d16c82  /scratch/users/vsochat/data/Kallisto/rna/bs_abundance_17.tsv
dcb8c6aae14d75d92e60a313800fb37e  /scratch/users/vsochat/data/Kallisto/rna/bs_abundance_52.tsv
0e79f906436d05c80d2feb6181424720  /scratch/users/vsochat/data/Kallisto/rna/bs_abundance_82.tsv
f1c35aacbf9415a434338f1447b62ff3  /scratch/users/vsochat/data/Kallisto/rna/bs_abundance_33.tsv
74c85df2aa9b32dabc431e21a453c33b  /scratch/users/vsochat/data/Kallisto/rna/bs_abundance_57.tsv
f84e6144ba2942612136fd673a60fa0a  /scratch/users/vsochat/data/Kallisto/rna/bs_abundance_46.tsv
c2cd7feee77d34fb330b01b286005876  /scratch/users/vsochat/data/Kallisto/rna/bs_abundance_53.tsv
4fa6a0b9750e49cb3cd3ad91f90e5405  /scratch/users/vsochat/data/Kallisto/rna/bs_abundance_44.tsv
2c63c2b4d2eabba4dd80382f244a6e84  /scratch/users/vsochat/data/Kallisto/rna/bs_abundance_78.tsv
e8bc24b5360016aa892bd9377ccebfdd  /scratch/users/vsochat/data/Kallisto/rna/bs_abundance_6.tsv
15e0a06285dfb273d8c8a504703fcb9d  /scratch/users/vsochat/data/Kallisto/rna/bs_abundance_74.tsv
581f27eedefdf1452da96e7374f76a6c  /scratch/users/vsochat/data/Kallisto/rna/bs_abundance_96.tsv
331cef3742c096a42160923ea3fd8509  /scratch/users/vsochat/data/Kallisto/rna/bs_abundance_89.tsv
c2a17ed5268f02add93061fac8276775  /scratch/users/vsochat/data/Kallisto/rna/bs_abundance_66.tsv
22e225fd4d94e02d05a16107459ffc9a  /scratch/users/vsochat/data/Kallisto/rna/bs_abundance_5.tsv
360ef5d480814051888f1ee2efb2d4f9  /scratch/users/vsochat/data/Kallisto/rna/bs_abundance_71.tsv
d4f846972f2f39662c9783285d49b951  /scratch/users/vsochat/data/Kallisto/rna/bs_abundance_91.tsv
87c269e8c7efc9089452227f0ebf5a5f  /scratch/users/vsochat/data/Kallisto/rna/bs_abundance_12.tsv
cc7527dd1ac2296e01a764f564efee90  /scratch/users/vsochat/data/Kallisto/rna/bs_abundance_14.tsv
4be1f9e076997cd6e2b9bc6ac2fa71e1  /scratch/users/vsochat/data/Kallisto/rna/bs_abundance_36.tsv
e982603b2b835360544a92ec18a209b2  /scratch/users/vsochat/data/Kallisto/rna/bs_abundance_9.tsv
08139e9af3843ee040f7aea4f1a7e337  /scratch/users/vsochat/data/Kallisto/rna/bs_abundance_63.tsv
347bd839a65ab06c7ab9d83648c2644f  /scratch/users/vsochat/data/Kallisto/rna/bs_abundance_62.tsv
1b83d8367e7bbee61dbf92889bd3f0c0  /scratch/users/vsochat/data/Kallisto/rna/bs_abundance_85.tsv
cff4120b9d45b9620bd98623d1006b59  /scratch/users/vsochat/data/Kallisto/rna/bs_abundance_70.tsv
953d33c761d47c513e7cbf2f71b928dd  /scratch/users/vsochat/data/Kallisto/rna/bs_abundance_22.tsv
a57d17a1386b17b806477dfe3a1ed37d  /scratch/users/vsochat/data/Kallisto/rna/bs_abundance_21.tsv
9ab98dfe69c189c1f95eb24d591bd19f  /scratch/users/vsochat/data/Kallisto/rna/bs_abundance_97.tsv
f1c8f89261e45afc71c3893bab2688f6  /scratch/users/vsochat/data/Kallisto/rna/bs_abundance_31.tsv
507433b399de8cd24c9013499d40bf07  /scratch/users/vsochat/data/Kallisto/rna/bs_abundance_16.tsv
481feaa39069ce830c6c4be332f5551c  /scratch/users/vsochat/data/Kallisto/rna/bs_abundance_59.tsv
bec265d34d27008cef78b8dffa54c543  /scratch/users/vsochat/data/Kallisto/rna/bs_abundance_34.tsv
4e9aba848a1b4cd52f3473bc3d0d1ce0  /scratch/users/vsochat/data/Kallisto/rna/bs_abundance_64.tsv
fec341da03ab4f6124af4b138cb1284c  /scratch/users/vsochat/data/Kallisto/rna/bs_abundance_47.tsv
2b4d563d3c5c8c5fda2f41e8850037c2  /scratch/users/vsochat/data/Kallisto/rna/bs_abundance_69.tsv
8cdd3b37fbba6fce4250158710ee91f4  /scratch/users/vsochat/data/Kallisto/rna/bs_abundance_72.tsv
07c60b3673b9e63aaae652b216f83684  /scratch/users/vsochat/data/Kallisto/rna/bs_abundance_41.tsv
11ff9de62da99f642fa4a9b59c6c0b95  /scratch/users/vsochat/data/Kallisto/rna/run_info.json
af39ea64024038acac7ca88cb58910ee  /scratch/users/vsochat/data/Kallisto/rna/bs_abundance_51.tsv
85509dbe7b4c8f46f60a2a080871c3a4  /scratch/users/vsochat/data/Kallisto/rna/bs_abundance_58.tsv
88f17a342fe0271dabdb2f4b1aab1b52  /scratch/users/vsochat/data/Kallisto/rna/bs_abundance_18.tsv
868031662f5812a0938c8ee43d0c401a  /scratch/users/vsochat/data/Kallisto/rna/bs_abundance_15.tsv
a9b186a24e148be16285237bb47b2851  /scratch/users/vsochat/data/Kallisto/rna/bs_abundance_68.tsv
405829e98e64d244a3eb8434f4e10ee5  /scratch/users/vsochat/data/Kallisto/rna/bs_abundance_29.tsv
8c984dbd83ca186f5a2c32337a92b69f  /scratch/users/vsochat/data/Kallisto/rna/bs_abundance_27.tsv
869a548dfc939778e40f6399d651b363  /scratch/users/vsochat/data/Kallisto/rna/bs_abundance_32.tsv
766a2baec655512fb8285313adfb6927  /scratch/users/vsochat/data/Kallisto/rna/bs_abundance_3.tsv
819239f39dec267d3ae4adc4f8df16b1  /scratch/users/vsochat/data/Kallisto/rna/bs_abundance_75.tsv
93473be21417054089e035fb24d8c0e9  /scratch/users/vsochat/data/Kallisto/rna/bs_abundance_83.tsv
68a7acaacb585cfeda1d8a97b2e4c09b  /scratch/users/vsochat/data/Kallisto/rna/bs_abundance_65.tsv
640f816e60c0c05ac03caefff4ab9a7f  /scratch/users/vsochat/data/Kallisto/rna/bs_abundance_50.tsv
413c5e14fb94fb57e1995cff6fe1e650  /scratch/users/vsochat/data/Kallisto/rna/bs_abundance_4.tsv
e95c888121a9acf1c9209456423f56fd  /scratch/users/vsochat/data/Kallisto/rna/bs_abundance_77.tsv
b17c71faabeb24f13d8cb24a35190624  /scratch/users/vsochat/data/Kallisto/rna/bs_abundance_61.tsv
25347da9a54825a1a59b82a85d89fd66  /scratch/users/vsochat/data/Kallisto/rna/bs_abundance_87.tsv
cbb503d7fa03441e212a50fd26dcda35  /scratch/users/vsochat/data/Kallisto/rna/bs_abundance_45.tsv
339e14676449ae11e5b4bf3dc4dcdc99  /scratch/users/vsochat/data/Kallisto/rna/bs_abundance_35.tsv
1f85030d008406c67ebc1b0e88717eab  /scratch/users/vsochat/data/Kallisto/rna/bs_abundance_90.tsv
1bb0ec083fcf9a107a710c0a2c47777e  /scratch/users/vsochat/data/Kallisto/rna/abundance.tsv
7117c29106f4530de0b141e1de46cb87  /scratch/users/vsochat/data/Kallisto/rna/bs_abundance_49.tsv
6b5723374984566fdcda31467a67e530  /scratch/users/vsochat/data/Kallisto/rna/bs_abundance_86.tsv
4c1a583e50463914744161e929f3374a  /scratch/users/vsochat/data/Kallisto/rna/bs_abundance_37.tsv
336e82f80c4ab79588ae47d5125d7549  /scratch/users/vsochat/data/Kallisto/rna/bs_abundance_20.tsv
190ffe1301bda9700f2a54f3b8a51adc  /scratch/users/vsochat/data/Kallisto/rna/bs_abundance_84.tsv
ce136e2a55a7a036bfdfed68e97a05fc  /scratch/users/vsochat/data/Kallisto/rna/bs_abundance_2.tsv
21af74fc08c599f582c742edfb006158  /scratch/users/vsochat/data/Kallisto/rna/bs_abundance_39.tsv
bd7df052793539656ac2d41b133cf2cc  /scratch/users/vsochat/data/Kallisto/rna/bs_abundance_67.tsv
f9cc8d0b2632adb1cc50ef40cf2984ba  /scratch/users/vsochat/data/Kallisto/rna/bs_abundance_56.tsv
9296550eef6ce6091d8a6997e8d73711  /scratch/users/vsochat/data/Kallisto/rna/bs_abundance_80.tsv
7ef6fab9b5f4b01f219be9391cbcdd9e  /scratch/users/vsochat/data/Kallisto/rna/bs_abundance_88.tsv
73bf381c39af6e6d3b451849f0436695  /scratch/users/vsochat/data/Kallisto/rna/bs_abundance_26.tsv
9a93ff763da518375701ab1f14ef90bd  /scratch/users/vsochat/data/Kallisto/rna/bs_abundance_48.tsv
0772a43c746f2679e8ecf9b2de5824c1  /scratch/users/vsochat/data/Kallisto/rna/bs_abundance_11.tsv
3380f23859bb3640102a7b5eb87351cf  /scratch/users/vsochat/data/Kallisto/rna/bs_abundance_42.tsv
f4d31c3867b30e6426a4f87a4bee1228  /scratch/users/vsochat/data/Kallisto/rna/bs_abundance_25.tsv
1365006a4ed118d338e9482ceaae6ad9  /scratch/users/vsochat/data/Kallisto/rna/bs_abundance_94.tsv
2231a1f4d10753517fbb2ab2d8e84926  /scratch/users/vsochat/data/Kallisto/rna/bs_abundance_13.tsv
14a4f139f6ab9410679bb90a6464e5e4  /scratch/users/vsochat/data/Kallisto/rna/bs_abundance_54.tsv
b5a4f7c4300ecc8a5181a15b0cb3895e  /scratch/users/vsochat/data/Kallisto/rna/bs_abundance_10.tsv
35836ca657ffe9ea16a5877ced0955f0  /scratch/users/vsochat/data/Kallisto/rna/bs_abundance_60.tsv
9ee31b01841995bdd61279e35fcbe1bd  /scratch/users/vsochat/data/Kallisto/rna/bs_abundance_40.tsv
3c0e9e88a95ef0a0a0eec757f2ea10e0  /scratch/users/vsochat/data/Kallisto/rna/bs_abundance_81.tsv
81cb22ec26e04a3b4fd767e26a9eb2e7  /scratch/users/vsochat/data/Kallisto/rna/bs_abundance_76.tsv
943007b4294d7f7b9ed3eb3ce2a5b375  /scratch/users/vsochat/data/Kallisto/rna/bs_abundance_92.tsv
7542d47a3cb0d6917c854a380a10de2b  /scratch/users/vsochat/data/Kallisto/rna/bs_abundance_24.tsv
b372c7781ffdf6cc74f3462121be2061  /scratch/users/vsochat/data/Kallisto/rna/bs_abundance_73.tsv
ee27454ea6e715b9c7e8201c610fc724  /scratch/users/vsochat/data/Kallisto/rna/bs_abundance_98.tsv
6ef842ca8ab124ff7251450985c74b07  /scratch/users/vsochat/data/Kallisto/rna/bs_abundance_8.tsv
025aaa00f536f08795d6eda575f9cbac  /scratch/users/vsochat/data/Kallisto/rna/bs_abundance_28.tsv
f80455715a6fecf639b9cabde1994575  /scratch/users/vsochat/data/Kallisto/rna/bs_abundance_79.tsv
88f610b15a66ce186105f6b423b27bb0  /scratch/users/vsochat/data/Kallisto/rna/bs_abundance_19.tsv
52ccacf090307be1300fc5292a058bd1  /scratch/users/vsochat/data/Kallisto/rna/bs_abundance_23.tsv
203e04dbf65c3c9941f21b2e6ad74a01  /scratch/users/vsochat/data/Kallisto/rna/bs_abundance_43.tsv
e192660991f5c0b744dddce37aeb1de9  /scratch/users/vsochat/data/Kallisto/rna/bs_abundance_7.tsv
8aa5f13046d43472b68c732f373b5a78  /scratch/users/vsochat/data/Kallisto/rna/bs_abundance_0.tsv
ac00ac7b9a833490fe4e5b6a005dc2f1  /scratch/users/vsochat/data/Kallisto/rna/bs_abundance_95.tsv
900b451f714287360d82182c1bca2457  /scratch/users/vsochat/data/Kallisto/rna/bs_abundance_99.tsv
d6d2b2910a9c3c0abe0d8e96027fb82d  /scratch/users/vsochat/data/Kallisto/rna/bs_abundance_1.tsv
ba7ae4d6feca2c4dd4f4c6b36de6562d  /scratch/users/vsochat/data/Fastq/dna_1.fq.gz
dd30a438785c9d4c4a1927b76d94e2db  /scratch/users/vsochat/data/Fastq/GM12878_2x75_split.tgz
a8c6c8fc54ae4c3d249c03f55aba535a  /scratch/users/vsochat/data/Fastq/GM12878_2x75_split/GM12878_2x75_rep1.lane1_2.fq
0e96edce129ab015a2ff3a7674ea1489  /scratch/users/vsochat/data/Fastq/GM12878_2x75_split/GM12878_2x75_rep1.lane1_1.fq
351b6d669177af43b30ff837e41ca755  /scratch/users/vsochat/data/Fastq/GM12878_2x75_split/GM12878_2x75_rep2.lane1_1.fq
4e075115c63de543d1a477c7a9f65c1a  /scratch/users/vsochat/data/Fastq/GM12878_2x75_split/GM12878_2x75_rep1.lane3_2.fq
d61811dd0130e8e8e74121c42f84e263  /scratch/users/vsochat/data/Fastq/GM12878_2x75_split/GM12878_2x75_rep1.lane2_2.fq
ae3e19c7fa1d4c6f1c40356899e4e79e  /scratch/users/vsochat/data/Fastq/GM12878_2x75_split/GM12878_2x75_rep2.lane1_2.fq
aa86bb092fca8561b92815d8ebef35c4  /scratch/users/vsochat/data/Fastq/GM12878_2x75_split/GM12878_2x75_rep2.lane2_1.fq
551997746348810242925f05783e183a  /scratch/users/vsochat/data/Fastq/GM12878_2x75_split/GM12878_2x75_rep1.lane2_1.fq
63bfed5d4e958017c1a441bbf8964664  /scratch/users/vsochat/data/Fastq/GM12878_2x75_split/GM12878_2x75_rep1.lane3_1.fq
299a0a851413597785595f06281eac6e  /scratch/users/vsochat/data/Fastq/GM12878_2x75_split/GM12878_2x75_rep2.lane2_2.fq
7d539e34dcfe27e9339c86a3a891f226  /scratch/users/vsochat/data/Fastq/rna_2.fq.gz
854dc143702332c4c1ab25826becffa6  /scratch/users/vsochat/data/Fastq/rna_1.fq
4dad6dcf95176ed429167aa0aab4849e  /scratch/users/vsochat/data/Fastq/dna_2.fq.gz
47b3702af8bb940890664c74eb24e6ff  /scratch/users/vsochat/data/Fastq/rna_1.fq.gz
3a952f1455200d958b33f658abf4f7e0  /scratch/users/vsochat/data/Fastq/rna_2.fq
a8261eee73cbcd335edc2943cd72cf23  /scratch/users/vsochat/data/Bam/container.bam
