1e994d85cd94033d350a201e0f3c6b4b  /scratch/users/vsochat/data/analysis.img
d0c1782ecde72a7eb671336db7ff7733  /scratch/users/vsochat/data/Reference/gencode.v25.transcripts.fa
8db7bf4b21f0e11eebb0dda6b1128b84  /scratch/users/vsochat/data/Reference/Homo_sapiens.GRCh38.dna.primary_assembly.fa.bwt
6059c253ce2432bde7553846bfb4c18f  /scratch/users/vsochat/data/Reference/Homo_sapiens.GRCh38.dna.primary_assembly.fa.ann
358e44170f2729f732045ac3993362f8  /scratch/users/vsochat/data/Reference/kallisto_index
4a46c297bfc0b29cb2f7eefedc360556  /scratch/users/vsochat/data/Reference/Homo_sapiens.GRCh38.dna.primary_assembly.fa.amb
9e6b9465dc708d92bf6d67e9c9fa9389  /scratch/users/vsochat/data/Reference/Homo_sapiens.GRCh38.dna.primary_assembly.fa
30bda345ff201f40aff5af7f8c8552e9  /scratch/users/vsochat/data/Reference/Homo_sapiens.GRCh38.dna.primary_assembly.fa.sa
0c81559f3cc600af2e79ac7dfb5a30c7  /scratch/users/vsochat/data/Reference/Homo_sapiens.GRCh38.dna.primary_assembly.fa.pac
b4457c1c172f2de9c59e8d239e05c810  /scratch/users/vsochat/data/Reference/Homo_sapiens.GRCh38.dna.primary_assembly.fa.sdf/seqdata2
559538619cd56035a11edfc9bed85445  /scratch/users/vsochat/data/Reference/Homo_sapiens.GRCh38.dna.primary_assembly.fa.sdf/summary.txt
a308f744d1f9511f1278d14ef08b0b73  /scratch/users/vsochat/data/Reference/Homo_sapiens.GRCh38.dna.primary_assembly.fa.sdf/suffixIndex0
65419fe7c5af016746918bf5e2fdccca  /scratch/users/vsochat/data/Reference/Homo_sapiens.GRCh38.dna.primary_assembly.fa.sdf/nameIndex0
87676759368f792ebbe8f82698c43d65  /scratch/users/vsochat/data/Reference/Homo_sapiens.GRCh38.dna.primary_assembly.fa.sdf/seqpointer3
a8eb0bed6f9529a940ac05eae457adc6  /scratch/users/vsochat/data/Reference/Homo_sapiens.GRCh38.dna.primary_assembly.fa.sdf/namepointer0
5e977412c38097b01b448292c8fcc48c  /scratch/users/vsochat/data/Reference/Homo_sapiens.GRCh38.dna.primary_assembly.fa.sdf/sequenceIndex0
ac8817dea26a91365a7c7531c60ccb63  /scratch/users/vsochat/data/Reference/Homo_sapiens.GRCh38.dna.primary_assembly.fa.sdf/namedata0
a48e0a1c2808083b2c0dff38a88fd9d0  /scratch/users/vsochat/data/Reference/Homo_sapiens.GRCh38.dna.primary_assembly.fa.sdf/seqdata3
549e15d4277b80bcb09139d0f1ea132f  /scratch/users/vsochat/data/Reference/Homo_sapiens.GRCh38.dna.primary_assembly.fa.sdf/seqpointer0
b74000dfbed63d264bcb5b7065444677  /scratch/users/vsochat/data/Reference/Homo_sapiens.GRCh38.dna.primary_assembly.fa.sdf/format.log
b6a623c3db331a8ca0efa6dc53f0fe82  /scratch/users/vsochat/data/Reference/Homo_sapiens.GRCh38.dna.primary_assembly.fa.sdf/progress
3bae715424e28a8e121cccfe74cff778  /scratch/users/vsochat/data/Reference/Homo_sapiens.GRCh38.dna.primary_assembly.fa.sdf/mainIndex
97a273205ef6131da6c4fee085197b74  /scratch/users/vsochat/data/Reference/Homo_sapiens.GRCh38.dna.primary_assembly.fa.sdf/done
8b940a7ac3e9c67072d66dd3d014f174  /scratch/users/vsochat/data/Reference/Homo_sapiens.GRCh38.dna.primary_assembly.fa.sdf/suffixdata0
641a6056ffe7742a915acab0037cc1e5  /scratch/users/vsochat/data/Reference/Homo_sapiens.GRCh38.dna.primary_assembly.fa.sdf/seqdata1
b217aba6fe3ce611203a6c2248c34883  /scratch/users/vsochat/data/Reference/Homo_sapiens.GRCh38.dna.primary_assembly.fa.sdf/seqpointer2
43aff7e00d9a3f555ab10dae0e276b38  /scratch/users/vsochat/data/Reference/Homo_sapiens.GRCh38.dna.primary_assembly.fa.sdf/suffixpointer0
255eef0bc7d49d9dff437bb548a6cbe4  /scratch/users/vsochat/data/Reference/Homo_sapiens.GRCh38.dna.primary_assembly.fa.sdf/seqpointer1
3cde02f316e6a1a82c179466be9bb496  /scratch/users/vsochat/data/Reference/Homo_sapiens.GRCh38.dna.primary_assembly.fa.sdf/seqdata0
80b1259ad361cec9500ec0795ab7400b  /scratch/users/vsochat/data/RTG/HG002.2.10M.fastq.gz
c511059d439fdeb27686797c1d90b9c9  /scratch/users/vsochat/data/RTG/container.trio/summary.txt
1dfc226dc6e77e4e4f8e00d7c29c241a  /scratch/users/vsochat/data/RTG/container.trio/regions.bed.gz
0b511ad445dddd6dd03655696ca095c4  /scratch/users/vsochat/data/RTG/container.trio/index.html
85bc5ae73467a858802aba720ea3a70b  /scratch/users/vsochat/data/RTG/container.trio/regions.bed.gz.tbi
8ac2c362db70a9a04bb80f02249cfaaa  /scratch/users/vsochat/data/RTG/container.trio/progress
db9036bc39ac173ef95be596bcb9b67a  /scratch/users/vsochat/data/RTG/container.trio/snps.vcf.gz
4e7e711c5b7c8967d8ed0fc52278d4f8  /scratch/users/vsochat/data/RTG/container.trio/done
aa834bba225012bc2109861afb8dbbcc  /scratch/users/vsochat/data/RTG/container.trio/family.log
9ed3b9f936b8132fae317008aba17792  /scratch/users/vsochat/data/RTG/container.trio/snps.vcf.gz.tbi
5af39e216b7fe8959553818ed53dbba9  /scratch/users/vsochat/data/RTG/container.trio/index_files/rtg.css
5f8da56f2cd3dea05e15be5d55fea548  /scratch/users/vsochat/data/RTG/container.trio/index_files/rtg_logo.png
b99167b1a1f2f461a5b7a7c970749101  /scratch/users/vsochat/data/RTG/container.trio/index_files/table.css
6247f284fb582a8528eb8c35220c4e0e  /scratch/users/vsochat/data/RTG/container.HG002/summary.txt
bf83b393c00ea3aa4b5d5b14a3162ead  /scratch/users/vsochat/data/RTG/container.HG002/index.html
e8f9ecea5cb536c70a1f9cff71f18345  /scratch/users/vsochat/data/RTG/container.HG002/rgstats.tsv
2a9b3768cd14c68d2b7ed426cac3b3db  /scratch/users/vsochat/data/RTG/container.HG002/alignments.bam.calibration
de1bbb71afdf61ed4789c1eb41f5c3d7  /scratch/users/vsochat/data/RTG/container.HG002/progress
253c9de97773a0ba04550849dd115358  /scratch/users/vsochat/data/RTG/container.HG002/done
e1cf6e04bab3189a9350653d5b303067  /scratch/users/vsochat/data/RTG/container.HG002/alignments.bam.bai
49c6df5c9b3154e6871aca9cfcd86f07  /scratch/users/vsochat/data/RTG/container.HG002/map.log
d5e3de28756f0bd2d944bd493c1eedea  /scratch/users/vsochat/data/RTG/container.HG002/alignments.bam
24a7d09f9748fed67b9767fca056ecc0  /scratch/users/vsochat/data/RTG/container.HG002/reportdata.tsv
9d3273cf21e48fa5095c4a0991015198  /scratch/users/vsochat/data/RTG/container.HG002/index_files/Alignment-Score-Distribution-(Mated-Only).png
15a1f3502f07d3d12b9979a171c70f8f  /scratch/users/vsochat/data/RTG/container.HG002/index_files/Fragment-Length-Distribution.png
d895aa5fb1f18640abb64f091709f0f3  /scratch/users/vsochat/data/RTG/container.HG002/index_files/Mapping-Quality-(MAPQ)-Distribution.png
5af39e216b7fe8959553818ed53dbba9  /scratch/users/vsochat/data/RTG/container.HG002/index_files/rtg.css
5f8da56f2cd3dea05e15be5d55fea548  /scratch/users/vsochat/data/RTG/container.HG002/index_files/rtg_logo.png
a1756fd4fc5fa73f74437a11f5cb02d2  /scratch/users/vsochat/data/RTG/container.HG002/index_files/Alignment-Score-Distribution-(Unmated-Only).png
206739a868e248274363bc8afe54ab26  /scratch/users/vsochat/data/RTG/container.HG004/summary.txt
1785cd7246de30674454eb22a415c27e  /scratch/users/vsochat/data/RTG/container.HG004/index.html
c287af3692b5c5bee7db8ce922aa67fe  /scratch/users/vsochat/data/RTG/container.HG004/rgstats.tsv
c67d5fb16d3ea6548696d1106751cb17  /scratch/users/vsochat/data/RTG/container.HG004/alignments.bam.calibration
c042be5cac81cf6899cbcb8289b2eeff  /scratch/users/vsochat/data/RTG/container.HG004/progress
2d364850cfde64089ac879ff7057044b  /scratch/users/vsochat/data/RTG/container.HG004/done
81b29d72861019994b03a36da3588271  /scratch/users/vsochat/data/RTG/container.HG004/alignments.bam.bai
abbda29432dc02abfb52992ee334f7e8  /scratch/users/vsochat/data/RTG/container.HG004/map.log
91592616fcd9794ccb1fa1bc00a9db4c  /scratch/users/vsochat/data/RTG/container.HG004/alignments.bam
7860de7de6124e0e43d1c83de909aadf  /scratch/users/vsochat/data/RTG/container.HG004/reportdata.tsv
62480330b760d1a957dfa4297aae3aa7  /scratch/users/vsochat/data/RTG/container.HG004/index_files/Alignment-Score-Distribution-(Mated-Only).png
8f26146a93b409ebf1a303ff13c26766  /scratch/users/vsochat/data/RTG/container.HG004/index_files/Fragment-Length-Distribution.png
cc90abbe237aeffb12021c81f7c9ae15  /scratch/users/vsochat/data/RTG/container.HG004/index_files/Mapping-Quality-(MAPQ)-Distribution.png
5af39e216b7fe8959553818ed53dbba9  /scratch/users/vsochat/data/RTG/container.HG004/index_files/rtg.css
5f8da56f2cd3dea05e15be5d55fea548  /scratch/users/vsochat/data/RTG/container.HG004/index_files/rtg_logo.png
5fc8a32c64432b6923287cf8dadd9d8d  /scratch/users/vsochat/data/RTG/container.HG004/index_files/Alignment-Score-Distribution-(Unmated-Only).png
40e47a6000ec5e6bcf5612bb92801896  /scratch/users/vsochat/data/RTG/HG003.2.10M.fastq.gz
f63902aa224ba2ba4a4d860c099630f1  /scratch/users/vsochat/data/RTG/HG002.1.10M.fastq.gz
52807e0d569962033f8a87470e373c18  /scratch/users/vsochat/data/RTG/HG004.1.10M.fastq.gz
3df1c251d6be508f28f76a562a393d4b  /scratch/users/vsochat/data/RTG/HG003.1.10M.fastq.gz
94ef316c4fc8ac0dc67dbe6a061d62a2  /scratch/users/vsochat/data/RTG/container.HG003/summary.txt
362f63c0e80b7276fc417ca415fe0b35  /scratch/users/vsochat/data/RTG/container.HG003/index.html
64c06c68f97aac19eb24bbb80fc0bce0  /scratch/users/vsochat/data/RTG/container.HG003/rgstats.tsv
eb59c741f401fe0288f81c3c307bd99a  /scratch/users/vsochat/data/RTG/container.HG003/alignments.bam.calibration
ba330d4b8d426933d07a910dc98b8e60  /scratch/users/vsochat/data/RTG/container.HG003/progress
c44c8f7c394ef2a1af8dda8dff259d9e  /scratch/users/vsochat/data/RTG/container.HG003/done
28c42fe8fb8fed6a783dd8397de6d7f5  /scratch/users/vsochat/data/RTG/container.HG003/alignments.bam.bai
e8e8fb0525b75be53755de52cbea6d12  /scratch/users/vsochat/data/RTG/container.HG003/map.log
49f3844320e535d81345349a037b0c17  /scratch/users/vsochat/data/RTG/container.HG003/alignments.bam
d8a52e9555802612091634b183e8ced8  /scratch/users/vsochat/data/RTG/container.HG003/reportdata.tsv
e1e3b86a8bc816e9aea7cb9327b76668  /scratch/users/vsochat/data/RTG/container.HG003/index_files/Alignment-Score-Distribution-(Mated-Only).png
1bdffd1b3f442bd9b3169fd5e6b99df8  /scratch/users/vsochat/data/RTG/container.HG003/index_files/Fragment-Length-Distribution.png
1cc5a2043e6b4bc5ebf86f4b44ad6521  /scratch/users/vsochat/data/RTG/container.HG003/index_files/Mapping-Quality-(MAPQ)-Distribution.png
5af39e216b7fe8959553818ed53dbba9  /scratch/users/vsochat/data/RTG/container.HG003/index_files/rtg.css
5f8da56f2cd3dea05e15be5d55fea548  /scratch/users/vsochat/data/RTG/container.HG003/index_files/rtg_logo.png
3d584369b26d1d7d8b4ef1581e741bc1  /scratch/users/vsochat/data/RTG/container.HG003/index_files/Alignment-Score-Distribution-(Unmated-Only).png
f682b3291dd57d1c92cfd58bf05db53f  /scratch/users/vsochat/data/RTG/HG004.2.10M.fastq.gz
d0b4530cb9c5ffea01e2ab122fcd2dd6  /scratch/users/vsochat/data/Fastq/dna_1.fq.gz
dd30a438785c9d4c4a1927b76d94e2db  /scratch/users/vsochat/data/Fastq/GM12878_2x75_split.tgz
8fc879c7464c0df96ae3217320948711  /scratch/users/vsochat/data/Fastq/rna_2.fq.gz
da54eafcde686559264f98eab84dbad3  /scratch/users/vsochat/data/Fastq/dna_2.fq.gz
5546c1d7d6217dcc8d01df21ad9d8b6f  /scratch/users/vsochat/data/Fastq/rna_1.fq.gz
a8261eee73cbcd335edc2943cd72cf23  /scratch/users/vsochat/data/Bam/container.bam
