1e994d85cd94033d350a201e0f3c6b4b  /scratch/users/vsochat/data/analysis.img
d0c1782ecde72a7eb671336db7ff7733  /scratch/users/vsochat/data/Reference/gencode.v25.transcripts.fa
8db7bf4b21f0e11eebb0dda6b1128b84  /scratch/users/vsochat/data/Reference/Homo_sapiens.GRCh38.dna.primary_assembly.fa.bwt
6059c253ce2432bde7553846bfb4c18f  /scratch/users/vsochat/data/Reference/Homo_sapiens.GRCh38.dna.primary_assembly.fa.ann
358e44170f2729f732045ac3993362f8  /scratch/users/vsochat/data/Reference/kallisto_index
4a46c297bfc0b29cb2f7eefedc360556  /scratch/users/vsochat/data/Reference/Homo_sapiens.GRCh38.dna.primary_assembly.fa.amb
9e6b9465dc708d92bf6d67e9c9fa9389  /scratch/users/vsochat/data/Reference/Homo_sapiens.GRCh38.dna.primary_assembly.fa
30bda345ff201f40aff5af7f8c8552e9  /scratch/users/vsochat/data/Reference/Homo_sapiens.GRCh38.dna.primary_assembly.fa.sa
0c81559f3cc600af2e79ac7dfb5a30c7  /scratch/users/vsochat/data/Reference/Homo_sapiens.GRCh38.dna.primary_assembly.fa.pac
b4457c1c172f2de9c59e8d239e05c810  /scratch/users/vsochat/data/Reference/Homo_sapiens.GRCh38.dna.primary_assembly.fa.sdf/seqdata2
188ae3c39894667f7b49e3a0043d8d75  /scratch/users/vsochat/data/Reference/Homo_sapiens.GRCh38.dna.primary_assembly.fa.sdf/summary.txt
a308f744d1f9511f1278d14ef08b0b73  /scratch/users/vsochat/data/Reference/Homo_sapiens.GRCh38.dna.primary_assembly.fa.sdf/suffixIndex0
65419fe7c5af016746918bf5e2fdccca  /scratch/users/vsochat/data/Reference/Homo_sapiens.GRCh38.dna.primary_assembly.fa.sdf/nameIndex0
87676759368f792ebbe8f82698c43d65  /scratch/users/vsochat/data/Reference/Homo_sapiens.GRCh38.dna.primary_assembly.fa.sdf/seqpointer3
a8eb0bed6f9529a940ac05eae457adc6  /scratch/users/vsochat/data/Reference/Homo_sapiens.GRCh38.dna.primary_assembly.fa.sdf/namepointer0
5e977412c38097b01b448292c8fcc48c  /scratch/users/vsochat/data/Reference/Homo_sapiens.GRCh38.dna.primary_assembly.fa.sdf/sequenceIndex0
ac8817dea26a91365a7c7531c60ccb63  /scratch/users/vsochat/data/Reference/Homo_sapiens.GRCh38.dna.primary_assembly.fa.sdf/namedata0
a48e0a1c2808083b2c0dff38a88fd9d0  /scratch/users/vsochat/data/Reference/Homo_sapiens.GRCh38.dna.primary_assembly.fa.sdf/seqdata3
549e15d4277b80bcb09139d0f1ea132f  /scratch/users/vsochat/data/Reference/Homo_sapiens.GRCh38.dna.primary_assembly.fa.sdf/seqpointer0
f7b9ad59fef561cfbe88c0a6431c622c  /scratch/users/vsochat/data/Reference/Homo_sapiens.GRCh38.dna.primary_assembly.fa.sdf/format.log
3b2a2d736835fad6f879a83bbe4c2e38  /scratch/users/vsochat/data/Reference/Homo_sapiens.GRCh38.dna.primary_assembly.fa.sdf/progress
88595c67a2a0ec02c1d20a9354caefe5  /scratch/users/vsochat/data/Reference/Homo_sapiens.GRCh38.dna.primary_assembly.fa.sdf/mainIndex
7ad38edbc9805146c7a678cccf743c0e  /scratch/users/vsochat/data/Reference/Homo_sapiens.GRCh38.dna.primary_assembly.fa.sdf/done
8b940a7ac3e9c67072d66dd3d014f174  /scratch/users/vsochat/data/Reference/Homo_sapiens.GRCh38.dna.primary_assembly.fa.sdf/suffixdata0
641a6056ffe7742a915acab0037cc1e5  /scratch/users/vsochat/data/Reference/Homo_sapiens.GRCh38.dna.primary_assembly.fa.sdf/seqdata1
b217aba6fe3ce611203a6c2248c34883  /scratch/users/vsochat/data/Reference/Homo_sapiens.GRCh38.dna.primary_assembly.fa.sdf/seqpointer2
43aff7e00d9a3f555ab10dae0e276b38  /scratch/users/vsochat/data/Reference/Homo_sapiens.GRCh38.dna.primary_assembly.fa.sdf/suffixpointer0
255eef0bc7d49d9dff437bb548a6cbe4  /scratch/users/vsochat/data/Reference/Homo_sapiens.GRCh38.dna.primary_assembly.fa.sdf/seqpointer1
3cde02f316e6a1a82c179466be9bb496  /scratch/users/vsochat/data/Reference/Homo_sapiens.GRCh38.dna.primary_assembly.fa.sdf/seqdata0
80b1259ad361cec9500ec0795ab7400b  /scratch/users/vsochat/data/RTG/HG002.2.10M.fastq.gz
c511059d439fdeb27686797c1d90b9c9  /scratch/users/vsochat/data/RTG/container.trio/summary.txt
1dfc226dc6e77e4e4f8e00d7c29c241a  /scratch/users/vsochat/data/RTG/container.trio/regions.bed.gz
0b511ad445dddd6dd03655696ca095c4  /scratch/users/vsochat/data/RTG/container.trio/index.html
85bc5ae73467a858802aba720ea3a70b  /scratch/users/vsochat/data/RTG/container.trio/regions.bed.gz.tbi
ab4f98e4e649e675998c21b83dcb8f46  /scratch/users/vsochat/data/RTG/container.trio/progress
91b13ff8052849af10f7eb8d13b7f9d8  /scratch/users/vsochat/data/RTG/container.trio/snps.vcf.gz
f9036b4e8cd38b4ad67136e18f101d0b  /scratch/users/vsochat/data/RTG/container.trio/done
7b293f2851fe7095dd46369fd9d04257  /scratch/users/vsochat/data/RTG/container.trio/family.log
1a2933298152848bba730cda1e154041  /scratch/users/vsochat/data/RTG/container.trio/snps.vcf.gz.tbi
5af39e216b7fe8959553818ed53dbba9  /scratch/users/vsochat/data/RTG/container.trio/index_files/rtg.css
5f8da56f2cd3dea05e15be5d55fea548  /scratch/users/vsochat/data/RTG/container.trio/index_files/rtg_logo.png
b99167b1a1f2f461a5b7a7c970749101  /scratch/users/vsochat/data/RTG/container.trio/index_files/table.css
6247f284fb582a8528eb8c35220c4e0e  /scratch/users/vsochat/data/RTG/container.HG002/summary.txt
bf83b393c00ea3aa4b5d5b14a3162ead  /scratch/users/vsochat/data/RTG/container.HG002/index.html
e8f9ecea5cb536c70a1f9cff71f18345  /scratch/users/vsochat/data/RTG/container.HG002/rgstats.tsv
2a9b3768cd14c68d2b7ed426cac3b3db  /scratch/users/vsochat/data/RTG/container.HG002/alignments.bam.calibration
6371c9db9acd9e5685723b10419424df  /scratch/users/vsochat/data/RTG/container.HG002/progress
a6bfc0a1a055adabf3ddd4dda2fe44bf  /scratch/users/vsochat/data/RTG/container.HG002/done
e1cf6e04bab3189a9350653d5b303067  /scratch/users/vsochat/data/RTG/container.HG002/alignments.bam.bai
45bbab7951d9834c0d7fde6ab8c860fe  /scratch/users/vsochat/data/RTG/container.HG002/map.log
7b3087a032c9e668f242610ec55d0077  /scratch/users/vsochat/data/RTG/container.HG002/alignments.bam
24a7d09f9748fed67b9767fca056ecc0  /scratch/users/vsochat/data/RTG/container.HG002/reportdata.tsv
9d3273cf21e48fa5095c4a0991015198  /scratch/users/vsochat/data/RTG/container.HG002/index_files/Alignment-Score-Distribution-(Mated-Only).png
15a1f3502f07d3d12b9979a171c70f8f  /scratch/users/vsochat/data/RTG/container.HG002/index_files/Fragment-Length-Distribution.png
d895aa5fb1f18640abb64f091709f0f3  /scratch/users/vsochat/data/RTG/container.HG002/index_files/Mapping-Quality-(MAPQ)-Distribution.png
5af39e216b7fe8959553818ed53dbba9  /scratch/users/vsochat/data/RTG/container.HG002/index_files/rtg.css
5f8da56f2cd3dea05e15be5d55fea548  /scratch/users/vsochat/data/RTG/container.HG002/index_files/rtg_logo.png
a1756fd4fc5fa73f74437a11f5cb02d2  /scratch/users/vsochat/data/RTG/container.HG002/index_files/Alignment-Score-Distribution-(Unmated-Only).png
206739a868e248274363bc8afe54ab26  /scratch/users/vsochat/data/RTG/container.HG004/summary.txt
1785cd7246de30674454eb22a415c27e  /scratch/users/vsochat/data/RTG/container.HG004/index.html
c287af3692b5c5bee7db8ce922aa67fe  /scratch/users/vsochat/data/RTG/container.HG004/rgstats.tsv
c67d5fb16d3ea6548696d1106751cb17  /scratch/users/vsochat/data/RTG/container.HG004/alignments.bam.calibration
136a2fc2d3217d2140dff7d8f01499a7  /scratch/users/vsochat/data/RTG/container.HG004/progress
80e88fd23f6b48a2731ee4d1fdea1dab  /scratch/users/vsochat/data/RTG/container.HG004/done
9e2130bc85a2a21f2a00a78c68384e77  /scratch/users/vsochat/data/RTG/container.HG004/alignments.bam.bai
d019b973bb6441909689be2b94800bbb  /scratch/users/vsochat/data/RTG/container.HG004/map.log
8127b3f78d52a5c4bbff88ff3103f24a  /scratch/users/vsochat/data/RTG/container.HG004/alignments.bam
7860de7de6124e0e43d1c83de909aadf  /scratch/users/vsochat/data/RTG/container.HG004/reportdata.tsv
62480330b760d1a957dfa4297aae3aa7  /scratch/users/vsochat/data/RTG/container.HG004/index_files/Alignment-Score-Distribution-(Mated-Only).png
8f26146a93b409ebf1a303ff13c26766  /scratch/users/vsochat/data/RTG/container.HG004/index_files/Fragment-Length-Distribution.png
cc90abbe237aeffb12021c81f7c9ae15  /scratch/users/vsochat/data/RTG/container.HG004/index_files/Mapping-Quality-(MAPQ)-Distribution.png
5af39e216b7fe8959553818ed53dbba9  /scratch/users/vsochat/data/RTG/container.HG004/index_files/rtg.css
5f8da56f2cd3dea05e15be5d55fea548  /scratch/users/vsochat/data/RTG/container.HG004/index_files/rtg_logo.png
5fc8a32c64432b6923287cf8dadd9d8d  /scratch/users/vsochat/data/RTG/container.HG004/index_files/Alignment-Score-Distribution-(Unmated-Only).png
40e47a6000ec5e6bcf5612bb92801896  /scratch/users/vsochat/data/RTG/HG003.2.10M.fastq.gz
f63902aa224ba2ba4a4d860c099630f1  /scratch/users/vsochat/data/RTG/HG002.1.10M.fastq.gz
52807e0d569962033f8a87470e373c18  /scratch/users/vsochat/data/RTG/HG004.1.10M.fastq.gz
3df1c251d6be508f28f76a562a393d4b  /scratch/users/vsochat/data/RTG/HG003.1.10M.fastq.gz
94ef316c4fc8ac0dc67dbe6a061d62a2  /scratch/users/vsochat/data/RTG/container.HG003/summary.txt
362f63c0e80b7276fc417ca415fe0b35  /scratch/users/vsochat/data/RTG/container.HG003/index.html
64c06c68f97aac19eb24bbb80fc0bce0  /scratch/users/vsochat/data/RTG/container.HG003/rgstats.tsv
eb59c741f401fe0288f81c3c307bd99a  /scratch/users/vsochat/data/RTG/container.HG003/alignments.bam.calibration
bc1a6bad5b350eca1100e26a5ecbc070  /scratch/users/vsochat/data/RTG/container.HG003/progress
b4f7302d3f3fbd4fa61379596f7f6717  /scratch/users/vsochat/data/RTG/container.HG003/done
5998b7e4220cecf52cc1446764ade5b9  /scratch/users/vsochat/data/RTG/container.HG003/alignments.bam.bai
a6e4b1efde8a31138d08bebf51304ebe  /scratch/users/vsochat/data/RTG/container.HG003/map.log
85499e121dc9e0c68cfd4e1f1d51636e  /scratch/users/vsochat/data/RTG/container.HG003/alignments.bam
d8a52e9555802612091634b183e8ced8  /scratch/users/vsochat/data/RTG/container.HG003/reportdata.tsv
e1e3b86a8bc816e9aea7cb9327b76668  /scratch/users/vsochat/data/RTG/container.HG003/index_files/Alignment-Score-Distribution-(Mated-Only).png
1bdffd1b3f442bd9b3169fd5e6b99df8  /scratch/users/vsochat/data/RTG/container.HG003/index_files/Fragment-Length-Distribution.png
1cc5a2043e6b4bc5ebf86f4b44ad6521  /scratch/users/vsochat/data/RTG/container.HG003/index_files/Mapping-Quality-(MAPQ)-Distribution.png
5af39e216b7fe8959553818ed53dbba9  /scratch/users/vsochat/data/RTG/container.HG003/index_files/rtg.css
5f8da56f2cd3dea05e15be5d55fea548  /scratch/users/vsochat/data/RTG/container.HG003/index_files/rtg_logo.png
3d584369b26d1d7d8b4ef1581e741bc1  /scratch/users/vsochat/data/RTG/container.HG003/index_files/Alignment-Score-Distribution-(Unmated-Only).png
f682b3291dd57d1c92cfd58bf05db53f  /scratch/users/vsochat/data/RTG/HG004.2.10M.fastq.gz
9c74316f896fc27f3c3293552e598138  /scratch/users/vsochat/data/Kallisto/rna/bs_abundance_30.tsv
126da84937acaaad363a5d14285f9ae8  /scratch/users/vsochat/data/Kallisto/rna/bs_abundance_38.tsv
0953c41ff9a705d0416a8329a075d5de  /scratch/users/vsochat/data/Kallisto/rna/bs_abundance_93.tsv
e6e189d96f8669c41a918f070b315717  /scratch/users/vsochat/data/Kallisto/rna/bs_abundance_55.tsv
c78c8d8d668527d28ca86ad8c2ec8a7a  /scratch/users/vsochat/data/Kallisto/rna/bs_abundance_17.tsv
3cce2748bff9693f38f04ee81b0f31c0  /scratch/users/vsochat/data/Kallisto/rna/bs_abundance_52.tsv
71c499cba574ba0301ffbad83a3fa5ad  /scratch/users/vsochat/data/Kallisto/rna/bs_abundance_82.tsv
006ef823293f77ad7cab1a22935f60dd  /scratch/users/vsochat/data/Kallisto/rna/bs_abundance_33.tsv
9033c3c95bfabdad39194c418076a0ef  /scratch/users/vsochat/data/Kallisto/rna/bs_abundance_57.tsv
fca0bb4782b0a00402674016b785f5f6  /scratch/users/vsochat/data/Kallisto/rna/bs_abundance_46.tsv
fac2bd66bcb1d0ed5bac1903ea7b1bff  /scratch/users/vsochat/data/Kallisto/rna/bs_abundance_53.tsv
c5529f3ad2d79ed7baafa8c16d9927a7  /scratch/users/vsochat/data/Kallisto/rna/bs_abundance_44.tsv
9bab3a98cb1d4452f43acc4c57e9629d  /scratch/users/vsochat/data/Kallisto/rna/bs_abundance_78.tsv
71c3e0b3f3f3dce19a327c59bf6d9807  /scratch/users/vsochat/data/Kallisto/rna/bs_abundance_6.tsv
b315b8e26dac224cb27e8a4b4b8b78c2  /scratch/users/vsochat/data/Kallisto/rna/bs_abundance_74.tsv
71c74446233336f5f2da62838de3d290  /scratch/users/vsochat/data/Kallisto/rna/bs_abundance_96.tsv
0355693078efa19a08ae9019e803e179  /scratch/users/vsochat/data/Kallisto/rna/bs_abundance_89.tsv
54017e3880065098d517357f82fa388e  /scratch/users/vsochat/data/Kallisto/rna/bs_abundance_66.tsv
e14cbb42413a67d3083f1f7f642f6637  /scratch/users/vsochat/data/Kallisto/rna/bs_abundance_5.tsv
d0c8b87759faa32b7bf26ba879256c7a  /scratch/users/vsochat/data/Kallisto/rna/bs_abundance_71.tsv
6c95c8cb8b08be3bec7ee03ce448ba0c  /scratch/users/vsochat/data/Kallisto/rna/bs_abundance_91.tsv
237a944efb6e7c4f9690f519896b0499  /scratch/users/vsochat/data/Kallisto/rna/bs_abundance_12.tsv
af63ee6182336dc4f514081c814c2531  /scratch/users/vsochat/data/Kallisto/rna/bs_abundance_14.tsv
fe080e504135c0c87fec52832d1a9cec  /scratch/users/vsochat/data/Kallisto/rna/bs_abundance_36.tsv
6b8c99f65bdc6715ed83a6672dbab6aa  /scratch/users/vsochat/data/Kallisto/rna/bs_abundance_9.tsv
4f45395324330478ea838be9cc5df077  /scratch/users/vsochat/data/Kallisto/rna/bs_abundance_63.tsv
7768a00da9e653c9e30998a561a8ed72  /scratch/users/vsochat/data/Kallisto/rna/bs_abundance_62.tsv
a78d7ec1d845762c24bd932de0535e45  /scratch/users/vsochat/data/Kallisto/rna/bs_abundance_85.tsv
9df25df8cac118494188aef88145b74c  /scratch/users/vsochat/data/Kallisto/rna/bs_abundance_70.tsv
748b07b1de5c31fc0243415dbe2b60fb  /scratch/users/vsochat/data/Kallisto/rna/bs_abundance_22.tsv
0dcb8dff733410b3d0cfe054769ecbeb  /scratch/users/vsochat/data/Kallisto/rna/bs_abundance_21.tsv
2c6651537a5032a4876ae662f9951992  /scratch/users/vsochat/data/Kallisto/rna/bs_abundance_97.tsv
f6253edb3354ca878dcd7bc1f0c90727  /scratch/users/vsochat/data/Kallisto/rna/bs_abundance_31.tsv
b3b9a156744234f35318a3a247d0751e  /scratch/users/vsochat/data/Kallisto/rna/bs_abundance_16.tsv
71d0d1a46fe6fb7816074ec5ba65c845  /scratch/users/vsochat/data/Kallisto/rna/bs_abundance_59.tsv
950f328f6c33a8498454126601db358e  /scratch/users/vsochat/data/Kallisto/rna/bs_abundance_34.tsv
6594d2fa8505037ddbd127338b9a5797  /scratch/users/vsochat/data/Kallisto/rna/bs_abundance_64.tsv
c2041320964505a86ef2f8a306196546  /scratch/users/vsochat/data/Kallisto/rna/bs_abundance_47.tsv
37c5550f17c1e3c26b99ec1cd5e58432  /scratch/users/vsochat/data/Kallisto/rna/bs_abundance_69.tsv
d4a69a73797f5891de27568632bce729  /scratch/users/vsochat/data/Kallisto/rna/bs_abundance_72.tsv
db8115193b02261701f7e8cb8f26e438  /scratch/users/vsochat/data/Kallisto/rna/bs_abundance_41.tsv
22f32a92e8d00203a59f98d4730ce3ad  /scratch/users/vsochat/data/Kallisto/rna/run_info.json
5627000bcdc1f35260921e9fd5526ecf  /scratch/users/vsochat/data/Kallisto/rna/bs_abundance_51.tsv
0a1a0ee872b1bff32304077bf7cd7f42  /scratch/users/vsochat/data/Kallisto/rna/bs_abundance_58.tsv
30289b0b380400f09c3aa7b4eccd8a83  /scratch/users/vsochat/data/Kallisto/rna/bs_abundance_18.tsv
c553f5d3249d3c9fd765f6e97d7a07ff  /scratch/users/vsochat/data/Kallisto/rna/bs_abundance_15.tsv
df5ffebf5b7447e559c1f3e8de52c2f8  /scratch/users/vsochat/data/Kallisto/rna/bs_abundance_68.tsv
067f36281a349267235c944c3dbe0966  /scratch/users/vsochat/data/Kallisto/rna/bs_abundance_29.tsv
64a01c946785b69dcb7ec8c0b6c01c1f  /scratch/users/vsochat/data/Kallisto/rna/bs_abundance_27.tsv
dae5da00307992081d10d107a41f76f8  /scratch/users/vsochat/data/Kallisto/rna/bs_abundance_32.tsv
0f5564b76f31c281e406a72882f4cfcd  /scratch/users/vsochat/data/Kallisto/rna/bs_abundance_3.tsv
40018c42cd8fd6c404b1e0390c2d570a  /scratch/users/vsochat/data/Kallisto/rna/bs_abundance_75.tsv
a6303be5dbdaadb954e006dde76e7310  /scratch/users/vsochat/data/Kallisto/rna/bs_abundance_83.tsv
239ffcfd928876e05f34633e4241848a  /scratch/users/vsochat/data/Kallisto/rna/bs_abundance_65.tsv
82520d9cd2e11aafe056fbbc4e9fdbf0  /scratch/users/vsochat/data/Kallisto/rna/bs_abundance_50.tsv
a325450f1411b7a77f4553cda85ece0f  /scratch/users/vsochat/data/Kallisto/rna/bs_abundance_4.tsv
ae0356588df6165971cbd7ade3b2656f  /scratch/users/vsochat/data/Kallisto/rna/bs_abundance_77.tsv
70a688a7bb3af4ebc14fb54ff4f69996  /scratch/users/vsochat/data/Kallisto/rna/bs_abundance_61.tsv
9047e57324160d20d1d58b2df2f59955  /scratch/users/vsochat/data/Kallisto/rna/bs_abundance_87.tsv
be08aa80b255dca934021db41c515a47  /scratch/users/vsochat/data/Kallisto/rna/bs_abundance_45.tsv
874d0c4a8b4e212b1414c6756856cd67  /scratch/users/vsochat/data/Kallisto/rna/bs_abundance_35.tsv
08d6b3dbcdd24a22779ebfb2ee9f8357  /scratch/users/vsochat/data/Kallisto/rna/bs_abundance_90.tsv
be592217906ad4284d681d607c3aedd7  /scratch/users/vsochat/data/Kallisto/rna/abundance.tsv
72807d1ea356daa7e8fc530399432908  /scratch/users/vsochat/data/Kallisto/rna/bs_abundance_49.tsv
7b811391dd98ed456ccfae0c65438ccb  /scratch/users/vsochat/data/Kallisto/rna/bs_abundance_86.tsv
b2f89d9fd87c05640da818696923b088  /scratch/users/vsochat/data/Kallisto/rna/bs_abundance_37.tsv
0c61c772f2c88ff74eab87d1d39fefab  /scratch/users/vsochat/data/Kallisto/rna/bs_abundance_20.tsv
eabb3da7c3094125b4b4a9721f695611  /scratch/users/vsochat/data/Kallisto/rna/bs_abundance_84.tsv
3f84290e6f7cb747a4c6bff7a3d54e77  /scratch/users/vsochat/data/Kallisto/rna/bs_abundance_2.tsv
417c14aae9683c3839e7c4cc2ef30b0e  /scratch/users/vsochat/data/Kallisto/rna/bs_abundance_39.tsv
938ee4f8313f9dcdf1d7a36178377880  /scratch/users/vsochat/data/Kallisto/rna/bs_abundance_67.tsv
5dcb2342f83aadfc8b6d1b31c6d3ecfd  /scratch/users/vsochat/data/Kallisto/rna/bs_abundance_56.tsv
d4fbc0e3c35d5809e0c0a911c3888a93  /scratch/users/vsochat/data/Kallisto/rna/bs_abundance_80.tsv
d8b459b86ebff63a96323ce3bacc81a2  /scratch/users/vsochat/data/Kallisto/rna/bs_abundance_88.tsv
17f31dc143f6dc52b33d1163784ae34d  /scratch/users/vsochat/data/Kallisto/rna/bs_abundance_26.tsv
de702e531463281dfecfa44ab4f185cd  /scratch/users/vsochat/data/Kallisto/rna/bs_abundance_48.tsv
2dc2be8754dc1240da452753e846d19e  /scratch/users/vsochat/data/Kallisto/rna/bs_abundance_11.tsv
42e7cb6072703ad5783d5038a28afc8e  /scratch/users/vsochat/data/Kallisto/rna/bs_abundance_42.tsv
1dc0460c4aaf333adffcd3ec838e6a18  /scratch/users/vsochat/data/Kallisto/rna/bs_abundance_25.tsv
834f53c64fb501c7a2def001e0231bd8  /scratch/users/vsochat/data/Kallisto/rna/bs_abundance_94.tsv
51b19acff24630ac36c21c3edbb803df  /scratch/users/vsochat/data/Kallisto/rna/bs_abundance_13.tsv
08e26efb313e3ac3ad49d8685a02e6c7  /scratch/users/vsochat/data/Kallisto/rna/bs_abundance_54.tsv
5954cb907811240bba90da2a279471c0  /scratch/users/vsochat/data/Kallisto/rna/bs_abundance_10.tsv
c06d50dafa35a5fba30ac771d5c0f0ef  /scratch/users/vsochat/data/Kallisto/rna/bs_abundance_60.tsv
18fd1a879dff847db384d6985b7dd71b  /scratch/users/vsochat/data/Kallisto/rna/bs_abundance_40.tsv
7357be4a5d9fc9faeb66798501b595bf  /scratch/users/vsochat/data/Kallisto/rna/bs_abundance_81.tsv
6026da533cb4b07e7cd455a2634155f1  /scratch/users/vsochat/data/Kallisto/rna/bs_abundance_76.tsv
fa99b26dcd9887288b3ab26f7d24371e  /scratch/users/vsochat/data/Kallisto/rna/bs_abundance_92.tsv
562609a9ae66508a07db19c541c81c3b  /scratch/users/vsochat/data/Kallisto/rna/bs_abundance_24.tsv
ef2696d6152d2accf353526de55337c6  /scratch/users/vsochat/data/Kallisto/rna/bs_abundance_73.tsv
45610d4a88c1350346b617b4a1df55ec  /scratch/users/vsochat/data/Kallisto/rna/bs_abundance_98.tsv
315e5ba01e1e2dac5cceb1bf48c23bad  /scratch/users/vsochat/data/Kallisto/rna/bs_abundance_8.tsv
6ca0bea3c66cba643e8de947db6f5668  /scratch/users/vsochat/data/Kallisto/rna/bs_abundance_28.tsv
b34459a70b247083d5726a44b33ef85f  /scratch/users/vsochat/data/Kallisto/rna/bs_abundance_79.tsv
03bfac1ba91568e443a7f39a323029e1  /scratch/users/vsochat/data/Kallisto/rna/bs_abundance_19.tsv
9caf71794ac7b226143c146f9cc6fb5d  /scratch/users/vsochat/data/Kallisto/rna/bs_abundance_23.tsv
2f449eff313085a2d9c3172f12490070  /scratch/users/vsochat/data/Kallisto/rna/bs_abundance_43.tsv
ee9c4e44b99defa6a4d9995375a0c1b3  /scratch/users/vsochat/data/Kallisto/rna/bs_abundance_7.tsv
7543f31a6b8c798120ac492032670d64  /scratch/users/vsochat/data/Kallisto/rna/bs_abundance_0.tsv
4c07d5be8dddb1f697d07cb57325639d  /scratch/users/vsochat/data/Kallisto/rna/bs_abundance_95.tsv
df5397c716bc60233fa514061310edc8  /scratch/users/vsochat/data/Kallisto/rna/bs_abundance_99.tsv
3849d80edfdaceb284ba13d067087104  /scratch/users/vsochat/data/Kallisto/rna/bs_abundance_1.tsv
4976b6c236f2126883f7ce526a16be64  /scratch/users/vsochat/data/Fastq/dna_1.fq.gz
dd30a438785c9d4c4a1927b76d94e2db  /scratch/users/vsochat/data/Fastq/GM12878_2x75_split.tgz
62fb96d8ff50e8da2c5b2855d1d09362  /scratch/users/vsochat/data/Fastq/rna_2.fq.gz
d41d8cd98f00b204e9800998ecf8427e  /scratch/users/vsochat/data/Fastq/rna_1.fq
be734baafd3a28ac70186f02709ebc8a  /scratch/users/vsochat/data/Fastq/dna_2.fq.gz
c837d893465d606e0c75c0c99b8fa4ff  /scratch/users/vsochat/data/Fastq/rna_1.fq.gz
d41d8cd98f00b204e9800998ecf8427e  /scratch/users/vsochat/data/Fastq/rna_2.fq
a8261eee73cbcd335edc2943cd72cf23  /scratch/users/vsochat/data/Bam/container.bam
