5af39e216b7fe8959553818ed53dbba9  /scratch/data/RTG/container.HG002/index_files/rtg.css
a1756fd4fc5fa73f74437a11f5cb02d2  /scratch/data/RTG/container.HG002/index_files/Alignment-Score-Distribution-(Unmated-Only).png
d895aa5fb1f18640abb64f091709f0f3  /scratch/data/RTG/container.HG002/index_files/Mapping-Quality-(MAPQ)-Distribution.png
9d3273cf21e48fa5095c4a0991015198  /scratch/data/RTG/container.HG002/index_files/Alignment-Score-Distribution-(Mated-Only).png
15a1f3502f07d3d12b9979a171c70f8f  /scratch/data/RTG/container.HG002/index_files/Fragment-Length-Distribution.png
5f8da56f2cd3dea05e15be5d55fea548  /scratch/data/RTG/container.HG002/index_files/rtg_logo.png
cf178321d7f64e6b361ba8b41daa916c  /scratch/data/RTG/container.HG002/alignments.bam
fa2439303fc7c16c7c3e9d9b54301815  /scratch/data/RTG/container.HG002/alignments.bam.bai
be06d99f1ac20871219cf02e1fa60509  /scratch/data/RTG/container.HG002/progress
e8f9ecea5cb536c70a1f9cff71f18345  /scratch/data/RTG/container.HG002/rgstats.tsv
12c5d119b1dc960576a967b386c74a50  /scratch/data/RTG/container.HG002/map.log
2a9b3768cd14c68d2b7ed426cac3b3db  /scratch/data/RTG/container.HG002/alignments.bam.calibration
24a7d09f9748fed67b9767fca056ecc0  /scratch/data/RTG/container.HG002/reportdata.tsv
621a8f8ed737ce0797db03de69b76a5c  /scratch/data/RTG/container.HG002/done
6247f284fb582a8528eb8c35220c4e0e  /scratch/data/RTG/container.HG002/summary.txt
bf83b393c00ea3aa4b5d5b14a3162ead  /scratch/data/RTG/container.HG002/index.html
f682b3291dd57d1c92cfd58bf05db53f  /scratch/data/RTG/HG004.2.10M.fastq.gz
40e47a6000ec5e6bcf5612bb92801896  /scratch/data/RTG/HG003.2.10M.fastq.gz
337a5a331958cc999da63427c16f4309  /scratch/data/RTG/container.trio/snps.vcf.gz
5af39e216b7fe8959553818ed53dbba9  /scratch/data/RTG/container.trio/index_files/rtg.css
b99167b1a1f2f461a5b7a7c970749101  /scratch/data/RTG/container.trio/index_files/table.css
5f8da56f2cd3dea05e15be5d55fea548  /scratch/data/RTG/container.trio/index_files/rtg_logo.png
1dfc226dc6e77e4e4f8e00d7c29c241a  /scratch/data/RTG/container.trio/regions.bed.gz
01c0b72630c7cac39600ae9e4abb5d1a  /scratch/data/RTG/container.trio/family.log
c5cc073f97b170c43455d4f9358777f8  /scratch/data/RTG/container.trio/snps.vcf.gz.tbi
2fd9954565c95305597be05a5525f510  /scratch/data/RTG/container.trio/progress
85bc5ae73467a858802aba720ea3a70b  /scratch/data/RTG/container.trio/regions.bed.gz.tbi
bfeca1e5979229bad1ebaf9f70d4293e  /scratch/data/RTG/container.trio/done
c511059d439fdeb27686797c1d90b9c9  /scratch/data/RTG/container.trio/summary.txt
0b511ad445dddd6dd03655696ca095c4  /scratch/data/RTG/container.trio/index.html
52807e0d569962033f8a87470e373c18  /scratch/data/RTG/HG004.1.10M.fastq.gz
5af39e216b7fe8959553818ed53dbba9  /scratch/data/RTG/container.HG004/index_files/rtg.css
5fc8a32c64432b6923287cf8dadd9d8d  /scratch/data/RTG/container.HG004/index_files/Alignment-Score-Distribution-(Unmated-Only).png
cc90abbe237aeffb12021c81f7c9ae15  /scratch/data/RTG/container.HG004/index_files/Mapping-Quality-(MAPQ)-Distribution.png
62480330b760d1a957dfa4297aae3aa7  /scratch/data/RTG/container.HG004/index_files/Alignment-Score-Distribution-(Mated-Only).png
8f26146a93b409ebf1a303ff13c26766  /scratch/data/RTG/container.HG004/index_files/Fragment-Length-Distribution.png
5f8da56f2cd3dea05e15be5d55fea548  /scratch/data/RTG/container.HG004/index_files/rtg_logo.png
c1db7f7297a657744ba2d80112f70645  /scratch/data/RTG/container.HG004/alignments.bam
9e2130bc85a2a21f2a00a78c68384e77  /scratch/data/RTG/container.HG004/alignments.bam.bai
9f16cca7ce2a47d5048b1814f276aa1a  /scratch/data/RTG/container.HG004/progress
c287af3692b5c5bee7db8ce922aa67fe  /scratch/data/RTG/container.HG004/rgstats.tsv
4b262ddb5dece9d2d4a42bfaea9303c7  /scratch/data/RTG/container.HG004/map.log
c67d5fb16d3ea6548696d1106751cb17  /scratch/data/RTG/container.HG004/alignments.bam.calibration
7860de7de6124e0e43d1c83de909aadf  /scratch/data/RTG/container.HG004/reportdata.tsv
aecea4d1f0301df3b0fbcfa7cb83fdf2  /scratch/data/RTG/container.HG004/done
206739a868e248274363bc8afe54ab26  /scratch/data/RTG/container.HG004/summary.txt
1785cd7246de30674454eb22a415c27e  /scratch/data/RTG/container.HG004/index.html
f63902aa224ba2ba4a4d860c099630f1  /scratch/data/RTG/HG002.1.10M.fastq.gz
5af39e216b7fe8959553818ed53dbba9  /scratch/data/RTG/container.HG003/index_files/rtg.css
3d584369b26d1d7d8b4ef1581e741bc1  /scratch/data/RTG/container.HG003/index_files/Alignment-Score-Distribution-(Unmated-Only).png
1cc5a2043e6b4bc5ebf86f4b44ad6521  /scratch/data/RTG/container.HG003/index_files/Mapping-Quality-(MAPQ)-Distribution.png
e1e3b86a8bc816e9aea7cb9327b76668  /scratch/data/RTG/container.HG003/index_files/Alignment-Score-Distribution-(Mated-Only).png
1bdffd1b3f442bd9b3169fd5e6b99df8  /scratch/data/RTG/container.HG003/index_files/Fragment-Length-Distribution.png
5f8da56f2cd3dea05e15be5d55fea548  /scratch/data/RTG/container.HG003/index_files/rtg_logo.png
270759df1a1a634235fc96bcbeb510ef  /scratch/data/RTG/container.HG003/alignments.bam
a21088a98e8fcdabb78dabc78bac6e27  /scratch/data/RTG/container.HG003/alignments.bam.bai
2fad32240bae69eea8d10111c4da8c98  /scratch/data/RTG/container.HG003/progress
64c06c68f97aac19eb24bbb80fc0bce0  /scratch/data/RTG/container.HG003/rgstats.tsv
2c809b90765981215a8afa0302174b99  /scratch/data/RTG/container.HG003/map.log
eb59c741f401fe0288f81c3c307bd99a  /scratch/data/RTG/container.HG003/alignments.bam.calibration
d8a52e9555802612091634b183e8ced8  /scratch/data/RTG/container.HG003/reportdata.tsv
38a01e8333e240a6ddd8da6752e844be  /scratch/data/RTG/container.HG003/done
94ef316c4fc8ac0dc67dbe6a061d62a2  /scratch/data/RTG/container.HG003/summary.txt
362f63c0e80b7276fc417ca415fe0b35  /scratch/data/RTG/container.HG003/index.html
80b1259ad361cec9500ec0795ab7400b  /scratch/data/RTG/HG002.2.10M.fastq.gz
3df1c251d6be508f28f76a562a393d4b  /scratch/data/RTG/HG003.1.10M.fastq.gz
8db7bf4b21f0e11eebb0dda6b1128b84  /scratch/data/Reference/Homo_sapiens.GRCh38.dna.primary_assembly.fa.bwt
358e44170f2729f732045ac3993362f8  /scratch/data/Reference/kallisto_index
30bda345ff201f40aff5af7f8c8552e9  /scratch/data/Reference/Homo_sapiens.GRCh38.dna.primary_assembly.fa.sa
ac8817dea26a91365a7c7531c60ccb63  /scratch/data/Reference/Homo_sapiens.GRCh38.dna.primary_assembly.fa.sdf/namedata0
a308f744d1f9511f1278d14ef08b0b73  /scratch/data/Reference/Homo_sapiens.GRCh38.dna.primary_assembly.fa.sdf/suffixIndex0
65419fe7c5af016746918bf5e2fdccca  /scratch/data/Reference/Homo_sapiens.GRCh38.dna.primary_assembly.fa.sdf/nameIndex0
549e15d4277b80bcb09139d0f1ea132f  /scratch/data/Reference/Homo_sapiens.GRCh38.dna.primary_assembly.fa.sdf/seqpointer0
8b940a7ac3e9c67072d66dd3d014f174  /scratch/data/Reference/Homo_sapiens.GRCh38.dna.primary_assembly.fa.sdf/suffixdata0
641a6056ffe7742a915acab0037cc1e5  /scratch/data/Reference/Homo_sapiens.GRCh38.dna.primary_assembly.fa.sdf/seqdata1
a48e0a1c2808083b2c0dff38a88fd9d0  /scratch/data/Reference/Homo_sapiens.GRCh38.dna.primary_assembly.fa.sdf/seqdata3
75d73c1b8b5cfefe7885c000f6d95d74  /scratch/data/Reference/Homo_sapiens.GRCh38.dna.primary_assembly.fa.sdf/format.log
b217aba6fe3ce611203a6c2248c34883  /scratch/data/Reference/Homo_sapiens.GRCh38.dna.primary_assembly.fa.sdf/seqpointer2
5e977412c38097b01b448292c8fcc48c  /scratch/data/Reference/Homo_sapiens.GRCh38.dna.primary_assembly.fa.sdf/sequenceIndex0
e3616fac4aef407ca2af739b789c3fbf  /scratch/data/Reference/Homo_sapiens.GRCh38.dna.primary_assembly.fa.sdf/progress
87676759368f792ebbe8f82698c43d65  /scratch/data/Reference/Homo_sapiens.GRCh38.dna.primary_assembly.fa.sdf/seqpointer3
b4457c1c172f2de9c59e8d239e05c810  /scratch/data/Reference/Homo_sapiens.GRCh38.dna.primary_assembly.fa.sdf/seqdata2
43aff7e00d9a3f555ab10dae0e276b38  /scratch/data/Reference/Homo_sapiens.GRCh38.dna.primary_assembly.fa.sdf/suffixpointer0
3cde02f316e6a1a82c179466be9bb496  /scratch/data/Reference/Homo_sapiens.GRCh38.dna.primary_assembly.fa.sdf/seqdata0
a8eb0bed6f9529a940ac05eae457adc6  /scratch/data/Reference/Homo_sapiens.GRCh38.dna.primary_assembly.fa.sdf/namepointer0
4e27beaf7221e55448a969d31c022a2e  /scratch/data/Reference/Homo_sapiens.GRCh38.dna.primary_assembly.fa.sdf/mainIndex
e851927bc20ae10a350159df96505c56  /scratch/data/Reference/Homo_sapiens.GRCh38.dna.primary_assembly.fa.sdf/done
255eef0bc7d49d9dff437bb548a6cbe4  /scratch/data/Reference/Homo_sapiens.GRCh38.dna.primary_assembly.fa.sdf/seqpointer1
91bf824894e12405c7c5199f67a1402f  /scratch/data/Reference/Homo_sapiens.GRCh38.dna.primary_assembly.fa.sdf/summary.txt
9e6b9465dc708d92bf6d67e9c9fa9389  /scratch/data/Reference/Homo_sapiens.GRCh38.dna.primary_assembly.fa
0c81559f3cc600af2e79ac7dfb5a30c7  /scratch/data/Reference/Homo_sapiens.GRCh38.dna.primary_assembly.fa.pac
6059c253ce2432bde7553846bfb4c18f  /scratch/data/Reference/Homo_sapiens.GRCh38.dna.primary_assembly.fa.ann
4a46c297bfc0b29cb2f7eefedc360556  /scratch/data/Reference/Homo_sapiens.GRCh38.dna.primary_assembly.fa.amb
d0c1782ecde72a7eb671336db7ff7733  /scratch/data/Reference/gencode.v25.transcripts.fa
ca05056475cea838f8f6f4d683bcf1be  /scratch/data/Kallisto/rna/bs_abundance_77.tsv
cd66d8a3e1593f281a70723f2af33985  /scratch/data/Kallisto/rna/bs_abundance_7.tsv
273c72c82b442cddc132836dd352ff11  /scratch/data/Kallisto/rna/bs_abundance_27.tsv
0c81695a0981fcc5e7c59eace95e2e3c  /scratch/data/Kallisto/rna/bs_abundance_31.tsv
14f5c3b3852967ef8a3e584a5655f326  /scratch/data/Kallisto/rna/bs_abundance_45.tsv
93de2ee24badd5d69189bdf05e060db6  /scratch/data/Kallisto/rna/bs_abundance_80.tsv
de714a5b1e9b647f52446742ee73f451  /scratch/data/Kallisto/rna/bs_abundance_51.tsv
a8303658b48a6cb63c244cc6f771934d  /scratch/data/Kallisto/rna/bs_abundance_32.tsv
a0a523e76958d21586baf0dc2dd5d836  /scratch/data/Kallisto/rna/bs_abundance_95.tsv
19e6442bc136097eec8dbec9f835ebe0  /scratch/data/Kallisto/rna/bs_abundance_48.tsv
42aa416300f71c526cd76798bacf4158  /scratch/data/Kallisto/rna/bs_abundance_42.tsv
8c8fd3867ddb5af3315175a4af7dabe5  /scratch/data/Kallisto/rna/bs_abundance_89.tsv
aa0739c1738859f3391d8c9197170107  /scratch/data/Kallisto/rna/bs_abundance_19.tsv
90d92b3ab7dfe13ebc2933c2088157a4  /scratch/data/Kallisto/rna/bs_abundance_96.tsv
204b0086eed55c780fef82bdd38598ef  /scratch/data/Kallisto/rna/bs_abundance_75.tsv
89c5ccce1a3614f0ed98b9573c240887  /scratch/data/Kallisto/rna/bs_abundance_74.tsv
97a6c465e5d421279b722a68e1d23cb4  /scratch/data/Kallisto/rna/bs_abundance_33.tsv
fc4bdbcdc57cdada4025f031ccab0ef7  /scratch/data/Kallisto/rna/abundance.tsv
fcf4e5543eb9464de761398183cc4868  /scratch/data/Kallisto/rna/bs_abundance_63.tsv
8144a74519bb69a435b9d90dae4cf229  /scratch/data/Kallisto/rna/bs_abundance_84.tsv
67deb8b032f3b11bbec8157d78f6742a  /scratch/data/Kallisto/rna/bs_abundance_68.tsv
d8ac304617ec8650174119d060267a4e  /scratch/data/Kallisto/rna/bs_abundance_6.tsv
fe00718785a74cf8e791285bb7ef4df3  /scratch/data/Kallisto/rna/bs_abundance_30.tsv
c84f5285c4efd871c59af7a1e5a6f285  /scratch/data/Kallisto/rna/bs_abundance_67.tsv
b23583d68164f3bc5076c9e94232b3e9  /scratch/data/Kallisto/rna/bs_abundance_37.tsv
4de6bed51d38bd273dd00071dfbbb762  /scratch/data/Kallisto/rna/bs_abundance_64.tsv
e92be7a72ee7dc34df5f6879a850b170  /scratch/data/Kallisto/rna/bs_abundance_72.tsv
d3f3ea4ddf0c343fb198b442e532da9e  /scratch/data/Kallisto/rna/bs_abundance_35.tsv
d2b2eeecca41278e09dc988ca0091eed  /scratch/data/Kallisto/rna/bs_abundance_17.tsv
0af1146c19c5d47aecdb5d8c761effe1  /scratch/data/Kallisto/rna/bs_abundance_78.tsv
4206cf171726912b982dda7ad20e6a68  /scratch/data/Kallisto/rna/bs_abundance_98.tsv
bbbeebf33ca28ef3d5b59cccdf5ff01d  /scratch/data/Kallisto/rna/bs_abundance_66.tsv
a36bb55e47dae345d88391cb0f709ead  /scratch/data/Kallisto/rna/bs_abundance_59.tsv
c4db394d9db73c7ea2a5cc6c41222ab6  /scratch/data/Kallisto/rna/bs_abundance_91.tsv
1adb63ec60b31789295ae672f9d2aeb1  /scratch/data/Kallisto/rna/bs_abundance_43.tsv
3007f6b7107f612e7276d76f7ccb5d25  /scratch/data/Kallisto/rna/bs_abundance_25.tsv
b78f22fc6c246adcf14a2ad5c805836f  /scratch/data/Kallisto/rna/bs_abundance_21.tsv
bef2cc2d450e64497168c516a0f2967f  /scratch/data/Kallisto/rna/bs_abundance_34.tsv
a234230f0ddcc0c5f6aa6abbff5a16a5  /scratch/data/Kallisto/rna/bs_abundance_60.tsv
8fa4cf0521e1404ff5ef69838ec79c32  /scratch/data/Kallisto/rna/bs_abundance_5.tsv
2dd705236ad83e79346ac7993de7b2fa  /scratch/data/Kallisto/rna/bs_abundance_39.tsv
3d5c5d46db11d462d8a990d8f4ec016d  /scratch/data/Kallisto/rna/bs_abundance_26.tsv
46335941dc1d7aaf1745df33666e5146  /scratch/data/Kallisto/rna/bs_abundance_1.tsv
0cd76e9bf34db5d363316b649bf01274  /scratch/data/Kallisto/rna/bs_abundance_81.tsv
ff33f3d317b129d09242a22da2cb9513  /scratch/data/Kallisto/rna/bs_abundance_2.tsv
003a9238b822bce77f6c3557901b2930  /scratch/data/Kallisto/rna/bs_abundance_23.tsv
85217d64db0d2b4480d162f0c09b9df2  /scratch/data/Kallisto/rna/bs_abundance_16.tsv
a1f95fafa6327d721ba28d6fc9614f7d  /scratch/data/Kallisto/rna/bs_abundance_18.tsv
baf0589ab4255649b64ed7cb677831ac  /scratch/data/Kallisto/rna/bs_abundance_61.tsv
85d36adcdc22802576d6529d993df496  /scratch/data/Kallisto/rna/bs_abundance_69.tsv
d70134c7aaa8561746a2cdaea7e5a8cc  /scratch/data/Kallisto/rna/bs_abundance_93.tsv
208d97cb938eadec5b090b30a998e08d  /scratch/data/Kallisto/rna/bs_abundance_87.tsv
29e25e55773db3b3ac7047f1d662c762  /scratch/data/Kallisto/rna/bs_abundance_56.tsv
f1779d2b0ca9ed8b67dfe7bf725d71ed  /scratch/data/Kallisto/rna/bs_abundance_88.tsv
b250ffd588547de78ada1b546be20753  /scratch/data/Kallisto/rna/bs_abundance_38.tsv
cf0ab88c127afc75c31af3f488fa328e  /scratch/data/Kallisto/rna/bs_abundance_94.tsv
bc02e3db6636e74996c231d1619d29e1  /scratch/data/Kallisto/rna/bs_abundance_57.tsv
c85c492a8653b3cea2af1e001dcc889c  /scratch/data/Kallisto/rna/bs_abundance_99.tsv
5d54eb63a06b7a64d41dfc8b6af9ea83  /scratch/data/Kallisto/rna/bs_abundance_10.tsv
cf4c1522d3fc8f4a8137c3e91d66edfe  /scratch/data/Kallisto/rna/bs_abundance_3.tsv
bc3f360a6dcf57819559af7e03b7301d  /scratch/data/Kallisto/rna/bs_abundance_22.tsv
62be4f3da886f88be599dec0d058bc38  /scratch/data/Kallisto/rna/bs_abundance_97.tsv
fa35b2df842ba96cbe54eed649b9ef9b  /scratch/data/Kallisto/rna/bs_abundance_54.tsv
50b54d0ae12c9790b40e3e1ee75eead3  /scratch/data/Kallisto/rna/bs_abundance_40.tsv
06e4caa61006687a6465350f3ba6424a  /scratch/data/Kallisto/rna/bs_abundance_44.tsv
b8d652cdfdeb1f84260853b89da2f60a  /scratch/data/Kallisto/rna/bs_abundance_79.tsv
3e0a929c57c67c09efa634c292b8fb07  /scratch/data/Kallisto/rna/bs_abundance_76.tsv
0393ceccb032e2df5a8148d69248434c  /scratch/data/Kallisto/rna/bs_abundance_28.tsv
9c532f441d68a957bb1e46d5e28b150b  /scratch/data/Kallisto/rna/bs_abundance_29.tsv
aa867987bbdb6f0b69eb4f8e9024c404  /scratch/data/Kallisto/rna/bs_abundance_90.tsv
449d58c65805b08e6b082b9978a9b4dc  /scratch/data/Kallisto/rna/bs_abundance_41.tsv
4dcc889f494f5b733958ea9ac6dde50b  /scratch/data/Kallisto/rna/bs_abundance_9.tsv
383862c83d8a15ab03b4472615dc1ce2  /scratch/data/Kallisto/rna/bs_abundance_52.tsv
24ad4b30181f23925dfbdfeb15737703  /scratch/data/Kallisto/rna/bs_abundance_73.tsv
1de5c1390b25d062744cd85598d64b56  /scratch/data/Kallisto/rna/bs_abundance_8.tsv
006663d08d61ce55be43d314ae77fd8d  /scratch/data/Kallisto/rna/bs_abundance_82.tsv
2bc586ddfbb98a2af6cf763947db22b3  /scratch/data/Kallisto/rna/bs_abundance_15.tsv
e7646f084ccbc60cdc53deddfcd156bb  /scratch/data/Kallisto/rna/bs_abundance_20.tsv
e70a3267d1d1abaf7bc4dadfaea3ce9c  /scratch/data/Kallisto/rna/bs_abundance_85.tsv
4ccec0e2b08cc1c427bcd0d70ee93f8f  /scratch/data/Kallisto/rna/bs_abundance_55.tsv
caf48e06f6e4b7feea509df0558e587a  /scratch/data/Kallisto/rna/bs_abundance_46.tsv
fe34edc9c8c38469f9966d2f8c7c0f61  /scratch/data/Kallisto/rna/bs_abundance_36.tsv
eabf3811866e894600603302d282b1c0  /scratch/data/Kallisto/rna/bs_abundance_49.tsv
f87b52cb3729c096dbda9d70a84e9555  /scratch/data/Kallisto/rna/bs_abundance_50.tsv
b8b0c8733a0c99d6c6f74cc341612821  /scratch/data/Kallisto/rna/bs_abundance_62.tsv
312ad82e2e58480784b9e604de3570f9  /scratch/data/Kallisto/rna/bs_abundance_47.tsv
9d043ed2f4a3575e55fd34b02a9f5e2a  /scratch/data/Kallisto/rna/bs_abundance_92.tsv
4ac8935b1929edce4b0c64e8b18ddcf0  /scratch/data/Kallisto/rna/bs_abundance_65.tsv
4a758a344a0669a52d93a7a96e048ebc  /scratch/data/Kallisto/rna/bs_abundance_0.tsv
eeb6812611f5541f35060b0ac9317451  /scratch/data/Kallisto/rna/bs_abundance_58.tsv
4379fdc57909f01f263f65df032f285c  /scratch/data/Kallisto/rna/bs_abundance_83.tsv
26abf66a3623d8bfc7fa6d7aa9075c5d  /scratch/data/Kallisto/rna/bs_abundance_14.tsv
fdba8c86156b1f2dde8f215531213830  /scratch/data/Kallisto/rna/bs_abundance_71.tsv
f63cf9607c75681b0d1f5a23be8059aa  /scratch/data/Kallisto/rna/run_info.json
22e788bec50d394f38ab00c722c39af1  /scratch/data/Kallisto/rna/bs_abundance_4.tsv
2ddb4d4f0248a3f53f7edb45290137e4  /scratch/data/Kallisto/rna/bs_abundance_12.tsv
28bbfe3dcb4aeb6de4546b13663510e3  /scratch/data/Kallisto/rna/bs_abundance_13.tsv
cd2b713f606ddc50a64d7df1b2b8fa5e  /scratch/data/Kallisto/rna/bs_abundance_53.tsv
2cc3993fccd482f899062f7ea218eeb9  /scratch/data/Kallisto/rna/bs_abundance_11.tsv
c79c11495279b0846817f8a90c832e37  /scratch/data/Kallisto/rna/bs_abundance_86.tsv
e85bc8b9316ffd1a67b120f00ec9e09a  /scratch/data/Kallisto/rna/bs_abundance_24.tsv
169de99938d4d72921d2eab6b6e50ef4  /scratch/data/Kallisto/rna/bs_abundance_70.tsv
d2f5435a0a02b92beaf2378a2de3db03  /scratch/data/Bam/container.bam
96af324020a769805053715c6dbcf7d7  /scratch/data/Fastq/rna_1.fq.gz
28ec99a70e67da250909893ac49b94cd  /scratch/data/Fastq/rna_2.fq.gz
fd8995bc357938a2048c067208bd9e8b  /scratch/data/Fastq/dna_2.fq.gz
dd30a438785c9d4c4a1927b76d94e2db  /scratch/data/Fastq/GM12878_2x75_split.tgz
623c82fc0697c3b335ae1aa84e9d4e47  /scratch/data/Fastq/dna_1.fq.gz
