5af39e216b7fe8959553818ed53dbba9  /scratch/data/RTG/container.HG002/index_files/rtg.css
a1756fd4fc5fa73f74437a11f5cb02d2  /scratch/data/RTG/container.HG002/index_files/Alignment-Score-Distribution-(Unmated-Only).png
d895aa5fb1f18640abb64f091709f0f3  /scratch/data/RTG/container.HG002/index_files/Mapping-Quality-(MAPQ)-Distribution.png
9d3273cf21e48fa5095c4a0991015198  /scratch/data/RTG/container.HG002/index_files/Alignment-Score-Distribution-(Mated-Only).png
15a1f3502f07d3d12b9979a171c70f8f  /scratch/data/RTG/container.HG002/index_files/Fragment-Length-Distribution.png
5f8da56f2cd3dea05e15be5d55fea548  /scratch/data/RTG/container.HG002/index_files/rtg_logo.png
11e85cce0fcfc9ff8be9fe251388d569  /scratch/data/RTG/container.HG002/alignments.bam
00278ae7c0590bae04fc2b28dbd36b52  /scratch/data/RTG/container.HG002/alignments.bam.bai
510ab37a85c067e5a39b4eaa2cd98f5c  /scratch/data/RTG/container.HG002/progress
e8f9ecea5cb536c70a1f9cff71f18345  /scratch/data/RTG/container.HG002/rgstats.tsv
3dc16da39bd41ac656f686a4fbf54d5d  /scratch/data/RTG/container.HG002/map.log
2a9b3768cd14c68d2b7ed426cac3b3db  /scratch/data/RTG/container.HG002/alignments.bam.calibration
24a7d09f9748fed67b9767fca056ecc0  /scratch/data/RTG/container.HG002/reportdata.tsv
e6b769c32f88738d17cd696ac2ac6b4b  /scratch/data/RTG/container.HG002/done
6247f284fb582a8528eb8c35220c4e0e  /scratch/data/RTG/container.HG002/summary.txt
bf83b393c00ea3aa4b5d5b14a3162ead  /scratch/data/RTG/container.HG002/index.html
f682b3291dd57d1c92cfd58bf05db53f  /scratch/data/RTG/HG004.2.10M.fastq.gz
40e47a6000ec5e6bcf5612bb92801896  /scratch/data/RTG/HG003.2.10M.fastq.gz
57359473f93ab36637acd1b71bb236f7  /scratch/data/RTG/container.trio/snps.vcf.gz
5af39e216b7fe8959553818ed53dbba9  /scratch/data/RTG/container.trio/index_files/rtg.css
b99167b1a1f2f461a5b7a7c970749101  /scratch/data/RTG/container.trio/index_files/table.css
5f8da56f2cd3dea05e15be5d55fea548  /scratch/data/RTG/container.trio/index_files/rtg_logo.png
1dfc226dc6e77e4e4f8e00d7c29c241a  /scratch/data/RTG/container.trio/regions.bed.gz
0b52bf0d50600c7dd7597676f3d42c75  /scratch/data/RTG/container.trio/family.log
d0f98ffdecb3208b47522d59e352ab5f  /scratch/data/RTG/container.trio/snps.vcf.gz.tbi
c4d79c80c6f90d84bba30f551551cdcc  /scratch/data/RTG/container.trio/progress
85bc5ae73467a858802aba720ea3a70b  /scratch/data/RTG/container.trio/regions.bed.gz.tbi
6d95131e8cc16579615277595da1745a  /scratch/data/RTG/container.trio/done
c511059d439fdeb27686797c1d90b9c9  /scratch/data/RTG/container.trio/summary.txt
0b511ad445dddd6dd03655696ca095c4  /scratch/data/RTG/container.trio/index.html
52807e0d569962033f8a87470e373c18  /scratch/data/RTG/HG004.1.10M.fastq.gz
5af39e216b7fe8959553818ed53dbba9  /scratch/data/RTG/container.HG004/index_files/rtg.css
5fc8a32c64432b6923287cf8dadd9d8d  /scratch/data/RTG/container.HG004/index_files/Alignment-Score-Distribution-(Unmated-Only).png
cc90abbe237aeffb12021c81f7c9ae15  /scratch/data/RTG/container.HG004/index_files/Mapping-Quality-(MAPQ)-Distribution.png
62480330b760d1a957dfa4297aae3aa7  /scratch/data/RTG/container.HG004/index_files/Alignment-Score-Distribution-(Mated-Only).png
8f26146a93b409ebf1a303ff13c26766  /scratch/data/RTG/container.HG004/index_files/Fragment-Length-Distribution.png
5f8da56f2cd3dea05e15be5d55fea548  /scratch/data/RTG/container.HG004/index_files/rtg_logo.png
88b57778872a7d8d3d2bc706ebb9dbb9  /scratch/data/RTG/container.HG004/alignments.bam
9439938ebc4c96a311243c5edcc6cfa6  /scratch/data/RTG/container.HG004/alignments.bam.bai
a089e4e8625ed9bc1744b26662aff5b7  /scratch/data/RTG/container.HG004/progress
c287af3692b5c5bee7db8ce922aa67fe  /scratch/data/RTG/container.HG004/rgstats.tsv
56be42f1418d8e569f2ea16cba257e39  /scratch/data/RTG/container.HG004/map.log
c67d5fb16d3ea6548696d1106751cb17  /scratch/data/RTG/container.HG004/alignments.bam.calibration
7860de7de6124e0e43d1c83de909aadf  /scratch/data/RTG/container.HG004/reportdata.tsv
ec9dd4283df0886ca8b90451852eb90d  /scratch/data/RTG/container.HG004/done
206739a868e248274363bc8afe54ab26  /scratch/data/RTG/container.HG004/summary.txt
1785cd7246de30674454eb22a415c27e  /scratch/data/RTG/container.HG004/index.html
f63902aa224ba2ba4a4d860c099630f1  /scratch/data/RTG/HG002.1.10M.fastq.gz
5af39e216b7fe8959553818ed53dbba9  /scratch/data/RTG/container.HG003/index_files/rtg.css
3d584369b26d1d7d8b4ef1581e741bc1  /scratch/data/RTG/container.HG003/index_files/Alignment-Score-Distribution-(Unmated-Only).png
1cc5a2043e6b4bc5ebf86f4b44ad6521  /scratch/data/RTG/container.HG003/index_files/Mapping-Quality-(MAPQ)-Distribution.png
e1e3b86a8bc816e9aea7cb9327b76668  /scratch/data/RTG/container.HG003/index_files/Alignment-Score-Distribution-(Mated-Only).png
1bdffd1b3f442bd9b3169fd5e6b99df8  /scratch/data/RTG/container.HG003/index_files/Fragment-Length-Distribution.png
5f8da56f2cd3dea05e15be5d55fea548  /scratch/data/RTG/container.HG003/index_files/rtg_logo.png
c0c60e7edc61fb34919b1bb07315a4fa  /scratch/data/RTG/container.HG003/alignments.bam
28c42fe8fb8fed6a783dd8397de6d7f5  /scratch/data/RTG/container.HG003/alignments.bam.bai
5a8bd816bfc418d9ef9d37a0ddc6317e  /scratch/data/RTG/container.HG003/progress
64c06c68f97aac19eb24bbb80fc0bce0  /scratch/data/RTG/container.HG003/rgstats.tsv
db7de79782ce6350799b7c8764b97266  /scratch/data/RTG/container.HG003/map.log
eb59c741f401fe0288f81c3c307bd99a  /scratch/data/RTG/container.HG003/alignments.bam.calibration
d8a52e9555802612091634b183e8ced8  /scratch/data/RTG/container.HG003/reportdata.tsv
a396d3a5511e2377705467bf2a8fac7d  /scratch/data/RTG/container.HG003/done
94ef316c4fc8ac0dc67dbe6a061d62a2  /scratch/data/RTG/container.HG003/summary.txt
362f63c0e80b7276fc417ca415fe0b35  /scratch/data/RTG/container.HG003/index.html
80b1259ad361cec9500ec0795ab7400b  /scratch/data/RTG/HG002.2.10M.fastq.gz
3df1c251d6be508f28f76a562a393d4b  /scratch/data/RTG/HG003.1.10M.fastq.gz
8db7bf4b21f0e11eebb0dda6b1128b84  /scratch/data/Reference/Homo_sapiens.GRCh38.dna.primary_assembly.fa.bwt
358e44170f2729f732045ac3993362f8  /scratch/data/Reference/kallisto_index
30bda345ff201f40aff5af7f8c8552e9  /scratch/data/Reference/Homo_sapiens.GRCh38.dna.primary_assembly.fa.sa
ac8817dea26a91365a7c7531c60ccb63  /scratch/data/Reference/Homo_sapiens.GRCh38.dna.primary_assembly.fa.sdf/namedata0
a308f744d1f9511f1278d14ef08b0b73  /scratch/data/Reference/Homo_sapiens.GRCh38.dna.primary_assembly.fa.sdf/suffixIndex0
65419fe7c5af016746918bf5e2fdccca  /scratch/data/Reference/Homo_sapiens.GRCh38.dna.primary_assembly.fa.sdf/nameIndex0
549e15d4277b80bcb09139d0f1ea132f  /scratch/data/Reference/Homo_sapiens.GRCh38.dna.primary_assembly.fa.sdf/seqpointer0
8b940a7ac3e9c67072d66dd3d014f174  /scratch/data/Reference/Homo_sapiens.GRCh38.dna.primary_assembly.fa.sdf/suffixdata0
641a6056ffe7742a915acab0037cc1e5  /scratch/data/Reference/Homo_sapiens.GRCh38.dna.primary_assembly.fa.sdf/seqdata1
a48e0a1c2808083b2c0dff38a88fd9d0  /scratch/data/Reference/Homo_sapiens.GRCh38.dna.primary_assembly.fa.sdf/seqdata3
b296f4f0ce9a31ffe559c92b0daac874  /scratch/data/Reference/Homo_sapiens.GRCh38.dna.primary_assembly.fa.sdf/format.log
b217aba6fe3ce611203a6c2248c34883  /scratch/data/Reference/Homo_sapiens.GRCh38.dna.primary_assembly.fa.sdf/seqpointer2
5e977412c38097b01b448292c8fcc48c  /scratch/data/Reference/Homo_sapiens.GRCh38.dna.primary_assembly.fa.sdf/sequenceIndex0
5cb6128a4df9530e00bd62ecf7d28514  /scratch/data/Reference/Homo_sapiens.GRCh38.dna.primary_assembly.fa.sdf/progress
87676759368f792ebbe8f82698c43d65  /scratch/data/Reference/Homo_sapiens.GRCh38.dna.primary_assembly.fa.sdf/seqpointer3
b4457c1c172f2de9c59e8d239e05c810  /scratch/data/Reference/Homo_sapiens.GRCh38.dna.primary_assembly.fa.sdf/seqdata2
43aff7e00d9a3f555ab10dae0e276b38  /scratch/data/Reference/Homo_sapiens.GRCh38.dna.primary_assembly.fa.sdf/suffixpointer0
3cde02f316e6a1a82c179466be9bb496  /scratch/data/Reference/Homo_sapiens.GRCh38.dna.primary_assembly.fa.sdf/seqdata0
a8eb0bed6f9529a940ac05eae457adc6  /scratch/data/Reference/Homo_sapiens.GRCh38.dna.primary_assembly.fa.sdf/namepointer0
73c9c0a03fa26694cdc95c67eadca807  /scratch/data/Reference/Homo_sapiens.GRCh38.dna.primary_assembly.fa.sdf/mainIndex
d6050f6d2b0e6cc9f4c4f676917bb731  /scratch/data/Reference/Homo_sapiens.GRCh38.dna.primary_assembly.fa.sdf/done
255eef0bc7d49d9dff437bb548a6cbe4  /scratch/data/Reference/Homo_sapiens.GRCh38.dna.primary_assembly.fa.sdf/seqpointer1
2504529379f4b5825f34fb58542ee0c0  /scratch/data/Reference/Homo_sapiens.GRCh38.dna.primary_assembly.fa.sdf/summary.txt
9e6b9465dc708d92bf6d67e9c9fa9389  /scratch/data/Reference/Homo_sapiens.GRCh38.dna.primary_assembly.fa
0c81559f3cc600af2e79ac7dfb5a30c7  /scratch/data/Reference/Homo_sapiens.GRCh38.dna.primary_assembly.fa.pac
6059c253ce2432bde7553846bfb4c18f  /scratch/data/Reference/Homo_sapiens.GRCh38.dna.primary_assembly.fa.ann
4a46c297bfc0b29cb2f7eefedc360556  /scratch/data/Reference/Homo_sapiens.GRCh38.dna.primary_assembly.fa.amb
d0c1782ecde72a7eb671336db7ff7733  /scratch/data/Reference/gencode.v25.transcripts.fa
2d8ef6bd4590105abc0cb8e4916dbbcd  /scratch/data/Kallisto/rna/bs_abundance_77.tsv
e87710e3ed0aee16a1fc5d06a1d48c8a  /scratch/data/Kallisto/rna/bs_abundance_7.tsv
a20dadb710d5e39f79ca7a852ec630a4  /scratch/data/Kallisto/rna/bs_abundance_27.tsv
4a729cfa98b252bfd47854e1780812c0  /scratch/data/Kallisto/rna/bs_abundance_31.tsv
3f9a1e27f023e085d98af7ede0170ff1  /scratch/data/Kallisto/rna/bs_abundance_45.tsv
80d6d490c6b0c00024a1a10516ada48e  /scratch/data/Kallisto/rna/bs_abundance_80.tsv
199ea519eaf286ef5a4bc3196e8ada13  /scratch/data/Kallisto/rna/bs_abundance_51.tsv
b6083f717661a499e246514329eeb3de  /scratch/data/Kallisto/rna/bs_abundance_32.tsv
a2edd216d3fc2ff886b1d9b13613e440  /scratch/data/Kallisto/rna/bs_abundance_95.tsv
0d0088d49e613c0a58d59a407955d0de  /scratch/data/Kallisto/rna/bs_abundance_48.tsv
4d4caf3e5a2994563f10e1d71a42ca6f  /scratch/data/Kallisto/rna/bs_abundance_42.tsv
9e86a392ebd4cfad9a913589c82401a6  /scratch/data/Kallisto/rna/bs_abundance_89.tsv
dfd3889304a6acc755df1467d2e47150  /scratch/data/Kallisto/rna/bs_abundance_19.tsv
734689a911d412db88edd1c6e0537e4d  /scratch/data/Kallisto/rna/bs_abundance_96.tsv
788a7674e57d4f88aa5846d95670a8f7  /scratch/data/Kallisto/rna/bs_abundance_75.tsv
8a9ca562e39c21ed6fcb88ea035bdd75  /scratch/data/Kallisto/rna/bs_abundance_74.tsv
ab71304be29a4b8e87e745d36e5f6fb2  /scratch/data/Kallisto/rna/bs_abundance_33.tsv
d167dd804e069aff35d4cad0c7c7b24c  /scratch/data/Kallisto/rna/abundance.tsv
802c5ee8560f8b82a3b3201581096529  /scratch/data/Kallisto/rna/bs_abundance_63.tsv
c40047cf6947487fa41b9538d82e2bbc  /scratch/data/Kallisto/rna/bs_abundance_84.tsv
730885e0ca86b45279c9f355d95dc980  /scratch/data/Kallisto/rna/bs_abundance_68.tsv
6c033a881c3b7daf0348c5f8f78c99f0  /scratch/data/Kallisto/rna/bs_abundance_6.tsv
4e4d2dab185fff53bcf7e5242c1f9b55  /scratch/data/Kallisto/rna/bs_abundance_30.tsv
90677201945b58c88f409d1f8047f824  /scratch/data/Kallisto/rna/bs_abundance_67.tsv
ce16f19131628e8f336d19879eadb1c3  /scratch/data/Kallisto/rna/bs_abundance_37.tsv
92cfa9af71859d79b2b0ad9625daeae5  /scratch/data/Kallisto/rna/bs_abundance_64.tsv
6cf49eba25bf6bd774a8f8a7b1b3c768  /scratch/data/Kallisto/rna/bs_abundance_72.tsv
319b9c07e16fe8a507e3dfc15e777778  /scratch/data/Kallisto/rna/bs_abundance_35.tsv
66336ba2b5a274b34349c62f28823172  /scratch/data/Kallisto/rna/bs_abundance_17.tsv
3eb5683a3b8fa9310e4b4d6346867fe2  /scratch/data/Kallisto/rna/bs_abundance_78.tsv
fed235ef2f9a10ef084860615a1aaeff  /scratch/data/Kallisto/rna/bs_abundance_98.tsv
2dfc5936c6c5dd77ec1ce65d9b9be236  /scratch/data/Kallisto/rna/bs_abundance_66.tsv
b8fa800d662d4ba0345ec29f8d39f40e  /scratch/data/Kallisto/rna/bs_abundance_59.tsv
24c54ab25435d8d0ee97428517c6f89a  /scratch/data/Kallisto/rna/bs_abundance_91.tsv
bfc722717686c9e5a537de83723004e3  /scratch/data/Kallisto/rna/bs_abundance_43.tsv
55a1d899553bc43d551e6113e9a1367b  /scratch/data/Kallisto/rna/bs_abundance_25.tsv
1a44708343065034bbce65efa2ad4a29  /scratch/data/Kallisto/rna/bs_abundance_21.tsv
10ef3e1ad9faf27c60791f6604415f14  /scratch/data/Kallisto/rna/bs_abundance_34.tsv
4864f69c1e577666785a35330742ba6d  /scratch/data/Kallisto/rna/bs_abundance_60.tsv
4e84c0ffb3432b3325b6d4fe4a21bc5d  /scratch/data/Kallisto/rna/bs_abundance_5.tsv
06d9a55b8372e71df1b8e3e5e08996a7  /scratch/data/Kallisto/rna/bs_abundance_39.tsv
c48d69e96b9b9d4e0cbac7fad0df58dc  /scratch/data/Kallisto/rna/bs_abundance_26.tsv
1c3f3cbd5011325260fa70c59de81be9  /scratch/data/Kallisto/rna/bs_abundance_1.tsv
43c78eabdb9b2935ae7cf9c73a072541  /scratch/data/Kallisto/rna/bs_abundance_81.tsv
4f1dde81c9f666d55d7dd8da169594e1  /scratch/data/Kallisto/rna/bs_abundance_2.tsv
335fe97c5911cda157e46b23ca72dc3e  /scratch/data/Kallisto/rna/bs_abundance_23.tsv
929364556cbe385fc5fd1c5dec556be4  /scratch/data/Kallisto/rna/bs_abundance_16.tsv
e96f5c1bd93a5d0a93b7bc9d2301c9ef  /scratch/data/Kallisto/rna/bs_abundance_18.tsv
985d5e66dea94e8b6ef74fc243cb2b96  /scratch/data/Kallisto/rna/bs_abundance_61.tsv
6e4af21293c1564bf75f86c3204714b0  /scratch/data/Kallisto/rna/bs_abundance_69.tsv
db2ef870a8827a2d9dbda5d3b68447a9  /scratch/data/Kallisto/rna/bs_abundance_93.tsv
8deb54a3a2c79e5ed3493a40534abc2a  /scratch/data/Kallisto/rna/bs_abundance_87.tsv
71b0982fe6a1d223ef1e47301d3f3fbd  /scratch/data/Kallisto/rna/bs_abundance_56.tsv
76362ec0ab8e4290f76eb2932d7525ec  /scratch/data/Kallisto/rna/bs_abundance_88.tsv
feb1ffede118525e6b26d54156886521  /scratch/data/Kallisto/rna/bs_abundance_38.tsv
ded92286ea003c8e346b4109e8cb80e3  /scratch/data/Kallisto/rna/bs_abundance_94.tsv
6bb6d58a7afa0fa43c2f372b2db70f09  /scratch/data/Kallisto/rna/bs_abundance_57.tsv
687f0cd866dcff4b4ad8106e8695991e  /scratch/data/Kallisto/rna/bs_abundance_99.tsv
e8462953694888c5ebf1a6787c7bb03d  /scratch/data/Kallisto/rna/bs_abundance_10.tsv
c53da1daff78e41804e6bddba11413f0  /scratch/data/Kallisto/rna/bs_abundance_3.tsv
c31c59cba6a0387b07a4ae7acbf85621  /scratch/data/Kallisto/rna/bs_abundance_22.tsv
0273c64c740e68fb6f6044547c88afb6  /scratch/data/Kallisto/rna/bs_abundance_97.tsv
fce31e49fadbd960570313b13737937a  /scratch/data/Kallisto/rna/bs_abundance_54.tsv
39e670b0b5f514d952a44bc293f0a679  /scratch/data/Kallisto/rna/bs_abundance_40.tsv
dea19ec730f808d2fe549fd0be88dde0  /scratch/data/Kallisto/rna/bs_abundance_44.tsv
5f497e6d12b26773dd2dde1b66bbf978  /scratch/data/Kallisto/rna/bs_abundance_79.tsv
ed4ce0b9d6b76842ea9e07ff3665a691  /scratch/data/Kallisto/rna/bs_abundance_76.tsv
e3e606afbf4370f25959e407180ad949  /scratch/data/Kallisto/rna/bs_abundance_28.tsv
796eb63b046b60298292eb40228f4f0d  /scratch/data/Kallisto/rna/bs_abundance_29.tsv
a78df60df603f11bf0a6797b62bf7900  /scratch/data/Kallisto/rna/bs_abundance_90.tsv
1e47fc7fbd41ad3264faf9cad25de4bd  /scratch/data/Kallisto/rna/bs_abundance_41.tsv
cc4d924a4cc395d34d064b882b83250d  /scratch/data/Kallisto/rna/bs_abundance_9.tsv
32a0182e6b1c6ba06ea3a7c641e371e3  /scratch/data/Kallisto/rna/bs_abundance_52.tsv
575fb31e52fe5b41ea27b249488ef2ae  /scratch/data/Kallisto/rna/bs_abundance_73.tsv
c7e3cac40c928c786d6cf80c19cb6b65  /scratch/data/Kallisto/rna/bs_abundance_8.tsv
e5f9e9a08cc2f89afb4b0fa598e7eed0  /scratch/data/Kallisto/rna/bs_abundance_82.tsv
74dd23f1033bc0c1e3e94a3d846c66d6  /scratch/data/Kallisto/rna/bs_abundance_15.tsv
7d49f447d9b79677f59916d9509a3acb  /scratch/data/Kallisto/rna/bs_abundance_20.tsv
3bbafcea701b572a40dc43c02fa31a27  /scratch/data/Kallisto/rna/bs_abundance_85.tsv
8bdbb981c6d977dfc780d97f7bf27961  /scratch/data/Kallisto/rna/bs_abundance_55.tsv
413f1a214888e631505eb25ef3a5a870  /scratch/data/Kallisto/rna/bs_abundance_46.tsv
57dd48868ab34415d3e96d8688486a29  /scratch/data/Kallisto/rna/bs_abundance_36.tsv
a2af8df4c8af536031353c06f23eb745  /scratch/data/Kallisto/rna/bs_abundance_49.tsv
a4df3bf19d145a348036de076311386c  /scratch/data/Kallisto/rna/bs_abundance_50.tsv
2d3c7688f501f37989f051e60643200f  /scratch/data/Kallisto/rna/bs_abundance_62.tsv
9e32e50f7e01f5e7583fab9ec3fe51a6  /scratch/data/Kallisto/rna/bs_abundance_47.tsv
1fefb6f793a7c9b9ca09145c66820f7c  /scratch/data/Kallisto/rna/bs_abundance_92.tsv
f3651a48bb716bc0c76086764018439f  /scratch/data/Kallisto/rna/bs_abundance_65.tsv
6ff33eb98e0688fe01263012fdc0f3a8  /scratch/data/Kallisto/rna/bs_abundance_0.tsv
a0d88ccfd6583d25739406dfe17d30e1  /scratch/data/Kallisto/rna/bs_abundance_58.tsv
20cf529f9ba7b119d3375e0a2a003582  /scratch/data/Kallisto/rna/bs_abundance_83.tsv
97ea8f1415f15d98991a24623b18fb43  /scratch/data/Kallisto/rna/bs_abundance_14.tsv
73fe16b5b30effc950266d11bd72f3a4  /scratch/data/Kallisto/rna/bs_abundance_71.tsv
c94c7101dd7278c529f09438186aa226  /scratch/data/Kallisto/rna/run_info.json
73fb498003ada6f3398fe83ab6db67ff  /scratch/data/Kallisto/rna/bs_abundance_4.tsv
a9def0171cf94b97cd4d999a3105acbf  /scratch/data/Kallisto/rna/bs_abundance_12.tsv
f363f05087a467a84ec8ca9db975ee1d  /scratch/data/Kallisto/rna/bs_abundance_13.tsv
3d2026e24c3678ff6de9c6598036c0cd  /scratch/data/Kallisto/rna/bs_abundance_53.tsv
f1dbd4397d4e65b70c7611908923769c  /scratch/data/Kallisto/rna/bs_abundance_11.tsv
4f4b9c706824c0bd6159d38f81adb393  /scratch/data/Kallisto/rna/bs_abundance_86.tsv
1e4bce87ded6212913628e3a4f057da2  /scratch/data/Kallisto/rna/bs_abundance_24.tsv
9c22548f517e5400346c565df966f1cd  /scratch/data/Kallisto/rna/bs_abundance_70.tsv
d2f5435a0a02b92beaf2378a2de3db03  /scratch/data/Bam/container.bam
da06522c53fc2fd931d218489c649c46  /scratch/data/Fastq/rna_1.fq.gz
3c45ff416b862a3df55a7c2c91b7be7f  /scratch/data/Fastq/rna_2.fq.gz
2cd026da34831a66a230c92149fcb60f  /scratch/data/Fastq/dna_2.fq.gz
dd30a438785c9d4c4a1927b76d94e2db  /scratch/data/Fastq/GM12878_2x75_split.tgz
12a3af3422e08cc39d3d7ba83147e536  /scratch/data/Fastq/dna_1.fq.gz
