5af39e216b7fe8959553818ed53dbba9  /scratch/data/RTG/container.HG002/index_files/rtg.css
a1756fd4fc5fa73f74437a11f5cb02d2  /scratch/data/RTG/container.HG002/index_files/Alignment-Score-Distribution-(Unmated-Only).png
d895aa5fb1f18640abb64f091709f0f3  /scratch/data/RTG/container.HG002/index_files/Mapping-Quality-(MAPQ)-Distribution.png
9d3273cf21e48fa5095c4a0991015198  /scratch/data/RTG/container.HG002/index_files/Alignment-Score-Distribution-(Mated-Only).png
15a1f3502f07d3d12b9979a171c70f8f  /scratch/data/RTG/container.HG002/index_files/Fragment-Length-Distribution.png
5f8da56f2cd3dea05e15be5d55fea548  /scratch/data/RTG/container.HG002/index_files/rtg_logo.png
8a8d53a3d40a6dd511a6e1c3fd44872b  /scratch/data/RTG/container.HG002/alignments.bam
42e314864926e5f36f284566bcffac81  /scratch/data/RTG/container.HG002/alignments.bam.bai
39ca1ffd866ceed6d88885ed4bf41eff  /scratch/data/RTG/container.HG002/progress
e8f9ecea5cb536c70a1f9cff71f18345  /scratch/data/RTG/container.HG002/rgstats.tsv
dded6e53bb8f13ded9898d7b415594e5  /scratch/data/RTG/container.HG002/map.log
2a9b3768cd14c68d2b7ed426cac3b3db  /scratch/data/RTG/container.HG002/alignments.bam.calibration
24a7d09f9748fed67b9767fca056ecc0  /scratch/data/RTG/container.HG002/reportdata.tsv
95dc1c3589ceeaf4ec63a619d3fa3c3e  /scratch/data/RTG/container.HG002/done
6247f284fb582a8528eb8c35220c4e0e  /scratch/data/RTG/container.HG002/summary.txt
bf83b393c00ea3aa4b5d5b14a3162ead  /scratch/data/RTG/container.HG002/index.html
f682b3291dd57d1c92cfd58bf05db53f  /scratch/data/RTG/HG004.2.10M.fastq.gz
40e47a6000ec5e6bcf5612bb92801896  /scratch/data/RTG/HG003.2.10M.fastq.gz
28b17a999b9f3ac84db2d4c315326d1b  /scratch/data/RTG/container.trio/snps.vcf.gz
5af39e216b7fe8959553818ed53dbba9  /scratch/data/RTG/container.trio/index_files/rtg.css
b99167b1a1f2f461a5b7a7c970749101  /scratch/data/RTG/container.trio/index_files/table.css
5f8da56f2cd3dea05e15be5d55fea548  /scratch/data/RTG/container.trio/index_files/rtg_logo.png
1dfc226dc6e77e4e4f8e00d7c29c241a  /scratch/data/RTG/container.trio/regions.bed.gz
11b7c5b81e141682bfcbf83aab5b8b12  /scratch/data/RTG/container.trio/family.log
2abf4f69cc82eec47b0375c9cd4e9f4c  /scratch/data/RTG/container.trio/snps.vcf.gz.tbi
8537978c711501de70f1281103a4e0f9  /scratch/data/RTG/container.trio/progress
85bc5ae73467a858802aba720ea3a70b  /scratch/data/RTG/container.trio/regions.bed.gz.tbi
26bd446bebb08eab815c39b002019959  /scratch/data/RTG/container.trio/done
c511059d439fdeb27686797c1d90b9c9  /scratch/data/RTG/container.trio/summary.txt
0b511ad445dddd6dd03655696ca095c4  /scratch/data/RTG/container.trio/index.html
52807e0d569962033f8a87470e373c18  /scratch/data/RTG/HG004.1.10M.fastq.gz
5af39e216b7fe8959553818ed53dbba9  /scratch/data/RTG/container.HG004/index_files/rtg.css
5fc8a32c64432b6923287cf8dadd9d8d  /scratch/data/RTG/container.HG004/index_files/Alignment-Score-Distribution-(Unmated-Only).png
cc90abbe237aeffb12021c81f7c9ae15  /scratch/data/RTG/container.HG004/index_files/Mapping-Quality-(MAPQ)-Distribution.png
62480330b760d1a957dfa4297aae3aa7  /scratch/data/RTG/container.HG004/index_files/Alignment-Score-Distribution-(Mated-Only).png
8f26146a93b409ebf1a303ff13c26766  /scratch/data/RTG/container.HG004/index_files/Fragment-Length-Distribution.png
5f8da56f2cd3dea05e15be5d55fea548  /scratch/data/RTG/container.HG004/index_files/rtg_logo.png
15257c22a93cbcaa17a490af9c32adc8  /scratch/data/RTG/container.HG004/alignments.bam
99dfc4aaf3e2045bbb6431e204f5fc93  /scratch/data/RTG/container.HG004/alignments.bam.bai
db0195c9f68ac8e74475bc037aa32e50  /scratch/data/RTG/container.HG004/progress
c287af3692b5c5bee7db8ce922aa67fe  /scratch/data/RTG/container.HG004/rgstats.tsv
71994ff64fb373caf52dad25ddc251db  /scratch/data/RTG/container.HG004/map.log
c67d5fb16d3ea6548696d1106751cb17  /scratch/data/RTG/container.HG004/alignments.bam.calibration
7860de7de6124e0e43d1c83de909aadf  /scratch/data/RTG/container.HG004/reportdata.tsv
e0bab2ab130c401e9858ce1ac1eff30c  /scratch/data/RTG/container.HG004/done
206739a868e248274363bc8afe54ab26  /scratch/data/RTG/container.HG004/summary.txt
1785cd7246de30674454eb22a415c27e  /scratch/data/RTG/container.HG004/index.html
f63902aa224ba2ba4a4d860c099630f1  /scratch/data/RTG/HG002.1.10M.fastq.gz
5af39e216b7fe8959553818ed53dbba9  /scratch/data/RTG/container.HG003/index_files/rtg.css
3d584369b26d1d7d8b4ef1581e741bc1  /scratch/data/RTG/container.HG003/index_files/Alignment-Score-Distribution-(Unmated-Only).png
1cc5a2043e6b4bc5ebf86f4b44ad6521  /scratch/data/RTG/container.HG003/index_files/Mapping-Quality-(MAPQ)-Distribution.png
e1e3b86a8bc816e9aea7cb9327b76668  /scratch/data/RTG/container.HG003/index_files/Alignment-Score-Distribution-(Mated-Only).png
1bdffd1b3f442bd9b3169fd5e6b99df8  /scratch/data/RTG/container.HG003/index_files/Fragment-Length-Distribution.png
5f8da56f2cd3dea05e15be5d55fea548  /scratch/data/RTG/container.HG003/index_files/rtg_logo.png
c7ceb83b0e7c5e633ba08ce792c51672  /scratch/data/RTG/container.HG003/alignments.bam
20e536d207bb67c440f4e3e7cd9e5c70  /scratch/data/RTG/container.HG003/alignments.bam.bai
d8b2e4407af9135c6e9a42067fcd33dd  /scratch/data/RTG/container.HG003/progress
64c06c68f97aac19eb24bbb80fc0bce0  /scratch/data/RTG/container.HG003/rgstats.tsv
e62c50d7038a8c26708eaa75682d0797  /scratch/data/RTG/container.HG003/map.log
eb59c741f401fe0288f81c3c307bd99a  /scratch/data/RTG/container.HG003/alignments.bam.calibration
d8a52e9555802612091634b183e8ced8  /scratch/data/RTG/container.HG003/reportdata.tsv
e289eb133b1c3101c9ca92462812a8d6  /scratch/data/RTG/container.HG003/done
94ef316c4fc8ac0dc67dbe6a061d62a2  /scratch/data/RTG/container.HG003/summary.txt
362f63c0e80b7276fc417ca415fe0b35  /scratch/data/RTG/container.HG003/index.html
80b1259ad361cec9500ec0795ab7400b  /scratch/data/RTG/HG002.2.10M.fastq.gz
3df1c251d6be508f28f76a562a393d4b  /scratch/data/RTG/HG003.1.10M.fastq.gz
8db7bf4b21f0e11eebb0dda6b1128b84  /scratch/data/Reference/Homo_sapiens.GRCh38.dna.primary_assembly.fa.bwt
358e44170f2729f732045ac3993362f8  /scratch/data/Reference/kallisto_index
30bda345ff201f40aff5af7f8c8552e9  /scratch/data/Reference/Homo_sapiens.GRCh38.dna.primary_assembly.fa.sa
ac8817dea26a91365a7c7531c60ccb63  /scratch/data/Reference/Homo_sapiens.GRCh38.dna.primary_assembly.fa.sdf/namedata0
a308f744d1f9511f1278d14ef08b0b73  /scratch/data/Reference/Homo_sapiens.GRCh38.dna.primary_assembly.fa.sdf/suffixIndex0
65419fe7c5af016746918bf5e2fdccca  /scratch/data/Reference/Homo_sapiens.GRCh38.dna.primary_assembly.fa.sdf/nameIndex0
549e15d4277b80bcb09139d0f1ea132f  /scratch/data/Reference/Homo_sapiens.GRCh38.dna.primary_assembly.fa.sdf/seqpointer0
8b940a7ac3e9c67072d66dd3d014f174  /scratch/data/Reference/Homo_sapiens.GRCh38.dna.primary_assembly.fa.sdf/suffixdata0
641a6056ffe7742a915acab0037cc1e5  /scratch/data/Reference/Homo_sapiens.GRCh38.dna.primary_assembly.fa.sdf/seqdata1
a48e0a1c2808083b2c0dff38a88fd9d0  /scratch/data/Reference/Homo_sapiens.GRCh38.dna.primary_assembly.fa.sdf/seqdata3
e09c7971a0ce99b2c2b6eb2a6bb3464b  /scratch/data/Reference/Homo_sapiens.GRCh38.dna.primary_assembly.fa.sdf/format.log
b217aba6fe3ce611203a6c2248c34883  /scratch/data/Reference/Homo_sapiens.GRCh38.dna.primary_assembly.fa.sdf/seqpointer2
5e977412c38097b01b448292c8fcc48c  /scratch/data/Reference/Homo_sapiens.GRCh38.dna.primary_assembly.fa.sdf/sequenceIndex0
2efadc212d14e209c185482dc0f5ee6d  /scratch/data/Reference/Homo_sapiens.GRCh38.dna.primary_assembly.fa.sdf/progress
87676759368f792ebbe8f82698c43d65  /scratch/data/Reference/Homo_sapiens.GRCh38.dna.primary_assembly.fa.sdf/seqpointer3
b4457c1c172f2de9c59e8d239e05c810  /scratch/data/Reference/Homo_sapiens.GRCh38.dna.primary_assembly.fa.sdf/seqdata2
43aff7e00d9a3f555ab10dae0e276b38  /scratch/data/Reference/Homo_sapiens.GRCh38.dna.primary_assembly.fa.sdf/suffixpointer0
3cde02f316e6a1a82c179466be9bb496  /scratch/data/Reference/Homo_sapiens.GRCh38.dna.primary_assembly.fa.sdf/seqdata0
a8eb0bed6f9529a940ac05eae457adc6  /scratch/data/Reference/Homo_sapiens.GRCh38.dna.primary_assembly.fa.sdf/namepointer0
5487a4b5d2d3fd94efafd826934f4ec9  /scratch/data/Reference/Homo_sapiens.GRCh38.dna.primary_assembly.fa.sdf/mainIndex
91f42d958004c479db7cd51a80e6ec8b  /scratch/data/Reference/Homo_sapiens.GRCh38.dna.primary_assembly.fa.sdf/done
255eef0bc7d49d9dff437bb548a6cbe4  /scratch/data/Reference/Homo_sapiens.GRCh38.dna.primary_assembly.fa.sdf/seqpointer1
a464730922426c0caf2bbc640d91d45e  /scratch/data/Reference/Homo_sapiens.GRCh38.dna.primary_assembly.fa.sdf/summary.txt
9e6b9465dc708d92bf6d67e9c9fa9389  /scratch/data/Reference/Homo_sapiens.GRCh38.dna.primary_assembly.fa
0c81559f3cc600af2e79ac7dfb5a30c7  /scratch/data/Reference/Homo_sapiens.GRCh38.dna.primary_assembly.fa.pac
6059c253ce2432bde7553846bfb4c18f  /scratch/data/Reference/Homo_sapiens.GRCh38.dna.primary_assembly.fa.ann
4a46c297bfc0b29cb2f7eefedc360556  /scratch/data/Reference/Homo_sapiens.GRCh38.dna.primary_assembly.fa.amb
d0c1782ecde72a7eb671336db7ff7733  /scratch/data/Reference/gencode.v25.transcripts.fa
a3d6fbce606772cd24ab75aeab9991ee  /scratch/data/Kallisto/rna/bs_abundance_77.tsv
6264f2234032a27c0be9e54481eda47e  /scratch/data/Kallisto/rna/bs_abundance_7.tsv
2e9fe2384f0af562804422557bbcf70d  /scratch/data/Kallisto/rna/bs_abundance_27.tsv
8ba94270d1eafbcb727c1f2f389cb3b1  /scratch/data/Kallisto/rna/bs_abundance_31.tsv
5c762d8bb001b6488f70c21c3bd49de5  /scratch/data/Kallisto/rna/bs_abundance_45.tsv
395afa3bd0d37254aa15accc99c045ff  /scratch/data/Kallisto/rna/bs_abundance_80.tsv
8ab0719f66e0604e227a3c427cce11e8  /scratch/data/Kallisto/rna/bs_abundance_51.tsv
992feaf0b339e404043311c1e29067b2  /scratch/data/Kallisto/rna/bs_abundance_32.tsv
e424801b865d5c584228033cd4ea7136  /scratch/data/Kallisto/rna/bs_abundance_95.tsv
a24bb19fb97ab5d6e3f01b3cfc6ae38b  /scratch/data/Kallisto/rna/bs_abundance_48.tsv
f7b7e02e43b81a1e1565b92620b9c441  /scratch/data/Kallisto/rna/bs_abundance_42.tsv
ebed340c9b47c3537bdef1d95a847944  /scratch/data/Kallisto/rna/bs_abundance_89.tsv
bb5db02d2ce3829c507f93c9840e634a  /scratch/data/Kallisto/rna/bs_abundance_19.tsv
803ddd9045d02b408e552c4a811faa16  /scratch/data/Kallisto/rna/bs_abundance_96.tsv
1954242ac2d271d8e168f908e65f7b0d  /scratch/data/Kallisto/rna/bs_abundance_75.tsv
fdbbe312f9b76e822e40df6043163f60  /scratch/data/Kallisto/rna/bs_abundance_74.tsv
7185e28b88bb90ebc1f4985282e2f6c7  /scratch/data/Kallisto/rna/bs_abundance_33.tsv
99148f1a1b82b07943b4e2218292d361  /scratch/data/Kallisto/rna/abundance.tsv
6dc87de9b079b1e9867b0cd126d93f66  /scratch/data/Kallisto/rna/bs_abundance_63.tsv
1ee0009b490900530794d6ea08728e57  /scratch/data/Kallisto/rna/bs_abundance_84.tsv
e338d9c31c057c17b86388952b1a6d1c  /scratch/data/Kallisto/rna/bs_abundance_68.tsv
04930e70245e11d980c3c87ec253ca2a  /scratch/data/Kallisto/rna/bs_abundance_6.tsv
acb1d21695e0eb8380959eb6d01a26cd  /scratch/data/Kallisto/rna/bs_abundance_30.tsv
9b97ac91aa8135250e838f7711d24463  /scratch/data/Kallisto/rna/bs_abundance_67.tsv
f58b25537f4579ee65d5ad19ab10c77f  /scratch/data/Kallisto/rna/bs_abundance_37.tsv
a926ca10e0d413c385e6fcbaaf2cdf7d  /scratch/data/Kallisto/rna/bs_abundance_64.tsv
9617689cb1630ec4c7ae6e1a4ecb9308  /scratch/data/Kallisto/rna/bs_abundance_72.tsv
d0f5c4bbb0a7bc61bd274e55bdd73708  /scratch/data/Kallisto/rna/bs_abundance_35.tsv
b365a3340d1fd5d8428425806e79cd8f  /scratch/data/Kallisto/rna/bs_abundance_17.tsv
aaf41f8a122b6bb7915880faf28002d1  /scratch/data/Kallisto/rna/bs_abundance_78.tsv
a131c9447bf5c755bd963bbcc1d0118d  /scratch/data/Kallisto/rna/bs_abundance_98.tsv
822a85786fad345b62db9f1a72e8220e  /scratch/data/Kallisto/rna/bs_abundance_66.tsv
d702d2261be2727a0ebc5e6348c57ac8  /scratch/data/Kallisto/rna/bs_abundance_59.tsv
a9129f54c6453d613ea0be472596b4c3  /scratch/data/Kallisto/rna/bs_abundance_91.tsv
9c4765fda5bd654e98783d7e6ed4dffe  /scratch/data/Kallisto/rna/bs_abundance_43.tsv
04cdedf3f8f1281314b17c883fe01836  /scratch/data/Kallisto/rna/bs_abundance_25.tsv
1346014159cbc873421e1f2e77fa6bb0  /scratch/data/Kallisto/rna/bs_abundance_21.tsv
99194094da42512b93980191cf207049  /scratch/data/Kallisto/rna/bs_abundance_34.tsv
ba80bb8d518ecfb821de4572b25cbbe1  /scratch/data/Kallisto/rna/bs_abundance_60.tsv
167488a12cd5a738baf4b74421317861  /scratch/data/Kallisto/rna/bs_abundance_5.tsv
192a4a397303bc88d3c8ceabfd00a11d  /scratch/data/Kallisto/rna/bs_abundance_39.tsv
5d0217795e96237806b2592c4e02b68d  /scratch/data/Kallisto/rna/bs_abundance_26.tsv
1fe589ffc7cfc8e73aa8ce57def95741  /scratch/data/Kallisto/rna/bs_abundance_1.tsv
eb1ccee134e94482d8f0cd56d8383dce  /scratch/data/Kallisto/rna/bs_abundance_81.tsv
6af8e971a20d7f436e9f122cf8ee2dd0  /scratch/data/Kallisto/rna/bs_abundance_2.tsv
91c90fcfe22de28d2b9db016ead5cded  /scratch/data/Kallisto/rna/bs_abundance_23.tsv
b05f6b095629e24bf445eea10b3e3aa8  /scratch/data/Kallisto/rna/bs_abundance_16.tsv
6b756d70785228aede7f3e7233e49044  /scratch/data/Kallisto/rna/bs_abundance_18.tsv
e290f654d01ea5e70cd57b10e8bfbd76  /scratch/data/Kallisto/rna/bs_abundance_61.tsv
e3d8e2d76cc8c15ddb9525e74dce1f41  /scratch/data/Kallisto/rna/bs_abundance_69.tsv
882256aface9ae47594fdb2dfa73c94a  /scratch/data/Kallisto/rna/bs_abundance_93.tsv
679e016b387b47edba566aaa8ac84899  /scratch/data/Kallisto/rna/bs_abundance_87.tsv
ccf746d6f5de75bae5977a4e22cbeb55  /scratch/data/Kallisto/rna/bs_abundance_56.tsv
da9b71151d3318a9674ce4864e098f77  /scratch/data/Kallisto/rna/bs_abundance_88.tsv
b5bc33fd51daf210b9a26a9ca537127f  /scratch/data/Kallisto/rna/bs_abundance_38.tsv
e42bf66b3b07108e22c8fa0cb1fa0f40  /scratch/data/Kallisto/rna/bs_abundance_94.tsv
5bad97c4467537eea89f82070a684068  /scratch/data/Kallisto/rna/bs_abundance_57.tsv
cb53dfcaa4317eca2da82a2186248664  /scratch/data/Kallisto/rna/bs_abundance_99.tsv
db6f0023e39a5f474b6139cb433db0c2  /scratch/data/Kallisto/rna/bs_abundance_10.tsv
30108d940ce9aefceeea4e39468b3dfa  /scratch/data/Kallisto/rna/bs_abundance_3.tsv
f998a952dcb4a1c6a7e7cf24c3caa0c2  /scratch/data/Kallisto/rna/bs_abundance_22.tsv
ff7ccbc8a50a92fb686ef4e39f4404be  /scratch/data/Kallisto/rna/bs_abundance_97.tsv
0d05eee038705bf8473b5cc994207286  /scratch/data/Kallisto/rna/bs_abundance_54.tsv
69eea28b8aaf962f48c4f8d640c654a9  /scratch/data/Kallisto/rna/bs_abundance_40.tsv
f999dd39a97162f4e08f560ab0f7c1d4  /scratch/data/Kallisto/rna/bs_abundance_44.tsv
431dc3b0b26d47543158e04c462baa6a  /scratch/data/Kallisto/rna/bs_abundance_79.tsv
fe3d99218a55e1fc4eceb357e3577492  /scratch/data/Kallisto/rna/bs_abundance_76.tsv
7e3dabf34bf62c44bef7479126204929  /scratch/data/Kallisto/rna/bs_abundance_28.tsv
38686d5b4e7f9c5950cf2ac26eadd518  /scratch/data/Kallisto/rna/bs_abundance_29.tsv
24d06448250a41ef15084467f6e1cf34  /scratch/data/Kallisto/rna/bs_abundance_90.tsv
0d43b70b6ff12b1ebcab96e1b56edc79  /scratch/data/Kallisto/rna/bs_abundance_41.tsv
92f4e82ec1790c4d2c92ba814424e00c  /scratch/data/Kallisto/rna/bs_abundance_9.tsv
30899df8166282b757a112c85b91aa66  /scratch/data/Kallisto/rna/bs_abundance_52.tsv
9f6fffee75c81dd0db5c722fcfd8f997  /scratch/data/Kallisto/rna/bs_abundance_73.tsv
b62f8e971520e313ebb6beae7fc8fae4  /scratch/data/Kallisto/rna/bs_abundance_8.tsv
5fac219a3f39ef9be14701ab805e3cdc  /scratch/data/Kallisto/rna/bs_abundance_82.tsv
7edc7f092b5c2cb540b196a8e9a4e288  /scratch/data/Kallisto/rna/bs_abundance_15.tsv
ae9bc49164aacce441df7c8ce043d3c5  /scratch/data/Kallisto/rna/bs_abundance_20.tsv
5a6af14d21b7bdedfd03d828efa804c1  /scratch/data/Kallisto/rna/bs_abundance_85.tsv
f9fefe840d8c47e5e8ddbf39d394c781  /scratch/data/Kallisto/rna/bs_abundance_55.tsv
8694c3a429b2a94e3c7f5c1d028ff297  /scratch/data/Kallisto/rna/bs_abundance_46.tsv
4297dcfa9805751274bdcf8d4526422d  /scratch/data/Kallisto/rna/bs_abundance_36.tsv
02fee80c65ed49153a30f35c21752f58  /scratch/data/Kallisto/rna/bs_abundance_49.tsv
c3724a3ddbd2beb45fe24485e70dff02  /scratch/data/Kallisto/rna/bs_abundance_50.tsv
389274edd698e6e976e9d938c7ca4b98  /scratch/data/Kallisto/rna/bs_abundance_62.tsv
ce4236df14107bf2047400cfb888d16a  /scratch/data/Kallisto/rna/bs_abundance_47.tsv
888d0ba794af6709aebcd8ccdf60db41  /scratch/data/Kallisto/rna/bs_abundance_92.tsv
03a68246daceb08ed3ddf3cd1c46ef0d  /scratch/data/Kallisto/rna/bs_abundance_65.tsv
c6e953e68425dfeab8e31a836e023f64  /scratch/data/Kallisto/rna/bs_abundance_0.tsv
ead7ed456771c7636422d3785c98fe14  /scratch/data/Kallisto/rna/bs_abundance_58.tsv
5ce26d4dff56f0416d6ab6308965b16c  /scratch/data/Kallisto/rna/bs_abundance_83.tsv
bd57efbe1dbadfd01dbd00ddf9623f41  /scratch/data/Kallisto/rna/bs_abundance_14.tsv
2ba792e57f26d0d489666d4266bd4858  /scratch/data/Kallisto/rna/bs_abundance_71.tsv
d74e1d2830f448686d9b72f00b12d91c  /scratch/data/Kallisto/rna/run_info.json
36e7d36cff75542369de4e9a5102a284  /scratch/data/Kallisto/rna/bs_abundance_4.tsv
af807a614134d042abea60dbe032b0b3  /scratch/data/Kallisto/rna/bs_abundance_12.tsv
1371f795207f5cecaff1cf7620f7c271  /scratch/data/Kallisto/rna/bs_abundance_13.tsv
2fe64afa2ef3a0e23f505f06448a2f3b  /scratch/data/Kallisto/rna/bs_abundance_53.tsv
fe1b0b30d1f8a02b318e4695543bb685  /scratch/data/Kallisto/rna/bs_abundance_11.tsv
137897b07aba48fe8e5050c9db1b5e1a  /scratch/data/Kallisto/rna/bs_abundance_86.tsv
32bce5a71f7196ba37de0c29eb009fcc  /scratch/data/Kallisto/rna/bs_abundance_24.tsv
ec0df1f0c027cc5c8acb2a5ebffe6f39  /scratch/data/Kallisto/rna/bs_abundance_70.tsv
d2f5435a0a02b92beaf2378a2de3db03  /scratch/data/Bam/container.bam
3a24e9e2c78a51632443d730becaece1  /scratch/data/Fastq/rna_1.fq.gz
dd9a9c865a20f03686f67dfad9910256  /scratch/data/Fastq/rna_2.fq.gz
88ea1c712e693a291e5627714020a582  /scratch/data/Fastq/dna_2.fq.gz
dd30a438785c9d4c4a1927b76d94e2db  /scratch/data/Fastq/GM12878_2x75_split.tgz
3222ab02b6a96b812829cc1f33515bca  /scratch/data/Fastq/dna_1.fq.gz
