5af39e216b7fe8959553818ed53dbba9  /scratch/data/RTG/container.HG002/index_files/rtg.css
a1756fd4fc5fa73f74437a11f5cb02d2  /scratch/data/RTG/container.HG002/index_files/Alignment-Score-Distribution-(Unmated-Only).png
d895aa5fb1f18640abb64f091709f0f3  /scratch/data/RTG/container.HG002/index_files/Mapping-Quality-(MAPQ)-Distribution.png
9d3273cf21e48fa5095c4a0991015198  /scratch/data/RTG/container.HG002/index_files/Alignment-Score-Distribution-(Mated-Only).png
15a1f3502f07d3d12b9979a171c70f8f  /scratch/data/RTG/container.HG002/index_files/Fragment-Length-Distribution.png
5f8da56f2cd3dea05e15be5d55fea548  /scratch/data/RTG/container.HG002/index_files/rtg_logo.png
014e0698a030553b00c982bb8dd0208c  /scratch/data/RTG/container.HG002/alignments.bam
af50efbb4a3c79a899f7f02958ed9dd2  /scratch/data/RTG/container.HG002/alignments.bam.bai
6d503f5f946f5b8562d5f416e5daacff  /scratch/data/RTG/container.HG002/progress
e8f9ecea5cb536c70a1f9cff71f18345  /scratch/data/RTG/container.HG002/rgstats.tsv
94a20f42000d378ad7f38629be9d745c  /scratch/data/RTG/container.HG002/map.log
2a9b3768cd14c68d2b7ed426cac3b3db  /scratch/data/RTG/container.HG002/alignments.bam.calibration
24a7d09f9748fed67b9767fca056ecc0  /scratch/data/RTG/container.HG002/reportdata.tsv
b23370ac0e4cd1a3afff14b2a6529c0a  /scratch/data/RTG/container.HG002/done
6247f284fb582a8528eb8c35220c4e0e  /scratch/data/RTG/container.HG002/summary.txt
bf83b393c00ea3aa4b5d5b14a3162ead  /scratch/data/RTG/container.HG002/index.html
f682b3291dd57d1c92cfd58bf05db53f  /scratch/data/RTG/HG004.2.10M.fastq.gz
40e47a6000ec5e6bcf5612bb92801896  /scratch/data/RTG/HG003.2.10M.fastq.gz
338a1ce1e3dd97ad197bfe41e94e72c4  /scratch/data/RTG/container.trio/snps.vcf.gz
5af39e216b7fe8959553818ed53dbba9  /scratch/data/RTG/container.trio/index_files/rtg.css
b99167b1a1f2f461a5b7a7c970749101  /scratch/data/RTG/container.trio/index_files/table.css
5f8da56f2cd3dea05e15be5d55fea548  /scratch/data/RTG/container.trio/index_files/rtg_logo.png
1dfc226dc6e77e4e4f8e00d7c29c241a  /scratch/data/RTG/container.trio/regions.bed.gz
a14b3b5d579ae2eafe00c5867ab2955a  /scratch/data/RTG/container.trio/family.log
9a756cc51212e496cd2935546c317024  /scratch/data/RTG/container.trio/snps.vcf.gz.tbi
6d766a4b1da42f0dd3d35b21d60414d8  /scratch/data/RTG/container.trio/progress
85bc5ae73467a858802aba720ea3a70b  /scratch/data/RTG/container.trio/regions.bed.gz.tbi
14800c8b1b97b124ed81bb5a09c915d7  /scratch/data/RTG/container.trio/done
c511059d439fdeb27686797c1d90b9c9  /scratch/data/RTG/container.trio/summary.txt
0b511ad445dddd6dd03655696ca095c4  /scratch/data/RTG/container.trio/index.html
52807e0d569962033f8a87470e373c18  /scratch/data/RTG/HG004.1.10M.fastq.gz
5af39e216b7fe8959553818ed53dbba9  /scratch/data/RTG/container.HG004/index_files/rtg.css
5fc8a32c64432b6923287cf8dadd9d8d  /scratch/data/RTG/container.HG004/index_files/Alignment-Score-Distribution-(Unmated-Only).png
cc90abbe237aeffb12021c81f7c9ae15  /scratch/data/RTG/container.HG004/index_files/Mapping-Quality-(MAPQ)-Distribution.png
62480330b760d1a957dfa4297aae3aa7  /scratch/data/RTG/container.HG004/index_files/Alignment-Score-Distribution-(Mated-Only).png
8f26146a93b409ebf1a303ff13c26766  /scratch/data/RTG/container.HG004/index_files/Fragment-Length-Distribution.png
5f8da56f2cd3dea05e15be5d55fea548  /scratch/data/RTG/container.HG004/index_files/rtg_logo.png
d03158310ac7ec0f83e4510409c4ea28  /scratch/data/RTG/container.HG004/alignments.bam
d9890697742492883208af010213fc5e  /scratch/data/RTG/container.HG004/alignments.bam.bai
d38bf67af33fc18f91184006360ceb3c  /scratch/data/RTG/container.HG004/progress
c287af3692b5c5bee7db8ce922aa67fe  /scratch/data/RTG/container.HG004/rgstats.tsv
6fd0258ae8457e6e71c948333bb36a11  /scratch/data/RTG/container.HG004/map.log
c67d5fb16d3ea6548696d1106751cb17  /scratch/data/RTG/container.HG004/alignments.bam.calibration
7860de7de6124e0e43d1c83de909aadf  /scratch/data/RTG/container.HG004/reportdata.tsv
b6c44fc3ab5eb6cbb411705f71cc8595  /scratch/data/RTG/container.HG004/done
206739a868e248274363bc8afe54ab26  /scratch/data/RTG/container.HG004/summary.txt
1785cd7246de30674454eb22a415c27e  /scratch/data/RTG/container.HG004/index.html
f63902aa224ba2ba4a4d860c099630f1  /scratch/data/RTG/HG002.1.10M.fastq.gz
5af39e216b7fe8959553818ed53dbba9  /scratch/data/RTG/container.HG003/index_files/rtg.css
3d584369b26d1d7d8b4ef1581e741bc1  /scratch/data/RTG/container.HG003/index_files/Alignment-Score-Distribution-(Unmated-Only).png
1cc5a2043e6b4bc5ebf86f4b44ad6521  /scratch/data/RTG/container.HG003/index_files/Mapping-Quality-(MAPQ)-Distribution.png
e1e3b86a8bc816e9aea7cb9327b76668  /scratch/data/RTG/container.HG003/index_files/Alignment-Score-Distribution-(Mated-Only).png
1bdffd1b3f442bd9b3169fd5e6b99df8  /scratch/data/RTG/container.HG003/index_files/Fragment-Length-Distribution.png
5f8da56f2cd3dea05e15be5d55fea548  /scratch/data/RTG/container.HG003/index_files/rtg_logo.png
a77723f2478ba7a39f0e7c4679a1a820  /scratch/data/RTG/container.HG003/alignments.bam
267a339f5b98ba44f2228a515f3ea0a4  /scratch/data/RTG/container.HG003/alignments.bam.bai
a13dda457cac1fb23bf1fcd2c5726307  /scratch/data/RTG/container.HG003/progress
64c06c68f97aac19eb24bbb80fc0bce0  /scratch/data/RTG/container.HG003/rgstats.tsv
f3e99a800745234343a8f0f7f75428be  /scratch/data/RTG/container.HG003/map.log
eb59c741f401fe0288f81c3c307bd99a  /scratch/data/RTG/container.HG003/alignments.bam.calibration
d8a52e9555802612091634b183e8ced8  /scratch/data/RTG/container.HG003/reportdata.tsv
181eed7c4caa6511d25fc843356ba1f2  /scratch/data/RTG/container.HG003/done
94ef316c4fc8ac0dc67dbe6a061d62a2  /scratch/data/RTG/container.HG003/summary.txt
362f63c0e80b7276fc417ca415fe0b35  /scratch/data/RTG/container.HG003/index.html
80b1259ad361cec9500ec0795ab7400b  /scratch/data/RTG/HG002.2.10M.fastq.gz
3df1c251d6be508f28f76a562a393d4b  /scratch/data/RTG/HG003.1.10M.fastq.gz
8db7bf4b21f0e11eebb0dda6b1128b84  /scratch/data/Reference/Homo_sapiens.GRCh38.dna.primary_assembly.fa.bwt
358e44170f2729f732045ac3993362f8  /scratch/data/Reference/kallisto_index
30bda345ff201f40aff5af7f8c8552e9  /scratch/data/Reference/Homo_sapiens.GRCh38.dna.primary_assembly.fa.sa
ac8817dea26a91365a7c7531c60ccb63  /scratch/data/Reference/Homo_sapiens.GRCh38.dna.primary_assembly.fa.sdf/namedata0
a308f744d1f9511f1278d14ef08b0b73  /scratch/data/Reference/Homo_sapiens.GRCh38.dna.primary_assembly.fa.sdf/suffixIndex0
65419fe7c5af016746918bf5e2fdccca  /scratch/data/Reference/Homo_sapiens.GRCh38.dna.primary_assembly.fa.sdf/nameIndex0
549e15d4277b80bcb09139d0f1ea132f  /scratch/data/Reference/Homo_sapiens.GRCh38.dna.primary_assembly.fa.sdf/seqpointer0
8b940a7ac3e9c67072d66dd3d014f174  /scratch/data/Reference/Homo_sapiens.GRCh38.dna.primary_assembly.fa.sdf/suffixdata0
641a6056ffe7742a915acab0037cc1e5  /scratch/data/Reference/Homo_sapiens.GRCh38.dna.primary_assembly.fa.sdf/seqdata1
a48e0a1c2808083b2c0dff38a88fd9d0  /scratch/data/Reference/Homo_sapiens.GRCh38.dna.primary_assembly.fa.sdf/seqdata3
d2687a32e54dfcda2ceb636688ccf019  /scratch/data/Reference/Homo_sapiens.GRCh38.dna.primary_assembly.fa.sdf/format.log
b217aba6fe3ce611203a6c2248c34883  /scratch/data/Reference/Homo_sapiens.GRCh38.dna.primary_assembly.fa.sdf/seqpointer2
5e977412c38097b01b448292c8fcc48c  /scratch/data/Reference/Homo_sapiens.GRCh38.dna.primary_assembly.fa.sdf/sequenceIndex0
f2b8b82f9e013e194628f3696538cbd5  /scratch/data/Reference/Homo_sapiens.GRCh38.dna.primary_assembly.fa.sdf/progress
87676759368f792ebbe8f82698c43d65  /scratch/data/Reference/Homo_sapiens.GRCh38.dna.primary_assembly.fa.sdf/seqpointer3
b4457c1c172f2de9c59e8d239e05c810  /scratch/data/Reference/Homo_sapiens.GRCh38.dna.primary_assembly.fa.sdf/seqdata2
43aff7e00d9a3f555ab10dae0e276b38  /scratch/data/Reference/Homo_sapiens.GRCh38.dna.primary_assembly.fa.sdf/suffixpointer0
3cde02f316e6a1a82c179466be9bb496  /scratch/data/Reference/Homo_sapiens.GRCh38.dna.primary_assembly.fa.sdf/seqdata0
a8eb0bed6f9529a940ac05eae457adc6  /scratch/data/Reference/Homo_sapiens.GRCh38.dna.primary_assembly.fa.sdf/namepointer0
e4582ee876be356f8ded77fb26224220  /scratch/data/Reference/Homo_sapiens.GRCh38.dna.primary_assembly.fa.sdf/mainIndex
11e45804df7a277a7716acb0c608ad76  /scratch/data/Reference/Homo_sapiens.GRCh38.dna.primary_assembly.fa.sdf/done
255eef0bc7d49d9dff437bb548a6cbe4  /scratch/data/Reference/Homo_sapiens.GRCh38.dna.primary_assembly.fa.sdf/seqpointer1
379a410003fcf9e5ae8b088b726e6080  /scratch/data/Reference/Homo_sapiens.GRCh38.dna.primary_assembly.fa.sdf/summary.txt
9e6b9465dc708d92bf6d67e9c9fa9389  /scratch/data/Reference/Homo_sapiens.GRCh38.dna.primary_assembly.fa
0c81559f3cc600af2e79ac7dfb5a30c7  /scratch/data/Reference/Homo_sapiens.GRCh38.dna.primary_assembly.fa.pac
6059c253ce2432bde7553846bfb4c18f  /scratch/data/Reference/Homo_sapiens.GRCh38.dna.primary_assembly.fa.ann
4a46c297bfc0b29cb2f7eefedc360556  /scratch/data/Reference/Homo_sapiens.GRCh38.dna.primary_assembly.fa.amb
d0c1782ecde72a7eb671336db7ff7733  /scratch/data/Reference/gencode.v25.transcripts.fa
674cf362355519d32de62ceccf4893e5  /scratch/data/Kallisto/rna/bs_abundance_77.tsv
8660bf78f53056caad2fb51ac20087bc  /scratch/data/Kallisto/rna/bs_abundance_7.tsv
e25adb6f727119399d2292b3913bbe32  /scratch/data/Kallisto/rna/bs_abundance_27.tsv
17d4bd78fb340c5eaaba8fc603729dfd  /scratch/data/Kallisto/rna/bs_abundance_31.tsv
bd595de9bc58b5a88d86dadca348ed4a  /scratch/data/Kallisto/rna/bs_abundance_45.tsv
c097d2b7a7abb123b891105b32ef01b6  /scratch/data/Kallisto/rna/bs_abundance_80.tsv
a107487d6cd85a3a9772517bbd4fc949  /scratch/data/Kallisto/rna/bs_abundance_51.tsv
9e6c94e8314002862760cd192c0164d6  /scratch/data/Kallisto/rna/bs_abundance_32.tsv
153420b418b6d6de9322cd7c62dffc3e  /scratch/data/Kallisto/rna/bs_abundance_95.tsv
c18231e3e2e6f693e63dbb6fdd88ae44  /scratch/data/Kallisto/rna/bs_abundance_48.tsv
4a20212b629515580dacd7ade1e3213b  /scratch/data/Kallisto/rna/bs_abundance_42.tsv
3d4fa22833c64aade87f0a1a64ff45e0  /scratch/data/Kallisto/rna/bs_abundance_89.tsv
4c3d9d763725bb4ce6b00e7f86d944fe  /scratch/data/Kallisto/rna/bs_abundance_19.tsv
fa3ea2d5a0175d4d91fc843946c2059b  /scratch/data/Kallisto/rna/bs_abundance_96.tsv
f31112030cd49b927a608600d91b66e4  /scratch/data/Kallisto/rna/bs_abundance_75.tsv
04937f3497e9cca451960a9196f219db  /scratch/data/Kallisto/rna/bs_abundance_74.tsv
72a09bd40ca4322cec70d54f6986cab1  /scratch/data/Kallisto/rna/bs_abundance_33.tsv
0495d75918786fe7700cc8427b778f8c  /scratch/data/Kallisto/rna/abundance.tsv
21c679cf703cf1e06c8f4634cf857bed  /scratch/data/Kallisto/rna/bs_abundance_63.tsv
42402c8f12fe6f898bc0dc4310f216d2  /scratch/data/Kallisto/rna/bs_abundance_84.tsv
25f4ea73e05d3fccfaa1bceaa4034cdf  /scratch/data/Kallisto/rna/bs_abundance_68.tsv
f4b32fb9a9a1953900c393031964c076  /scratch/data/Kallisto/rna/bs_abundance_6.tsv
74a220eb691d87639fc1ddf224f9a1b8  /scratch/data/Kallisto/rna/bs_abundance_30.tsv
36757ca94d7293006eee6263d83ebdf8  /scratch/data/Kallisto/rna/bs_abundance_67.tsv
2d2f2db980992de26d1c25f95184987f  /scratch/data/Kallisto/rna/bs_abundance_37.tsv
92048663a4c0edb3c3edc7e6667e39b7  /scratch/data/Kallisto/rna/bs_abundance_64.tsv
b68209957552ae3e10ac1a546bae3f32  /scratch/data/Kallisto/rna/bs_abundance_72.tsv
3ec7c44e268246c0f84db1376ded3539  /scratch/data/Kallisto/rna/bs_abundance_35.tsv
58a43f58fe302d810230ba9067197bcf  /scratch/data/Kallisto/rna/bs_abundance_17.tsv
b4256e2fecf428e3175ae45c72c244a9  /scratch/data/Kallisto/rna/bs_abundance_78.tsv
448da32a1a275d398e3bf49a6ce198e6  /scratch/data/Kallisto/rna/bs_abundance_98.tsv
24442bff9cef0026252237582b31774d  /scratch/data/Kallisto/rna/bs_abundance_66.tsv
a9c56a17374659e6b1f7176268c500f7  /scratch/data/Kallisto/rna/bs_abundance_59.tsv
45cddbac7ab14a96217edf6c45eb68b2  /scratch/data/Kallisto/rna/bs_abundance_91.tsv
6f5e69db923c0fad89c6583cc7ff7bfb  /scratch/data/Kallisto/rna/bs_abundance_43.tsv
e63cb4de42fe3a2fef95bcb8f35738e0  /scratch/data/Kallisto/rna/bs_abundance_25.tsv
6ccf9dcc6cd9d40db5cecbbdc50c56f2  /scratch/data/Kallisto/rna/bs_abundance_21.tsv
a698126a72e3b488821fe761e097545c  /scratch/data/Kallisto/rna/bs_abundance_34.tsv
567d4dff084df003e8e1cc23c01e01bd  /scratch/data/Kallisto/rna/bs_abundance_60.tsv
537cda270fba760bc284ca7d5b382474  /scratch/data/Kallisto/rna/bs_abundance_5.tsv
8ae840745eecf5ee3fb52c00fb80dc27  /scratch/data/Kallisto/rna/bs_abundance_39.tsv
475fe6c7a505ac6567fa7fe1682777b0  /scratch/data/Kallisto/rna/bs_abundance_26.tsv
985715cb4146d64919a20ef63f104d8c  /scratch/data/Kallisto/rna/bs_abundance_1.tsv
5bad7d5340a5b333a342ae146e30149c  /scratch/data/Kallisto/rna/bs_abundance_81.tsv
f4c8c461c9dd4850fa803f9a90c363f2  /scratch/data/Kallisto/rna/bs_abundance_2.tsv
6759ee5e002bf15c5c6b5de44068a8dc  /scratch/data/Kallisto/rna/bs_abundance_23.tsv
98d8495f5ed824d38b696fc90b87e777  /scratch/data/Kallisto/rna/bs_abundance_16.tsv
62f57cf89ff0404545bb59a6ede9408d  /scratch/data/Kallisto/rna/bs_abundance_18.tsv
dc35ac6a9b8a8c69a242274b18b8b64c  /scratch/data/Kallisto/rna/bs_abundance_61.tsv
f7c49c12ed596cdbdcaa5d38610acfa9  /scratch/data/Kallisto/rna/bs_abundance_69.tsv
699e9ca0238d3027b47b1049a9a4ff92  /scratch/data/Kallisto/rna/bs_abundance_93.tsv
6e8cf2f272e895665d72a126a265b2b3  /scratch/data/Kallisto/rna/bs_abundance_87.tsv
560c91045b183a6bcecec3e66eef78ad  /scratch/data/Kallisto/rna/bs_abundance_56.tsv
0cdd85788d1165579e49d534a79ff4d3  /scratch/data/Kallisto/rna/bs_abundance_88.tsv
350eb92425c5926e3665ff9817cacc37  /scratch/data/Kallisto/rna/bs_abundance_38.tsv
0db81ea7336bd0db9aaed02864225ce0  /scratch/data/Kallisto/rna/bs_abundance_94.tsv
b593d1c1f831a3fbfca67d3a91cb470d  /scratch/data/Kallisto/rna/bs_abundance_57.tsv
7ba63b496ab6d62c971702df57410bb9  /scratch/data/Kallisto/rna/bs_abundance_99.tsv
250af29a0360fd975fc71b5018df1b66  /scratch/data/Kallisto/rna/bs_abundance_10.tsv
1e7d7524f4feb60b01edefcd48ffc83c  /scratch/data/Kallisto/rna/bs_abundance_3.tsv
0eb1a78a053ac2b42ed3942b4fb8489f  /scratch/data/Kallisto/rna/bs_abundance_22.tsv
0910ed2628351cdbbd9c27145a283ad9  /scratch/data/Kallisto/rna/bs_abundance_97.tsv
7422f263c00c12d5d5422821fca80f67  /scratch/data/Kallisto/rna/bs_abundance_54.tsv
e6bbe0d940fdfb8d61adafc2b4359b2f  /scratch/data/Kallisto/rna/bs_abundance_40.tsv
ef9377eb089c6b9c68575b1817f26a3a  /scratch/data/Kallisto/rna/bs_abundance_44.tsv
5440cd99c24cc86ad6090d8920eeb32d  /scratch/data/Kallisto/rna/bs_abundance_79.tsv
991a75dc6aa9c20caefa464bd03482b6  /scratch/data/Kallisto/rna/bs_abundance_76.tsv
e3db9099f2ebb8fd7abe148239d118d1  /scratch/data/Kallisto/rna/bs_abundance_28.tsv
937da6ce0d1cce3e76a78c5c0e966768  /scratch/data/Kallisto/rna/bs_abundance_29.tsv
a678c3175476553037612d7920c9e7a0  /scratch/data/Kallisto/rna/bs_abundance_90.tsv
6ad5f248febd1c05efb1d1cc866c32cf  /scratch/data/Kallisto/rna/bs_abundance_41.tsv
36960e2f1960878df1434e18115e6aee  /scratch/data/Kallisto/rna/bs_abundance_9.tsv
1b22ce4136ad050cafc8cc440be91090  /scratch/data/Kallisto/rna/bs_abundance_52.tsv
574ac91f98e4bf74c7a90fd71f92bb5e  /scratch/data/Kallisto/rna/bs_abundance_73.tsv
ecefc26f53c9e248e46eba5639c7dcf0  /scratch/data/Kallisto/rna/bs_abundance_8.tsv
27c25950099fb7ef86c31d8c7b285f82  /scratch/data/Kallisto/rna/bs_abundance_82.tsv
131ce496a6affa7b91dc62e962a284e7  /scratch/data/Kallisto/rna/bs_abundance_15.tsv
b7d80b5123cd8bd65ea8301c589e32e5  /scratch/data/Kallisto/rna/bs_abundance_20.tsv
a20f618c8ff61e253af5460bb6a49437  /scratch/data/Kallisto/rna/bs_abundance_85.tsv
465e60b1468a0786deb3ac0f119cd76d  /scratch/data/Kallisto/rna/bs_abundance_55.tsv
3b376854172d2043d182365bf9cbe9f1  /scratch/data/Kallisto/rna/bs_abundance_46.tsv
384d5ef03b6448d28ee24accc8480010  /scratch/data/Kallisto/rna/bs_abundance_36.tsv
85a695a8519f7c922335e11e26eec985  /scratch/data/Kallisto/rna/bs_abundance_49.tsv
a7cc4aad1aa48d3df4c5c8efa4bdf74d  /scratch/data/Kallisto/rna/bs_abundance_50.tsv
d34ef7d4edafc0927f5d015a42e1510f  /scratch/data/Kallisto/rna/bs_abundance_62.tsv
3a84c40a6e5efcf51981d619ec38f423  /scratch/data/Kallisto/rna/bs_abundance_47.tsv
2a42a8691ab68f7aa09d32b035341656  /scratch/data/Kallisto/rna/bs_abundance_92.tsv
f2a2e4b8c01df0bf016a37bd0fdf9c3e  /scratch/data/Kallisto/rna/bs_abundance_65.tsv
80f8268859fc64965f10a1c4a1ee7aad  /scratch/data/Kallisto/rna/bs_abundance_0.tsv
03bd47a1c72f67bcb6aa5920717fbdef  /scratch/data/Kallisto/rna/bs_abundance_58.tsv
21e7180526981b3550283a44a581d067  /scratch/data/Kallisto/rna/bs_abundance_83.tsv
515e0fd522b31bd888803f4899bd91a0  /scratch/data/Kallisto/rna/bs_abundance_14.tsv
67115e6067051ff6b776525c98ad6cfc  /scratch/data/Kallisto/rna/bs_abundance_71.tsv
96606858b9e09c162627254126714ce4  /scratch/data/Kallisto/rna/run_info.json
d79ea8906b0683b27d555ce83dc6d3c2  /scratch/data/Kallisto/rna/bs_abundance_4.tsv
0251837d6f66c25e501cb75948f0840f  /scratch/data/Kallisto/rna/bs_abundance_12.tsv
b79d45c1fd73a6b980c175cd33cbf92b  /scratch/data/Kallisto/rna/bs_abundance_13.tsv
44c4a6bdd50f5a9b262e14d1e5230c45  /scratch/data/Kallisto/rna/bs_abundance_53.tsv
f7b156cd07f49de9a1f9ae18329d2e4a  /scratch/data/Kallisto/rna/bs_abundance_11.tsv
03f351b7b1bc9b354e4c3f5ba789142a  /scratch/data/Kallisto/rna/bs_abundance_86.tsv
21c35878a0435f18d2dbd3feff694f77  /scratch/data/Kallisto/rna/bs_abundance_24.tsv
941f6de254c663552cd96fed653c44cc  /scratch/data/Kallisto/rna/bs_abundance_70.tsv
d2f5435a0a02b92beaf2378a2de3db03  /scratch/data/Bam/container.bam
3b8640f488acc529049d86c1e2b0cbe5  /scratch/data/Fastq/rna_1.fq.gz
26bab753fa6bf36d0e899f8496aebdfc  /scratch/data/Fastq/rna_2.fq.gz
62e551d3630edff146ede05514322fd6  /scratch/data/Fastq/dna_2.fq.gz
dd30a438785c9d4c4a1927b76d94e2db  /scratch/data/Fastq/GM12878_2x75_split.tgz
7e2ca4ad5ff65d96449b5ba4eeece7ca  /scratch/data/Fastq/dna_1.fq.gz
