f63902aa224ba2ba4a4d860c099630f1  /scratch/data/RTG/HG002.1.10M.fastq.gz
388b6e90eb846e63e33688229444a4e4  /scratch/data/RTG/container.HG002/progress
bf83b393c00ea3aa4b5d5b14a3162ead  /scratch/data/RTG/container.HG002/index.html
872de725c03a20ce907782f3a443a8d3  /scratch/data/RTG/container.HG002/done
2a9b3768cd14c68d2b7ed426cac3b3db  /scratch/data/RTG/container.HG002/alignments.bam.calibration
6b41c6292498b9ed94acd0ae83e32e38  /scratch/data/RTG/container.HG002/map.log
15a1f3502f07d3d12b9979a171c70f8f  /scratch/data/RTG/container.HG002/index_files/Fragment-Length-Distribution.png
5f8da56f2cd3dea05e15be5d55fea548  /scratch/data/RTG/container.HG002/index_files/rtg_logo.png
a1756fd4fc5fa73f74437a11f5cb02d2  /scratch/data/RTG/container.HG002/index_files/Alignment-Score-Distribution-(Unmated-Only).png
9d3273cf21e48fa5095c4a0991015198  /scratch/data/RTG/container.HG002/index_files/Alignment-Score-Distribution-(Mated-Only).png
5af39e216b7fe8959553818ed53dbba9  /scratch/data/RTG/container.HG002/index_files/rtg.css
d895aa5fb1f18640abb64f091709f0f3  /scratch/data/RTG/container.HG002/index_files/Mapping-Quality-(MAPQ)-Distribution.png
e8f9ecea5cb536c70a1f9cff71f18345  /scratch/data/RTG/container.HG002/rgstats.tsv
fa8f1e3ab124f7800412414929777c33  /scratch/data/RTG/container.HG002/alignments.bam
24a7d09f9748fed67b9767fca056ecc0  /scratch/data/RTG/container.HG002/reportdata.tsv
6247f284fb582a8528eb8c35220c4e0e  /scratch/data/RTG/container.HG002/summary.txt
00278ae7c0590bae04fc2b28dbd36b52  /scratch/data/RTG/container.HG002/alignments.bam.bai
52807e0d569962033f8a87470e373c18  /scratch/data/RTG/HG004.1.10M.fastq.gz
c3f770ff5dc2401b035147f6158dd672  /scratch/data/RTG/container.HG003/progress
362f63c0e80b7276fc417ca415fe0b35  /scratch/data/RTG/container.HG003/index.html
913a91757d907b5e6ceb458e5580a30a  /scratch/data/RTG/container.HG003/done
eb59c741f401fe0288f81c3c307bd99a  /scratch/data/RTG/container.HG003/alignments.bam.calibration
ba316c72fee47e70fbe0990ade8b6680  /scratch/data/RTG/container.HG003/map.log
1bdffd1b3f442bd9b3169fd5e6b99df8  /scratch/data/RTG/container.HG003/index_files/Fragment-Length-Distribution.png
5f8da56f2cd3dea05e15be5d55fea548  /scratch/data/RTG/container.HG003/index_files/rtg_logo.png
3d584369b26d1d7d8b4ef1581e741bc1  /scratch/data/RTG/container.HG003/index_files/Alignment-Score-Distribution-(Unmated-Only).png
e1e3b86a8bc816e9aea7cb9327b76668  /scratch/data/RTG/container.HG003/index_files/Alignment-Score-Distribution-(Mated-Only).png
5af39e216b7fe8959553818ed53dbba9  /scratch/data/RTG/container.HG003/index_files/rtg.css
1cc5a2043e6b4bc5ebf86f4b44ad6521  /scratch/data/RTG/container.HG003/index_files/Mapping-Quality-(MAPQ)-Distribution.png
64c06c68f97aac19eb24bbb80fc0bce0  /scratch/data/RTG/container.HG003/rgstats.tsv
2d06625fc96b6a44fcfea93d09963933  /scratch/data/RTG/container.HG003/alignments.bam
d8a52e9555802612091634b183e8ced8  /scratch/data/RTG/container.HG003/reportdata.tsv
94ef316c4fc8ac0dc67dbe6a061d62a2  /scratch/data/RTG/container.HG003/summary.txt
28c42fe8fb8fed6a783dd8397de6d7f5  /scratch/data/RTG/container.HG003/alignments.bam.bai
c650e4f16c12b7bd158cf0aa5019cb55  /scratch/data/RTG/container.trio/progress
6181b25e272a15f43647cd562a1fe2d0  /scratch/data/RTG/container.trio/snps.vcf.gz
0b511ad445dddd6dd03655696ca095c4  /scratch/data/RTG/container.trio/index.html
d793ecbbccf9e5d8d140f53ee280b239  /scratch/data/RTG/container.trio/done
1dfc226dc6e77e4e4f8e00d7c29c241a  /scratch/data/RTG/container.trio/regions.bed.gz
b99167b1a1f2f461a5b7a7c970749101  /scratch/data/RTG/container.trio/index_files/table.css
5f8da56f2cd3dea05e15be5d55fea548  /scratch/data/RTG/container.trio/index_files/rtg_logo.png
5af39e216b7fe8959553818ed53dbba9  /scratch/data/RTG/container.trio/index_files/rtg.css
85bc5ae73467a858802aba720ea3a70b  /scratch/data/RTG/container.trio/regions.bed.gz.tbi
8b7ff8d498ef897165e714609311dea8  /scratch/data/RTG/container.trio/snps.vcf.gz.tbi
68891d4a82664ea5b4bd5364f5ab96c1  /scratch/data/RTG/container.trio/family.log
c511059d439fdeb27686797c1d90b9c9  /scratch/data/RTG/container.trio/summary.txt
f682b3291dd57d1c92cfd58bf05db53f  /scratch/data/RTG/HG004.2.10M.fastq.gz
40e47a6000ec5e6bcf5612bb92801896  /scratch/data/RTG/HG003.2.10M.fastq.gz
f0a35e1f612d6a0504042cd22dcc517f  /scratch/data/RTG/container.HG004/progress
1785cd7246de30674454eb22a415c27e  /scratch/data/RTG/container.HG004/index.html
8aa89d2c288f1b1679697424a64b301b  /scratch/data/RTG/container.HG004/done
c67d5fb16d3ea6548696d1106751cb17  /scratch/data/RTG/container.HG004/alignments.bam.calibration
a4ccdaaa13b961ed4aab58e096c4a211  /scratch/data/RTG/container.HG004/map.log
8f26146a93b409ebf1a303ff13c26766  /scratch/data/RTG/container.HG004/index_files/Fragment-Length-Distribution.png
5f8da56f2cd3dea05e15be5d55fea548  /scratch/data/RTG/container.HG004/index_files/rtg_logo.png
5fc8a32c64432b6923287cf8dadd9d8d  /scratch/data/RTG/container.HG004/index_files/Alignment-Score-Distribution-(Unmated-Only).png
62480330b760d1a957dfa4297aae3aa7  /scratch/data/RTG/container.HG004/index_files/Alignment-Score-Distribution-(Mated-Only).png
5af39e216b7fe8959553818ed53dbba9  /scratch/data/RTG/container.HG004/index_files/rtg.css
cc90abbe237aeffb12021c81f7c9ae15  /scratch/data/RTG/container.HG004/index_files/Mapping-Quality-(MAPQ)-Distribution.png
c287af3692b5c5bee7db8ce922aa67fe  /scratch/data/RTG/container.HG004/rgstats.tsv
31591bb627338a58cbfa4cf8e468af1a  /scratch/data/RTG/container.HG004/alignments.bam
7860de7de6124e0e43d1c83de909aadf  /scratch/data/RTG/container.HG004/reportdata.tsv
206739a868e248274363bc8afe54ab26  /scratch/data/RTG/container.HG004/summary.txt
226aaf7d659148a0af6696c2be1ed22a  /scratch/data/RTG/container.HG004/alignments.bam.bai
3df1c251d6be508f28f76a562a393d4b  /scratch/data/RTG/HG003.1.10M.fastq.gz
80b1259ad361cec9500ec0795ab7400b  /scratch/data/RTG/HG002.2.10M.fastq.gz
150487cbf9caece5cf8ae4240aab8cf1  /scratch/data/Kallisto/rna/bs_abundance_2.tsv
94f46e453a1218e09256491cd93a5e7d  /scratch/data/Kallisto/rna/bs_abundance_42.tsv
59bc32b02fe92d35dcc46c843ad5ac4f  /scratch/data/Kallisto/rna/bs_abundance_0.tsv
5573bbda46e3193c7d397a93e7022a90  /scratch/data/Kallisto/rna/bs_abundance_93.tsv
6e2d49ebc31fab9ac51fbd07070337d9  /scratch/data/Kallisto/rna/bs_abundance_24.tsv
dfd02646c68492c344010d6f61d55104  /scratch/data/Kallisto/rna/bs_abundance_25.tsv
49dc2ec92ef1360877863d9da5de1c5a  /scratch/data/Kallisto/rna/bs_abundance_28.tsv
0813cd1910addb2e5f0785c646648ec3  /scratch/data/Kallisto/rna/bs_abundance_60.tsv
2496e0364eb14a21bbc521115f41402f  /scratch/data/Kallisto/rna/bs_abundance_33.tsv
77fdf4ad82b4be83ad0e83b81f239dd5  /scratch/data/Kallisto/rna/bs_abundance_74.tsv
649cde805af9e55feaba08bb7adcca0c  /scratch/data/Kallisto/rna/bs_abundance_96.tsv
076460ff7953ec9c5d9219a680bf782e  /scratch/data/Kallisto/rna/bs_abundance_85.tsv
10a0512ca0b623165e1151d54682e468  /scratch/data/Kallisto/rna/bs_abundance_78.tsv
b6418e7af664abb24ef8208a9b572c74  /scratch/data/Kallisto/rna/bs_abundance_48.tsv
1abc983b0705a8235c6f94d7ca391227  /scratch/data/Kallisto/rna/bs_abundance_41.tsv
7d18a96d638dfbfb0c31714aadbc1c89  /scratch/data/Kallisto/rna/bs_abundance_10.tsv
0f63e472746a857186e84b1fb5db057f  /scratch/data/Kallisto/rna/bs_abundance_58.tsv
b8d7e2310d3ce08f8975691eb4eb9c38  /scratch/data/Kallisto/rna/bs_abundance_52.tsv
60637e47086a8eb78097d26aac3455cb  /scratch/data/Kallisto/rna/bs_abundance_94.tsv
5941846790a9150726cd2cdc95cf1000  /scratch/data/Kallisto/rna/bs_abundance_4.tsv
b244172d261fd8239bee1fc1294d15bb  /scratch/data/Kallisto/rna/bs_abundance_95.tsv
aa003ebd083fbb5b98d60417d2db364d  /scratch/data/Kallisto/rna/bs_abundance_84.tsv
4aff7cb50e589873bdbc5ca1fe2a5d73  /scratch/data/Kallisto/rna/bs_abundance_45.tsv
4bddb27eef7b9da5a615c18cdebf062e  /scratch/data/Kallisto/rna/bs_abundance_86.tsv
0a03ccb720ab21c4c4a8fdea20eac0de  /scratch/data/Kallisto/rna/bs_abundance_89.tsv
0d110a3e08655925df0f204d20a7563d  /scratch/data/Kallisto/rna/bs_abundance_35.tsv
f1fd0d15232bf5a5a32370a6ba78cbca  /scratch/data/Kallisto/rna/bs_abundance_57.tsv
f176befb7dfa68bec245db88caeab81d  /scratch/data/Kallisto/rna/bs_abundance_3.tsv
c356526c27edffee8a0c22ad24c94d91  /scratch/data/Kallisto/rna/bs_abundance_22.tsv
37b96407f1bfe52e821e1dbcb85843a8  /scratch/data/Kallisto/rna/bs_abundance_18.tsv
7dfe885f34d0fdb441a48e6cf27366ad  /scratch/data/Kallisto/rna/bs_abundance_71.tsv
290c0a3cde01f4d9d668528aa1839135  /scratch/data/Kallisto/rna/bs_abundance_87.tsv
3cf1845bc89e03f0bb790a189003a436  /scratch/data/Kallisto/rna/bs_abundance_47.tsv
295b60123c7f475995efdc4c4af0794f  /scratch/data/Kallisto/rna/bs_abundance_72.tsv
2229d6c015e63dca23df6fa345eedeff  /scratch/data/Kallisto/rna/abundance.tsv
c5d870fe2d9bab722e27517bb00df15c  /scratch/data/Kallisto/rna/bs_abundance_19.tsv
1b8358c16f40cea4f3ac435a37973bdf  /scratch/data/Kallisto/rna/bs_abundance_68.tsv
ebee4b9dc1b764b4dad7ac2cdf1b9433  /scratch/data/Kallisto/rna/bs_abundance_44.tsv
01e4451341c93a62a0e288bc333b495f  /scratch/data/Kallisto/rna/bs_abundance_36.tsv
06a3ddcf11613e28ad5b89d89a2e605f  /scratch/data/Kallisto/rna/bs_abundance_12.tsv
18378c1fef389c81f0598b20cb6d6ffa  /scratch/data/Kallisto/rna/bs_abundance_38.tsv
6a37b31f5d9c8fa3fad1f838018375fa  /scratch/data/Kallisto/rna/bs_abundance_56.tsv
c1889ad70214a6dd1e5d2ff23a9f08a6  /scratch/data/Kallisto/rna/bs_abundance_82.tsv
13fb2f2060d6cd2f041fbd4931b8f5f7  /scratch/data/Kallisto/rna/bs_abundance_9.tsv
61aa6496f527adaa645c4e7159304882  /scratch/data/Kallisto/rna/bs_abundance_7.tsv
05807d342004740d02d54184ddfe6c86  /scratch/data/Kallisto/rna/bs_abundance_92.tsv
834292513d597f398ffdae1276f94400  /scratch/data/Kallisto/rna/bs_abundance_64.tsv
7491768a039bd7411ce0caab6042ed68  /scratch/data/Kallisto/rna/bs_abundance_54.tsv
b2dd17face123ac967625699945b6cb5  /scratch/data/Kallisto/rna/bs_abundance_23.tsv
c925209e268a8feba5c7a4badd2418ce  /scratch/data/Kallisto/rna/bs_abundance_30.tsv
845c13d60305dd5fe3d80080163d88b1  /scratch/data/Kallisto/rna/bs_abundance_70.tsv
3106fb621084a9ecc31e1ca22e40d2dd  /scratch/data/Kallisto/rna/bs_abundance_20.tsv
88a9a8baea9666c730fff2466376d6db  /scratch/data/Kallisto/rna/bs_abundance_15.tsv
26617e01702b6180ca4764627cb4a361  /scratch/data/Kallisto/rna/bs_abundance_81.tsv
a3bb013bb7e6ee901d1e9dac23c6fb8e  /scratch/data/Kallisto/rna/bs_abundance_55.tsv
bb8ed12fac6ec5a4f0bec663656d0cc7  /scratch/data/Kallisto/rna/bs_abundance_61.tsv
9069d62907987f0c7644feedcf342d89  /scratch/data/Kallisto/rna/bs_abundance_62.tsv
0c3f8415d457a8ffccf877ac8006842d  /scratch/data/Kallisto/rna/bs_abundance_6.tsv
c46f167206ea76db9b8dc7d5ff38523c  /scratch/data/Kallisto/rna/bs_abundance_49.tsv
56d8a721560decfecd2044ffeed813c8  /scratch/data/Kallisto/rna/bs_abundance_97.tsv
9eb911146df1b6090919ba1507fe9199  /scratch/data/Kallisto/rna/bs_abundance_69.tsv
19d3ea93f8cf0d6ba9676182a06f7f39  /scratch/data/Kallisto/rna/bs_abundance_13.tsv
639e6cbf35c69e800c034a5cc7c967da  /scratch/data/Kallisto/rna/bs_abundance_37.tsv
d4bb496d1b34c96021f2c6f890cc43ad  /scratch/data/Kallisto/rna/bs_abundance_31.tsv
6940276df51a23236837681e1de32efc  /scratch/data/Kallisto/rna/bs_abundance_67.tsv
d4e7433ac137b3fe757e07d0286b439a  /scratch/data/Kallisto/rna/bs_abundance_14.tsv
19fadb2164b91ae5d6c990093bd699be  /scratch/data/Kallisto/rna/bs_abundance_59.tsv
1dd58897def68b30627fc341e3d7b19c  /scratch/data/Kallisto/rna/bs_abundance_75.tsv
b046b4bd32e1072eab57f46b3554164a  /scratch/data/Kallisto/rna/bs_abundance_53.tsv
48b0e010339d8a102e9fa5340422018f  /scratch/data/Kallisto/rna/bs_abundance_99.tsv
e7866c90fe3ab9e49643905fd150ae02  /scratch/data/Kallisto/rna/bs_abundance_43.tsv
136b6fc59a9ed57e14eb402e63b37f76  /scratch/data/Kallisto/rna/bs_abundance_11.tsv
d8e895682181275961aca32b57d1ebf1  /scratch/data/Kallisto/rna/bs_abundance_1.tsv
daa63a79827ac58f3c2e8bc7927d68bc  /scratch/data/Kallisto/rna/bs_abundance_46.tsv
f152739409b3491d8454e4b919033e5e  /scratch/data/Kallisto/rna/bs_abundance_65.tsv
7589e9853dc746cd8e97a1c301c4052f  /scratch/data/Kallisto/rna/bs_abundance_32.tsv
a0c8bb4d6fc3753226cc0dfe3963da3b  /scratch/data/Kallisto/rna/bs_abundance_40.tsv
624ec161c0ebd9a4658f868dc8dd2f4d  /scratch/data/Kallisto/rna/bs_abundance_79.tsv
af630fb802e9ea454909c0d48dd32cc0  /scratch/data/Kallisto/rna/bs_abundance_34.tsv
2c7afe8c4e80fabc22d06c1e79db58e0  /scratch/data/Kallisto/rna/bs_abundance_88.tsv
181fa81996a834367abfa0081bc1577c  /scratch/data/Kallisto/rna/bs_abundance_63.tsv
bd002da03d611d30f6a250be110ade9f  /scratch/data/Kallisto/rna/bs_abundance_90.tsv
3fcb65e1c879eaa40772919b55f5baa5  /scratch/data/Kallisto/rna/bs_abundance_76.tsv
3efaac74464bafe527c7836b69803d3d  /scratch/data/Kallisto/rna/bs_abundance_16.tsv
4304e4d4af14b28b9c5b228d51712f37  /scratch/data/Kallisto/rna/bs_abundance_73.tsv
7f018ced08d2adfe207daba6ce02d46d  /scratch/data/Kallisto/rna/bs_abundance_80.tsv
e2d64bccf0e1595dce0c9212aac62239  /scratch/data/Kallisto/rna/bs_abundance_91.tsv
319e5d838e81515c29cd9a96cb45bf36  /scratch/data/Kallisto/rna/bs_abundance_83.tsv
4dbb696c9cf40d54469abb86962b0aca  /scratch/data/Kallisto/rna/run_info.json
a43890eac5a0cd9ea0b6c70c14379cc5  /scratch/data/Kallisto/rna/bs_abundance_39.tsv
48877d61efbd30416a58aecb5d7f86dd  /scratch/data/Kallisto/rna/bs_abundance_21.tsv
e7a07490c44d484b6ad528ac90632a1d  /scratch/data/Kallisto/rna/bs_abundance_51.tsv
ee06627a3a8b04a8dc9b1c6aef5d326d  /scratch/data/Kallisto/rna/bs_abundance_77.tsv
2576ec94b2d4ce25290d7374b4e11add  /scratch/data/Kallisto/rna/bs_abundance_5.tsv
6b8138405e55520eb28ef568096ed032  /scratch/data/Kallisto/rna/bs_abundance_26.tsv
57d01d1748f69692eadbd793f3171156  /scratch/data/Kallisto/rna/bs_abundance_17.tsv
4abe9992970497a9058dc688556142ce  /scratch/data/Kallisto/rna/bs_abundance_29.tsv
e5cac6b935637166fa1e6ce343ee0f14  /scratch/data/Kallisto/rna/bs_abundance_8.tsv
2db04b1687904d5a84e9dd98a3ff3ab7  /scratch/data/Kallisto/rna/bs_abundance_66.tsv
f94d8ce43486bdb19015c370b65d0278  /scratch/data/Kallisto/rna/bs_abundance_27.tsv
76793dd70f3b049985063dcae0e65530  /scratch/data/Kallisto/rna/bs_abundance_98.tsv
18e5d15609bab53c5d29c62cd72d33a5  /scratch/data/Kallisto/rna/bs_abundance_50.tsv
4a46c297bfc0b29cb2f7eefedc360556  /scratch/data/Reference/Homo_sapiens.GRCh38.dna.primary_assembly.fa.amb
0c81559f3cc600af2e79ac7dfb5a30c7  /scratch/data/Reference/Homo_sapiens.GRCh38.dna.primary_assembly.fa.pac
d0c1782ecde72a7eb671336db7ff7733  /scratch/data/Reference/gencode.v25.transcripts.fa
358e44170f2729f732045ac3993362f8  /scratch/data/Reference/kallisto_index
9e6b9465dc708d92bf6d67e9c9fa9389  /scratch/data/Reference/Homo_sapiens.GRCh38.dna.primary_assembly.fa
8db7bf4b21f0e11eebb0dda6b1128b84  /scratch/data/Reference/Homo_sapiens.GRCh38.dna.primary_assembly.fa.bwt
30bda345ff201f40aff5af7f8c8552e9  /scratch/data/Reference/Homo_sapiens.GRCh38.dna.primary_assembly.fa.sa
6059c253ce2432bde7553846bfb4c18f  /scratch/data/Reference/Homo_sapiens.GRCh38.dna.primary_assembly.fa.ann
cc3433af12e2d2885a4660d453b5b24b  /scratch/data/Reference/Homo_sapiens.GRCh38.dna.primary_assembly.fa.sdf/progress
255eef0bc7d49d9dff437bb548a6cbe4  /scratch/data/Reference/Homo_sapiens.GRCh38.dna.primary_assembly.fa.sdf/seqpointer1
641a6056ffe7742a915acab0037cc1e5  /scratch/data/Reference/Homo_sapiens.GRCh38.dna.primary_assembly.fa.sdf/seqdata1
999fbf8e3713da3944a26a64e15211cf  /scratch/data/Reference/Homo_sapiens.GRCh38.dna.primary_assembly.fa.sdf/done
beef52a0e8f3b4517a787513ca9d0c69  /scratch/data/Reference/Homo_sapiens.GRCh38.dna.primary_assembly.fa.sdf/mainIndex
ac8817dea26a91365a7c7531c60ccb63  /scratch/data/Reference/Homo_sapiens.GRCh38.dna.primary_assembly.fa.sdf/namedata0
87676759368f792ebbe8f82698c43d65  /scratch/data/Reference/Homo_sapiens.GRCh38.dna.primary_assembly.fa.sdf/seqpointer3
549e15d4277b80bcb09139d0f1ea132f  /scratch/data/Reference/Homo_sapiens.GRCh38.dna.primary_assembly.fa.sdf/seqpointer0
a8eb0bed6f9529a940ac05eae457adc6  /scratch/data/Reference/Homo_sapiens.GRCh38.dna.primary_assembly.fa.sdf/namepointer0
493547512b0101519b084fabd5063861  /scratch/data/Reference/Homo_sapiens.GRCh38.dna.primary_assembly.fa.sdf/format.log
65419fe7c5af016746918bf5e2fdccca  /scratch/data/Reference/Homo_sapiens.GRCh38.dna.primary_assembly.fa.sdf/nameIndex0
b217aba6fe3ce611203a6c2248c34883  /scratch/data/Reference/Homo_sapiens.GRCh38.dna.primary_assembly.fa.sdf/seqpointer2
a308f744d1f9511f1278d14ef08b0b73  /scratch/data/Reference/Homo_sapiens.GRCh38.dna.primary_assembly.fa.sdf/suffixIndex0
66e7d999825c473866a69b863252afd5  /scratch/data/Reference/Homo_sapiens.GRCh38.dna.primary_assembly.fa.sdf/summary.txt
b4457c1c172f2de9c59e8d239e05c810  /scratch/data/Reference/Homo_sapiens.GRCh38.dna.primary_assembly.fa.sdf/seqdata2
43aff7e00d9a3f555ab10dae0e276b38  /scratch/data/Reference/Homo_sapiens.GRCh38.dna.primary_assembly.fa.sdf/suffixpointer0
3cde02f316e6a1a82c179466be9bb496  /scratch/data/Reference/Homo_sapiens.GRCh38.dna.primary_assembly.fa.sdf/seqdata0
a48e0a1c2808083b2c0dff38a88fd9d0  /scratch/data/Reference/Homo_sapiens.GRCh38.dna.primary_assembly.fa.sdf/seqdata3
5e977412c38097b01b448292c8fcc48c  /scratch/data/Reference/Homo_sapiens.GRCh38.dna.primary_assembly.fa.sdf/sequenceIndex0
8b940a7ac3e9c67072d66dd3d014f174  /scratch/data/Reference/Homo_sapiens.GRCh38.dna.primary_assembly.fa.sdf/suffixdata0
2d183d5c58a9eea9ba110e664ea17a4e  /scratch/data/Fastq/dna_2.fq.gz
f82e22c8abe83d546d3480c69092e8b4  /scratch/data/Fastq/rna_1.fq.gz
8d78b3869ef7d6c2c91642a7c25c9b96  /scratch/data/Fastq/dna_1.fq.gz
dd30a438785c9d4c4a1927b76d94e2db  /scratch/data/Fastq/GM12878_2x75_split.tgz
31de09fe4e24b815369b2341b10348e5  /scratch/data/Fastq/rna_2.fq.gz
28db4eecaf34904ae442a7ecd09456d9  /scratch/data/Bam/container.bam
