f63902aa224ba2ba4a4d860c099630f1  /scratch/data/RTG/HG002.1.10M.fastq.gz
f53d3b36a82543ed6f260c8975889dde  /scratch/data/RTG/container.HG002/progress
bf83b393c00ea3aa4b5d5b14a3162ead  /scratch/data/RTG/container.HG002/index.html
ab434a87146a868dfb3cb69f293c9fa5  /scratch/data/RTG/container.HG002/done
2a9b3768cd14c68d2b7ed426cac3b3db  /scratch/data/RTG/container.HG002/alignments.bam.calibration
b790662236deeeb6bf08a093890624d4  /scratch/data/RTG/container.HG002/map.log
15a1f3502f07d3d12b9979a171c70f8f  /scratch/data/RTG/container.HG002/index_files/Fragment-Length-Distribution.png
5f8da56f2cd3dea05e15be5d55fea548  /scratch/data/RTG/container.HG002/index_files/rtg_logo.png
a1756fd4fc5fa73f74437a11f5cb02d2  /scratch/data/RTG/container.HG002/index_files/Alignment-Score-Distribution-(Unmated-Only).png
9d3273cf21e48fa5095c4a0991015198  /scratch/data/RTG/container.HG002/index_files/Alignment-Score-Distribution-(Mated-Only).png
5af39e216b7fe8959553818ed53dbba9  /scratch/data/RTG/container.HG002/index_files/rtg.css
d895aa5fb1f18640abb64f091709f0f3  /scratch/data/RTG/container.HG002/index_files/Mapping-Quality-(MAPQ)-Distribution.png
e8f9ecea5cb536c70a1f9cff71f18345  /scratch/data/RTG/container.HG002/rgstats.tsv
81480f90c7820627bda5385acbdc8daf  /scratch/data/RTG/container.HG002/alignments.bam
24a7d09f9748fed67b9767fca056ecc0  /scratch/data/RTG/container.HG002/reportdata.tsv
6247f284fb582a8528eb8c35220c4e0e  /scratch/data/RTG/container.HG002/summary.txt
00278ae7c0590bae04fc2b28dbd36b52  /scratch/data/RTG/container.HG002/alignments.bam.bai
52807e0d569962033f8a87470e373c18  /scratch/data/RTG/HG004.1.10M.fastq.gz
f1d3ec4aa1aac2dedc491e2d3d1c2f35  /scratch/data/RTG/container.HG003/progress
362f63c0e80b7276fc417ca415fe0b35  /scratch/data/RTG/container.HG003/index.html
0b6b3203bda7c18261150f5e63a80ef3  /scratch/data/RTG/container.HG003/done
eb59c741f401fe0288f81c3c307bd99a  /scratch/data/RTG/container.HG003/alignments.bam.calibration
bdb693fb4afabd50d1c81173a05d0d06  /scratch/data/RTG/container.HG003/map.log
1bdffd1b3f442bd9b3169fd5e6b99df8  /scratch/data/RTG/container.HG003/index_files/Fragment-Length-Distribution.png
5f8da56f2cd3dea05e15be5d55fea548  /scratch/data/RTG/container.HG003/index_files/rtg_logo.png
3d584369b26d1d7d8b4ef1581e741bc1  /scratch/data/RTG/container.HG003/index_files/Alignment-Score-Distribution-(Unmated-Only).png
e1e3b86a8bc816e9aea7cb9327b76668  /scratch/data/RTG/container.HG003/index_files/Alignment-Score-Distribution-(Mated-Only).png
5af39e216b7fe8959553818ed53dbba9  /scratch/data/RTG/container.HG003/index_files/rtg.css
1cc5a2043e6b4bc5ebf86f4b44ad6521  /scratch/data/RTG/container.HG003/index_files/Mapping-Quality-(MAPQ)-Distribution.png
64c06c68f97aac19eb24bbb80fc0bce0  /scratch/data/RTG/container.HG003/rgstats.tsv
27536c233ae6e61ce78e9bd35b0949dd  /scratch/data/RTG/container.HG003/alignments.bam
d8a52e9555802612091634b183e8ced8  /scratch/data/RTG/container.HG003/reportdata.tsv
94ef316c4fc8ac0dc67dbe6a061d62a2  /scratch/data/RTG/container.HG003/summary.txt
20e536d207bb67c440f4e3e7cd9e5c70  /scratch/data/RTG/container.HG003/alignments.bam.bai
eb702fa906b4b601db4ee3fcd878cc98  /scratch/data/RTG/container.trio/progress
b24212d18f7ab6e29f9388e832ac74ad  /scratch/data/RTG/container.trio/snps.vcf.gz
0b511ad445dddd6dd03655696ca095c4  /scratch/data/RTG/container.trio/index.html
ab821f83e8d047cd5da0c80b21fc0c5f  /scratch/data/RTG/container.trio/done
1dfc226dc6e77e4e4f8e00d7c29c241a  /scratch/data/RTG/container.trio/regions.bed.gz
b99167b1a1f2f461a5b7a7c970749101  /scratch/data/RTG/container.trio/index_files/table.css
5f8da56f2cd3dea05e15be5d55fea548  /scratch/data/RTG/container.trio/index_files/rtg_logo.png
5af39e216b7fe8959553818ed53dbba9  /scratch/data/RTG/container.trio/index_files/rtg.css
85bc5ae73467a858802aba720ea3a70b  /scratch/data/RTG/container.trio/regions.bed.gz.tbi
ae274a217fadd9c966612519932c38f7  /scratch/data/RTG/container.trio/snps.vcf.gz.tbi
d6dbfabfe253a00d95a86325773df60d  /scratch/data/RTG/container.trio/family.log
c511059d439fdeb27686797c1d90b9c9  /scratch/data/RTG/container.trio/summary.txt
f682b3291dd57d1c92cfd58bf05db53f  /scratch/data/RTG/HG004.2.10M.fastq.gz
40e47a6000ec5e6bcf5612bb92801896  /scratch/data/RTG/HG003.2.10M.fastq.gz
3d2756d1d61d22c34554071342599c65  /scratch/data/RTG/container.HG004/progress
1785cd7246de30674454eb22a415c27e  /scratch/data/RTG/container.HG004/index.html
92983743f1ee2afbf72e75865ecb35b1  /scratch/data/RTG/container.HG004/done
c67d5fb16d3ea6548696d1106751cb17  /scratch/data/RTG/container.HG004/alignments.bam.calibration
a8891e246ca4305c67932a70a5cf908e  /scratch/data/RTG/container.HG004/map.log
8f26146a93b409ebf1a303ff13c26766  /scratch/data/RTG/container.HG004/index_files/Fragment-Length-Distribution.png
5f8da56f2cd3dea05e15be5d55fea548  /scratch/data/RTG/container.HG004/index_files/rtg_logo.png
5fc8a32c64432b6923287cf8dadd9d8d  /scratch/data/RTG/container.HG004/index_files/Alignment-Score-Distribution-(Unmated-Only).png
62480330b760d1a957dfa4297aae3aa7  /scratch/data/RTG/container.HG004/index_files/Alignment-Score-Distribution-(Mated-Only).png
5af39e216b7fe8959553818ed53dbba9  /scratch/data/RTG/container.HG004/index_files/rtg.css
cc90abbe237aeffb12021c81f7c9ae15  /scratch/data/RTG/container.HG004/index_files/Mapping-Quality-(MAPQ)-Distribution.png
c287af3692b5c5bee7db8ce922aa67fe  /scratch/data/RTG/container.HG004/rgstats.tsv
a9498b84acd9a52d50c29fbcf9baadb6  /scratch/data/RTG/container.HG004/alignments.bam
7860de7de6124e0e43d1c83de909aadf  /scratch/data/RTG/container.HG004/reportdata.tsv
206739a868e248274363bc8afe54ab26  /scratch/data/RTG/container.HG004/summary.txt
35c871d6a60a23f893da503a6a83fe3f  /scratch/data/RTG/container.HG004/alignments.bam.bai
3df1c251d6be508f28f76a562a393d4b  /scratch/data/RTG/HG003.1.10M.fastq.gz
80b1259ad361cec9500ec0795ab7400b  /scratch/data/RTG/HG002.2.10M.fastq.gz
b4ed8d1ab7ac4f29971ac2b0696afe45  /scratch/data/Kallisto/rna/bs_abundance_2.tsv
60fc1896ccae96d5effbe83163bd5bdc  /scratch/data/Kallisto/rna/bs_abundance_42.tsv
370ebc41357a59f9f6376ac4c9c9df52  /scratch/data/Kallisto/rna/bs_abundance_0.tsv
ac01d1658f2ae969bb3ace8aa5216af7  /scratch/data/Kallisto/rna/bs_abundance_93.tsv
a2ee5b4bcdb6de7b4088edb881db6725  /scratch/data/Kallisto/rna/bs_abundance_24.tsv
e95c279df88f7897c4a9897693b38c88  /scratch/data/Kallisto/rna/bs_abundance_25.tsv
0d35e50cd6382728a3ca407ac316dbe5  /scratch/data/Kallisto/rna/bs_abundance_28.tsv
21b5900fb59fa2785556244984c7f615  /scratch/data/Kallisto/rna/bs_abundance_60.tsv
d37d3967c8f2f34ab431c6662aba5540  /scratch/data/Kallisto/rna/bs_abundance_33.tsv
d7e4cbf19c548f6d4d898f0a68223d8b  /scratch/data/Kallisto/rna/bs_abundance_74.tsv
25ba8ec28cbb5bc398a1df4e2f463f28  /scratch/data/Kallisto/rna/bs_abundance_96.tsv
c0533073fcd86640290435b58e39fc52  /scratch/data/Kallisto/rna/bs_abundance_85.tsv
8a9836222baecd290faf522fbb8165e7  /scratch/data/Kallisto/rna/bs_abundance_78.tsv
2607a1fdf9877c9d303942b8f67cdfb2  /scratch/data/Kallisto/rna/bs_abundance_48.tsv
ebdc32924d2a7a9daa5ffbc58cebf9e5  /scratch/data/Kallisto/rna/bs_abundance_41.tsv
7b37245f43870bc391b00db5016ed017  /scratch/data/Kallisto/rna/bs_abundance_10.tsv
4ee6e26b257ce5c48d87192c947f0bbf  /scratch/data/Kallisto/rna/bs_abundance_58.tsv
b9966ce365b0576fdfb426ac11f549cc  /scratch/data/Kallisto/rna/bs_abundance_52.tsv
3c863652f1f18abef2868b3182a1855e  /scratch/data/Kallisto/rna/bs_abundance_94.tsv
a4d04b8b0b99f066c8ffd2868d67cc8f  /scratch/data/Kallisto/rna/bs_abundance_4.tsv
80cea8776592f2731e721c29bcb710ac  /scratch/data/Kallisto/rna/bs_abundance_95.tsv
769411aaa180f8f1685a2805b0b54fd0  /scratch/data/Kallisto/rna/bs_abundance_84.tsv
ee19753a7620fec55d403033c347089c  /scratch/data/Kallisto/rna/bs_abundance_45.tsv
74018c78fcc0da7354ac4e2ab8e46780  /scratch/data/Kallisto/rna/bs_abundance_86.tsv
becf6d05d930482872ee6d8427d24487  /scratch/data/Kallisto/rna/bs_abundance_89.tsv
d120aa5a552cbbd0e59e3e99bb32b9af  /scratch/data/Kallisto/rna/bs_abundance_35.tsv
8e3872cc294e8cf3219219c0b75d3d7c  /scratch/data/Kallisto/rna/bs_abundance_57.tsv
5afd9f5841122761086fba75ebb4ba31  /scratch/data/Kallisto/rna/bs_abundance_3.tsv
83eb5b60f38346045a6bb6ef77b0bc24  /scratch/data/Kallisto/rna/bs_abundance_22.tsv
3c371d57b3d7d91c2aad6064f9e55ce9  /scratch/data/Kallisto/rna/bs_abundance_18.tsv
f620aa0cef6cb6a0c9e6e54a9f733020  /scratch/data/Kallisto/rna/bs_abundance_71.tsv
4caeb4af0c121c646301bb6a2a5b63ea  /scratch/data/Kallisto/rna/bs_abundance_87.tsv
90d6c7138d5b725c165763204c4106a6  /scratch/data/Kallisto/rna/bs_abundance_47.tsv
4b7477c5cfec79a1fcdf1f601425598e  /scratch/data/Kallisto/rna/bs_abundance_72.tsv
2229d6c015e63dca23df6fa345eedeff  /scratch/data/Kallisto/rna/abundance.tsv
b5e4c905d548579977f115dcc39c19d8  /scratch/data/Kallisto/rna/bs_abundance_19.tsv
81d9ab5e02d7641936f462758d0b9fb3  /scratch/data/Kallisto/rna/bs_abundance_68.tsv
728f576d89e19681750207fbd4393315  /scratch/data/Kallisto/rna/bs_abundance_44.tsv
3256e89ce3fd16759b4d380938c6652d  /scratch/data/Kallisto/rna/bs_abundance_36.tsv
39a2cb945fab58d6ddb7f5f709254277  /scratch/data/Kallisto/rna/bs_abundance_12.tsv
26eafd218f23ee2aab8fdc9c7c93e26a  /scratch/data/Kallisto/rna/bs_abundance_38.tsv
9cb45a3fb933d58637daf7e5e2d7c1e0  /scratch/data/Kallisto/rna/bs_abundance_56.tsv
ec5bdcee999e63d719c3d86923a4fb2f  /scratch/data/Kallisto/rna/bs_abundance_82.tsv
56a52ac8a6411e41e23c4002be0716ff  /scratch/data/Kallisto/rna/bs_abundance_9.tsv
9589a046ffcb35f7b8317549b70035ce  /scratch/data/Kallisto/rna/bs_abundance_7.tsv
df56286f257e5f7437ab85151d25472c  /scratch/data/Kallisto/rna/bs_abundance_92.tsv
a21f49a44254f5db8ef403a8651dd15f  /scratch/data/Kallisto/rna/bs_abundance_64.tsv
bc2e4a837f03113040c92290d25fd423  /scratch/data/Kallisto/rna/bs_abundance_54.tsv
034607c543edc4be4228fb5875a71736  /scratch/data/Kallisto/rna/bs_abundance_23.tsv
be55ee6491d03fbbcd4ede806ac44460  /scratch/data/Kallisto/rna/bs_abundance_30.tsv
4a5d232d230c50b3657e868cc523c141  /scratch/data/Kallisto/rna/bs_abundance_70.tsv
fc2e04e9419600e660811e2d453e8cd9  /scratch/data/Kallisto/rna/bs_abundance_20.tsv
ac54a5fa6a933906507aef6f690683a8  /scratch/data/Kallisto/rna/bs_abundance_15.tsv
444fe08a05ab3c5bb0d03abd603c5fcf  /scratch/data/Kallisto/rna/bs_abundance_81.tsv
5b0cc344a58e3c1263b7d33269262673  /scratch/data/Kallisto/rna/bs_abundance_55.tsv
7deb4d1ec2c053da24d5a30a66741527  /scratch/data/Kallisto/rna/bs_abundance_61.tsv
a07f94dac808b27d79a2cdc61197397f  /scratch/data/Kallisto/rna/bs_abundance_62.tsv
8bc3d823cfd376714a8f82b678d844c9  /scratch/data/Kallisto/rna/bs_abundance_6.tsv
56c74a705957b554ba5b356d1ad2dde3  /scratch/data/Kallisto/rna/bs_abundance_49.tsv
547d74f027640e3da90da05b89cf6ccf  /scratch/data/Kallisto/rna/bs_abundance_97.tsv
69682aefe128ac42631fd5b5f1173b5e  /scratch/data/Kallisto/rna/bs_abundance_69.tsv
38b8292d2435e244747b441d6bc69138  /scratch/data/Kallisto/rna/bs_abundance_13.tsv
c586a61ce7b3139fc5046bbc4cb18411  /scratch/data/Kallisto/rna/bs_abundance_37.tsv
837f55e54c58f6b8bbbe47d0475a3736  /scratch/data/Kallisto/rna/bs_abundance_31.tsv
a0b8d491a4c6dddc91b18818fce2f0d9  /scratch/data/Kallisto/rna/bs_abundance_67.tsv
af6a380ae557b09c881b72743721d926  /scratch/data/Kallisto/rna/bs_abundance_14.tsv
5ed82d66aa704f20ea5935f834b23a41  /scratch/data/Kallisto/rna/bs_abundance_59.tsv
76f1a24cba4d474b6c4c0b2010273787  /scratch/data/Kallisto/rna/bs_abundance_75.tsv
4161bf592009fe7c80ae674c7d57cfe0  /scratch/data/Kallisto/rna/bs_abundance_53.tsv
63ee08905e3c99bade6c4513c90b0de3  /scratch/data/Kallisto/rna/bs_abundance_99.tsv
c62ae6e38b45497ee27a86855d66ad7a  /scratch/data/Kallisto/rna/bs_abundance_43.tsv
248d861b24bbdb0504e93fffe12df60b  /scratch/data/Kallisto/rna/bs_abundance_11.tsv
7d4dab93aace3c712322ddfbf502f6de  /scratch/data/Kallisto/rna/bs_abundance_1.tsv
897f09692235d04e217d3c83351ce617  /scratch/data/Kallisto/rna/bs_abundance_46.tsv
37633d2b4c571d62fcd94034096f0a69  /scratch/data/Kallisto/rna/bs_abundance_65.tsv
54f4542daf44d0f4bc44605a1509600b  /scratch/data/Kallisto/rna/bs_abundance_32.tsv
5ec326fbe0b65c5c1751e678ac4487af  /scratch/data/Kallisto/rna/bs_abundance_40.tsv
fb55ef0aa1b961c8ea486c15558481b2  /scratch/data/Kallisto/rna/bs_abundance_79.tsv
a501ca0525c7b461cf26d63a87014e4a  /scratch/data/Kallisto/rna/bs_abundance_34.tsv
4bfd6e527b8ee06c77a62d9ae697990d  /scratch/data/Kallisto/rna/bs_abundance_88.tsv
0776225bb9f1f7a95444e9ff6ab97b2f  /scratch/data/Kallisto/rna/bs_abundance_63.tsv
774423932052082aa6b4f7e93df1a64d  /scratch/data/Kallisto/rna/bs_abundance_90.tsv
c23e5aee1c86bb1d370e3ebf2e120ff0  /scratch/data/Kallisto/rna/bs_abundance_76.tsv
314d0197e8a448c3285fcaedfd3f6cdc  /scratch/data/Kallisto/rna/bs_abundance_16.tsv
fd425610018e60ea0529b04ea8723eab  /scratch/data/Kallisto/rna/bs_abundance_73.tsv
83e31f93b6ae679e447988cb064d8a0b  /scratch/data/Kallisto/rna/bs_abundance_80.tsv
48c69b514c17297d7d9c63722cf1af5c  /scratch/data/Kallisto/rna/bs_abundance_91.tsv
290a51145d21f4d1c7af6a5230ed3dd9  /scratch/data/Kallisto/rna/bs_abundance_83.tsv
751a1e31388831bce96fe8ad29c68fe8  /scratch/data/Kallisto/rna/run_info.json
166f424a25365e4beba27fccc7b4bfc4  /scratch/data/Kallisto/rna/bs_abundance_39.tsv
1f0c1b4c91e56d8aa97d96d8c9d83758  /scratch/data/Kallisto/rna/bs_abundance_21.tsv
5e96969685fca04edbaa23b49d67d9da  /scratch/data/Kallisto/rna/bs_abundance_51.tsv
a3721f3810cf32739574ce061b70d0db  /scratch/data/Kallisto/rna/bs_abundance_77.tsv
1121797efcf439f91d065aba722274df  /scratch/data/Kallisto/rna/bs_abundance_5.tsv
83549f426eac07a6de95f3fb9844d9ed  /scratch/data/Kallisto/rna/bs_abundance_26.tsv
4c07fe226d189897b086b1898a671772  /scratch/data/Kallisto/rna/bs_abundance_17.tsv
7f369e36020a535f876c906feb2b11b1  /scratch/data/Kallisto/rna/bs_abundance_29.tsv
71308cf53a994294e8a4e9a794d29fcb  /scratch/data/Kallisto/rna/bs_abundance_8.tsv
707518e6e82450acdd165d77ae63c6b0  /scratch/data/Kallisto/rna/bs_abundance_66.tsv
365a5ee992cc9c83f720d21f47405899  /scratch/data/Kallisto/rna/bs_abundance_27.tsv
ed06ac7034c989a34bdd89e141e7cd91  /scratch/data/Kallisto/rna/bs_abundance_98.tsv
a04adae3b8bd9ff5de743cb03692e92c  /scratch/data/Kallisto/rna/bs_abundance_50.tsv
4a46c297bfc0b29cb2f7eefedc360556  /scratch/data/Reference/Homo_sapiens.GRCh38.dna.primary_assembly.fa.amb
0c81559f3cc600af2e79ac7dfb5a30c7  /scratch/data/Reference/Homo_sapiens.GRCh38.dna.primary_assembly.fa.pac
d0c1782ecde72a7eb671336db7ff7733  /scratch/data/Reference/gencode.v25.transcripts.fa
358e44170f2729f732045ac3993362f8  /scratch/data/Reference/kallisto_index
9e6b9465dc708d92bf6d67e9c9fa9389  /scratch/data/Reference/Homo_sapiens.GRCh38.dna.primary_assembly.fa
8db7bf4b21f0e11eebb0dda6b1128b84  /scratch/data/Reference/Homo_sapiens.GRCh38.dna.primary_assembly.fa.bwt
30bda345ff201f40aff5af7f8c8552e9  /scratch/data/Reference/Homo_sapiens.GRCh38.dna.primary_assembly.fa.sa
6059c253ce2432bde7553846bfb4c18f  /scratch/data/Reference/Homo_sapiens.GRCh38.dna.primary_assembly.fa.ann
603a5be9943a449e747b3424f35d2214  /scratch/data/Reference/Homo_sapiens.GRCh38.dna.primary_assembly.fa.sdf/progress
255eef0bc7d49d9dff437bb548a6cbe4  /scratch/data/Reference/Homo_sapiens.GRCh38.dna.primary_assembly.fa.sdf/seqpointer1
641a6056ffe7742a915acab0037cc1e5  /scratch/data/Reference/Homo_sapiens.GRCh38.dna.primary_assembly.fa.sdf/seqdata1
d6050f6d2b0e6cc9f4c4f676917bb731  /scratch/data/Reference/Homo_sapiens.GRCh38.dna.primary_assembly.fa.sdf/done
5d59d127bc5bd8ceaf5c2304650d5f6a  /scratch/data/Reference/Homo_sapiens.GRCh38.dna.primary_assembly.fa.sdf/mainIndex
ac8817dea26a91365a7c7531c60ccb63  /scratch/data/Reference/Homo_sapiens.GRCh38.dna.primary_assembly.fa.sdf/namedata0
87676759368f792ebbe8f82698c43d65  /scratch/data/Reference/Homo_sapiens.GRCh38.dna.primary_assembly.fa.sdf/seqpointer3
549e15d4277b80bcb09139d0f1ea132f  /scratch/data/Reference/Homo_sapiens.GRCh38.dna.primary_assembly.fa.sdf/seqpointer0
a8eb0bed6f9529a940ac05eae457adc6  /scratch/data/Reference/Homo_sapiens.GRCh38.dna.primary_assembly.fa.sdf/namepointer0
29f347df6add243c162ff752a2b2c500  /scratch/data/Reference/Homo_sapiens.GRCh38.dna.primary_assembly.fa.sdf/format.log
65419fe7c5af016746918bf5e2fdccca  /scratch/data/Reference/Homo_sapiens.GRCh38.dna.primary_assembly.fa.sdf/nameIndex0
b217aba6fe3ce611203a6c2248c34883  /scratch/data/Reference/Homo_sapiens.GRCh38.dna.primary_assembly.fa.sdf/seqpointer2
a308f744d1f9511f1278d14ef08b0b73  /scratch/data/Reference/Homo_sapiens.GRCh38.dna.primary_assembly.fa.sdf/suffixIndex0
f54a1ab575a204f4fd013e5d39925249  /scratch/data/Reference/Homo_sapiens.GRCh38.dna.primary_assembly.fa.sdf/summary.txt
b4457c1c172f2de9c59e8d239e05c810  /scratch/data/Reference/Homo_sapiens.GRCh38.dna.primary_assembly.fa.sdf/seqdata2
43aff7e00d9a3f555ab10dae0e276b38  /scratch/data/Reference/Homo_sapiens.GRCh38.dna.primary_assembly.fa.sdf/suffixpointer0
3cde02f316e6a1a82c179466be9bb496  /scratch/data/Reference/Homo_sapiens.GRCh38.dna.primary_assembly.fa.sdf/seqdata0
a48e0a1c2808083b2c0dff38a88fd9d0  /scratch/data/Reference/Homo_sapiens.GRCh38.dna.primary_assembly.fa.sdf/seqdata3
5e977412c38097b01b448292c8fcc48c  /scratch/data/Reference/Homo_sapiens.GRCh38.dna.primary_assembly.fa.sdf/sequenceIndex0
8b940a7ac3e9c67072d66dd3d014f174  /scratch/data/Reference/Homo_sapiens.GRCh38.dna.primary_assembly.fa.sdf/suffixdata0
582a9e5ea5d5837558ccd1122bfaf6be  /scratch/data/Fastq/dna_2.fq.gz
d7269c03840cba524fe47a7dda09925c  /scratch/data/Fastq/rna_1.fq.gz
1e1f02fdce831d437214a4722324d7e9  /scratch/data/Fastq/dna_1.fq.gz
dd30a438785c9d4c4a1927b76d94e2db  /scratch/data/Fastq/GM12878_2x75_split.tgz
7766fd689145dfe7abe53832fda4cb4e  /scratch/data/Fastq/rna_2.fq.gz
28db4eecaf34904ae442a7ecd09456d9  /scratch/data/Bam/container.bam
