52807e0d569962033f8a87470e373c18  /scratch/data/RTG/HG004.1.10M.fastq.gz
40e47a6000ec5e6bcf5612bb92801896  /scratch/data/RTG/HG003.2.10M.fastq.gz
f63902aa224ba2ba4a4d860c099630f1  /scratch/data/RTG/HG002.1.10M.fastq.gz
80b1259ad361cec9500ec0795ab7400b  /scratch/data/RTG/HG002.2.10M.fastq.gz
6247f284fb582a8528eb8c35220c4e0e  /scratch/data/RTG/container.HG002/summary.txt
273217721d1e109047e9115605725ec6  /scratch/data/RTG/container.HG002/done
a1756fd4fc5fa73f74437a11f5cb02d2  /scratch/data/RTG/container.HG002/index_files/Alignment-Score-Distribution-(Unmated-Only).png
5af39e216b7fe8959553818ed53dbba9  /scratch/data/RTG/container.HG002/index_files/rtg.css
d895aa5fb1f18640abb64f091709f0f3  /scratch/data/RTG/container.HG002/index_files/Mapping-Quality-(MAPQ)-Distribution.png
9d3273cf21e48fa5095c4a0991015198  /scratch/data/RTG/container.HG002/index_files/Alignment-Score-Distribution-(Mated-Only).png
15a1f3502f07d3d12b9979a171c70f8f  /scratch/data/RTG/container.HG002/index_files/Fragment-Length-Distribution.png
5f8da56f2cd3dea05e15be5d55fea548  /scratch/data/RTG/container.HG002/index_files/rtg_logo.png
2a9b3768cd14c68d2b7ed426cac3b3db  /scratch/data/RTG/container.HG002/alignments.bam.calibration
16da5571219f7be14785677a6241294a  /scratch/data/RTG/container.HG002/map.log
5d35fd65297c522a4f90de1abe44c950  /scratch/data/RTG/container.HG002/alignments.bam.bai
a3824339ead74c4ff41860f5bc1cf101  /scratch/data/RTG/container.HG002/progress
e8f9ecea5cb536c70a1f9cff71f18345  /scratch/data/RTG/container.HG002/rgstats.tsv
24a7d09f9748fed67b9767fca056ecc0  /scratch/data/RTG/container.HG002/reportdata.tsv
bf83b393c00ea3aa4b5d5b14a3162ead  /scratch/data/RTG/container.HG002/index.html
c30d04681d261d0dde93d5942f5c5cb6  /scratch/data/RTG/container.HG002/alignments.bam
206739a868e248274363bc8afe54ab26  /scratch/data/RTG/container.HG004/summary.txt
7db926758c483e3b5e391a7d095c00ed  /scratch/data/RTG/container.HG004/done
5fc8a32c64432b6923287cf8dadd9d8d  /scratch/data/RTG/container.HG004/index_files/Alignment-Score-Distribution-(Unmated-Only).png
5af39e216b7fe8959553818ed53dbba9  /scratch/data/RTG/container.HG004/index_files/rtg.css
cc90abbe237aeffb12021c81f7c9ae15  /scratch/data/RTG/container.HG004/index_files/Mapping-Quality-(MAPQ)-Distribution.png
62480330b760d1a957dfa4297aae3aa7  /scratch/data/RTG/container.HG004/index_files/Alignment-Score-Distribution-(Mated-Only).png
8f26146a93b409ebf1a303ff13c26766  /scratch/data/RTG/container.HG004/index_files/Fragment-Length-Distribution.png
5f8da56f2cd3dea05e15be5d55fea548  /scratch/data/RTG/container.HG004/index_files/rtg_logo.png
c67d5fb16d3ea6548696d1106751cb17  /scratch/data/RTG/container.HG004/alignments.bam.calibration
d9a4584e4a88e84683ad5d5b8f2888f8  /scratch/data/RTG/container.HG004/map.log
9323b5c5474b3b04653a6bd434793a2c  /scratch/data/RTG/container.HG004/alignments.bam.bai
580c873bf96184844c3fdb7a66a52e92  /scratch/data/RTG/container.HG004/progress
c287af3692b5c5bee7db8ce922aa67fe  /scratch/data/RTG/container.HG004/rgstats.tsv
7860de7de6124e0e43d1c83de909aadf  /scratch/data/RTG/container.HG004/reportdata.tsv
1785cd7246de30674454eb22a415c27e  /scratch/data/RTG/container.HG004/index.html
dee01c7e44ead1f6d554f13508f5af5f  /scratch/data/RTG/container.HG004/alignments.bam
3df1c251d6be508f28f76a562a393d4b  /scratch/data/RTG/HG003.1.10M.fastq.gz
c511059d439fdeb27686797c1d90b9c9  /scratch/data/RTG/container.trio/summary.txt
be734c5e43504299bf396c53be531281  /scratch/data/RTG/container.trio/done
b99167b1a1f2f461a5b7a7c970749101  /scratch/data/RTG/container.trio/index_files/table.css
5af39e216b7fe8959553818ed53dbba9  /scratch/data/RTG/container.trio/index_files/rtg.css
5f8da56f2cd3dea05e15be5d55fea548  /scratch/data/RTG/container.trio/index_files/rtg_logo.png
c5cc073f97b170c43455d4f9358777f8  /scratch/data/RTG/container.trio/snps.vcf.gz.tbi
9c6301add1514468d1309ed0b3143d80  /scratch/data/RTG/container.trio/family.log
cbe8c932a104ca73b75d67afa24596d6  /scratch/data/RTG/container.trio/snps.vcf.gz
682c4dd39d5a1a5523281792ec04276e  /scratch/data/RTG/container.trio/progress
0b511ad445dddd6dd03655696ca095c4  /scratch/data/RTG/container.trio/index.html
1dfc226dc6e77e4e4f8e00d7c29c241a  /scratch/data/RTG/container.trio/regions.bed.gz
85bc5ae73467a858802aba720ea3a70b  /scratch/data/RTG/container.trio/regions.bed.gz.tbi
94ef316c4fc8ac0dc67dbe6a061d62a2  /scratch/data/RTG/container.HG003/summary.txt
f09ebb22f918af6b18bdde29a4944352  /scratch/data/RTG/container.HG003/done
3d584369b26d1d7d8b4ef1581e741bc1  /scratch/data/RTG/container.HG003/index_files/Alignment-Score-Distribution-(Unmated-Only).png
5af39e216b7fe8959553818ed53dbba9  /scratch/data/RTG/container.HG003/index_files/rtg.css
1cc5a2043e6b4bc5ebf86f4b44ad6521  /scratch/data/RTG/container.HG003/index_files/Mapping-Quality-(MAPQ)-Distribution.png
e1e3b86a8bc816e9aea7cb9327b76668  /scratch/data/RTG/container.HG003/index_files/Alignment-Score-Distribution-(Mated-Only).png
1bdffd1b3f442bd9b3169fd5e6b99df8  /scratch/data/RTG/container.HG003/index_files/Fragment-Length-Distribution.png
5f8da56f2cd3dea05e15be5d55fea548  /scratch/data/RTG/container.HG003/index_files/rtg_logo.png
eb59c741f401fe0288f81c3c307bd99a  /scratch/data/RTG/container.HG003/alignments.bam.calibration
756e4547e0efe699e48da970df316323  /scratch/data/RTG/container.HG003/map.log
28c42fe8fb8fed6a783dd8397de6d7f5  /scratch/data/RTG/container.HG003/alignments.bam.bai
513059cc290d509984aa5a547412cbad  /scratch/data/RTG/container.HG003/progress
64c06c68f97aac19eb24bbb80fc0bce0  /scratch/data/RTG/container.HG003/rgstats.tsv
d8a52e9555802612091634b183e8ced8  /scratch/data/RTG/container.HG003/reportdata.tsv
362f63c0e80b7276fc417ca415fe0b35  /scratch/data/RTG/container.HG003/index.html
0fd60075dab8ffcdbece0ccc56b61fb7  /scratch/data/RTG/container.HG003/alignments.bam
f682b3291dd57d1c92cfd58bf05db53f  /scratch/data/RTG/HG004.2.10M.fastq.gz
dd30a438785c9d4c4a1927b76d94e2db  /scratch/data/Fastq/GM12878_2x75_split.tgz
0d0c739ad911e74a2cb8ba028a03ff5d  /scratch/data/Fastq/rna_2.fq.gz
03819f4dc104cd36500724ba67a1a32c  /scratch/data/Fastq/dna_1.fq.gz
be4d782a3aed4c1df5a364773e532079  /scratch/data/Fastq/rna_1.fq.gz
3a8a646445176093656f69660cd927ef  /scratch/data/Fastq/dna_2.fq.gz
d2f5435a0a02b92beaf2378a2de3db03  /scratch/data/Bam/container.bam
255eef0bc7d49d9dff437bb548a6cbe4  /scratch/data/Reference/Homo_sapiens.GRCh38.dna.primary_assembly.fa.sdf/seqpointer1
8160b422d8cffd956960f3383d781e9b  /scratch/data/Reference/Homo_sapiens.GRCh38.dna.primary_assembly.fa.sdf/summary.txt
c530617a942a21914679922d5f0d491c  /scratch/data/Reference/Homo_sapiens.GRCh38.dna.primary_assembly.fa.sdf/done
a48e0a1c2808083b2c0dff38a88fd9d0  /scratch/data/Reference/Homo_sapiens.GRCh38.dna.primary_assembly.fa.sdf/seqdata3
641a6056ffe7742a915acab0037cc1e5  /scratch/data/Reference/Homo_sapiens.GRCh38.dna.primary_assembly.fa.sdf/seqdata1
b217aba6fe3ce611203a6c2248c34883  /scratch/data/Reference/Homo_sapiens.GRCh38.dna.primary_assembly.fa.sdf/seqpointer2
43aff7e00d9a3f555ab10dae0e276b38  /scratch/data/Reference/Homo_sapiens.GRCh38.dna.primary_assembly.fa.sdf/suffixpointer0
549e15d4277b80bcb09139d0f1ea132f  /scratch/data/Reference/Homo_sapiens.GRCh38.dna.primary_assembly.fa.sdf/seqpointer0
65419fe7c5af016746918bf5e2fdccca  /scratch/data/Reference/Homo_sapiens.GRCh38.dna.primary_assembly.fa.sdf/nameIndex0
ac8817dea26a91365a7c7531c60ccb63  /scratch/data/Reference/Homo_sapiens.GRCh38.dna.primary_assembly.fa.sdf/namedata0
a308f744d1f9511f1278d14ef08b0b73  /scratch/data/Reference/Homo_sapiens.GRCh38.dna.primary_assembly.fa.sdf/suffixIndex0
a8eb0bed6f9529a940ac05eae457adc6  /scratch/data/Reference/Homo_sapiens.GRCh38.dna.primary_assembly.fa.sdf/namepointer0
624ad9f3210b6a855790e433dcf23af9  /scratch/data/Reference/Homo_sapiens.GRCh38.dna.primary_assembly.fa.sdf/mainIndex
5e977412c38097b01b448292c8fcc48c  /scratch/data/Reference/Homo_sapiens.GRCh38.dna.primary_assembly.fa.sdf/sequenceIndex0
8b940a7ac3e9c67072d66dd3d014f174  /scratch/data/Reference/Homo_sapiens.GRCh38.dna.primary_assembly.fa.sdf/suffixdata0
b4457c1c172f2de9c59e8d239e05c810  /scratch/data/Reference/Homo_sapiens.GRCh38.dna.primary_assembly.fa.sdf/seqdata2
9ad1ad572c66da721bce7227a7985240  /scratch/data/Reference/Homo_sapiens.GRCh38.dna.primary_assembly.fa.sdf/progress
301b4bc49ff229656e05ab0114f3bf00  /scratch/data/Reference/Homo_sapiens.GRCh38.dna.primary_assembly.fa.sdf/format.log
87676759368f792ebbe8f82698c43d65  /scratch/data/Reference/Homo_sapiens.GRCh38.dna.primary_assembly.fa.sdf/seqpointer3
3cde02f316e6a1a82c179466be9bb496  /scratch/data/Reference/Homo_sapiens.GRCh38.dna.primary_assembly.fa.sdf/seqdata0
9e6b9465dc708d92bf6d67e9c9fa9389  /scratch/data/Reference/Homo_sapiens.GRCh38.dna.primary_assembly.fa
8db7bf4b21f0e11eebb0dda6b1128b84  /scratch/data/Reference/Homo_sapiens.GRCh38.dna.primary_assembly.fa.bwt
d0c1782ecde72a7eb671336db7ff7733  /scratch/data/Reference/gencode.v25.transcripts.fa
30bda345ff201f40aff5af7f8c8552e9  /scratch/data/Reference/Homo_sapiens.GRCh38.dna.primary_assembly.fa.sa
358e44170f2729f732045ac3993362f8  /scratch/data/Reference/kallisto_index
6059c253ce2432bde7553846bfb4c18f  /scratch/data/Reference/Homo_sapiens.GRCh38.dna.primary_assembly.fa.ann
4a46c297bfc0b29cb2f7eefedc360556  /scratch/data/Reference/Homo_sapiens.GRCh38.dna.primary_assembly.fa.amb
0c81559f3cc600af2e79ac7dfb5a30c7  /scratch/data/Reference/Homo_sapiens.GRCh38.dna.primary_assembly.fa.pac
9ac8b2936f0a8b3b56f305cb4a1fa9d2  /scratch/data/Kallisto/rna/bs_abundance_39.tsv
086de0c63431fe277ae3344e1b740fb8  /scratch/data/Kallisto/rna/bs_abundance_56.tsv
7308d50adb3eebdbf6829731171f7ffc  /scratch/data/Kallisto/rna/bs_abundance_1.tsv
9c23e58f4f768f910d5646d4fbdd2677  /scratch/data/Kallisto/rna/bs_abundance_53.tsv
2bcb2e58e854414b0d067df1959f08b9  /scratch/data/Kallisto/rna/bs_abundance_71.tsv
f5f08068e18ea96bcb164147fa8b4584  /scratch/data/Kallisto/rna/bs_abundance_23.tsv
c5db617811151c35aed979e2b684c690  /scratch/data/Kallisto/rna/bs_abundance_52.tsv
3cfb5d6a6beeae75fbd7bfed9bc82fba  /scratch/data/Kallisto/rna/bs_abundance_82.tsv
2bc8cf4b62eb4f7f28e262c1697efed7  /scratch/data/Kallisto/rna/bs_abundance_60.tsv
273fcf268a62e44edee9996801abac46  /scratch/data/Kallisto/rna/bs_abundance_55.tsv
2666685b3e164c55a49ca7f398744494  /scratch/data/Kallisto/rna/bs_abundance_43.tsv
6f1144e39f945ebbdebdc07321b7520a  /scratch/data/Kallisto/rna/bs_abundance_0.tsv
a94dcc62e472edb8c066e1ce3824d1b8  /scratch/data/Kallisto/rna/bs_abundance_16.tsv
ad0baaa74282c52c574c3e3385331c2a  /scratch/data/Kallisto/rna/bs_abundance_70.tsv
021b2a41881b277f43da5110d50a9a8d  /scratch/data/Kallisto/rna/bs_abundance_62.tsv
a667108bb91449f814035b3630f23bc9  /scratch/data/Kallisto/rna/bs_abundance_38.tsv
e52708497ce39871e951583ce9b32c43  /scratch/data/Kallisto/rna/bs_abundance_51.tsv
9ccef91b1ebfe019b70c01dd1376decf  /scratch/data/Kallisto/rna/bs_abundance_22.tsv
dd5efd17aa03ac8729985f33c1ec58a6  /scratch/data/Kallisto/rna/bs_abundance_95.tsv
8df1c38227c4f4a80f063281bd08efd0  /scratch/data/Kallisto/rna/bs_abundance_85.tsv
b0b78fe9141759b5481413cdbc8cc472  /scratch/data/Kallisto/rna/bs_abundance_49.tsv
4beed2096c0fa955378d90b16e9dc46f  /scratch/data/Kallisto/rna/bs_abundance_54.tsv
ddde38682ccfe216651b5536aef21609  /scratch/data/Kallisto/rna/bs_abundance_29.tsv
485284472195af2a26ce08040f6b9045  /scratch/data/Kallisto/rna/bs_abundance_84.tsv
98fbe345bea05f47e86f801625480920  /scratch/data/Kallisto/rna/bs_abundance_7.tsv
58eb35f723e7b50ba9a866c74f9af689  /scratch/data/Kallisto/rna/bs_abundance_4.tsv
c3a8988567573f6675ec8d3f4a106516  /scratch/data/Kallisto/rna/bs_abundance_10.tsv
279e65c41b05a7efa621874b8ea22912  /scratch/data/Kallisto/rna/bs_abundance_26.tsv
2a3e93487aa965e5fb41befbf2f61dcf  /scratch/data/Kallisto/rna/bs_abundance_87.tsv
33801560b3da2d742683f027fbf052c4  /scratch/data/Kallisto/rna/bs_abundance_69.tsv
9dbdd905273f8e9a94f5b5e003efc8c7  /scratch/data/Kallisto/rna/bs_abundance_90.tsv
4af39dcaea94a6943d827b208f45a7ca  /scratch/data/Kallisto/rna/bs_abundance_73.tsv
baf50c14a5999dbd26af670aa3d403be  /scratch/data/Kallisto/rna/bs_abundance_31.tsv
c85eab6e77317558112c4510b6e64584  /scratch/data/Kallisto/rna/bs_abundance_78.tsv
0b619287b2296997372850c138eb1afe  /scratch/data/Kallisto/rna/bs_abundance_48.tsv
4ef4565b55d7890baf2acd4198dacede  /scratch/data/Kallisto/rna/bs_abundance_36.tsv
8674c1242e3ab7c813a06640bf00f3b2  /scratch/data/Kallisto/rna/bs_abundance_2.tsv
2232503df35aa8ff6f421eb01ec667b3  /scratch/data/Kallisto/rna/bs_abundance_86.tsv
1bdf9d27ea05c0803ae0981227b6da4b  /scratch/data/Kallisto/rna/bs_abundance_96.tsv
a5a623259f266361d9863234476376ae  /scratch/data/Kallisto/rna/bs_abundance_88.tsv
777ce9f6278443c54afe6d73f84a84b5  /scratch/data/Kallisto/rna/bs_abundance_17.tsv
e700338f43b35e2824b0c70197c5560d  /scratch/data/Kallisto/rna/bs_abundance_40.tsv
f14c9cb45457bb816dd5c481d2188811  /scratch/data/Kallisto/rna/bs_abundance_15.tsv
426dedb9dbcaaa7f24cceb813046f620  /scratch/data/Kallisto/rna/bs_abundance_45.tsv
6ad8a9f9dd6e5a8ccfb43a602c28c386  /scratch/data/Kallisto/rna/bs_abundance_24.tsv
2e36797482f0e70d382a78b5407b3459  /scratch/data/Kallisto/rna/bs_abundance_59.tsv
7d6f6cfcd8c10f53f425831e7250a9ee  /scratch/data/Kallisto/rna/bs_abundance_28.tsv
63fc455a3bc8fbb91a4de4b092982db2  /scratch/data/Kallisto/rna/bs_abundance_32.tsv
2a37d34a9ba1fafd37833e4995625e7f  /scratch/data/Kallisto/rna/bs_abundance_18.tsv
97d2e4b6ffc9df6924bfc53cfd1f1c9d  /scratch/data/Kallisto/rna/bs_abundance_42.tsv
b5d9122949b12e98b29ead733b11e9ab  /scratch/data/Kallisto/rna/bs_abundance_57.tsv
efb4ce146fa0ff8e8fb80ada3f1aefb6  /scratch/data/Kallisto/rna/bs_abundance_64.tsv
19dd5a4753a460c2cd0613c2f84564fa  /scratch/data/Kallisto/rna/bs_abundance_67.tsv
b0131df8ec5f86c9340c0415f4c6f785  /scratch/data/Kallisto/rna/bs_abundance_97.tsv
624bf93bc3408c2d16349b97c432b715  /scratch/data/Kallisto/rna/bs_abundance_20.tsv
92341eebe0d7801226408b95706f4038  /scratch/data/Kallisto/rna/bs_abundance_50.tsv
045242abd7652f46085e41f5def72914  /scratch/data/Kallisto/rna/bs_abundance_6.tsv
35201315a30d29ba0c817ece38199195  /scratch/data/Kallisto/rna/bs_abundance_34.tsv
6c774660b49722b67d8bffb2ec32dc62  /scratch/data/Kallisto/rna/bs_abundance_44.tsv
676d2cd6d3e4775477531aeed9ba2364  /scratch/data/Kallisto/rna/bs_abundance_27.tsv
227751cbc31cacfd6d1b5ffff6f49f33  /scratch/data/Kallisto/rna/bs_abundance_41.tsv
26e64553038233b010b45ac403c92dc3  /scratch/data/Kallisto/rna/abundance.tsv
aab9cad74291026d53da6b0a595faf3e  /scratch/data/Kallisto/rna/bs_abundance_35.tsv
b927b3d5e56e2774de8de24e3eb2398d  /scratch/data/Kallisto/rna/bs_abundance_5.tsv
86829ee0887e826a8a6495af4331ba9a  /scratch/data/Kallisto/rna/bs_abundance_94.tsv
b3e7bab27203b497b3a5b667f0341756  /scratch/data/Kallisto/rna/bs_abundance_63.tsv
7f2d9d45784f7d9e30b2e3a5bfda9149  /scratch/data/Kallisto/rna/bs_abundance_46.tsv
03d7f2029e3aaad3d833c703ce962dd7  /scratch/data/Kallisto/rna/bs_abundance_13.tsv
a20f7b2ca54d126d491dd6aaf8e0e421  /scratch/data/Kallisto/rna/bs_abundance_98.tsv
d2c8c5f253e79a64df6818da913e8315  /scratch/data/Kallisto/rna/bs_abundance_8.tsv
bbfe4b25ff483ddaef3f82582082c2bf  /scratch/data/Kallisto/rna/bs_abundance_89.tsv
915c5d41d8cd79caba36b778bf79137b  /scratch/data/Kallisto/rna/bs_abundance_19.tsv
ffd1b540bd6c1af6a4cc1a76885a63b1  /scratch/data/Kallisto/rna/bs_abundance_65.tsv
59b4ebcbebf55c90403665f62712dda6  /scratch/data/Kallisto/rna/bs_abundance_91.tsv
ee3580dc3b78b43e215864b86d76f863  /scratch/data/Kallisto/rna/bs_abundance_66.tsv
25c3aa18544c152ddddaad25662b497b  /scratch/data/Kallisto/rna/bs_abundance_75.tsv
7455e7f16e4e026d7b53acadf4e8e625  /scratch/data/Kallisto/rna/bs_abundance_33.tsv
2fb67de2ea6f6fb651fb059ece38e607  /scratch/data/Kallisto/rna/bs_abundance_21.tsv
919c7c613419a6c2eebdfaf33438e63e  /scratch/data/Kallisto/rna/bs_abundance_76.tsv
9cab30e76a92f3a3c4ac57720584539e  /scratch/data/Kallisto/rna/bs_abundance_58.tsv
aa456cbbb23665789112a26e64675a61  /scratch/data/Kallisto/rna/bs_abundance_92.tsv
25bf0f03c2fffbfadcfc998e0b882f56  /scratch/data/Kallisto/rna/bs_abundance_93.tsv
abdbef4b362603ec0059fb197b65cf9a  /scratch/data/Kallisto/rna/bs_abundance_14.tsv
6ff4e4952ddb9f072c96c1f167d8613b  /scratch/data/Kallisto/rna/bs_abundance_83.tsv
8b2195a511a2cc4ffb386f0e9bc38daf  /scratch/data/Kallisto/rna/bs_abundance_68.tsv
d231cf6bbe88cfd0849434678ad54ee0  /scratch/data/Kallisto/rna/bs_abundance_61.tsv
9ac1e2f9b1ef86b7c4be335b81c2451e  /scratch/data/Kallisto/rna/bs_abundance_74.tsv
e994cd893b0de1392ef28230baf37a51  /scratch/data/Kallisto/rna/bs_abundance_79.tsv
025b5fdc65bd6e49eb9800e72be408df  /scratch/data/Kallisto/rna/bs_abundance_47.tsv
fb585dc5b662e249d9169d675a4de353  /scratch/data/Kallisto/rna/bs_abundance_30.tsv
c07f182498942266a20c29fff7f76450  /scratch/data/Kallisto/rna/run_info.json
53e0111decb7786693bb1ac2a7a3e07e  /scratch/data/Kallisto/rna/bs_abundance_77.tsv
e87f7eed58b4586089a2fcff57b9461c  /scratch/data/Kallisto/rna/bs_abundance_12.tsv
359dedf968c35d18a23a37eb88b9b7f3  /scratch/data/Kallisto/rna/bs_abundance_80.tsv
c8aa804b71baf63a542a67572498a38a  /scratch/data/Kallisto/rna/bs_abundance_9.tsv
51b77958fc83948cb2c939f334afe939  /scratch/data/Kallisto/rna/bs_abundance_99.tsv
f69f27d354a0b577417283c0cdad3165  /scratch/data/Kallisto/rna/bs_abundance_37.tsv
4cd0bc205f22f907f919925ac30f7db2  /scratch/data/Kallisto/rna/bs_abundance_11.tsv
50c9ab2f1280bb761215999f93d4c0eb  /scratch/data/Kallisto/rna/bs_abundance_25.tsv
3ca4d478d3826407bd2f62624706abc2  /scratch/data/Kallisto/rna/bs_abundance_81.tsv
1a6f3a53e22f9fb9046131c5c64dd186  /scratch/data/Kallisto/rna/bs_abundance_72.tsv
0a3929e52937eea7aad8499d8c3f5207  /scratch/data/Kallisto/rna/bs_abundance_3.tsv
