52807e0d569962033f8a87470e373c18  /scratch/data/RTG/HG004.1.10M.fastq.gz
40e47a6000ec5e6bcf5612bb92801896  /scratch/data/RTG/HG003.2.10M.fastq.gz
f63902aa224ba2ba4a4d860c099630f1  /scratch/data/RTG/HG002.1.10M.fastq.gz
80b1259ad361cec9500ec0795ab7400b  /scratch/data/RTG/HG002.2.10M.fastq.gz
6247f284fb582a8528eb8c35220c4e0e  /scratch/data/RTG/container.HG002/summary.txt
6f2130d87a3f35e9711b381fc202c053  /scratch/data/RTG/container.HG002/done
a1756fd4fc5fa73f74437a11f5cb02d2  /scratch/data/RTG/container.HG002/index_files/Alignment-Score-Distribution-(Unmated-Only).png
5af39e216b7fe8959553818ed53dbba9  /scratch/data/RTG/container.HG002/index_files/rtg.css
d895aa5fb1f18640abb64f091709f0f3  /scratch/data/RTG/container.HG002/index_files/Mapping-Quality-(MAPQ)-Distribution.png
9d3273cf21e48fa5095c4a0991015198  /scratch/data/RTG/container.HG002/index_files/Alignment-Score-Distribution-(Mated-Only).png
15a1f3502f07d3d12b9979a171c70f8f  /scratch/data/RTG/container.HG002/index_files/Fragment-Length-Distribution.png
5f8da56f2cd3dea05e15be5d55fea548  /scratch/data/RTG/container.HG002/index_files/rtg_logo.png
2a9b3768cd14c68d2b7ed426cac3b3db  /scratch/data/RTG/container.HG002/alignments.bam.calibration
42a6692bfaa1cb34eb52a3e1cb93f4e3  /scratch/data/RTG/container.HG002/map.log
00278ae7c0590bae04fc2b28dbd36b52  /scratch/data/RTG/container.HG002/alignments.bam.bai
0ad2f2659c2ed970ba2a7f83fc6a1622  /scratch/data/RTG/container.HG002/progress
e8f9ecea5cb536c70a1f9cff71f18345  /scratch/data/RTG/container.HG002/rgstats.tsv
24a7d09f9748fed67b9767fca056ecc0  /scratch/data/RTG/container.HG002/reportdata.tsv
bf83b393c00ea3aa4b5d5b14a3162ead  /scratch/data/RTG/container.HG002/index.html
3e65cf0706e9dfcf1d35e51a69c3b401  /scratch/data/RTG/container.HG002/alignments.bam
206739a868e248274363bc8afe54ab26  /scratch/data/RTG/container.HG004/summary.txt
d368b8ac7cf58f77d59af756c4a0a642  /scratch/data/RTG/container.HG004/done
5fc8a32c64432b6923287cf8dadd9d8d  /scratch/data/RTG/container.HG004/index_files/Alignment-Score-Distribution-(Unmated-Only).png
5af39e216b7fe8959553818ed53dbba9  /scratch/data/RTG/container.HG004/index_files/rtg.css
cc90abbe237aeffb12021c81f7c9ae15  /scratch/data/RTG/container.HG004/index_files/Mapping-Quality-(MAPQ)-Distribution.png
62480330b760d1a957dfa4297aae3aa7  /scratch/data/RTG/container.HG004/index_files/Alignment-Score-Distribution-(Mated-Only).png
8f26146a93b409ebf1a303ff13c26766  /scratch/data/RTG/container.HG004/index_files/Fragment-Length-Distribution.png
5f8da56f2cd3dea05e15be5d55fea548  /scratch/data/RTG/container.HG004/index_files/rtg_logo.png
c67d5fb16d3ea6548696d1106751cb17  /scratch/data/RTG/container.HG004/alignments.bam.calibration
ecb17dfce4836829b10779ea5f99522c  /scratch/data/RTG/container.HG004/map.log
9323b5c5474b3b04653a6bd434793a2c  /scratch/data/RTG/container.HG004/alignments.bam.bai
d36a91e98e2a697f0a8365e967bc9b1b  /scratch/data/RTG/container.HG004/progress
c287af3692b5c5bee7db8ce922aa67fe  /scratch/data/RTG/container.HG004/rgstats.tsv
7860de7de6124e0e43d1c83de909aadf  /scratch/data/RTG/container.HG004/reportdata.tsv
1785cd7246de30674454eb22a415c27e  /scratch/data/RTG/container.HG004/index.html
98ace8d5fdb26fe3b1a7ccc0fb33ff27  /scratch/data/RTG/container.HG004/alignments.bam
3df1c251d6be508f28f76a562a393d4b  /scratch/data/RTG/HG003.1.10M.fastq.gz
c511059d439fdeb27686797c1d90b9c9  /scratch/data/RTG/container.trio/summary.txt
4e6abd192d2c2d062950353bfab5312b  /scratch/data/RTG/container.trio/done
b99167b1a1f2f461a5b7a7c970749101  /scratch/data/RTG/container.trio/index_files/table.css
5af39e216b7fe8959553818ed53dbba9  /scratch/data/RTG/container.trio/index_files/rtg.css
5f8da56f2cd3dea05e15be5d55fea548  /scratch/data/RTG/container.trio/index_files/rtg_logo.png
f264e52d5e28b8bdcfabb19f11e6141f  /scratch/data/RTG/container.trio/snps.vcf.gz.tbi
62a1737fff0950259035ecce4813b2ff  /scratch/data/RTG/container.trio/family.log
7cd0a2db1fa4c1044fb3066d3a9b01d0  /scratch/data/RTG/container.trio/snps.vcf.gz
596d8ebfeb31c68366e458e20c0b8479  /scratch/data/RTG/container.trio/progress
0b511ad445dddd6dd03655696ca095c4  /scratch/data/RTG/container.trio/index.html
1dfc226dc6e77e4e4f8e00d7c29c241a  /scratch/data/RTG/container.trio/regions.bed.gz
85bc5ae73467a858802aba720ea3a70b  /scratch/data/RTG/container.trio/regions.bed.gz.tbi
94ef316c4fc8ac0dc67dbe6a061d62a2  /scratch/data/RTG/container.HG003/summary.txt
82526a40cc84cd372f609e945bb4c202  /scratch/data/RTG/container.HG003/done
3d584369b26d1d7d8b4ef1581e741bc1  /scratch/data/RTG/container.HG003/index_files/Alignment-Score-Distribution-(Unmated-Only).png
5af39e216b7fe8959553818ed53dbba9  /scratch/data/RTG/container.HG003/index_files/rtg.css
1cc5a2043e6b4bc5ebf86f4b44ad6521  /scratch/data/RTG/container.HG003/index_files/Mapping-Quality-(MAPQ)-Distribution.png
e1e3b86a8bc816e9aea7cb9327b76668  /scratch/data/RTG/container.HG003/index_files/Alignment-Score-Distribution-(Mated-Only).png
1bdffd1b3f442bd9b3169fd5e6b99df8  /scratch/data/RTG/container.HG003/index_files/Fragment-Length-Distribution.png
5f8da56f2cd3dea05e15be5d55fea548  /scratch/data/RTG/container.HG003/index_files/rtg_logo.png
eb59c741f401fe0288f81c3c307bd99a  /scratch/data/RTG/container.HG003/alignments.bam.calibration
ca87f20fbdbf9486db882fcd69194774  /scratch/data/RTG/container.HG003/map.log
162ec761166da579a174a268c0e163ba  /scratch/data/RTG/container.HG003/alignments.bam.bai
6cb82effb0caf50c7697a9ab54895570  /scratch/data/RTG/container.HG003/progress
64c06c68f97aac19eb24bbb80fc0bce0  /scratch/data/RTG/container.HG003/rgstats.tsv
d8a52e9555802612091634b183e8ced8  /scratch/data/RTG/container.HG003/reportdata.tsv
362f63c0e80b7276fc417ca415fe0b35  /scratch/data/RTG/container.HG003/index.html
337f50f77266e4ea9f240d36e32df99e  /scratch/data/RTG/container.HG003/alignments.bam
f682b3291dd57d1c92cfd58bf05db53f  /scratch/data/RTG/HG004.2.10M.fastq.gz
dd30a438785c9d4c4a1927b76d94e2db  /scratch/data/Fastq/GM12878_2x75_split.tgz
750c9ecd7388606fceee9d610f647f1b  /scratch/data/Fastq/rna_2.fq.gz
06d9ed1590878a09449e81a3f39c2c01  /scratch/data/Fastq/dna_1.fq.gz
d3636eb9caf4ac59f0cdfa6624679047  /scratch/data/Fastq/rna_1.fq.gz
27577dd28320f8b57a62244f719eb9f8  /scratch/data/Fastq/dna_2.fq.gz
d2f5435a0a02b92beaf2378a2de3db03  /scratch/data/Bam/container.bam
255eef0bc7d49d9dff437bb548a6cbe4  /scratch/data/Reference/Homo_sapiens.GRCh38.dna.primary_assembly.fa.sdf/seqpointer1
b05702ed6eb6cdaa4cbba29539d45763  /scratch/data/Reference/Homo_sapiens.GRCh38.dna.primary_assembly.fa.sdf/summary.txt
d342b29cddbec8deba7fd299322b33eb  /scratch/data/Reference/Homo_sapiens.GRCh38.dna.primary_assembly.fa.sdf/done
a48e0a1c2808083b2c0dff38a88fd9d0  /scratch/data/Reference/Homo_sapiens.GRCh38.dna.primary_assembly.fa.sdf/seqdata3
641a6056ffe7742a915acab0037cc1e5  /scratch/data/Reference/Homo_sapiens.GRCh38.dna.primary_assembly.fa.sdf/seqdata1
b217aba6fe3ce611203a6c2248c34883  /scratch/data/Reference/Homo_sapiens.GRCh38.dna.primary_assembly.fa.sdf/seqpointer2
43aff7e00d9a3f555ab10dae0e276b38  /scratch/data/Reference/Homo_sapiens.GRCh38.dna.primary_assembly.fa.sdf/suffixpointer0
549e15d4277b80bcb09139d0f1ea132f  /scratch/data/Reference/Homo_sapiens.GRCh38.dna.primary_assembly.fa.sdf/seqpointer0
65419fe7c5af016746918bf5e2fdccca  /scratch/data/Reference/Homo_sapiens.GRCh38.dna.primary_assembly.fa.sdf/nameIndex0
ac8817dea26a91365a7c7531c60ccb63  /scratch/data/Reference/Homo_sapiens.GRCh38.dna.primary_assembly.fa.sdf/namedata0
a308f744d1f9511f1278d14ef08b0b73  /scratch/data/Reference/Homo_sapiens.GRCh38.dna.primary_assembly.fa.sdf/suffixIndex0
a8eb0bed6f9529a940ac05eae457adc6  /scratch/data/Reference/Homo_sapiens.GRCh38.dna.primary_assembly.fa.sdf/namepointer0
d3bef55137d81774d04f02eb91cce028  /scratch/data/Reference/Homo_sapiens.GRCh38.dna.primary_assembly.fa.sdf/mainIndex
5e977412c38097b01b448292c8fcc48c  /scratch/data/Reference/Homo_sapiens.GRCh38.dna.primary_assembly.fa.sdf/sequenceIndex0
8b940a7ac3e9c67072d66dd3d014f174  /scratch/data/Reference/Homo_sapiens.GRCh38.dna.primary_assembly.fa.sdf/suffixdata0
b4457c1c172f2de9c59e8d239e05c810  /scratch/data/Reference/Homo_sapiens.GRCh38.dna.primary_assembly.fa.sdf/seqdata2
9a3ade1854f83169916e3cba372ea584  /scratch/data/Reference/Homo_sapiens.GRCh38.dna.primary_assembly.fa.sdf/progress
89b11983728f01a9a1db3033e159eacc  /scratch/data/Reference/Homo_sapiens.GRCh38.dna.primary_assembly.fa.sdf/format.log
87676759368f792ebbe8f82698c43d65  /scratch/data/Reference/Homo_sapiens.GRCh38.dna.primary_assembly.fa.sdf/seqpointer3
3cde02f316e6a1a82c179466be9bb496  /scratch/data/Reference/Homo_sapiens.GRCh38.dna.primary_assembly.fa.sdf/seqdata0
9e6b9465dc708d92bf6d67e9c9fa9389  /scratch/data/Reference/Homo_sapiens.GRCh38.dna.primary_assembly.fa
8db7bf4b21f0e11eebb0dda6b1128b84  /scratch/data/Reference/Homo_sapiens.GRCh38.dna.primary_assembly.fa.bwt
d0c1782ecde72a7eb671336db7ff7733  /scratch/data/Reference/gencode.v25.transcripts.fa
30bda345ff201f40aff5af7f8c8552e9  /scratch/data/Reference/Homo_sapiens.GRCh38.dna.primary_assembly.fa.sa
358e44170f2729f732045ac3993362f8  /scratch/data/Reference/kallisto_index
6059c253ce2432bde7553846bfb4c18f  /scratch/data/Reference/Homo_sapiens.GRCh38.dna.primary_assembly.fa.ann
4a46c297bfc0b29cb2f7eefedc360556  /scratch/data/Reference/Homo_sapiens.GRCh38.dna.primary_assembly.fa.amb
0c81559f3cc600af2e79ac7dfb5a30c7  /scratch/data/Reference/Homo_sapiens.GRCh38.dna.primary_assembly.fa.pac
f72814b287135f1775b5bd74fb464202  /scratch/data/Kallisto/rna/bs_abundance_39.tsv
6212a28f37381d4e370f7d0906156e1f  /scratch/data/Kallisto/rna/bs_abundance_56.tsv
37b3c987beacc6d8eb4a6554a0bfbc41  /scratch/data/Kallisto/rna/bs_abundance_1.tsv
8214e11102e80a13f0f11a01be8c7a25  /scratch/data/Kallisto/rna/bs_abundance_53.tsv
44e085a83399148428c7779db5cee1df  /scratch/data/Kallisto/rna/bs_abundance_71.tsv
20d4f5787e1ff19a7195e35fef0970ef  /scratch/data/Kallisto/rna/bs_abundance_23.tsv
adc4d6dff6276eaf23daa5c7544cd3d6  /scratch/data/Kallisto/rna/bs_abundance_52.tsv
ff6b7415ae679aa99ee3aa05daaf8e56  /scratch/data/Kallisto/rna/bs_abundance_82.tsv
e19248153c4b7b0f1d18561cffb7dace  /scratch/data/Kallisto/rna/bs_abundance_60.tsv
822f123d21022bfbddd0db0b36095768  /scratch/data/Kallisto/rna/bs_abundance_55.tsv
23e1783724e1064252cd0928961168b3  /scratch/data/Kallisto/rna/bs_abundance_43.tsv
fc59d30a93a2e5a2fb474b78b3214f91  /scratch/data/Kallisto/rna/bs_abundance_0.tsv
50448dce93a65e3ed9eaf35e4ce9ddfe  /scratch/data/Kallisto/rna/bs_abundance_16.tsv
35dcfe2ccc9cda27b8e09da7461e414b  /scratch/data/Kallisto/rna/bs_abundance_70.tsv
a45bc212038e5b332d65a82db258a0a3  /scratch/data/Kallisto/rna/bs_abundance_62.tsv
158441a8d6b434a09a3ef72d2eeb8d63  /scratch/data/Kallisto/rna/bs_abundance_38.tsv
d269bab45ee6cf8c09aca3f7761a3a05  /scratch/data/Kallisto/rna/bs_abundance_51.tsv
27a00455210f2fb0f8eb208254ba9e2e  /scratch/data/Kallisto/rna/bs_abundance_22.tsv
57316e26ec42882e864ba7ad5be22bf7  /scratch/data/Kallisto/rna/bs_abundance_95.tsv
f9aaa93113bed35f764299a29a0e4acc  /scratch/data/Kallisto/rna/bs_abundance_85.tsv
e51624f8775af182c51fad8b209d9cbc  /scratch/data/Kallisto/rna/bs_abundance_49.tsv
7a777b0a6fb9bb5cb74d58d99ffb2a1d  /scratch/data/Kallisto/rna/bs_abundance_54.tsv
e7a1921900935b6b936b310ab39c412d  /scratch/data/Kallisto/rna/bs_abundance_29.tsv
d579f52042d3d50340feb980d0f42650  /scratch/data/Kallisto/rna/bs_abundance_84.tsv
34603fd9eb77430bcc9dadb3e677b417  /scratch/data/Kallisto/rna/bs_abundance_7.tsv
c2308e02af6d846916026be3b2245e2a  /scratch/data/Kallisto/rna/bs_abundance_4.tsv
8c4e35bd578fa3a23a994d0f7a3abeaa  /scratch/data/Kallisto/rna/bs_abundance_10.tsv
a76e9b8a717a032dd8389f609dc624db  /scratch/data/Kallisto/rna/bs_abundance_26.tsv
7bd3d1da75fb0d4aba3c295f5a90b023  /scratch/data/Kallisto/rna/bs_abundance_87.tsv
ce6e83928f1739c063079c2d5fc65022  /scratch/data/Kallisto/rna/bs_abundance_69.tsv
103683bb6beb1ae6278bc04417b75187  /scratch/data/Kallisto/rna/bs_abundance_90.tsv
07fb9c5022fd0f04df256fc9cf050d61  /scratch/data/Kallisto/rna/bs_abundance_73.tsv
8b17026d0b906712015a8923a5be14ab  /scratch/data/Kallisto/rna/bs_abundance_31.tsv
334a5be2ba0e15454f8f3cb4123253ad  /scratch/data/Kallisto/rna/bs_abundance_78.tsv
945a872dae85352454fd472c91407b33  /scratch/data/Kallisto/rna/bs_abundance_48.tsv
5a6618488c18d061155795391ae8a3fb  /scratch/data/Kallisto/rna/bs_abundance_36.tsv
b1eab2228e5516d216660ee2720113dc  /scratch/data/Kallisto/rna/bs_abundance_2.tsv
8dd6491adb8144b8ee998b5ca98a3225  /scratch/data/Kallisto/rna/bs_abundance_86.tsv
1df9a704b836dcc96df73f4aa06b342c  /scratch/data/Kallisto/rna/bs_abundance_96.tsv
33cdafd8393c4f35c66e0a2e4f0627cc  /scratch/data/Kallisto/rna/bs_abundance_88.tsv
5819d4156447e8f69b6319c3aad82ca9  /scratch/data/Kallisto/rna/bs_abundance_17.tsv
44c84e29a0068b69b77acef6cb478ac0  /scratch/data/Kallisto/rna/bs_abundance_40.tsv
37aa3ad27b9d2a3cf50dfb4db60cb240  /scratch/data/Kallisto/rna/bs_abundance_15.tsv
a0fd0a29ec5274d1d3877809444246c0  /scratch/data/Kallisto/rna/bs_abundance_45.tsv
5df2303842da2f52e22b624511372ac9  /scratch/data/Kallisto/rna/bs_abundance_24.tsv
8fca85359c5d4fc3a5dde1975348eecd  /scratch/data/Kallisto/rna/bs_abundance_59.tsv
f135a0c213750e9e96452090efc73078  /scratch/data/Kallisto/rna/bs_abundance_28.tsv
e8a9120786c3b30be7277350320bad9c  /scratch/data/Kallisto/rna/bs_abundance_32.tsv
1d7bd4555cd8df78b3209e61802773c4  /scratch/data/Kallisto/rna/bs_abundance_18.tsv
f4ea7ff6533de8d37179031e09368263  /scratch/data/Kallisto/rna/bs_abundance_42.tsv
1f13928726ce29cb98db0ae26ac320e6  /scratch/data/Kallisto/rna/bs_abundance_57.tsv
84fc6b88a4355720f5b5dd0afee3584f  /scratch/data/Kallisto/rna/bs_abundance_64.tsv
835c2c44c2d0cf889c951f6db4f77e2f  /scratch/data/Kallisto/rna/bs_abundance_67.tsv
49798a9881532346337de71effa3cc8f  /scratch/data/Kallisto/rna/bs_abundance_97.tsv
9fb437db075e9988f39a6422d29988e4  /scratch/data/Kallisto/rna/bs_abundance_20.tsv
fab5cb3786210ce3c19ca9a753ca265a  /scratch/data/Kallisto/rna/bs_abundance_50.tsv
02f8df819edda85416a297cef448d943  /scratch/data/Kallisto/rna/bs_abundance_6.tsv
2483b85c83782f78a7c543cd26d76226  /scratch/data/Kallisto/rna/bs_abundance_34.tsv
fd58c42803ae218e66add8c90478e8e6  /scratch/data/Kallisto/rna/bs_abundance_44.tsv
980081ef40e6fbbb6f09eec2f4e05020  /scratch/data/Kallisto/rna/bs_abundance_27.tsv
caa0a5fdc3871770298207c61657323d  /scratch/data/Kallisto/rna/bs_abundance_41.tsv
26e64553038233b010b45ac403c92dc3  /scratch/data/Kallisto/rna/abundance.tsv
a47a18f2c3d643c1d697945e70049bbb  /scratch/data/Kallisto/rna/bs_abundance_35.tsv
075b50c9d076456432bdbbcc71c29c52  /scratch/data/Kallisto/rna/bs_abundance_5.tsv
b3e5e4fbfab79d7b36365ace392eeb2e  /scratch/data/Kallisto/rna/bs_abundance_94.tsv
3de4c19e029450667c66f72692abe39c  /scratch/data/Kallisto/rna/bs_abundance_63.tsv
ff40ee9f939fe8510d68d1276382e52b  /scratch/data/Kallisto/rna/bs_abundance_46.tsv
e04623c2680aa699f3c1e9d41a3d6278  /scratch/data/Kallisto/rna/bs_abundance_13.tsv
d72194ec726fc2b4c421b240f8b34fa4  /scratch/data/Kallisto/rna/bs_abundance_98.tsv
61d1aca43357760b108729979e813a7f  /scratch/data/Kallisto/rna/bs_abundance_8.tsv
13e158d5130cc4dd7ed4a4207f9a1539  /scratch/data/Kallisto/rna/bs_abundance_89.tsv
e0d4144de9c8a17eb458bad169a6b7f9  /scratch/data/Kallisto/rna/bs_abundance_19.tsv
f97ea17c90027bfa25112724f6fd41f0  /scratch/data/Kallisto/rna/bs_abundance_65.tsv
c6c15d8d57fc6876799a3d1929129477  /scratch/data/Kallisto/rna/bs_abundance_91.tsv
264f75e82721b8d2ee0c0c9ee0269b77  /scratch/data/Kallisto/rna/bs_abundance_66.tsv
462394d772ddb060df1cfad7c79b817c  /scratch/data/Kallisto/rna/bs_abundance_75.tsv
a7c1eec53de751bab07c32302fbf6663  /scratch/data/Kallisto/rna/bs_abundance_33.tsv
8a3f92e0d15e580e392e3ecb358875e5  /scratch/data/Kallisto/rna/bs_abundance_21.tsv
72cb813351c92e29ddc18ca61fd63804  /scratch/data/Kallisto/rna/bs_abundance_76.tsv
2574ca249bb236262984796f8e892fe9  /scratch/data/Kallisto/rna/bs_abundance_58.tsv
e2ff9045da6a1c0fa2da900a53901d74  /scratch/data/Kallisto/rna/bs_abundance_92.tsv
3af2f64ddfcee3de0c180725bb7967c2  /scratch/data/Kallisto/rna/bs_abundance_93.tsv
eb907ed2e5e93a580e42294d9b8abde4  /scratch/data/Kallisto/rna/bs_abundance_14.tsv
6a77ac623a558a8196f53f1d42736ad5  /scratch/data/Kallisto/rna/bs_abundance_83.tsv
5495fbcce41143171c8f9cbee44b564e  /scratch/data/Kallisto/rna/bs_abundance_68.tsv
28740194ef340937f1836b6fcde0bb83  /scratch/data/Kallisto/rna/bs_abundance_61.tsv
26a13fef248cdea3d58ae683742f163f  /scratch/data/Kallisto/rna/bs_abundance_74.tsv
0c59ee563906dec416af5bebddf317c4  /scratch/data/Kallisto/rna/bs_abundance_79.tsv
2fea56c94d2fd4a8a36bdb0d44bae9d5  /scratch/data/Kallisto/rna/bs_abundance_47.tsv
4508c4fcb4174108e8169aae7d7203ed  /scratch/data/Kallisto/rna/bs_abundance_30.tsv
107d2ae63324f4d8771757cbd162007f  /scratch/data/Kallisto/rna/run_info.json
2b91f622f68e956646f17db4de8ce3ff  /scratch/data/Kallisto/rna/bs_abundance_77.tsv
10a270b41ab77889c9dbf1c7307d9cd5  /scratch/data/Kallisto/rna/bs_abundance_12.tsv
1362c90874ae736949e10a430db2f684  /scratch/data/Kallisto/rna/bs_abundance_80.tsv
7405400976d0820c3bef436175fcfeb2  /scratch/data/Kallisto/rna/bs_abundance_9.tsv
bcaa4153faebe5eb64a9ebc54be57e23  /scratch/data/Kallisto/rna/bs_abundance_99.tsv
5f26a805d979b49466162ec146025caf  /scratch/data/Kallisto/rna/bs_abundance_37.tsv
dba2fa5cf7eab94510b370e03bba099e  /scratch/data/Kallisto/rna/bs_abundance_11.tsv
5759c36a972b772b3363165f34100cd4  /scratch/data/Kallisto/rna/bs_abundance_25.tsv
af88c9ae10d015582105d9d3f679ff1b  /scratch/data/Kallisto/rna/bs_abundance_81.tsv
895a45c1dca5cd6651b21153f48bf6be  /scratch/data/Kallisto/rna/bs_abundance_72.tsv
e45145c1f56f3b284177aac05f88c950  /scratch/data/Kallisto/rna/bs_abundance_3.tsv
