28db4eecaf34904ae442a7ecd09456d9  /scratch/data/Bam/container.bam
cd848701c4c76b274329fca1fbdcf5ed  /scratch/data/Kallisto/rna/bs_abundance_91.tsv
87db6bdc2a50b2bf0e4b7a852f9f4bea  /scratch/data/Kallisto/rna/bs_abundance_67.tsv
2fd9bc1120bef6c244faf4a68e31dbe2  /scratch/data/Kallisto/rna/bs_abundance_23.tsv
141b040baf264f41d2bcf04a3ccd8441  /scratch/data/Kallisto/rna/bs_abundance_31.tsv
8d08c8a1d7d2882c0d32817f2e16915d  /scratch/data/Kallisto/rna/bs_abundance_53.tsv
346556199b4bf0c30453eb812120b742  /scratch/data/Kallisto/rna/bs_abundance_54.tsv
e5a73649e5bd481bbbb88031fe778fc8  /scratch/data/Kallisto/rna/bs_abundance_83.tsv
1d66eac69f39bb901c076c8ecd71bf28  /scratch/data/Kallisto/rna/bs_abundance_24.tsv
84c3e04d0b2c29a9f6562dc0dce799c4  /scratch/data/Kallisto/rna/bs_abundance_84.tsv
f67abe996718610a5af407348880331d  /scratch/data/Kallisto/rna/bs_abundance_1.tsv
53f64468a3df65a1e5f6823e045f9406  /scratch/data/Kallisto/rna/bs_abundance_16.tsv
7aaa63ca78a3f6929df92df6bfbb639f  /scratch/data/Kallisto/rna/bs_abundance_86.tsv
479eeb9979343c6c309d94be38e221cb  /scratch/data/Kallisto/rna/bs_abundance_35.tsv
33333b36ef3cdd1ad051d3ca97179364  /scratch/data/Kallisto/rna/bs_abundance_66.tsv
4ecd8009298766c028c224a44b27fd8e  /scratch/data/Kallisto/rna/bs_abundance_33.tsv
db23ae543fb9301fe9d8f874417c932f  /scratch/data/Kallisto/rna/bs_abundance_95.tsv
9151958702ec79c4a99db03b378484aa  /scratch/data/Kallisto/rna/bs_abundance_56.tsv
dea33a91de7ea72d8ab87a9eee27df4f  /scratch/data/Kallisto/rna/bs_abundance_28.tsv
5578d79da1a07c12e09974990ea14e87  /scratch/data/Kallisto/rna/abundance.tsv
0835f4a9ba33aaae4faebdd76ef50ccc  /scratch/data/Kallisto/rna/bs_abundance_90.tsv
fcb5f556ababc784f6f34767aa9e622a  /scratch/data/Kallisto/rna/bs_abundance_57.tsv
704531225c1c44c14f3ee2ef3f350ef1  /scratch/data/Kallisto/rna/bs_abundance_78.tsv
ed2cb369fa714e613b002156c0f3f79c  /scratch/data/Kallisto/rna/bs_abundance_19.tsv
cc24e7dfb246a19d8ee57b36ce0c9326  /scratch/data/Kallisto/rna/bs_abundance_85.tsv
4bbf26789583b019f6f19e2213c6a285  /scratch/data/Kallisto/rna/bs_abundance_8.tsv
6bff402caa009cff6ddbc9f936fd965a  /scratch/data/Kallisto/rna/bs_abundance_75.tsv
98a5cfb976e39340005d00020e9e7f47  /scratch/data/Kallisto/rna/bs_abundance_12.tsv
8658010d4af981136fbf45655b20b12c  /scratch/data/Kallisto/rna/bs_abundance_62.tsv
862c3007af0267d3c5cea2e544cfb60b  /scratch/data/Kallisto/rna/bs_abundance_89.tsv
b7df69b838bfe0504544dcde25882ec0  /scratch/data/Kallisto/rna/bs_abundance_32.tsv
e62dad2fca95650e264579682f7dc0ba  /scratch/data/Kallisto/rna/bs_abundance_46.tsv
722e5aa1010bc3672cf5d5de59e02cdb  /scratch/data/Kallisto/rna/bs_abundance_72.tsv
b2ea5be6f3ffae228e9d1cdac58a0230  /scratch/data/Kallisto/rna/bs_abundance_82.tsv
668e6c7385d614659a51bf15616c9077  /scratch/data/Kallisto/rna/bs_abundance_44.tsv
6bd92b7359e9697474ae70b764612554  /scratch/data/Kallisto/rna/run_info.json
dec88890c5ca555d4a3465c6f8da9aa4  /scratch/data/Kallisto/rna/bs_abundance_36.tsv
24d5c2b4fa74c14d6eed10ed40511a48  /scratch/data/Kallisto/rna/bs_abundance_77.tsv
7ab5219e243807dcbb20dc9e9191aa85  /scratch/data/Kallisto/rna/bs_abundance_48.tsv
3b21cab473b15bbd86186c453f521ec9  /scratch/data/Kallisto/rna/bs_abundance_68.tsv
da1aa566501e6e6cd7f29f6c55e2c4e4  /scratch/data/Kallisto/rna/bs_abundance_39.tsv
b194b5ba4823d54621a61835d5c9fd25  /scratch/data/Kallisto/rna/bs_abundance_2.tsv
32699b96a79a081a3cdae51ee447a462  /scratch/data/Kallisto/rna/bs_abundance_58.tsv
c80190ef1fe05eef8daf4fac6ad88784  /scratch/data/Kallisto/rna/bs_abundance_51.tsv
7a801d579255be108cbd4868117ed44a  /scratch/data/Kallisto/rna/bs_abundance_15.tsv
44fbd3c93e24d53655aeedb7ada9f5e8  /scratch/data/Kallisto/rna/bs_abundance_13.tsv
84ce054a8da691753d36ddb49546d41d  /scratch/data/Kallisto/rna/bs_abundance_79.tsv
937b00abb724f8afc09046fecdf3607e  /scratch/data/Kallisto/rna/bs_abundance_88.tsv
1e32b8d7c4c61a7f9d7354ebed95ea99  /scratch/data/Kallisto/rna/bs_abundance_52.tsv
dee206da4107b4c970d921bca36e5d5a  /scratch/data/Kallisto/rna/bs_abundance_98.tsv
c70c588ba4b7d7a8cde56f485f0214d5  /scratch/data/Kallisto/rna/bs_abundance_55.tsv
4bc6103d7b46b46579cf3ba78bb72c21  /scratch/data/Kallisto/rna/bs_abundance_59.tsv
be60d2856e03adff6a8ccac41b6423fc  /scratch/data/Kallisto/rna/bs_abundance_76.tsv
0e5b59c14e419383fd78f5fddbd6687e  /scratch/data/Kallisto/rna/bs_abundance_80.tsv
e4cb7a3f48e4405ebed6d5d5a7d7d8df  /scratch/data/Kallisto/rna/bs_abundance_87.tsv
7a8f53165004e2a011134cef07643d3c  /scratch/data/Kallisto/rna/bs_abundance_71.tsv
3f6f664cfcc6d416fe0d7339c5455b70  /scratch/data/Kallisto/rna/bs_abundance_99.tsv
c5513e54f31d5faf5575b5d5f6dbba1b  /scratch/data/Kallisto/rna/bs_abundance_10.tsv
72a3c9f9802b9d56deddeff02dfbcc23  /scratch/data/Kallisto/rna/bs_abundance_47.tsv
2efee5dadc8d54d54efd08b657036eff  /scratch/data/Kallisto/rna/bs_abundance_25.tsv
034da06044f11bb2e69127b5dcb000c5  /scratch/data/Kallisto/rna/bs_abundance_38.tsv
5b530a3bc358cbd485d18edd825b869e  /scratch/data/Kallisto/rna/bs_abundance_6.tsv
5b579ff00745917e7e772d6db04ecdd6  /scratch/data/Kallisto/rna/bs_abundance_27.tsv
a6e9df4f4b48a00ae691a1177c772b5c  /scratch/data/Kallisto/rna/bs_abundance_37.tsv
ef5fb7d0888308c7e50d93083de328cc  /scratch/data/Kallisto/rna/bs_abundance_64.tsv
2cd15f4a4eb4a094c0ac8ac347ce6b51  /scratch/data/Kallisto/rna/bs_abundance_97.tsv
fb9b463df34e5db7d20d1d7019601822  /scratch/data/Kallisto/rna/bs_abundance_34.tsv
73681afc56b57bb6e3aee9d5aac3c9a1  /scratch/data/Kallisto/rna/bs_abundance_49.tsv
d2d6f6189c2eacc3c1fb2d527356bbb4  /scratch/data/Kallisto/rna/bs_abundance_7.tsv
da078709590958c3f828f86d3572e18e  /scratch/data/Kallisto/rna/bs_abundance_45.tsv
4a852b71b758d7bce3b7db5f795f790d  /scratch/data/Kallisto/rna/bs_abundance_50.tsv
c6251ca49c42082176c2e5eea40c55a4  /scratch/data/Kallisto/rna/bs_abundance_29.tsv
fa2acc2ae39e6fea0105166710a2f9d3  /scratch/data/Kallisto/rna/bs_abundance_60.tsv
56c569182f385eeb368c491c8b3eb45c  /scratch/data/Kallisto/rna/bs_abundance_17.tsv
169afef686a13a395d0b7a008df90a63  /scratch/data/Kallisto/rna/bs_abundance_94.tsv
d09650d3cc0655212e54d179f12b73b2  /scratch/data/Kallisto/rna/bs_abundance_9.tsv
c433afcf4abb42fc2a6f6ed6cd2af473  /scratch/data/Kallisto/rna/bs_abundance_69.tsv
99cd137b404d22fca4007fe31e9e4aa9  /scratch/data/Kallisto/rna/bs_abundance_26.tsv
2cffb51508cba85304cfaac768b700ee  /scratch/data/Kallisto/rna/bs_abundance_30.tsv
83eff7555af2af60b4ad45f95b400ee2  /scratch/data/Kallisto/rna/bs_abundance_63.tsv
98df52b1dbb18cdc21a541c8d63b8bb0  /scratch/data/Kallisto/rna/bs_abundance_5.tsv
bb01900822453f6aabcd75026dcfb45c  /scratch/data/Kallisto/rna/bs_abundance_73.tsv
f85382a9a9bbe5f71c0d338791d21af3  /scratch/data/Kallisto/rna/bs_abundance_21.tsv
b32ab7d8fb2eb6bf839b1e339560176b  /scratch/data/Kallisto/rna/bs_abundance_4.tsv
408b3604861735c50f240feccbfab8ed  /scratch/data/Kallisto/rna/bs_abundance_20.tsv
b01465fd1dc3d52af03fe0322c8ee39a  /scratch/data/Kallisto/rna/bs_abundance_61.tsv
4a4af88cff661e32cd8e1d4b0dd39fd8  /scratch/data/Kallisto/rna/bs_abundance_96.tsv
53a17ed4f53d900bdb9417d97cf7ea7b  /scratch/data/Kallisto/rna/bs_abundance_74.tsv
949d8268cf47a41c2f5ba1c398675861  /scratch/data/Kallisto/rna/bs_abundance_43.tsv
a6d884c8d6b6c7f2d59539ab7b36ffbb  /scratch/data/Kallisto/rna/bs_abundance_11.tsv
f5b75810cc00ad003ccc7c6b274c8d7b  /scratch/data/Kallisto/rna/bs_abundance_14.tsv
5b57186c1519331cb4b52cb082b4cd69  /scratch/data/Kallisto/rna/bs_abundance_3.tsv
270c7c9dc27a5e577aebe9e064cf77eb  /scratch/data/Kallisto/rna/bs_abundance_42.tsv
5dcb31c835c5e40e3da88d451542ebbb  /scratch/data/Kallisto/rna/bs_abundance_0.tsv
38fc935eb7ed48412be66d7585a6943d  /scratch/data/Kallisto/rna/bs_abundance_70.tsv
66838d0602f8bb32d5b016d7df283d8d  /scratch/data/Kallisto/rna/bs_abundance_65.tsv
2c9f1f268a6697f3b0def21ab12cf187  /scratch/data/Kallisto/rna/bs_abundance_22.tsv
ed7d38697a95375bfc46b5e7bba79abc  /scratch/data/Kallisto/rna/bs_abundance_92.tsv
0d80e1614a63ed0cadc3e61479303594  /scratch/data/Kallisto/rna/bs_abundance_93.tsv
d7db5d54730f4687505d5623dd2b4c6d  /scratch/data/Kallisto/rna/bs_abundance_18.tsv
bb491ce052f6dbd9b7a0f01ff9cfa123  /scratch/data/Kallisto/rna/bs_abundance_41.tsv
6f8a0e8ec2fda65c15235b783dea0d2a  /scratch/data/Kallisto/rna/bs_abundance_81.tsv
0cd0930cce4dbe7b398fc791b48b13a2  /scratch/data/Kallisto/rna/bs_abundance_40.tsv
358e44170f2729f732045ac3993362f8  /scratch/data/Reference/kallisto_index
8db7bf4b21f0e11eebb0dda6b1128b84  /scratch/data/Reference/Homo_sapiens.GRCh38.dna.primary_assembly.fa.bwt
a8eb0bed6f9529a940ac05eae457adc6  /scratch/data/Reference/Homo_sapiens.GRCh38.dna.primary_assembly.fa.sdf/namepointer0
49febb2a74c630082311d711877be08b  /scratch/data/Reference/Homo_sapiens.GRCh38.dna.primary_assembly.fa.sdf/mainIndex
b4457c1c172f2de9c59e8d239e05c810  /scratch/data/Reference/Homo_sapiens.GRCh38.dna.primary_assembly.fa.sdf/seqdata2
65419fe7c5af016746918bf5e2fdccca  /scratch/data/Reference/Homo_sapiens.GRCh38.dna.primary_assembly.fa.sdf/nameIndex0
43aff7e00d9a3f555ab10dae0e276b38  /scratch/data/Reference/Homo_sapiens.GRCh38.dna.primary_assembly.fa.sdf/suffixpointer0
b217aba6fe3ce611203a6c2248c34883  /scratch/data/Reference/Homo_sapiens.GRCh38.dna.primary_assembly.fa.sdf/seqpointer2
ca4a7ffc03ca46429374bccf57d43c54  /scratch/data/Reference/Homo_sapiens.GRCh38.dna.primary_assembly.fa.sdf/format.log
255eef0bc7d49d9dff437bb548a6cbe4  /scratch/data/Reference/Homo_sapiens.GRCh38.dna.primary_assembly.fa.sdf/seqpointer1
5c57e14c96b13c65aa01fe15c32716ef  /scratch/data/Reference/Homo_sapiens.GRCh38.dna.primary_assembly.fa.sdf/progress
549e15d4277b80bcb09139d0f1ea132f  /scratch/data/Reference/Homo_sapiens.GRCh38.dna.primary_assembly.fa.sdf/seqpointer0
9461ca51ae52d43ceb4a4ef35c861dfb  /scratch/data/Reference/Homo_sapiens.GRCh38.dna.primary_assembly.fa.sdf/summary.txt
a308f744d1f9511f1278d14ef08b0b73  /scratch/data/Reference/Homo_sapiens.GRCh38.dna.primary_assembly.fa.sdf/suffixIndex0
5e977412c38097b01b448292c8fcc48c  /scratch/data/Reference/Homo_sapiens.GRCh38.dna.primary_assembly.fa.sdf/sequenceIndex0
3cde02f316e6a1a82c179466be9bb496  /scratch/data/Reference/Homo_sapiens.GRCh38.dna.primary_assembly.fa.sdf/seqdata0
ac8817dea26a91365a7c7531c60ccb63  /scratch/data/Reference/Homo_sapiens.GRCh38.dna.primary_assembly.fa.sdf/namedata0
d6050f6d2b0e6cc9f4c4f676917bb731  /scratch/data/Reference/Homo_sapiens.GRCh38.dna.primary_assembly.fa.sdf/done
a48e0a1c2808083b2c0dff38a88fd9d0  /scratch/data/Reference/Homo_sapiens.GRCh38.dna.primary_assembly.fa.sdf/seqdata3
87676759368f792ebbe8f82698c43d65  /scratch/data/Reference/Homo_sapiens.GRCh38.dna.primary_assembly.fa.sdf/seqpointer3
8b940a7ac3e9c67072d66dd3d014f174  /scratch/data/Reference/Homo_sapiens.GRCh38.dna.primary_assembly.fa.sdf/suffixdata0
641a6056ffe7742a915acab0037cc1e5  /scratch/data/Reference/Homo_sapiens.GRCh38.dna.primary_assembly.fa.sdf/seqdata1
0c81559f3cc600af2e79ac7dfb5a30c7  /scratch/data/Reference/Homo_sapiens.GRCh38.dna.primary_assembly.fa.pac
30bda345ff201f40aff5af7f8c8552e9  /scratch/data/Reference/Homo_sapiens.GRCh38.dna.primary_assembly.fa.sa
9e6b9465dc708d92bf6d67e9c9fa9389  /scratch/data/Reference/Homo_sapiens.GRCh38.dna.primary_assembly.fa
4a46c297bfc0b29cb2f7eefedc360556  /scratch/data/Reference/Homo_sapiens.GRCh38.dna.primary_assembly.fa.amb
6059c253ce2432bde7553846bfb4c18f  /scratch/data/Reference/Homo_sapiens.GRCh38.dna.primary_assembly.fa.ann
d0c1782ecde72a7eb671336db7ff7733  /scratch/data/Reference/gencode.v25.transcripts.fa
a80d1bcf053650870d2253077cb140b3  /scratch/data/Fastq/rna_2.fq.gz
64a3e6eaa8277601b1155d50e8cefd51  /scratch/data/Fastq/rna_1.fq.gz
dd30a438785c9d4c4a1927b76d94e2db  /scratch/data/Fastq/GM12878_2x75_split.tgz
e8d408319169767e18fe9c915544eacc  /scratch/data/Fastq/dna_1.fq.gz
4fa16afce5418aebe39b255061f9bd94  /scratch/data/Fastq/dna_2.fq.gz
24a7d09f9748fed67b9767fca056ecc0  /scratch/data/RTG/container.HG002/reportdata.tsv
2a9b3768cd14c68d2b7ed426cac3b3db  /scratch/data/RTG/container.HG002/alignments.bam.calibration
3dc1c13fb196987f809176b492c7c412  /scratch/data/RTG/container.HG002/map.log
56cf5eaba8f74bc1078bcbdf512282fa  /scratch/data/RTG/container.HG002/progress
bf83b393c00ea3aa4b5d5b14a3162ead  /scratch/data/RTG/container.HG002/index.html
2a90b856d59703bfd55789ed54d85960  /scratch/data/RTG/container.HG002/alignments.bam.bai
6247f284fb582a8528eb8c35220c4e0e  /scratch/data/RTG/container.HG002/summary.txt
e8f9ecea5cb536c70a1f9cff71f18345  /scratch/data/RTG/container.HG002/rgstats.tsv
526fe2926474e2bd31878c95c7115385  /scratch/data/RTG/container.HG002/done
5f8da56f2cd3dea05e15be5d55fea548  /scratch/data/RTG/container.HG002/index_files/rtg_logo.png
d895aa5fb1f18640abb64f091709f0f3  /scratch/data/RTG/container.HG002/index_files/Mapping-Quality-(MAPQ)-Distribution.png
a1756fd4fc5fa73f74437a11f5cb02d2  /scratch/data/RTG/container.HG002/index_files/Alignment-Score-Distribution-(Unmated-Only).png
9d3273cf21e48fa5095c4a0991015198  /scratch/data/RTG/container.HG002/index_files/Alignment-Score-Distribution-(Mated-Only).png
5af39e216b7fe8959553818ed53dbba9  /scratch/data/RTG/container.HG002/index_files/rtg.css
15a1f3502f07d3d12b9979a171c70f8f  /scratch/data/RTG/container.HG002/index_files/Fragment-Length-Distribution.png
024d708d143daac1e4610e68bf2c7407  /scratch/data/RTG/container.HG002/alignments.bam
40e47a6000ec5e6bcf5612bb92801896  /scratch/data/RTG/HG003.2.10M.fastq.gz
3df1c251d6be508f28f76a562a393d4b  /scratch/data/RTG/HG003.1.10M.fastq.gz
f63902aa224ba2ba4a4d860c099630f1  /scratch/data/RTG/HG002.1.10M.fastq.gz
7860de7de6124e0e43d1c83de909aadf  /scratch/data/RTG/container.HG004/reportdata.tsv
c67d5fb16d3ea6548696d1106751cb17  /scratch/data/RTG/container.HG004/alignments.bam.calibration
31adcc40193cbe6d5a979fad0662c8d8  /scratch/data/RTG/container.HG004/map.log
0c58f55323321d46a491c59c968e5c85  /scratch/data/RTG/container.HG004/progress
1785cd7246de30674454eb22a415c27e  /scratch/data/RTG/container.HG004/index.html
35c871d6a60a23f893da503a6a83fe3f  /scratch/data/RTG/container.HG004/alignments.bam.bai
206739a868e248274363bc8afe54ab26  /scratch/data/RTG/container.HG004/summary.txt
c287af3692b5c5bee7db8ce922aa67fe  /scratch/data/RTG/container.HG004/rgstats.tsv
18020a928b403ffff53370b29030cd46  /scratch/data/RTG/container.HG004/done
5f8da56f2cd3dea05e15be5d55fea548  /scratch/data/RTG/container.HG004/index_files/rtg_logo.png
cc90abbe237aeffb12021c81f7c9ae15  /scratch/data/RTG/container.HG004/index_files/Mapping-Quality-(MAPQ)-Distribution.png
5fc8a32c64432b6923287cf8dadd9d8d  /scratch/data/RTG/container.HG004/index_files/Alignment-Score-Distribution-(Unmated-Only).png
62480330b760d1a957dfa4297aae3aa7  /scratch/data/RTG/container.HG004/index_files/Alignment-Score-Distribution-(Mated-Only).png
5af39e216b7fe8959553818ed53dbba9  /scratch/data/RTG/container.HG004/index_files/rtg.css
8f26146a93b409ebf1a303ff13c26766  /scratch/data/RTG/container.HG004/index_files/Fragment-Length-Distribution.png
ab2be44332356ac1d3f80865da9f1149  /scratch/data/RTG/container.HG004/alignments.bam
80b1259ad361cec9500ec0795ab7400b  /scratch/data/RTG/HG002.2.10M.fastq.gz
52807e0d569962033f8a87470e373c18  /scratch/data/RTG/HG004.1.10M.fastq.gz
85bc5ae73467a858802aba720ea3a70b  /scratch/data/RTG/container.trio/regions.bed.gz.tbi
1dfc226dc6e77e4e4f8e00d7c29c241a  /scratch/data/RTG/container.trio/regions.bed.gz
32226f7a8bd5008e6481f322fdbe294c  /scratch/data/RTG/container.trio/progress
9f6c96260fe5e53e5350d0b649a0c198  /scratch/data/RTG/container.trio/snps.vcf.gz
0b511ad445dddd6dd03655696ca095c4  /scratch/data/RTG/container.trio/index.html
2827eba5ddd7d02a86210bf538a11333  /scratch/data/RTG/container.trio/family.log
c511059d439fdeb27686797c1d90b9c9  /scratch/data/RTG/container.trio/summary.txt
c5cc073f97b170c43455d4f9358777f8  /scratch/data/RTG/container.trio/snps.vcf.gz.tbi
4cbdc3a6e8cdaf20bcb2b3c0931f2946  /scratch/data/RTG/container.trio/done
5f8da56f2cd3dea05e15be5d55fea548  /scratch/data/RTG/container.trio/index_files/rtg_logo.png
b99167b1a1f2f461a5b7a7c970749101  /scratch/data/RTG/container.trio/index_files/table.css
5af39e216b7fe8959553818ed53dbba9  /scratch/data/RTG/container.trio/index_files/rtg.css
d8a52e9555802612091634b183e8ced8  /scratch/data/RTG/container.HG003/reportdata.tsv
eb59c741f401fe0288f81c3c307bd99a  /scratch/data/RTG/container.HG003/alignments.bam.calibration
78b0d5f8fbadce00fe002b17eed741c1  /scratch/data/RTG/container.HG003/map.log
7f739064ed369719e0176540ce55252f  /scratch/data/RTG/container.HG003/progress
362f63c0e80b7276fc417ca415fe0b35  /scratch/data/RTG/container.HG003/index.html
20e536d207bb67c440f4e3e7cd9e5c70  /scratch/data/RTG/container.HG003/alignments.bam.bai
94ef316c4fc8ac0dc67dbe6a061d62a2  /scratch/data/RTG/container.HG003/summary.txt
64c06c68f97aac19eb24bbb80fc0bce0  /scratch/data/RTG/container.HG003/rgstats.tsv
35fd1e585ae33e4a53b32921ca5667ee  /scratch/data/RTG/container.HG003/done
5f8da56f2cd3dea05e15be5d55fea548  /scratch/data/RTG/container.HG003/index_files/rtg_logo.png
1cc5a2043e6b4bc5ebf86f4b44ad6521  /scratch/data/RTG/container.HG003/index_files/Mapping-Quality-(MAPQ)-Distribution.png
3d584369b26d1d7d8b4ef1581e741bc1  /scratch/data/RTG/container.HG003/index_files/Alignment-Score-Distribution-(Unmated-Only).png
e1e3b86a8bc816e9aea7cb9327b76668  /scratch/data/RTG/container.HG003/index_files/Alignment-Score-Distribution-(Mated-Only).png
5af39e216b7fe8959553818ed53dbba9  /scratch/data/RTG/container.HG003/index_files/rtg.css
1bdffd1b3f442bd9b3169fd5e6b99df8  /scratch/data/RTG/container.HG003/index_files/Fragment-Length-Distribution.png
ee83f83c815692ddcd4d23f3f14f0b07  /scratch/data/RTG/container.HG003/alignments.bam
f682b3291dd57d1c92cfd58bf05db53f  /scratch/data/RTG/HG004.2.10M.fastq.gz
