28db4eecaf34904ae442a7ecd09456d9  /scratch/data/Bam/container.bam
b996c5200065c6547d37b6701aafb5ad  /scratch/data/Kallisto/rna/bs_abundance_91.tsv
f8e58f82373b7424412753e2cd9c81ec  /scratch/data/Kallisto/rna/bs_abundance_67.tsv
004d26e34dcbd4374732f13b9fd74b5d  /scratch/data/Kallisto/rna/bs_abundance_23.tsv
166c288380d66e0f7ab3cbcc5aab2388  /scratch/data/Kallisto/rna/bs_abundance_31.tsv
5b431acc0e02457bdcc0981b92c1270f  /scratch/data/Kallisto/rna/bs_abundance_53.tsv
71df6de97f104b553a4df17f7f546fa9  /scratch/data/Kallisto/rna/bs_abundance_54.tsv
b5fe829108b626ab85243f64496f0bde  /scratch/data/Kallisto/rna/bs_abundance_83.tsv
c0f148301e2b53712768d5cf2fe86a5a  /scratch/data/Kallisto/rna/bs_abundance_24.tsv
6a852eccf27f1a4e5ec1cdb2988f39c8  /scratch/data/Kallisto/rna/bs_abundance_84.tsv
03632c8e7120fb32010ccb2f1cacebd7  /scratch/data/Kallisto/rna/bs_abundance_1.tsv
93c02e4243a7f4b8661a6c077660e1d8  /scratch/data/Kallisto/rna/bs_abundance_16.tsv
e8779aa00977eb5b257726c2b4e459cf  /scratch/data/Kallisto/rna/bs_abundance_86.tsv
0818e27c342b85e01b50c1f34b7c7516  /scratch/data/Kallisto/rna/bs_abundance_35.tsv
3f8ace58025f59b3a590a3851cc0aab6  /scratch/data/Kallisto/rna/bs_abundance_66.tsv
6de0dbef6b05a2627ffb2191a5536345  /scratch/data/Kallisto/rna/bs_abundance_33.tsv
f8cd8462f2429bcc35516deed84fee17  /scratch/data/Kallisto/rna/bs_abundance_95.tsv
2ce231e343f474e262e63c7acfbeae07  /scratch/data/Kallisto/rna/bs_abundance_56.tsv
0f4bbd9e6a8f7ad818d4285de25e7586  /scratch/data/Kallisto/rna/bs_abundance_28.tsv
5ed78c16db149b557172dc8af5106a58  /scratch/data/Kallisto/rna/abundance.tsv
73a321b02688ed45434a3d1e5af5ca00  /scratch/data/Kallisto/rna/bs_abundance_90.tsv
a5b34f423e7dc46a0b7009db4687e6d6  /scratch/data/Kallisto/rna/bs_abundance_57.tsv
d38cf356a76eec0d7a1e1523e407d097  /scratch/data/Kallisto/rna/bs_abundance_78.tsv
be133b91d6d1503d7cc5621d58bd953d  /scratch/data/Kallisto/rna/bs_abundance_19.tsv
78baa76233c218f5476e340b2b468b92  /scratch/data/Kallisto/rna/bs_abundance_85.tsv
e76a6e986e3813ebfa6de006e747f5eb  /scratch/data/Kallisto/rna/bs_abundance_8.tsv
b796659b6d5cf1df5b378e7bc7b87378  /scratch/data/Kallisto/rna/bs_abundance_75.tsv
168018e673a880eb63bead3043399ae0  /scratch/data/Kallisto/rna/bs_abundance_12.tsv
e13aaef0237dc6486973e5c198b9eb4b  /scratch/data/Kallisto/rna/bs_abundance_62.tsv
964f9d28777cf01659446615d5db4dc3  /scratch/data/Kallisto/rna/bs_abundance_89.tsv
cddd45bf6b0ce33239416f03415c47f5  /scratch/data/Kallisto/rna/bs_abundance_32.tsv
8294413db0b6eada8f34f2d8f852a227  /scratch/data/Kallisto/rna/bs_abundance_46.tsv
a587d98d5745a839afb4bb01795394ad  /scratch/data/Kallisto/rna/bs_abundance_72.tsv
5da3b1248212e6cd5e20ba61fe55ccd3  /scratch/data/Kallisto/rna/bs_abundance_82.tsv
a56e08a98af09d655df0df497427a6e2  /scratch/data/Kallisto/rna/bs_abundance_44.tsv
6745d5d4d18de7600e2c0efb6a058a25  /scratch/data/Kallisto/rna/run_info.json
6ad9ddfc2535a2fbc64b2fd80d6698c9  /scratch/data/Kallisto/rna/bs_abundance_36.tsv
8d08447d7add5f8b5ee9593ba8769c79  /scratch/data/Kallisto/rna/bs_abundance_77.tsv
8e7d9e1fbe6445092263493a2ed28f67  /scratch/data/Kallisto/rna/bs_abundance_48.tsv
bc47f48b92960fb50f4a7daedab57c8e  /scratch/data/Kallisto/rna/bs_abundance_68.tsv
3b6bf69fa6f7d45590fc5a0b0986ab03  /scratch/data/Kallisto/rna/bs_abundance_39.tsv
57d5fb738a694dcbdbaab4bf87c49f84  /scratch/data/Kallisto/rna/bs_abundance_2.tsv
a99a0a2fb2809e86a6551196a0ab0865  /scratch/data/Kallisto/rna/bs_abundance_58.tsv
55a4aa1aa45040c555a8d3c665d2c981  /scratch/data/Kallisto/rna/bs_abundance_51.tsv
bc5ffda2f5b589de50226514a80805a3  /scratch/data/Kallisto/rna/bs_abundance_15.tsv
014493001d8a1a4e4952b6a37df0b229  /scratch/data/Kallisto/rna/bs_abundance_13.tsv
ea40b0ceb3f9c102f7b5db9dd1d3a571  /scratch/data/Kallisto/rna/bs_abundance_79.tsv
aefeb5af2dde2f31dfe1e081b99ad813  /scratch/data/Kallisto/rna/bs_abundance_88.tsv
3b50b4f8b0d8517169160c83fc681d8e  /scratch/data/Kallisto/rna/bs_abundance_52.tsv
23dfe0ffd733fe2f5cdd3d02ab7e87bf  /scratch/data/Kallisto/rna/bs_abundance_98.tsv
c6fa769b21d54a63c80d765a14eab5f8  /scratch/data/Kallisto/rna/bs_abundance_55.tsv
c176c9b215f1a694a72430f946c38e75  /scratch/data/Kallisto/rna/bs_abundance_59.tsv
2a3d79f5c8de9affab1ebd11f5f6efaa  /scratch/data/Kallisto/rna/bs_abundance_76.tsv
af11049470dbd97d7caf04f39de14857  /scratch/data/Kallisto/rna/bs_abundance_80.tsv
0262a9c69734d620981dca37d94d8aec  /scratch/data/Kallisto/rna/bs_abundance_87.tsv
41507738b6d7273d52cc6f1ac2312812  /scratch/data/Kallisto/rna/bs_abundance_71.tsv
7edd0b5907131dd65e04b6db820efd0a  /scratch/data/Kallisto/rna/bs_abundance_99.tsv
30e18c4537ab312090f8b0d36966e975  /scratch/data/Kallisto/rna/bs_abundance_10.tsv
d789fc39fd2020202b7b795f8fcbcdc5  /scratch/data/Kallisto/rna/bs_abundance_47.tsv
db0d6dd6c78ae26b0ca3bc45884da157  /scratch/data/Kallisto/rna/bs_abundance_25.tsv
2770dc5a011b6666728acad14846002d  /scratch/data/Kallisto/rna/bs_abundance_38.tsv
a2dc5879fb418a8a8dc3220b6359a3bc  /scratch/data/Kallisto/rna/bs_abundance_6.tsv
d4775871cc4e0a1b57e755f51059c8fd  /scratch/data/Kallisto/rna/bs_abundance_27.tsv
91523d14a71101ed7b2a55339d83b231  /scratch/data/Kallisto/rna/bs_abundance_37.tsv
00d9869c685285ff5d42ca933b2ec25c  /scratch/data/Kallisto/rna/bs_abundance_64.tsv
be77b518375477f43003f68be6251664  /scratch/data/Kallisto/rna/bs_abundance_97.tsv
db547be586bb9b944108852445633227  /scratch/data/Kallisto/rna/bs_abundance_34.tsv
e05249bfb43cf125ebaf582a1684c261  /scratch/data/Kallisto/rna/bs_abundance_49.tsv
fbe2f0ef9cbfa87fdef21ab463bc783c  /scratch/data/Kallisto/rna/bs_abundance_7.tsv
9d9030a4eaa6b5f6ce623801bf8c4754  /scratch/data/Kallisto/rna/bs_abundance_45.tsv
555c6d3fd2a700726230ec5ad5e1a10f  /scratch/data/Kallisto/rna/bs_abundance_50.tsv
30d2b578ba19845925104607df1b3e7e  /scratch/data/Kallisto/rna/bs_abundance_29.tsv
bfb1861f7fd022e09a32f1586a20d559  /scratch/data/Kallisto/rna/bs_abundance_60.tsv
9eb70d3187538cdea44296a22d05975d  /scratch/data/Kallisto/rna/bs_abundance_17.tsv
58d767e78c42d55d6aabd32b4b5d9ea4  /scratch/data/Kallisto/rna/bs_abundance_94.tsv
c7f7d2974b462918792f8d750e203c1a  /scratch/data/Kallisto/rna/bs_abundance_9.tsv
e9cb5a234229c3719eb7cbcb07efc952  /scratch/data/Kallisto/rna/bs_abundance_69.tsv
0a9751f6b100135780143b2ac2835b1b  /scratch/data/Kallisto/rna/bs_abundance_26.tsv
603cf678929b2d7b4f2a4c49d13efe15  /scratch/data/Kallisto/rna/bs_abundance_30.tsv
57408fa5f92daa5850b6b96ad778800f  /scratch/data/Kallisto/rna/bs_abundance_63.tsv
29a3fec6d19b70844f03cb764a840864  /scratch/data/Kallisto/rna/bs_abundance_5.tsv
ea84bc3d918bfd72a97df3feae67a0c3  /scratch/data/Kallisto/rna/bs_abundance_73.tsv
3513b0076135135e18a3320f58aca55b  /scratch/data/Kallisto/rna/bs_abundance_21.tsv
6e5df4e5e8c89c8084c7a62afcbf4252  /scratch/data/Kallisto/rna/bs_abundance_4.tsv
47e6d16b9903160f02d307c443549ef2  /scratch/data/Kallisto/rna/bs_abundance_20.tsv
41ed92158189bff339bfd5e821419f15  /scratch/data/Kallisto/rna/bs_abundance_61.tsv
030ad345621aabdf9309b58c9859619f  /scratch/data/Kallisto/rna/bs_abundance_96.tsv
8842365df6112a70b404f604380b9708  /scratch/data/Kallisto/rna/bs_abundance_74.tsv
eead4933553fca8ce816e82439bc5358  /scratch/data/Kallisto/rna/bs_abundance_43.tsv
737fe92488619efdf7de11d312e0bc56  /scratch/data/Kallisto/rna/bs_abundance_11.tsv
6c4d07c3a493f76c0ba8deba888c024e  /scratch/data/Kallisto/rna/bs_abundance_14.tsv
31ca797da12be0c010cdcce48165d92e  /scratch/data/Kallisto/rna/bs_abundance_3.tsv
ef717239f3db71559cd822e930dbb96e  /scratch/data/Kallisto/rna/bs_abundance_42.tsv
5b67c9d2b2794a49a0977c056ac029cd  /scratch/data/Kallisto/rna/bs_abundance_0.tsv
a03db1fc7f45a73c31aaa893a1688c7f  /scratch/data/Kallisto/rna/bs_abundance_70.tsv
fd76c6c7012ff6c478df0164eb229ab9  /scratch/data/Kallisto/rna/bs_abundance_65.tsv
d88aa11ca116cfa19ff8dbdb0625dca3  /scratch/data/Kallisto/rna/bs_abundance_22.tsv
50103cbf7f43471c91d5715e02c7514e  /scratch/data/Kallisto/rna/bs_abundance_92.tsv
e4694d0f196792e191116ac8b8f8d207  /scratch/data/Kallisto/rna/bs_abundance_93.tsv
42958e5790563da1052bc68840413349  /scratch/data/Kallisto/rna/bs_abundance_18.tsv
4af7ca2c95d29b0cc6410d44cd136d0f  /scratch/data/Kallisto/rna/bs_abundance_41.tsv
9362d2934168ac6fa2938b40cbc171cc  /scratch/data/Kallisto/rna/bs_abundance_81.tsv
9388bff02c74f0a7f56c36547987e577  /scratch/data/Kallisto/rna/bs_abundance_40.tsv
358e44170f2729f732045ac3993362f8  /scratch/data/Reference/kallisto_index
8db7bf4b21f0e11eebb0dda6b1128b84  /scratch/data/Reference/Homo_sapiens.GRCh38.dna.primary_assembly.fa.bwt
a8eb0bed6f9529a940ac05eae457adc6  /scratch/data/Reference/Homo_sapiens.GRCh38.dna.primary_assembly.fa.sdf/namepointer0
b981753dd6d1b4f959f1a39330797aed  /scratch/data/Reference/Homo_sapiens.GRCh38.dna.primary_assembly.fa.sdf/mainIndex
b4457c1c172f2de9c59e8d239e05c810  /scratch/data/Reference/Homo_sapiens.GRCh38.dna.primary_assembly.fa.sdf/seqdata2
65419fe7c5af016746918bf5e2fdccca  /scratch/data/Reference/Homo_sapiens.GRCh38.dna.primary_assembly.fa.sdf/nameIndex0
43aff7e00d9a3f555ab10dae0e276b38  /scratch/data/Reference/Homo_sapiens.GRCh38.dna.primary_assembly.fa.sdf/suffixpointer0
b217aba6fe3ce611203a6c2248c34883  /scratch/data/Reference/Homo_sapiens.GRCh38.dna.primary_assembly.fa.sdf/seqpointer2
36983efa47b195edbd256679e850e9e7  /scratch/data/Reference/Homo_sapiens.GRCh38.dna.primary_assembly.fa.sdf/format.log
255eef0bc7d49d9dff437bb548a6cbe4  /scratch/data/Reference/Homo_sapiens.GRCh38.dna.primary_assembly.fa.sdf/seqpointer1
2be1636d5704cb13465e420c85b4619a  /scratch/data/Reference/Homo_sapiens.GRCh38.dna.primary_assembly.fa.sdf/progress
549e15d4277b80bcb09139d0f1ea132f  /scratch/data/Reference/Homo_sapiens.GRCh38.dna.primary_assembly.fa.sdf/seqpointer0
ef533f09ccd7d7586af96f28f3cba3e1  /scratch/data/Reference/Homo_sapiens.GRCh38.dna.primary_assembly.fa.sdf/summary.txt
a308f744d1f9511f1278d14ef08b0b73  /scratch/data/Reference/Homo_sapiens.GRCh38.dna.primary_assembly.fa.sdf/suffixIndex0
5e977412c38097b01b448292c8fcc48c  /scratch/data/Reference/Homo_sapiens.GRCh38.dna.primary_assembly.fa.sdf/sequenceIndex0
3cde02f316e6a1a82c179466be9bb496  /scratch/data/Reference/Homo_sapiens.GRCh38.dna.primary_assembly.fa.sdf/seqdata0
ac8817dea26a91365a7c7531c60ccb63  /scratch/data/Reference/Homo_sapiens.GRCh38.dna.primary_assembly.fa.sdf/namedata0
d342b29cddbec8deba7fd299322b33eb  /scratch/data/Reference/Homo_sapiens.GRCh38.dna.primary_assembly.fa.sdf/done
a48e0a1c2808083b2c0dff38a88fd9d0  /scratch/data/Reference/Homo_sapiens.GRCh38.dna.primary_assembly.fa.sdf/seqdata3
87676759368f792ebbe8f82698c43d65  /scratch/data/Reference/Homo_sapiens.GRCh38.dna.primary_assembly.fa.sdf/seqpointer3
8b940a7ac3e9c67072d66dd3d014f174  /scratch/data/Reference/Homo_sapiens.GRCh38.dna.primary_assembly.fa.sdf/suffixdata0
641a6056ffe7742a915acab0037cc1e5  /scratch/data/Reference/Homo_sapiens.GRCh38.dna.primary_assembly.fa.sdf/seqdata1
0c81559f3cc600af2e79ac7dfb5a30c7  /scratch/data/Reference/Homo_sapiens.GRCh38.dna.primary_assembly.fa.pac
30bda345ff201f40aff5af7f8c8552e9  /scratch/data/Reference/Homo_sapiens.GRCh38.dna.primary_assembly.fa.sa
9e6b9465dc708d92bf6d67e9c9fa9389  /scratch/data/Reference/Homo_sapiens.GRCh38.dna.primary_assembly.fa
4a46c297bfc0b29cb2f7eefedc360556  /scratch/data/Reference/Homo_sapiens.GRCh38.dna.primary_assembly.fa.amb
6059c253ce2432bde7553846bfb4c18f  /scratch/data/Reference/Homo_sapiens.GRCh38.dna.primary_assembly.fa.ann
d0c1782ecde72a7eb671336db7ff7733  /scratch/data/Reference/gencode.v25.transcripts.fa
f3c20c4e5f645f87bd9c56d9f5deee17  /scratch/data/Fastq/rna_2.fq.gz
7f0c861ed7f7667254ea3e77531929c7  /scratch/data/Fastq/rna_1.fq.gz
dd30a438785c9d4c4a1927b76d94e2db  /scratch/data/Fastq/GM12878_2x75_split.tgz
c0b2a1a237caf6b8eb612a43e0a7887d  /scratch/data/Fastq/dna_1.fq.gz
d15ad9c26c8beb722c8ab5b40d05cb91  /scratch/data/Fastq/dna_2.fq.gz
24a7d09f9748fed67b9767fca056ecc0  /scratch/data/RTG/container.HG002/reportdata.tsv
2a9b3768cd14c68d2b7ed426cac3b3db  /scratch/data/RTG/container.HG002/alignments.bam.calibration
56c40dc6000dd5591815edb706c96c91  /scratch/data/RTG/container.HG002/map.log
de0ffd364d712ae14ec6ea684b2c640d  /scratch/data/RTG/container.HG002/progress
bf83b393c00ea3aa4b5d5b14a3162ead  /scratch/data/RTG/container.HG002/index.html
af50efbb4a3c79a899f7f02958ed9dd2  /scratch/data/RTG/container.HG002/alignments.bam.bai
6247f284fb582a8528eb8c35220c4e0e  /scratch/data/RTG/container.HG002/summary.txt
e8f9ecea5cb536c70a1f9cff71f18345  /scratch/data/RTG/container.HG002/rgstats.tsv
d7670c059e145296446e6512f0653992  /scratch/data/RTG/container.HG002/done
5f8da56f2cd3dea05e15be5d55fea548  /scratch/data/RTG/container.HG002/index_files/rtg_logo.png
d895aa5fb1f18640abb64f091709f0f3  /scratch/data/RTG/container.HG002/index_files/Mapping-Quality-(MAPQ)-Distribution.png
a1756fd4fc5fa73f74437a11f5cb02d2  /scratch/data/RTG/container.HG002/index_files/Alignment-Score-Distribution-(Unmated-Only).png
9d3273cf21e48fa5095c4a0991015198  /scratch/data/RTG/container.HG002/index_files/Alignment-Score-Distribution-(Mated-Only).png
5af39e216b7fe8959553818ed53dbba9  /scratch/data/RTG/container.HG002/index_files/rtg.css
15a1f3502f07d3d12b9979a171c70f8f  /scratch/data/RTG/container.HG002/index_files/Fragment-Length-Distribution.png
2671a9eb83b852c57b2ba2840d4923a9  /scratch/data/RTG/container.HG002/alignments.bam
40e47a6000ec5e6bcf5612bb92801896  /scratch/data/RTG/HG003.2.10M.fastq.gz
3df1c251d6be508f28f76a562a393d4b  /scratch/data/RTG/HG003.1.10M.fastq.gz
f63902aa224ba2ba4a4d860c099630f1  /scratch/data/RTG/HG002.1.10M.fastq.gz
7860de7de6124e0e43d1c83de909aadf  /scratch/data/RTG/container.HG004/reportdata.tsv
c67d5fb16d3ea6548696d1106751cb17  /scratch/data/RTG/container.HG004/alignments.bam.calibration
1b5a4cf1c5a507e64c7b3906f05ee75d  /scratch/data/RTG/container.HG004/map.log
73d2134aa15f1fdf02260bf8ebccef52  /scratch/data/RTG/container.HG004/progress
1785cd7246de30674454eb22a415c27e  /scratch/data/RTG/container.HG004/index.html
226aaf7d659148a0af6696c2be1ed22a  /scratch/data/RTG/container.HG004/alignments.bam.bai
206739a868e248274363bc8afe54ab26  /scratch/data/RTG/container.HG004/summary.txt
c287af3692b5c5bee7db8ce922aa67fe  /scratch/data/RTG/container.HG004/rgstats.tsv
1b850857d96e7c54d998f7005475dc53  /scratch/data/RTG/container.HG004/done
5f8da56f2cd3dea05e15be5d55fea548  /scratch/data/RTG/container.HG004/index_files/rtg_logo.png
cc90abbe237aeffb12021c81f7c9ae15  /scratch/data/RTG/container.HG004/index_files/Mapping-Quality-(MAPQ)-Distribution.png
5fc8a32c64432b6923287cf8dadd9d8d  /scratch/data/RTG/container.HG004/index_files/Alignment-Score-Distribution-(Unmated-Only).png
62480330b760d1a957dfa4297aae3aa7  /scratch/data/RTG/container.HG004/index_files/Alignment-Score-Distribution-(Mated-Only).png
5af39e216b7fe8959553818ed53dbba9  /scratch/data/RTG/container.HG004/index_files/rtg.css
8f26146a93b409ebf1a303ff13c26766  /scratch/data/RTG/container.HG004/index_files/Fragment-Length-Distribution.png
a89a2c747fce66a5292e4341453eb1ab  /scratch/data/RTG/container.HG004/alignments.bam
80b1259ad361cec9500ec0795ab7400b  /scratch/data/RTG/HG002.2.10M.fastq.gz
52807e0d569962033f8a87470e373c18  /scratch/data/RTG/HG004.1.10M.fastq.gz
85bc5ae73467a858802aba720ea3a70b  /scratch/data/RTG/container.trio/regions.bed.gz.tbi
1dfc226dc6e77e4e4f8e00d7c29c241a  /scratch/data/RTG/container.trio/regions.bed.gz
2183a3a42038059088c5f3750d805b35  /scratch/data/RTG/container.trio/progress
8dd9564ebaf38044d9e8a5febeecf615  /scratch/data/RTG/container.trio/snps.vcf.gz
0b511ad445dddd6dd03655696ca095c4  /scratch/data/RTG/container.trio/index.html
b99a915eed1d94cbd0375575a1a8a458  /scratch/data/RTG/container.trio/family.log
c511059d439fdeb27686797c1d90b9c9  /scratch/data/RTG/container.trio/summary.txt
c5cc073f97b170c43455d4f9358777f8  /scratch/data/RTG/container.trio/snps.vcf.gz.tbi
6c69fc3a934eb1897fc02846459864bb  /scratch/data/RTG/container.trio/done
5f8da56f2cd3dea05e15be5d55fea548  /scratch/data/RTG/container.trio/index_files/rtg_logo.png
b99167b1a1f2f461a5b7a7c970749101  /scratch/data/RTG/container.trio/index_files/table.css
5af39e216b7fe8959553818ed53dbba9  /scratch/data/RTG/container.trio/index_files/rtg.css
d8a52e9555802612091634b183e8ced8  /scratch/data/RTG/container.HG003/reportdata.tsv
eb59c741f401fe0288f81c3c307bd99a  /scratch/data/RTG/container.HG003/alignments.bam.calibration
c7e750b0965ad6a5b508b9dce353c17c  /scratch/data/RTG/container.HG003/map.log
baeb8fb40899f201c7bc11c1d04246c9  /scratch/data/RTG/container.HG003/progress
362f63c0e80b7276fc417ca415fe0b35  /scratch/data/RTG/container.HG003/index.html
267a339f5b98ba44f2228a515f3ea0a4  /scratch/data/RTG/container.HG003/alignments.bam.bai
94ef316c4fc8ac0dc67dbe6a061d62a2  /scratch/data/RTG/container.HG003/summary.txt
64c06c68f97aac19eb24bbb80fc0bce0  /scratch/data/RTG/container.HG003/rgstats.tsv
9095b11e107fb01c48bb34476b54a06d  /scratch/data/RTG/container.HG003/done
5f8da56f2cd3dea05e15be5d55fea548  /scratch/data/RTG/container.HG003/index_files/rtg_logo.png
1cc5a2043e6b4bc5ebf86f4b44ad6521  /scratch/data/RTG/container.HG003/index_files/Mapping-Quality-(MAPQ)-Distribution.png
3d584369b26d1d7d8b4ef1581e741bc1  /scratch/data/RTG/container.HG003/index_files/Alignment-Score-Distribution-(Unmated-Only).png
e1e3b86a8bc816e9aea7cb9327b76668  /scratch/data/RTG/container.HG003/index_files/Alignment-Score-Distribution-(Mated-Only).png
5af39e216b7fe8959553818ed53dbba9  /scratch/data/RTG/container.HG003/index_files/rtg.css
1bdffd1b3f442bd9b3169fd5e6b99df8  /scratch/data/RTG/container.HG003/index_files/Fragment-Length-Distribution.png
298fba6aa08b66c8cbfa529289f6d8cf  /scratch/data/RTG/container.HG003/alignments.bam
f682b3291dd57d1c92cfd58bf05db53f  /scratch/data/RTG/HG004.2.10M.fastq.gz
